iteration_1
-
t_0
finding_best_k
i,k,successes,mistakes
0,3,688,2712
1,4,785,2615
2,5,786,2614
3,6,798,2602
4,7,797,2603
5,8,802,2598
6,9,801,2599
7,10,837,2563
8,11,835,2565
9,12,847,2553
10,13,847,2553
best_local_k 12
-
t_1
finding_best_k
i,k,successes,mistakes
0,3,2551,849
1,4,2580,820
2,5,2534,866
3,6,2552,848
4,7,2518,882
5,8,2543,857
6,9,2509,891
7,10,2528,872
8,11,2492,908
9,12,2523,877
10,13,2482,918
best_local_k 4
-
t_2
finding_best_k
i,k,successes,mistakes
0,3,2997,403
1,4,2972,428
2,5,3021,379
3,6,2989,411
4,7,3023,377
5,8,3005,395
6,9,3020,380
7,10,2989,411
8,11,2998,402
9,12,2994,406
10,13,2990,410
best_local_k 7
-
t_3
finding_best_k
i,k,successes,mistakes
0,3,3011,389
1,4,3071,329
2,5,3106,294
3,6,3105,295
4,7,3124,276
5,8,3137,263
6,9,3135,265
7,10,3130,270
8,11,3117,283
9,12,3129,271
10,13,3117,283
best_local_k 8
-
t_4
finding_best_k
i,k,successes,mistakes
0,3,3052,348
1,4,3115,285
2,5,3160,240
3,6,3179,221
4,7,3176,224
5,8,3219,181
6,9,3178,222
7,10,3209,191
8,11,3181,219
9,12,3184,216
10,13,3158,242
best_local_k 8
-
t_5
finding_best_k
i,k,successes,mistakes
0,3,3016,384
1,4,3123,277
2,5,3134,266
3,6,3197,203
4,7,3179,221
5,8,3224,176
6,9,3173,227
7,10,3198,202
8,11,3157,243
9,12,3185,215
10,13,3145,255
best_local_k 8
-
t_6
finding_best_k
i,k,successes,mistakes
0,3,3084,316
1,4,3163,237
2,5,3203,197
3,6,3226,174
4,7,3204,196
5,8,3255,145
6,9,3196,204
7,10,3213,187
8,11,3182,218
9,12,3204,196
10,13,3167,233
best_local_k 8
-
t_7
finding_best_k
i,k,successes,mistakes
0,3,3053,347
1,4,3154,246
2,5,3170,230
3,6,3216,184
4,7,3206,194
5,8,3253,147
6,9,3213,187
7,10,3222,178
8,11,3177,223
9,12,3206,194
10,13,3160,240
best_local_k 8
-
t_8
finding_best_k
i,k,successes,mistakes
0,3,3059,341
1,4,3159,241
2,5,3164,236
3,6,3202,198
4,7,3204,196
5,8,3252,148
6,9,3199,201
7,10,3220,180
8,11,3165,235
9,12,3194,206
10,13,3149,251
best_local_k 8
-
t_9
finding_best_k
i,k,successes,mistakes
0,3,3070,330
1,4,3138,262
2,5,3181,219
3,6,3210,190
4,7,3218,182
5,8,3262,138
6,9,3218,182
7,10,3232,168
8,11,3184,216
9,12,3193,207
10,13,3174,226
best_local_k 8
-
result
best_t,best_k,successes,mistakes,success_ratio
9,8,1136,5675,16.68%

iteration_2
-
t_0
finding_best_k
i,k,successes,mistakes
0,3,688,2712
1,4,785,2615
2,5,786,2614
3,6,798,2602
4,7,797,2603
5,8,802,2598
6,9,801,2599
7,10,837,2563
8,11,835,2565
9,12,847,2553
10,13,847,2553
best_local_k 12
-
t_1
finding_best_k
i,k,successes,mistakes
0,3,2515,885
1,4,2538,862
2,5,2492,908
3,6,2517,883
4,7,2466,934
5,8,2493,907
6,9,2450,950
7,10,2475,925
8,11,2445,955
9,12,2474,926
10,13,2432,968
best_local_k 4
-
t_2
finding_best_k
i,k,successes,mistakes
0,3,2926,474
1,4,2960,440
2,5,3014,386
3,6,2988,412
4,7,3025,375
5,8,2993,407
6,9,3019,381
7,10,2983,417
8,11,2997,403
9,12,2978,422
10,13,2994,406
best_local_k 7
-
t_3
finding_best_k
i,k,successes,mistakes
0,3,2987,413
1,4,3046,354
2,5,3099,301
3,6,3107,293
4,7,3133,267
5,8,3127,273
6,9,3133,267
7,10,3130,270
8,11,3116,284
9,12,3113,287
10,13,3095,305
best_local_k 7
-
t_4
finding_best_k
i,k,successes,mistakes
0,3,3050,350
1,4,3132,268
2,5,3161,239
3,6,3183,217
4,7,3174,226
5,8,3208,192
6,9,3191,209
7,10,3188,212
8,11,3163,237
9,12,3174,226
10,13,3148,252
best_local_k 8
-
t_5
finding_best_k
i,k,successes,mistakes
0,3,3033,367
1,4,3125,275
2,5,3167,233
3,6,3189,211
4,7,3206,194
5,8,3225,175
6,9,3191,209
7,10,3215,185
8,11,3180,220
9,12,3200,200
10,13,3158,242
best_local_k 8
-
t_6
finding_best_k
i,k,successes,mistakes
0,3,3048,352
1,4,3154,246
2,5,3173,227
3,6,3212,188
4,7,3214,186
5,8,3252,148
6,9,3213,187
7,10,3247,153
8,11,3192,208
9,12,3207,193
10,13,3166,234
best_local_k 8
-
t_7
finding_best_k
i,k,successes,mistakes
0,3,3052,348
1,4,3144,256
2,5,3186,214
3,6,3235,165
4,7,3206,194
5,8,3259,141
6,9,3192,208
7,10,3226,174
8,11,3183,217
9,12,3215,185
10,13,3172,228
best_local_k 8
-
t_8
finding_best_k
i,k,successes,mistakes
0,3,3070,330
1,4,3175,225
2,5,3195,205
3,6,3238,162
4,7,3226,174
5,8,3274,126
6,9,3236,164
7,10,3256,144
8,11,3215,185
9,12,3230,170
10,13,3185,215
best_local_k 8
-
t_9
finding_best_k
i,k,successes,mistakes
0,3,3066,334
1,4,3148,252
2,5,3199,201
3,6,3243,157
4,7,3214,186
5,8,3266,134
6,9,3229,171
7,10,3251,149
8,11,3204,196
9,12,3234,166
10,13,3185,215
best_local_k 8
-
result
best_t,best_k,successes,mistakes,success_ratio
9,8,1123,5688,16.49%

iteration_3
-
t_0
finding_best_k
i,k,successes,mistakes
0,3,688,2712
1,4,785,2615
2,5,786,2614
3,6,798,2602
4,7,797,2603
5,8,802,2598
6,9,801,2599
7,10,837,2563
8,11,835,2565
9,12,847,2553
10,13,847,2553
best_local_k 12
-
t_1
finding_best_k
i,k,successes,mistakes
0,3,2439,961
1,4,2525,875
2,5,2495,905
3,6,2507,893
4,7,2489,911
5,8,2506,894
6,9,2483,917
7,10,2498,902
8,11,2462,938
9,12,2497,903
10,13,2459,941
best_local_k 4
-
t_2
finding_best_k
i,k,successes,mistakes
0,3,2909,491
1,4,2933,467
2,5,3010,390
3,6,2988,412
4,7,3017,383
5,8,3012,388
6,9,3027,373
7,10,3024,376
8,11,3017,383
9,12,3020,380
10,13,3028,372
best_local_k 13
-
t_3
finding_best_k
i,k,successes,mistakes
0,3,2939,461
1,4,2995,405
2,5,3067,333
3,6,3053,347
4,7,3067,333
5,8,3055,345
6,9,3062,338
7,10,3093,307
8,11,3097,303
9,12,3103,297
10,13,3107,293
best_local_k 13
-
t_4
finding_best_k
i,k,successes,mistakes
0,3,3014,386
1,4,3098,302
2,5,3121,279
3,6,3138,262
4,7,3126,274
5,8,3156,244
6,9,3158,242
7,10,3168,232
8,11,3161,239
9,12,3166,234
10,13,3152,248
best_local_k 10
-
t_5
finding_best_k
i,k,successes,mistakes
0,3,2997,403
1,4,3087,313
2,5,3098,302
3,6,3143,257
4,7,3159,241
5,8,3174,226
6,9,3182,218
7,10,3203,197
8,11,3184,216
9,12,3203,197
10,13,3170,230
best_local_k 10
-
t_6
finding_best_k
i,k,successes,mistakes
0,3,3019,381
1,4,3120,280
2,5,3131,269
3,6,3167,233
4,7,3175,225
5,8,3200,200
6,9,3203,197
7,10,3227,173
8,11,3188,212
9,12,3212,188
10,13,3183,217
best_local_k 10
-
t_7
finding_best_k
i,k,successes,mistakes
0,3,3042,358
1,4,3119,281
2,5,3158,242
3,6,3195,205
4,7,3191,209
5,8,3230,170
6,9,3211,189
7,10,3255,145
8,11,3222,178
9,12,3246,154
10,13,3207,193
best_local_k 10
-
t_8
finding_best_k
i,k,successes,mistakes
0,3,3048,352
1,4,3158,242
2,5,3155,245
3,6,3199,201
4,7,3192,208
5,8,3227,173
6,9,3216,184
7,10,3255,145
8,11,3213,187
9,12,3230,170
10,13,3204,196
best_local_k 10
-
t_9
finding_best_k
i,k,successes,mistakes
0,3,3046,354
1,4,3154,246
2,5,3167,233
3,6,3203,197
4,7,3201,199
5,8,3240,160
6,9,3215,185
7,10,3245,155
8,11,3215,185
9,12,3236,164
10,13,3205,195
best_local_k 10
-
result
best_t,best_k,successes,mistakes,success_ratio
9,10,1130,5681,16.59%

iteration_4
-
t_0
finding_best_k
i,k,successes,mistakes
0,3,688,2712
1,4,785,2615
2,5,786,2614
3,6,798,2602
4,7,797,2603
5,8,802,2598
6,9,801,2599
7,10,837,2563
8,11,835,2565
9,12,847,2553
10,13,847,2553
best_local_k 12
-
t_1
finding_best_k
i,k,successes,mistakes
0,3,2511,889
1,4,2532,868
2,5,2493,907
3,6,2529,871
4,7,2490,910
5,8,2509,891
6,9,2480,920
7,10,2498,902
8,11,2459,941
9,12,2480,920
10,13,2453,947
best_local_k 4
-
t_2
finding_best_k
i,k,successes,mistakes
0,3,2948,452
1,4,3007,393
2,5,3013,387
3,6,3004,396
4,7,3012,388
5,8,2993,407
6,9,3014,386
7,10,3001,399
8,11,3015,385
9,12,2999,401
10,13,3010,390
best_local_k 11
-
t_3
finding_best_k
i,k,successes,mistakes
0,3,2985,415
1,4,3060,340
2,5,3083,317
3,6,3106,294
4,7,3093,307
5,8,3136,264
6,9,3120,280
7,10,3174,226
8,11,3157,243
9,12,3169,231
10,13,3146,254
best_local_k 10
-
t_4
finding_best_k
i,k,successes,mistakes
0,3,3044,356
1,4,3125,275
2,5,3130,270
3,6,3158,242
4,7,3156,244
5,8,3180,220
6,9,3186,214
7,10,3211,189
8,11,3179,221
9,12,3195,205
10,13,3169,231
best_local_k 10
-
t_5
finding_best_k
i,k,successes,mistakes
0,3,3057,343
1,4,3145,255
2,5,3150,250
3,6,3208,192
4,7,3173,227
5,8,3203,197
6,9,3190,210
7,10,3239,161
8,11,3206,194
9,12,3218,182
10,13,3182,218
best_local_k 10
-
t_6
finding_best_k
i,k,successes,mistakes
0,3,3051,349
1,4,3157,243
2,5,3140,260
3,6,3185,215
4,7,3178,222
5,8,3216,184
6,9,3207,193
7,10,3252,148
8,11,3217,183
9,12,3237,163
10,13,3205,195
best_local_k 10
-
t_7
finding_best_k
i,k,successes,mistakes
0,3,3031,369
1,4,3120,280
2,5,3133,267
3,6,3177,223
4,7,3171,229
5,8,3215,185
6,9,3194,206
7,10,3265,135
8,11,3213,187
9,12,3238,162
10,13,3199,201
best_local_k 10
-
t_8
finding_best_k
i,k,successes,mistakes
0,3,3060,340
1,4,3163,237
2,5,3169,231
3,6,3215,185
4,7,3204,196
5,8,3248,152
6,9,3225,175
7,10,3285,115
8,11,3247,153
9,12,3267,133
10,13,3222,178
best_local_k 10
-
t_9
finding_best_k
i,k,successes,mistakes
0,3,3032,368
1,4,3118,282
2,5,3146,254
3,6,3186,214
4,7,3186,214
5,8,3235,165
6,9,3194,206
7,10,3257,143
8,11,3197,203
9,12,3230,170
10,13,3183,217
best_local_k 10
-
result
best_t,best_k,successes,mistakes,success_ratio
9,10,1120,5691,16.44%

iteration_5
-
t_0
finding_best_k
i,k,successes,mistakes
0,3,688,2712
1,4,785,2615
2,5,786,2614
3,6,798,2602
4,7,797,2603
5,8,802,2598
6,9,801,2599
7,10,837,2563
8,11,835,2565
9,12,847,2553
10,13,847,2553
best_local_k 12
-
t_1
finding_best_k
i,k,successes,mistakes
0,3,2462,938
1,4,2548,852
2,5,2507,893
3,6,2511,889
4,7,2489,911
5,8,2503,897
6,9,2466,934
7,10,2495,905
8,11,2465,935
9,12,2490,910
10,13,2467,933
best_local_k 4
-
t_2
finding_best_k
i,k,successes,mistakes
0,3,2899,501
1,4,2943,457
2,5,2978,422
3,6,2980,420
4,7,2997,403
5,8,2989,411
6,9,3014,386
7,10,3005,395
8,11,3009,391
9,12,3002,398
10,13,3010,390
best_local_k 9
-
t_3
finding_best_k
i,k,successes,mistakes
0,3,3007,393
1,4,3056,344
2,5,3102,298
3,6,3106,294
4,7,3118,282
5,8,3106,294
6,9,3133,267
7,10,3115,285
8,11,3118,282
9,12,3121,279
10,13,3119,281
best_local_k 9
-
t_4
finding_best_k
i,k,successes,mistakes
0,3,3007,393
1,4,3082,318
2,5,3124,276
3,6,3153,247
4,7,3156,244
5,8,3166,234
6,9,3171,229
7,10,3180,220
8,11,3156,244
9,12,3161,239
10,13,3129,271
best_local_k 10
-
t_5
finding_best_k
i,k,successes,mistakes
0,3,3027,373
1,4,3100,300
2,5,3145,255
3,6,3162,238
4,7,3157,243
5,8,3174,226
6,9,3174,226
7,10,3210,190
8,11,3172,228
9,12,3182,218
10,13,3149,251
best_local_k 10
-
t_6
finding_best_k
i,k,successes,mistakes
0,3,3037,363
1,4,3114,286
2,5,3147,253
3,6,3172,228
4,7,3158,242
5,8,3213,187
6,9,3180,220
7,10,3215,185
8,11,3185,215
9,12,3202,198
10,13,3160,240
best_local_k 10
-
t_7
finding_best_k
i,k,successes,mistakes
0,3,3046,354
1,4,3129,271
2,5,3170,230
3,6,3198,202
4,7,3185,215
5,8,3229,171
6,9,3218,182
7,10,3248,152
8,11,3208,192
9,12,3223,177
10,13,3189,211
best_local_k 10
-
t_8
finding_best_k
i,k,successes,mistakes
0,3,3052,348
1,4,3137,263
2,5,3169,231
3,6,3209,191
4,7,3198,202
5,8,3244,156
6,9,3215,185
7,10,3263,137
8,11,3217,183
9,12,3229,171
10,13,3186,214
best_local_k 10
-
t_9
finding_best_k
i,k,successes,mistakes
0,3,3045,355
1,4,3127,273
2,5,3170,230
3,6,3216,184
4,7,3208,192
5,8,3260,140
6,9,3233,167
7,10,3281,119
8,11,3220,180
9,12,3245,155
10,13,3190,210
best_local_k 10
-
result
best_t,best_k,successes,mistakes,success_ratio
9,10,1134,5677,16.65%

iteration_6
-
t_0
finding_best_k
i,k,successes,mistakes
0,3,688,2712
1,4,785,2615
2,5,786,2614
3,6,798,2602
4,7,797,2603
5,8,802,2598
6,9,801,2599
7,10,837,2563
8,11,835,2565
9,12,847,2553
10,13,847,2553
best_local_k 12
-
t_1
finding_best_k
i,k,successes,mistakes
0,3,2481,919
1,4,2512,888
2,5,2472,928
3,6,2483,917
4,7,2454,946
5,8,2487,913
6,9,2450,950
7,10,2480,920
8,11,2447,953
9,12,2470,930
10,13,2435,965
best_local_k 4
-
t_2
finding_best_k
i,k,successes,mistakes
0,3,2914,486
1,4,2951,449
2,5,3009,391
3,6,2992,408
4,7,3025,375
5,8,3006,394
6,9,3016,384
7,10,3008,392
8,11,3000,400
9,12,2993,407
10,13,2994,406
best_local_k 7
-
t_3
finding_best_k
i,k,successes,mistakes
0,3,3000,400
1,4,3050,350
2,5,3095,305
3,6,3106,294
4,7,3125,275
5,8,3136,264
6,9,3146,254
7,10,3144,256
8,11,3139,261
9,12,3149,251
10,13,3139,261
best_local_k 12
-
t_4
finding_best_k
i,k,successes,mistakes
0,3,3040,360
1,4,3067,333
2,5,3129,271
3,6,3132,268
4,7,3165,235
5,8,3175,225
6,9,3173,227
7,10,3181,219
8,11,3174,226
9,12,3183,217
10,13,3167,233
best_local_k 12
-
t_5
finding_best_k
i,k,successes,mistakes
0,3,3063,337
1,4,3133,267
2,5,3151,249
3,6,3159,241
4,7,3173,227
5,8,3202,198
6,9,3175,225
7,10,3209,191
8,11,3173,227
9,12,3208,192
10,13,3171,229
best_local_k 10
-
t_6
finding_best_k
i,k,successes,mistakes
0,3,3060,340
1,4,3143,257
2,5,3164,236
3,6,3207,193
4,7,3188,212
5,8,3222,178
6,9,3196,204
7,10,3237,163
8,11,3205,195
9,12,3232,168
10,13,3201,199
best_local_k 10
-
t_7
finding_best_k
i,k,successes,mistakes
0,3,3058,342
1,4,3138,262
2,5,3152,248
3,6,3188,212
4,7,3186,214
5,8,3222,178
6,9,3191,209
7,10,3243,157
8,11,3192,208
9,12,3220,180
10,13,3173,227
best_local_k 10
-
t_8
finding_best_k
i,k,successes,mistakes
0,3,3057,343
1,4,3135,265
2,5,3159,241
3,6,3190,210
4,7,3207,193
5,8,3236,164
6,9,3228,172
7,10,3267,133
8,11,3221,179
9,12,3241,159
10,13,3200,200
best_local_k 10
-
t_9
finding_best_k
i,k,successes,mistakes
0,3,3085,315
1,4,3152,248
2,5,3170,230
3,6,3217,183
4,7,3205,195
5,8,3251,149
6,9,3201,199
7,10,3267,133
8,11,3219,181
9,12,3245,155
10,13,3189,211
best_local_k 10
-
result
best_t,best_k,successes,mistakes,success_ratio
9,10,1136,5675,16.68%

iteration_7
-
t_0
finding_best_k
i,k,successes,mistakes
0,3,688,2712
1,4,785,2615
2,5,786,2614
3,6,798,2602
4,7,797,2603
5,8,802,2598
6,9,801,2599
7,10,837,2563
8,11,835,2565
9,12,847,2553
10,13,847,2553
best_local_k 12
-
t_1
finding_best_k
i,k,successes,mistakes
0,3,2541,859
1,4,2575,825
2,5,2524,876
3,6,2551,849
4,7,2493,907
5,8,2531,869
6,9,2479,921
7,10,2506,894
8,11,2470,930
9,12,2488,912
10,13,2459,941
best_local_k 4
-
t_2
finding_best_k
i,k,successes,mistakes
0,3,2938,462
1,4,2977,423
2,5,3015,385
3,6,2984,416
4,7,3026,374
5,8,3009,391
6,9,3013,387
7,10,2995,405
8,11,3006,394
9,12,2986,414
10,13,2988,412
best_local_k 7
-
t_3
finding_best_k
i,k,successes,mistakes
0,3,2972,428
1,4,3036,364
2,5,3087,313
3,6,3095,305
4,7,3120,280
5,8,3137,263
6,9,3132,268
7,10,3124,276
8,11,3115,285
9,12,3110,290
10,13,3087,313
best_local_k 8
-
t_4
finding_best_k
i,k,successes,mistakes
0,3,3042,358
1,4,3124,276
2,5,3151,249
3,6,3166,234
4,7,3179,221
5,8,3228,172
6,9,3199,201
7,10,3206,194
8,11,3174,226
9,12,3197,203
10,13,3160,240
best_local_k 8
-
t_5
finding_best_k
i,k,successes,mistakes
0,3,3034,366
1,4,3122,278
2,5,3136,264
3,6,3166,234
4,7,3176,224
5,8,3222,178
6,9,3168,232
7,10,3194,206
8,11,3154,246
9,12,3174,226
10,13,3140,260
best_local_k 8
-
t_6
finding_best_k
i,k,successes,mistakes
0,3,3068,332
1,4,3152,248
2,5,3165,235
3,6,3218,182
4,7,3199,201
5,8,3252,148
6,9,3207,193
7,10,3233,167
8,11,3201,199
9,12,3222,178
10,13,3182,218
best_local_k 8
-
t_7
finding_best_k
i,k,successes,mistakes
0,3,3064,336
1,4,3153,247
2,5,3164,236
3,6,3203,197
4,7,3205,195
5,8,3256,144
6,9,3211,189
7,10,3231,169
8,11,3188,212
9,12,3208,192
10,13,3181,219
best_local_k 8
-
t_8
finding_best_k
i,k,successes,mistakes
0,3,3073,327
1,4,3170,230
2,5,3183,217
3,6,3223,177
4,7,3206,194
5,8,3265,135
6,9,3203,197
7,10,3240,160
8,11,3193,207
9,12,3227,173
10,13,3179,221
best_local_k 8
-
t_9
finding_best_k
i,k,successes,mistakes
0,3,3083,317
1,4,3177,223
2,5,3185,215
3,6,3212,188
4,7,3194,206
5,8,3257,143
6,9,3210,190
7,10,3235,165
8,11,3190,210
9,12,3215,185
10,13,3165,235
best_local_k 8
-
result
best_t,best_k,successes,mistakes,success_ratio
9,8,1120,5691,16.44%

iteration_8
-
t_0
finding_best_k
i,k,successes,mistakes
0,3,688,2712
1,4,785,2615
2,5,786,2614
3,6,798,2602
4,7,797,2603
5,8,802,2598
6,9,801,2599
7,10,837,2563
8,11,835,2565
9,12,847,2553
10,13,847,2553
best_local_k 12
-
t_1
finding_best_k
i,k,successes,mistakes
0,3,2478,922
1,4,2500,900
2,5,2471,929
3,6,2501,899
4,7,2460,940
5,8,2496,904
6,9,2456,944
7,10,2486,914
8,11,2447,953
9,12,2469,931
10,13,2443,957
best_local_k 6
-
t_2
finding_best_k
i,k,successes,mistakes
0,3,2917,483
1,4,2952,448
2,5,2997,403
3,6,2962,438
4,7,3005,395
5,8,2996,404
6,9,3004,396
7,10,3001,399
8,11,3013,387
9,12,2995,405
10,13,3010,390
best_local_k 11
-
t_3
finding_best_k
i,k,successes,mistakes
0,3,2984,416
1,4,3068,332
2,5,3086,314
3,6,3113,287
4,7,3097,303
5,8,3129,271
6,9,3127,273
7,10,3153,247
8,11,3126,274
9,12,3138,262
10,13,3126,274
best_local_k 10
-
t_4
finding_best_k
i,k,successes,mistakes
0,3,3019,381
1,4,3105,295
2,5,3130,270
3,6,3159,241
4,7,3151,249
5,8,3199,201
6,9,3180,220
7,10,3224,176
8,11,3197,203
9,12,3209,191
10,13,3176,224
best_local_k 10
-
t_5
finding_best_k
i,k,successes,mistakes
0,3,3028,372
1,4,3117,283
2,5,3130,270
3,6,3165,235
4,7,3160,240
5,8,3200,200
6,9,3193,207
7,10,3237,163
8,11,3190,210
9,12,3203,197
10,13,3176,224
best_local_k 10
-
t_6
finding_best_k
i,k,successes,mistakes
0,3,3042,358
1,4,3146,254
2,5,3170,230
3,6,3185,215
4,7,3190,210
5,8,3225,175
6,9,3214,186
7,10,3259,141
8,11,3223,177
9,12,3238,162
10,13,3200,200
best_local_k 10
-
t_7
finding_best_k
i,k,successes,mistakes
0,3,3059,341
1,4,3166,234
2,5,3162,238
3,6,3205,195
4,7,3184,216
5,8,3241,159
6,9,3210,190
7,10,3265,135
8,11,3218,182
9,12,3234,166
10,13,3188,212
best_local_k 10
-
t_8
finding_best_k
i,k,successes,mistakes
0,3,3024,376
1,4,3135,265
2,5,3131,269
3,6,3170,230
4,7,3164,236
5,8,3231,169
6,9,3209,191
7,10,3257,143
8,11,3211,189
9,12,3235,165
10,13,3195,205
best_local_k 10
-
t_9
finding_best_k
i,k,successes,mistakes
0,3,3043,357
1,4,3162,238
2,5,3151,249
3,6,3197,203
4,7,3196,204
5,8,3241,159
6,9,3232,168
7,10,3269,131
8,11,3240,160
9,12,3245,155
10,13,3203,197
best_local_k 10
-
result
best_t,best_k,successes,mistakes,success_ratio
9,10,1180,5631,17.32%

iteration_9
-
t_0
finding_best_k
i,k,successes,mistakes
0,3,688,2712
1,4,785,2615
2,5,786,2614
3,6,798,2602
4,7,797,2603
5,8,802,2598
6,9,801,2599
7,10,837,2563
8,11,835,2565
9,12,847,2553
10,13,847,2553
best_local_k 12
-
t_1
finding_best_k
i,k,successes,mistakes
0,3,2504,896
1,4,2548,852
2,5,2512,888
3,6,2545,855
4,7,2510,890
5,8,2543,857
6,9,2505,895
7,10,2523,877
8,11,2490,910
9,12,2504,896
10,13,2474,926
best_local_k 4
-
t_2
finding_best_k
i,k,successes,mistakes
0,3,2911,489
1,4,2959,441
2,5,2998,402
3,6,2993,407
4,7,2998,402
5,8,2985,415
6,9,2992,408
7,10,2990,410
8,11,3006,394
9,12,2993,407
10,13,2993,407
best_local_k 11
-
t_3
finding_best_k
i,k,successes,mistakes
0,3,2995,405
1,4,3038,362
2,5,3076,324
3,6,3078,322
4,7,3086,314
5,8,3093,307
6,9,3097,303
7,10,3108,292
8,11,3110,290
9,12,3130,270
10,13,3111,289
best_local_k 12
-
t_4
finding_best_k
i,k,successes,mistakes
0,3,3033,367
1,4,3109,291
2,5,3126,274
3,6,3140,260
4,7,3140,260
5,8,3168,232
6,9,3163,237
7,10,3187,213
8,11,3161,239
9,12,3184,216
10,13,3150,250
best_local_k 10
-
t_5
finding_best_k
i,k,successes,mistakes
0,3,3042,358
1,4,3119,281
2,5,3125,275
3,6,3147,253
4,7,3145,255
5,8,3184,216
6,9,3173,227
7,10,3206,194
8,11,3185,215
9,12,3204,196
10,13,3178,222
best_local_k 10
-
t_6
finding_best_k
i,k,successes,mistakes
0,3,3051,349
1,4,3141,259
2,5,3149,251
3,6,3168,232
4,7,3182,218
5,8,3203,197
6,9,3178,222
7,10,3220,180
8,11,3185,215
9,12,3202,198
10,13,3171,229
best_local_k 10
-
t_7
finding_best_k
i,k,successes,mistakes
0,3,3068,332
1,4,3131,269
2,5,3166,234
3,6,3169,231
4,7,3190,210
5,8,3204,196
6,9,3198,202
7,10,3235,165
8,11,3187,213
9,12,3205,195
10,13,3173,227
best_local_k 10
-
t_8
finding_best_k
i,k,successes,mistakes
0,3,3088,312
1,4,3162,238
2,5,3177,223
3,6,3208,192
4,7,3206,194
5,8,3246,154
6,9,3226,174
7,10,3269,131
8,11,3208,192
9,12,3242,158
10,13,3192,208
best_local_k 10
-
t_9
finding_best_k
i,k,successes,mistakes
0,3,3072,328
1,4,3143,257
2,5,3161,239
3,6,3189,211
4,7,3182,218
5,8,3229,171
6,9,3199,201
7,10,3247,153
8,11,3206,194
9,12,3235,165
10,13,3196,204
best_local_k 10
-
result
best_t,best_k,successes,mistakes,success_ratio
9,10,1131,5680,16.61%

iteration_10
-
t_0
finding_best_k
i,k,successes,mistakes
0,3,688,2712
1,4,785,2615
2,5,786,2614
3,6,798,2602
4,7,797,2603
5,8,802,2598
6,9,801,2599
7,10,837,2563
8,11,835,2565
9,12,847,2553
10,13,847,2553
best_local_k 12
-
t_1
finding_best_k
i,k,successes,mistakes
0,3,2541,859
1,4,2566,834
2,5,2526,874
3,6,2538,862
4,7,2513,887
5,8,2545,855
6,9,2513,887
7,10,2535,865
8,11,2493,907
9,12,2522,878
10,13,2489,911
best_local_k 4
-
t_2
finding_best_k
i,k,successes,mistakes
0,3,2928,472
1,4,2967,433
2,5,3008,392
3,6,2981,419
4,7,2995,405
5,8,2982,418
6,9,3001,399
7,10,2985,415
8,11,2988,412
9,12,2989,411
10,13,2995,405
best_local_k 5
-
t_3
finding_best_k
i,k,successes,mistakes
0,3,3022,378
1,4,3108,292
2,5,3121,279
3,6,3121,279
4,7,3110,290
5,8,3113,287
6,9,3110,290
7,10,3117,283
8,11,3104,296
9,12,3109,291
10,13,3099,301
best_local_k 5
-
t_4
finding_best_k
i,k,successes,mistakes
0,3,3053,347
1,4,3124,276
2,5,3167,233
3,6,3161,239
4,7,3147,253
5,8,3154,246
6,9,3130,270
7,10,3143,257
8,11,3128,272
9,12,3154,246
10,13,3129,271
best_local_k 5
-
t_5
finding_best_k
i,k,successes,mistakes
0,3,3105,295
1,4,3164,236
2,5,3210,190
3,6,3194,206
4,7,3187,213
5,8,3188,212
6,9,3162,238
7,10,3170,230
8,11,3152,248
9,12,3162,238
10,13,3147,253
best_local_k 5
-
t_6
finding_best_k
i,k,successes,mistakes
0,3,3115,285
1,4,3198,202
2,5,3256,144
3,6,3250,150
4,7,3219,181
5,8,3225,175
6,9,3189,211
7,10,3221,179
8,11,3188,212
9,12,3211,189
10,13,3179,221
best_local_k 5
-
t_7
finding_best_k
i,k,successes,mistakes
0,3,3111,289
1,4,3196,204
2,5,3236,164
3,6,3222,178
4,7,3214,186
5,8,3215,185
6,9,3180,220
7,10,3195,205
8,11,3181,219
9,12,3188,212
10,13,3156,244
best_local_k 5
-
t_8
finding_best_k
i,k,successes,mistakes
0,3,3116,284
1,4,3214,186
2,5,3243,157
3,6,3228,172
4,7,3204,196
5,8,3213,187
6,9,3174,226
7,10,3198,202
8,11,3163,237
9,12,3202,198
10,13,3165,235
best_local_k 5
-
t_9
finding_best_k
i,k,successes,mistakes
0,3,3129,271
1,4,3225,175
2,5,3248,152
3,6,3245,155
4,7,3210,190
5,8,3215,185
6,9,3190,210
7,10,3207,193
8,11,3168,232
9,12,3186,214
10,13,3152,248
best_local_k 5
-
result
best_t,best_k,successes,mistakes,success_ratio
9,5,1122,5689,16.47%

iteration_11
-
t_0
finding_best_k
i,k,successes,mistakes
0,3,688,2712
1,4,785,2615
2,5,786,2614
3,6,798,2602
4,7,797,2603
5,8,802,2598
6,9,801,2599
7,10,837,2563
8,11,835,2565
9,12,847,2553
10,13,847,2553
best_local_k 12
-
t_1
finding_best_k
i,k,successes,mistakes
0,3,2516,884
1,4,2529,871
2,5,2488,912
3,6,2506,894
4,7,2466,934
5,8,2486,914
6,9,2456,944
7,10,2474,926
8,11,2438,962
9,12,2458,942
10,13,2434,966
best_local_k 4
-
t_2
finding_best_k
i,k,successes,mistakes
0,3,2930,470
1,4,2926,474
2,5,2992,408
3,6,2959,441
4,7,2994,406
5,8,2974,426
6,9,2995,405
7,10,2983,417
8,11,2995,405
9,12,2973,427
10,13,2981,419
best_local_k 9
-
t_3
finding_best_k
i,k,successes,mistakes
0,3,3000,400
1,4,3033,367
2,5,3090,310
3,6,3090,310
4,7,3101,299
5,8,3107,293
6,9,3131,269
7,10,3159,241
8,11,3143,257
9,12,3152,248
10,13,3128,272
best_local_k 10
-
t_4
finding_best_k
i,k,successes,mistakes
0,3,3026,374
1,4,3090,310
2,5,3129,271
3,6,3133,267
4,7,3153,247
5,8,3166,234
6,9,3186,214
7,10,3215,185
8,11,3181,219
9,12,3216,184
10,13,3180,220
best_local_k 12
-
t_5
finding_best_k
i,k,successes,mistakes
0,3,3032,368
1,4,3115,285
2,5,3127,273
3,6,3161,239
4,7,3150,250
5,8,3174,226
6,9,3165,235
7,10,3201,199
8,11,3184,216
9,12,3209,191
10,13,3187,213
best_local_k 12
-
t_6
finding_best_k
i,k,successes,mistakes
0,3,3040,360
1,4,3134,266
2,5,3155,245
3,6,3183,217
4,7,3178,222
5,8,3194,206
6,9,3189,211
7,10,3219,181
8,11,3187,213
9,12,3210,190
10,13,3184,216
best_local_k 10
-
t_7
finding_best_k
i,k,successes,mistakes
0,3,3032,368
1,4,3115,285
2,5,3136,264
3,6,3155,245
4,7,3159,241
5,8,3197,203
6,9,3192,208
7,10,3230,170
8,11,3197,203
9,12,3221,179
10,13,3196,204
best_local_k 10
-
t_8
finding_best_k
i,k,successes,mistakes
0,3,3022,378
1,4,3118,282
2,5,3124,276
3,6,3146,254
4,7,3152,248
5,8,3179,221
6,9,3173,227
7,10,3228,172
8,11,3175,225
9,12,3219,181
10,13,3170,230
best_local_k 10
-
t_9
finding_best_k
i,k,successes,mistakes
0,3,3046,354
1,4,3132,268
2,5,3153,247
3,6,3188,212
4,7,3163,237
5,8,3204,196
6,9,3207,193
7,10,3243,157
8,11,3207,193
9,12,3233,167
10,13,3183,217
best_local_k 10
-
result
best_t,best_k,successes,mistakes,success_ratio
9,10,1149,5662,16.87%

iteration_12
-
t_0
finding_best_k
i,k,successes,mistakes
0,3,688,2712
1,4,785,2615
2,5,786,2614
3,6,798,2602
4,7,797,2603
5,8,802,2598
6,9,801,2599
7,10,837,2563
8,11,835,2565
9,12,847,2553
10,13,847,2553
best_local_k 12
-
t_1
finding_best_k
i,k,successes,mistakes
0,3,2525,875
1,4,2544,856
2,5,2505,895
3,6,2521,879
4,7,2486,914
5,8,2508,892
6,9,2477,923
7,10,2504,896
8,11,2461,939
9,12,2480,920
10,13,2450,950
best_local_k 4
-
t_2
finding_best_k
i,k,successes,mistakes
0,3,2929,471
1,4,2960,440
2,5,2994,406
3,6,2979,421
4,7,3002,398
5,8,2993,407
6,9,2994,406
7,10,2984,416
8,11,3005,395
9,12,2976,424
10,13,2977,423
best_local_k 11
-
t_3
finding_best_k
i,k,successes,mistakes
0,3,2981,419
1,4,3049,351
2,5,3085,315
3,6,3093,307
4,7,3090,310
5,8,3100,300
6,9,3095,305
7,10,3115,285
8,11,3109,291
9,12,3137,263
10,13,3131,269
best_local_k 12
-
t_4
finding_best_k
i,k,successes,mistakes
0,3,3028,372
1,4,3111,289
2,5,3110,290
3,6,3140,260
4,7,3136,264
5,8,3153,247
6,9,3156,244
7,10,3187,213
8,11,3152,248
9,12,3194,206
10,13,3149,251
best_local_k 12
-
t_5
finding_best_k
i,k,successes,mistakes
0,3,3057,343
1,4,3126,274
2,5,3128,272
3,6,3164,236
4,7,3152,248
5,8,3185,215
6,9,3177,223
7,10,3206,194
8,11,3189,211
9,12,3220,180
10,13,3191,209
best_local_k 12
-
t_6
finding_best_k
i,k,successes,mistakes
0,3,3050,350
1,4,3128,272
2,5,3126,274
3,6,3173,227
4,7,3122,278
5,8,3168,232
6,9,3173,227
7,10,3216,184
8,11,3182,218
9,12,3242,158
10,13,3204,196
best_local_k 12
-
t_7
finding_best_k
i,k,successes,mistakes
0,3,3031,369
1,4,3107,293
2,5,3130,270
3,6,3163,237
4,7,3148,252
5,8,3198,202
6,9,3185,215
7,10,3230,170
8,11,3189,211
9,12,3237,163
10,13,3200,200
best_local_k 12
-
t_8
finding_best_k
i,k,successes,mistakes
0,3,3071,329
1,4,3135,265
2,5,3144,256
3,6,3184,216
4,7,3155,245
5,8,3201,199
6,9,3183,217
7,10,3220,180
8,11,3202,198
9,12,3239,161
10,13,3202,198
best_local_k 12
-
t_9
finding_best_k
i,k,successes,mistakes
0,3,3053,347
1,4,3126,274
2,5,3150,250
3,6,3189,211
4,7,3165,235
5,8,3205,195
6,9,3195,205
7,10,3221,179
8,11,3201,199
9,12,3248,152
10,13,3194,206
best_local_k 12
-
result
best_t,best_k,successes,mistakes,success_ratio
9,12,1142,5669,16.77%

iteration_13
-
t_0
finding_best_k
i,k,successes,mistakes
0,3,688,2712
1,4,785,2615
2,5,786,2614
3,6,798,2602
4,7,797,2603
5,8,802,2598
6,9,801,2599
7,10,837,2563
8,11,835,2565
9,12,847,2553
10,13,847,2553
best_local_k 12
-
t_1
finding_best_k
i,k,successes,mistakes
0,3,2498,902
1,4,2535,865
2,5,2485,915
3,6,2512,888
4,7,2456,944
5,8,2483,917
6,9,2439,961
7,10,2474,926
8,11,2441,959
9,12,2475,925
10,13,2440,960
best_local_k 4
-
t_2
finding_best_k
i,k,successes,mistakes
0,3,2944,456
1,4,2975,425
2,5,3012,388
3,6,2987,413
4,7,3005,395
5,8,2998,402
6,9,3031,369
7,10,3030,370
8,11,3030,370
9,12,3024,376
10,13,3024,376
best_local_k 9
-
t_3
finding_best_k
i,k,successes,mistakes
0,3,3032,368
1,4,3026,374
2,5,3041,359
3,6,3055,345
4,7,3066,334
5,8,3113,287
6,9,3105,295
7,10,3134,266
8,11,3133,267
9,12,3141,259
10,13,3131,269
best_local_k 12
-
t_4
finding_best_k
i,k,successes,mistakes
0,3,2981,419
1,4,3071,329
2,5,3065,335
3,6,3097,303
4,7,3088,312
5,8,3106,294
6,9,3120,280
7,10,3161,239
8,11,3146,254
9,12,3152,248
10,13,3129,271
best_local_k 10
-
t_5
finding_best_k
i,k,successes,mistakes
0,3,3045,355
1,4,3152,248
2,5,3142,258
3,6,3178,222
4,7,3175,225
5,8,3214,186
6,9,3193,207
7,10,3223,177
8,11,3184,216
9,12,3210,190
10,13,3172,228
best_local_k 10
-
t_6
finding_best_k
i,k,successes,mistakes
0,3,3008,392
1,4,3112,288
2,5,3106,294
3,6,3143,257
4,7,3113,287
5,8,3173,227
6,9,3160,240
7,10,3212,188
8,11,3155,245
9,12,3209,191
10,13,3171,229
best_local_k 10
-
t_7
finding_best_k
i,k,successes,mistakes
0,3,3010,390
1,4,3118,282
2,5,3107,293
3,6,3148,252
4,7,3120,280
5,8,3167,233
6,9,3155,245
7,10,3206,194
8,11,3165,235
9,12,3197,203
10,13,3162,238
best_local_k 10
-
t_8
finding_best_k
i,k,successes,mistakes
0,3,3033,367
1,4,3124,276
2,5,3125,275
3,6,3165,235
4,7,3140,260
5,8,3213,187
6,9,3175,225
7,10,3225,175
8,11,3179,221
9,12,3208,192
10,13,3182,218
best_local_k 10
-
t_9
finding_best_k
i,k,successes,mistakes
0,3,3055,345
1,4,3155,245
2,5,3148,252
3,6,3188,212
4,7,3165,235
5,8,3238,162
6,9,3214,186
7,10,3263,137
8,11,3209,191
9,12,3252,148
10,13,3216,184
best_local_k 10
-
result
best_t,best_k,successes,mistakes,success_ratio
9,10,1117,5694,16.40%

iteration_14
-
t_0
finding_best_k
i,k,successes,mistakes
0,3,688,2712
1,4,785,2615
2,5,786,2614
3,6,798,2602
4,7,797,2603
5,8,802,2598
6,9,801,2599
7,10,837,2563
8,11,835,2565
9,12,847,2553
10,13,847,2553
best_local_k 12
-
t_1
finding_best_k
i,k,successes,mistakes
0,3,2523,877
1,4,2545,855
2,5,2515,885
3,6,2528,872
4,7,2492,908
5,8,2513,887
6,9,2495,905
7,10,2517,883
8,11,2479,921
9,12,2494,906
10,13,2460,940
best_local_k 4
-
t_2
finding_best_k
i,k,successes,mistakes
0,3,2948,452
1,4,2976,424
2,5,2992,408
3,6,2982,418
4,7,3006,394
5,8,2991,409
6,9,2994,406
7,10,2976,424
8,11,2967,433
9,12,2969,431
10,13,2968,432
best_local_k 7
-
t_3
finding_best_k
i,k,successes,mistakes
0,3,3005,395
1,4,3048,352
2,5,3088,312
3,6,3099,301
4,7,3105,295
5,8,3130,270
6,9,3105,295
7,10,3120,280
8,11,3108,292
9,12,3112,288
10,13,3114,286
best_local_k 8
-
t_4
finding_best_k
i,k,successes,mistakes
0,3,3060,340
1,4,3126,274
2,5,3167,233
3,6,3184,216
4,7,3175,225
5,8,3202,198
6,9,3186,214
7,10,3199,201
8,11,3191,209
9,12,3189,211
10,13,3178,222
best_local_k 8
-
t_5
finding_best_k
i,k,successes,mistakes
0,3,3064,336
1,4,3167,233
2,5,3189,211
3,6,3221,179
4,7,3190,210
5,8,3248,152
6,9,3187,213
7,10,3229,171
8,11,3181,219
9,12,3203,197
10,13,3158,242
best_local_k 8
-
t_6
finding_best_k
i,k,successes,mistakes
0,3,3099,301
1,4,3199,201
2,5,3216,184
3,6,3253,147
4,7,3228,172
5,8,3286,114
6,9,3230,170
7,10,3262,138
8,11,3212,188
9,12,3237,163
10,13,3199,201
best_local_k 8
-
t_7
finding_best_k
i,k,successes,mistakes
0,3,3082,318
1,4,3172,228
2,5,3197,203
3,6,3243,157
4,7,3203,197
5,8,3270,130
6,9,3211,189
7,10,3247,153
8,11,3192,208
9,12,3208,192
10,13,3182,218
best_local_k 8
-
t_8
finding_best_k
i,k,successes,mistakes
0,3,3091,309
1,4,3196,204
2,5,3213,187
3,6,3254,146
4,7,3200,200
5,8,3272,128
6,9,3213,187
7,10,3246,154
8,11,3190,210
9,12,3223,177
10,13,3177,223
best_local_k 8
-
t_9
finding_best_k
i,k,successes,mistakes
0,3,3116,284
1,4,3207,193
2,5,3206,194
3,6,3250,150
4,7,3225,175
5,8,3269,131
6,9,3216,184
7,10,3251,149
8,11,3206,194
9,12,3230,170
10,13,3199,201
best_local_k 8
-
result
best_t,best_k,successes,mistakes,success_ratio
9,8,1133,5678,16.63%

iteration_15
-
t_0
finding_best_k
i,k,successes,mistakes
0,3,688,2712
1,4,785,2615
2,5,786,2614
3,6,798,2602
4,7,797,2603
5,8,802,2598
6,9,801,2599
7,10,837,2563
8,11,835,2565
9,12,847,2553
10,13,847,2553
best_local_k 12
-
t_1
finding_best_k
i,k,successes,mistakes
0,3,2516,884
1,4,2540,860
2,5,2505,895
3,6,2535,865
4,7,2502,898
5,8,2530,870
6,9,2479,921
7,10,2506,894
8,11,2471,929
9,12,2501,899
10,13,2465,935
best_local_k 4
-
t_2
finding_best_k
i,k,successes,mistakes
0,3,2948,452
1,4,3009,391
2,5,3027,373
3,6,3027,373
4,7,3034,366
5,8,3021,379
6,9,3021,379
7,10,3000,400
8,11,3015,385
9,12,2996,404
10,13,3011,389
best_local_k 7
-
t_3
finding_best_k
i,k,successes,mistakes
0,3,3016,384
1,4,3103,297
2,5,3104,296
3,6,3119,281
4,7,3124,276
5,8,3143,257
6,9,3127,273
7,10,3154,246
8,11,3129,271
9,12,3121,279
10,13,3109,291
best_local_k 10
-
t_4
finding_best_k
i,k,successes,mistakes
0,3,3056,344
1,4,3121,279
2,5,3151,249
3,6,3169,231
4,7,3154,246
5,8,3183,217
6,9,3165,235
7,10,3192,208
8,11,3157,243
9,12,3173,227
10,13,3132,268
best_local_k 10
-
t_5
finding_best_k
i,k,successes,mistakes
0,3,3044,356
1,4,3135,265
2,5,3132,268
3,6,3165,235
4,7,3140,260
5,8,3180,220
6,9,3159,241
7,10,3183,217
8,11,3167,233
9,12,3169,231
10,13,3157,243
best_local_k 10
-
t_6
finding_best_k
i,k,successes,mistakes
0,3,3053,347
1,4,3136,264
2,5,3156,244
3,6,3194,206
4,7,3185,215
5,8,3212,188
6,9,3187,213
7,10,3216,184
8,11,3179,221
9,12,3203,197
10,13,3168,232
best_local_k 10
-
t_7
finding_best_k
i,k,successes,mistakes
0,3,3043,357
1,4,3142,258
2,5,3153,247
3,6,3185,215
4,7,3164,236
5,8,3217,183
6,9,3190,210
7,10,3235,165
8,11,3186,214
9,12,3210,190
10,13,3158,242
best_local_k 10
-
t_8
finding_best_k
i,k,successes,mistakes
0,3,3056,344
1,4,3147,253
2,5,3167,233
3,6,3210,190
4,7,3196,204
5,8,3244,156
6,9,3202,198
7,10,3244,156
8,11,3201,199
9,12,3230,170
10,13,3180,220
best_local_k 8
-
t_9
finding_best_k
i,k,successes,mistakes
0,3,3078,322
1,4,3159,241
2,5,3184,216
3,6,3220,180
4,7,3205,195
5,8,3256,144
6,9,3203,197
7,10,3253,147
8,11,3212,188
9,12,3243,157
10,13,3194,206
best_local_k 8
-
result
best_t,best_k,successes,mistakes,success_ratio
9,8,1134,5677,16.65%

iteration_16
-
t_0
finding_best_k
i,k,successes,mistakes
0,3,688,2712
1,4,785,2615
2,5,786,2614
3,6,798,2602
4,7,797,2603
5,8,802,2598
6,9,801,2599
7,10,837,2563
8,11,835,2565
9,12,847,2553
10,13,847,2553
best_local_k 12
-
t_1
finding_best_k
i,k,successes,mistakes
0,3,2524,876
1,4,2545,855
2,5,2486,914
3,6,2522,878
4,7,2460,940
5,8,2494,906
6,9,2444,956
7,10,2480,920
8,11,2449,951
9,12,2483,917
10,13,2449,951
best_local_k 4
-
t_2
finding_best_k
i,k,successes,mistakes
0,3,2912,488
1,4,2974,426
2,5,2988,412
3,6,2971,429
4,7,2993,407
5,8,2981,419
6,9,2985,415
7,10,2991,409
8,11,2996,404
9,12,2995,405
10,13,3003,397
best_local_k 13
-
t_3
finding_best_k
i,k,successes,mistakes
0,3,2974,426
1,4,3020,380
2,5,3053,347
3,6,3064,336
4,7,3084,316
5,8,3079,321
6,9,3095,305
7,10,3115,285
8,11,3104,296
9,12,3134,266
10,13,3116,284
best_local_k 12
-
t_4
finding_best_k
i,k,successes,mistakes
0,3,2998,402
1,4,3087,313
2,5,3111,289
3,6,3137,263
4,7,3150,250
5,8,3174,226
6,9,3172,228
7,10,3178,222
8,11,3183,217
9,12,3192,208
10,13,3181,219
best_local_k 12
-
t_5
finding_best_k
i,k,successes,mistakes
0,3,3016,384
1,4,3109,291
2,5,3126,274
3,6,3160,240
4,7,3158,242
5,8,3208,192
6,9,3170,230
7,10,3216,184
8,11,3186,214
9,12,3216,184
10,13,3168,232
best_local_k 10
-
t_6
finding_best_k
i,k,successes,mistakes
0,3,3016,384
1,4,3110,290
2,5,3130,270
3,6,3174,226
4,7,3162,238
5,8,3209,191
6,9,3200,200
7,10,3243,157
8,11,3208,192
9,12,3237,163
10,13,3198,202
best_local_k 10
-
t_7
finding_best_k
i,k,successes,mistakes
0,3,3027,373
1,4,3138,262
2,5,3120,280
3,6,3187,213
4,7,3160,240
5,8,3231,169
6,9,3190,210
7,10,3243,157
8,11,3199,201
9,12,3225,175
10,13,3182,218
best_local_k 10
-
t_8
finding_best_k
i,k,successes,mistakes
0,3,3029,371
1,4,3145,255
2,5,3147,253
3,6,3212,188
4,7,3187,213
5,8,3254,146
6,9,3211,189
7,10,3267,133
8,11,3210,190
9,12,3245,155
10,13,3197,203
best_local_k 10
-
t_9
finding_best_k
i,k,successes,mistakes
0,3,3036,364
1,4,3143,257
2,5,3150,250
3,6,3207,193
4,7,3183,217
5,8,3239,161
6,9,3210,190
7,10,3269,131
8,11,3228,172
9,12,3261,139
10,13,3218,182
best_local_k 10
-
result
best_t,best_k,successes,mistakes,success_ratio
9,10,1161,5650,17.05%

iteration_17
-
t_0
finding_best_k
i,k,successes,mistakes
0,3,688,2712
1,4,785,2615
2,5,786,2614
3,6,798,2602
4,7,797,2603
5,8,802,2598
6,9,801,2599
7,10,837,2563
8,11,835,2565
9,12,847,2553
10,13,847,2553
best_local_k 12
-
t_1
finding_best_k
i,k,successes,mistakes
0,3,2505,895
1,4,2539,861
2,5,2497,903
3,6,2520,880
4,7,2474,926
5,8,2493,907
6,9,2463,937
7,10,2499,901
8,11,2461,939
9,12,2483,917
10,13,2447,953
best_local_k 4
-
t_2
finding_best_k
i,k,successes,mistakes
0,3,2923,477
1,4,2971,429
2,5,3012,388
3,6,2989,411
4,7,3000,400
5,8,3003,397
6,9,3000,400
7,10,3009,391
8,11,3001,399
9,12,3001,399
10,13,3000,400
best_local_k 5
-
t_3
finding_best_k
i,k,successes,mistakes
0,3,3056,344
1,4,3118,282
2,5,3147,253
3,6,3145,255
4,7,3137,263
5,8,3141,259
6,9,3133,267
7,10,3139,261
8,11,3137,263
9,12,3141,259
10,13,3127,273
best_local_k 5
-
t_4
finding_best_k
i,k,successes,mistakes
0,3,3074,326
1,4,3166,234
2,5,3166,234
3,6,3175,225
4,7,3151,249
5,8,3159,241
6,9,3123,277
7,10,3144,256
8,11,3114,286
9,12,3134,266
10,13,3122,278
best_local_k 6
-
t_5
finding_best_k
i,k,successes,mistakes
0,3,3111,289
1,4,3184,216
2,5,3221,179
3,6,3247,153
4,7,3209,191
5,8,3219,181
6,9,3177,223
7,10,3206,194
8,11,3164,236
9,12,3197,203
10,13,3156,244
best_local_k 6
-
t_6
finding_best_k
i,k,successes,mistakes
0,3,3106,294
1,4,3218,182
2,5,3210,190
3,6,3268,132
4,7,3188,212
5,8,3233,167
6,9,3178,222
7,10,3208,192
8,11,3166,234
9,12,3185,215
10,13,3139,261
best_local_k 6
-
t_7
finding_best_k
i,k,successes,mistakes
0,3,3113,287
1,4,3241,159
2,5,3228,172
3,6,3277,123
4,7,3211,189
5,8,3227,173
6,9,3178,222
7,10,3199,201
8,11,3159,241
9,12,3174,226
10,13,3140,260
best_local_k 6
-
t_8
finding_best_k
i,k,successes,mistakes
0,3,3125,275
1,4,3242,158
2,5,3243,157
3,6,3283,117
4,7,3229,171
5,8,3247,153
6,9,3192,208
7,10,3223,177
8,11,3184,216
9,12,3206,194
10,13,3163,237
best_local_k 6
-
t_9
finding_best_k
i,k,successes,mistakes
0,3,3112,288
1,4,3241,159
2,5,3241,159
3,6,3278,122
4,7,3214,186
5,8,3247,153
6,9,3188,212
7,10,3221,179
8,11,3189,211
9,12,3205,195
10,13,3169,231
best_local_k 6
-
result
best_t,best_k,successes,mistakes,success_ratio
9,6,1109,5702,16.28%

iteration_18
-
t_0
finding_best_k
i,k,successes,mistakes
0,3,688,2712
1,4,785,2615
2,5,786,2614
3,6,798,2602
4,7,797,2603
5,8,802,2598
6,9,801,2599
7,10,837,2563
8,11,835,2565
9,12,847,2553
10,13,847,2553
best_local_k 12
-
t_1
finding_best_k
i,k,successes,mistakes
0,3,2451,949
1,4,2547,853
2,5,2510,890
3,6,2526,874
4,7,2492,908
5,8,2517,883
6,9,2477,923
7,10,2500,900
8,11,2462,938
9,12,2486,914
10,13,2463,937
best_local_k 4
-
t_2
finding_best_k
i,k,successes,mistakes
0,3,3003,397
1,4,2988,412
2,5,3034,366
3,6,3010,390
4,7,3024,376
5,8,3015,385
6,9,3035,365
7,10,3013,387
8,11,3021,379
9,12,3005,395
10,13,3019,381
best_local_k 9
-
t_3
finding_best_k
i,k,successes,mistakes
0,3,2975,425
1,4,3042,358
2,5,3079,321
3,6,3102,298
4,7,3115,285
5,8,3120,280
6,9,3118,282
7,10,3129,271
8,11,3125,275
9,12,3132,268
10,13,3123,277
best_local_k 12
-
t_4
finding_best_k
i,k,successes,mistakes
0,3,3032,368
1,4,3104,296
2,5,3148,252
3,6,3162,238
4,7,3171,229
5,8,3188,212
6,9,3194,206
7,10,3204,196
8,11,3186,214
9,12,3220,180
10,13,3178,222
best_local_k 12
-
t_5
finding_best_k
i,k,successes,mistakes
0,3,3019,381
1,4,3093,307
2,5,3130,270
3,6,3147,253
4,7,3150,250
5,8,3186,214
6,9,3162,238
7,10,3198,202
8,11,3176,224
9,12,3205,195
10,13,3156,244
best_local_k 12
-
t_6
finding_best_k
i,k,successes,mistakes
0,3,3045,355
1,4,3115,285
2,5,3143,257
3,6,3178,222
4,7,3178,222
5,8,3198,202
6,9,3183,217
7,10,3225,175
8,11,3209,191
9,12,3239,161
10,13,3198,202
best_local_k 12
-
t_7
finding_best_k
i,k,successes,mistakes
0,3,3042,358
1,4,3113,287
2,5,3142,258
3,6,3168,232
4,7,3174,226
5,8,3197,203
6,9,3182,218
7,10,3228,172
8,11,3200,200
9,12,3242,158
10,13,3194,206
best_local_k 12
-
t_8
finding_best_k
i,k,successes,mistakes
0,3,3065,335
1,4,3134,266
2,5,3147,253
3,6,3189,211
4,7,3182,218
5,8,3202,198
6,9,3196,204
7,10,3243,157
8,11,3217,183
9,12,3248,152
10,13,3213,187
best_local_k 12
-
t_9
finding_best_k
i,k,successes,mistakes
0,3,3040,360
1,4,3131,269
2,5,3147,253
3,6,3168,232
4,7,3168,232
5,8,3206,194
6,9,3189,211
7,10,3239,161
8,11,3211,189
9,12,3260,140
10,13,3215,185
best_local_k 12
-
result
best_t,best_k,successes,mistakes,success_ratio
9,12,1140,5671,16.74%

iteration_19
-
t_0
finding_best_k
i,k,successes,mistakes
0,3,688,2712
1,4,785,2615
2,5,786,2614
3,6,798,2602
4,7,797,2603
5,8,802,2598
6,9,801,2599
7,10,837,2563
8,11,835,2565
9,12,847,2553
10,13,847,2553
best_local_k 12
-
t_1
finding_best_k
i,k,successes,mistakes
0,3,2512,888
1,4,2546,854
2,5,2500,900
3,6,2511,889
4,7,2477,923
5,8,2496,904
6,9,2461,939
7,10,2485,915
8,11,2456,944
9,12,2473,927
10,13,2448,952
best_local_k 4
-
t_2
finding_best_k
i,k,successes,mistakes
0,3,2934,466
1,4,2962,438
2,5,3025,375
3,6,2991,409
4,7,3012,388
5,8,3000,400
6,9,3014,386
7,10,3007,393
8,11,3010,390
9,12,3007,393
10,13,2997,403
best_local_k 5
-
t_3
finding_best_k
i,k,successes,mistakes
0,3,3023,377
1,4,3079,321
2,5,3112,288
3,6,3121,279
4,7,3123,277
5,8,3131,269
6,9,3118,282
7,10,3128,272
8,11,3125,275
9,12,3115,285
10,13,3097,303
best_local_k 8
-
t_4
finding_best_k
i,k,successes,mistakes
0,3,3078,322
1,4,3119,281
2,5,3173,227
3,6,3184,216
4,7,3190,210
5,8,3204,196
6,9,3180,220
7,10,3209,191
8,11,3177,223
9,12,3197,203
10,13,3163,237
best_local_k 10
-
t_5
finding_best_k
i,k,successes,mistakes
0,3,3107,293
1,4,3169,231
2,5,3191,209
3,6,3231,169
4,7,3204,196
5,8,3245,155
6,9,3209,191
7,10,3250,150
8,11,3208,192
9,12,3237,163
10,13,3200,200
best_local_k 10
-
t_6
finding_best_k
i,k,successes,mistakes
0,3,3073,327
1,4,3150,250
2,5,3159,241
3,6,3196,204
4,7,3176,224
5,8,3213,187
6,9,3189,211
7,10,3228,172
8,11,3202,198
9,12,3221,179
10,13,3182,218
best_local_k 10
-
t_7
finding_best_k
i,k,successes,mistakes
0,3,3086,314
1,4,3159,241
2,5,3179,221
3,6,3216,184
4,7,3201,199
5,8,3239,161
6,9,3207,193
7,10,3250,150
8,11,3205,195
9,12,3236,164
10,13,3191,209
best_local_k 10
-
t_8
finding_best_k
i,k,successes,mistakes
0,3,3075,325
1,4,3145,255
2,5,3175,225
3,6,3207,193
4,7,3189,211
5,8,3244,156
6,9,3200,200
7,10,3246,154
8,11,3217,183
9,12,3230,170
10,13,3191,209
best_local_k 10
-
t_9
finding_best_k
i,k,successes,mistakes
0,3,3074,326
1,4,3171,229
2,5,3189,211
3,6,3231,169
4,7,3200,200
5,8,3247,153
6,9,3211,189
7,10,3263,137
8,11,3205,195
9,12,3224,176
10,13,3181,219
best_local_k 10
-
result
best_t,best_k,successes,mistakes,success_ratio
9,10,1151,5660,16.90%

iteration_20
-
t_0
finding_best_k
i,k,successes,mistakes
0,3,688,2712
1,4,785,2615
2,5,786,2614
3,6,798,2602
4,7,797,2603
5,8,802,2598
6,9,801,2599
7,10,837,2563
8,11,835,2565
9,12,847,2553
10,13,847,2553
best_local_k 12
-
t_1
finding_best_k
i,k,successes,mistakes
0,3,2479,921
1,4,2576,824
2,5,2502,898
3,6,2532,868
4,7,2492,908
5,8,2528,872
6,9,2488,912
7,10,2504,896
8,11,2469,931
9,12,2485,915
10,13,2461,939
best_local_k 4
-
t_2
finding_best_k
i,k,successes,mistakes
0,3,2937,463
1,4,2979,421
2,5,3006,394
3,6,2992,408
4,7,3004,396
5,8,2991,409
6,9,2985,415
7,10,2982,418
8,11,2978,422
9,12,2966,434
10,13,2970,430
best_local_k 5
-
t_3
finding_best_k
i,k,successes,mistakes
0,3,3050,350
1,4,3048,352
2,5,3100,300
3,6,3087,313
4,7,3093,307
5,8,3099,301
6,9,3077,323
7,10,3087,313
8,11,3069,331
9,12,3090,310
10,13,3051,349
best_local_k 5
-
t_4
finding_best_k
i,k,successes,mistakes
0,3,3082,318
1,4,3138,262
2,5,3180,220
3,6,3166,234
4,7,3152,248
5,8,3169,231
6,9,3158,242
7,10,3159,241
8,11,3136,264
9,12,3137,263
10,13,3117,283
best_local_k 5
-
t_5
finding_best_k
i,k,successes,mistakes
0,3,3094,306
1,4,3170,230
2,5,3205,195
3,6,3189,211
4,7,3190,210
5,8,3199,201
6,9,3178,222
7,10,3186,214
8,11,3162,238
9,12,3178,222
10,13,3156,244
best_local_k 5
-
t_6
finding_best_k
i,k,successes,mistakes
0,3,3126,274
1,4,3198,202
2,5,3233,167
3,6,3230,170
4,7,3200,200
5,8,3202,198
6,9,3179,221
7,10,3172,228
8,11,3141,259
9,12,3148,252
10,13,3136,264
best_local_k 5
-
t_7
finding_best_k
i,k,successes,mistakes
0,3,3136,264
1,4,3238,162
2,5,3255,145
3,6,3249,151
4,7,3213,187
5,8,3219,181
6,9,3188,212
7,10,3198,202
8,11,3160,240
9,12,3178,222
10,13,3153,247
best_local_k 5
-
t_8
finding_best_k
i,k,successes,mistakes
0,3,3128,272
1,4,3228,172
2,5,3262,138
3,6,3235,165
4,7,3196,204
5,8,3204,196
6,9,3165,235
7,10,3183,217
8,11,3145,255
9,12,3172,228
10,13,3147,253
best_local_k 5
-
t_9
finding_best_k
i,k,successes,mistakes
0,3,3111,289
1,4,3228,172
2,5,3262,138
3,6,3243,157
4,7,3202,198
5,8,3222,178
6,9,3198,202
7,10,3207,193
8,11,3165,235
9,12,3185,215
10,13,3154,246
best_local_k 5
-
result
best_t,best_k,successes,mistakes,success_ratio
9,5,1120,5691,16.44%

iteration_21
-
t_0
finding_best_k
i,k,successes,mistakes
0,3,688,2712
1,4,785,2615
2,5,786,2614
3,6,798,2602
4,7,797,2603
5,8,802,2598
6,9,801,2599
7,10,837,2563
8,11,835,2565
9,12,847,2553
10,13,847,2553
best_local_k 12
-
t_1
finding_best_k
i,k,successes,mistakes
0,3,2531,869
1,4,2538,862
2,5,2520,880
3,6,2533,867
4,7,2511,889
5,8,2518,882
6,9,2472,928
7,10,2503,897
8,11,2466,934
9,12,2497,903
10,13,2456,944
best_local_k 4
-
t_2
finding_best_k
i,k,successes,mistakes
0,3,2886,514
1,4,2949,451
2,5,2980,420
3,6,2950,450
4,7,2999,401
5,8,2974,426
6,9,2997,403
7,10,2988,412
8,11,2997,403
9,12,2982,418
10,13,2988,412
best_local_k 7
-
t_3
finding_best_k
i,k,successes,mistakes
0,3,2986,414
1,4,3048,352
2,5,3094,306
3,6,3114,286
4,7,3119,281
5,8,3129,271
6,9,3123,277
7,10,3145,255
8,11,3123,277
9,12,3129,271
10,13,3109,291
best_local_k 10
-
t_4
finding_best_k
i,k,successes,mistakes
0,3,3020,380
1,4,3090,310
2,5,3120,280
3,6,3155,245
4,7,3159,241
5,8,3178,222
6,9,3171,229
7,10,3212,188
8,11,3171,229
9,12,3199,201
10,13,3174,226
best_local_k 10
-
t_5
finding_best_k
i,k,successes,mistakes
0,3,3070,330
1,4,3099,301
2,5,3132,268
3,6,3167,233
4,7,3155,245
5,8,3206,194
6,9,3186,214
7,10,3221,179
8,11,3179,221
9,12,3207,193
10,13,3178,222
best_local_k 10
-
t_6
finding_best_k
i,k,successes,mistakes
0,3,3044,356
1,4,3140,260
2,5,3159,241
3,6,3199,201
4,7,3170,230
5,8,3201,199
6,9,3204,196
7,10,3246,154
8,11,3205,195
9,12,3237,163
10,13,3199,201
best_local_k 10
-
t_7
finding_best_k
i,k,successes,mistakes
0,3,3041,359
1,4,3136,264
2,5,3176,224
3,6,3207,193
4,7,3211,189
5,8,3256,144
6,9,3247,153
7,10,3289,111
8,11,3247,153
9,12,3270,130
10,13,3233,167
best_local_k 10
-
t_8
finding_best_k
i,k,successes,mistakes
0,3,3035,365
1,4,3120,280
2,5,3164,236
3,6,3199,201
4,7,3181,219
5,8,3241,159
6,9,3215,185
7,10,3273,127
8,11,3230,170
9,12,3243,157
10,13,3208,192
best_local_k 10
-
t_9
finding_best_k
i,k,successes,mistakes
0,3,3032,368
1,4,3121,279
2,5,3170,230
3,6,3217,183
4,7,3214,186
5,8,3258,142
6,9,3249,151
7,10,3279,121
8,11,3242,158
9,12,3266,134
10,13,3234,166
best_local_k 10
-
result
best_t,best_k,successes,mistakes,success_ratio
9,10,1151,5660,16.90%

iteration_22
-
t_0
finding_best_k
i,k,successes,mistakes
0,3,688,2712
1,4,785,2615
2,5,786,2614
3,6,798,2602
4,7,797,2603
5,8,802,2598
6,9,801,2599
7,10,837,2563
8,11,835,2565
9,12,847,2553
10,13,847,2553
best_local_k 12
-
t_1
finding_best_k
i,k,successes,mistakes
0,3,2508,892
1,4,2530,870
2,5,2484,916
3,6,2517,883
4,7,2478,922
5,8,2503,897
6,9,2462,938
7,10,2482,918
8,11,2451,949
9,12,2482,918
10,13,2440,960
best_local_k 4
-
t_2
finding_best_k
i,k,successes,mistakes
0,3,2936,464
1,4,2966,434
2,5,3000,400
3,6,2967,433
4,7,2986,414
5,8,2974,426
6,9,2989,411
7,10,2973,427
8,11,2997,403
9,12,2976,424
10,13,2994,406
best_local_k 5
-
t_3
finding_best_k
i,k,successes,mistakes
0,3,3025,375
1,4,3081,319
2,5,3118,282
3,6,3120,280
4,7,3126,274
5,8,3128,272
6,9,3132,268
7,10,3133,267
8,11,3137,263
9,12,3129,271
10,13,3134,266
best_local_k 11
-
t_4
finding_best_k
i,k,successes,mistakes
0,3,3045,355
1,4,3127,273
2,5,3164,236
3,6,3190,210
4,7,3166,234
5,8,3195,205
6,9,3188,212
7,10,3204,196
8,11,3181,219
9,12,3200,200
10,13,3179,221
best_local_k 10
-
t_5
finding_best_k
i,k,successes,mistakes
0,3,3046,354
1,4,3148,252
2,5,3154,246
3,6,3180,220
4,7,3162,238
5,8,3200,200
6,9,3187,213
7,10,3206,194
8,11,3183,217
9,12,3201,199
10,13,3181,219
best_local_k 10
-
t_6
finding_best_k
i,k,successes,mistakes
0,3,3050,350
1,4,3151,249
2,5,3158,242
3,6,3184,216
4,7,3153,247
5,8,3212,188
6,9,3162,238
7,10,3221,179
8,11,3183,217
9,12,3210,190
10,13,3168,232
best_local_k 10
-
t_7
finding_best_k
i,k,successes,mistakes
0,3,3060,340
1,4,3138,262
2,5,3165,235
3,6,3194,206
4,7,3174,226
5,8,3209,191
6,9,3189,211
7,10,3232,168
8,11,3199,201
9,12,3218,182
10,13,3177,223
best_local_k 10
-
t_8
finding_best_k
i,k,successes,mistakes
0,3,3051,349
1,4,3141,259
2,5,3171,229
3,6,3200,200
4,7,3173,227
5,8,3234,166
6,9,3197,203
7,10,3247,153
8,11,3202,198
9,12,3228,172
10,13,3176,224
best_local_k 10
-
t_9
finding_best_k
i,k,successes,mistakes
0,3,3075,325
1,4,3178,222
2,5,3193,207
3,6,3225,175
4,7,3192,208
5,8,3249,151
6,9,3212,188
7,10,3260,140
8,11,3212,188
9,12,3248,152
10,13,3199,201
best_local_k 10
-
result
best_t,best_k,successes,mistakes,success_ratio
9,10,1158,5653,17.00%

iteration_23
-
t_0
finding_best_k
i,k,successes,mistakes
0,3,688,2712
1,4,785,2615
2,5,786,2614
3,6,798,2602
4,7,797,2603
5,8,802,2598
6,9,801,2599
7,10,837,2563
8,11,835,2565
9,12,847,2553
10,13,847,2553
best_local_k 12
-
t_1
finding_best_k
i,k,successes,mistakes
0,3,2499,901
1,4,2529,871
2,5,2471,929
3,6,2504,896
4,7,2458,942
5,8,2482,918
6,9,2446,954
7,10,2479,921
8,11,2445,955
9,12,2467,933
10,13,2447,953
best_local_k 4
-
t_2
finding_best_k
i,k,successes,mistakes
0,3,2927,473
1,4,2961,439
2,5,2985,415
3,6,2981,419
4,7,2998,402
5,8,2991,409
6,9,3004,396
7,10,3011,389
8,11,3008,392
9,12,2999,401
10,13,3002,398
best_local_k 10
-
t_3
finding_best_k
i,k,successes,mistakes
0,3,2993,407
1,4,3038,362
2,5,3083,317
3,6,3114,286
4,7,3131,269
5,8,3151,249
6,9,3163,237
7,10,3177,223
8,11,3168,232
9,12,3187,213
10,13,3170,230
best_local_k 12
-
t_4
finding_best_k
i,k,successes,mistakes
0,3,3008,392
1,4,3095,305
2,5,3103,297
3,6,3144,256
4,7,3142,258
5,8,3177,223
6,9,3142,258
7,10,3188,212
8,11,3157,243
9,12,3202,198
10,13,3166,234
best_local_k 12
-
t_5
finding_best_k
i,k,successes,mistakes
0,3,3034,366
1,4,3110,290
2,5,3128,272
3,6,3139,261
4,7,3153,247
5,8,3176,224
6,9,3175,225
7,10,3203,197
8,11,3182,218
9,12,3206,194
10,13,3189,211
best_local_k 12
-
t_6
finding_best_k
i,k,successes,mistakes
0,3,3031,369
1,4,3097,303
2,5,3120,280
3,6,3145,255
4,7,3160,240
5,8,3189,211
6,9,3181,219
7,10,3212,188
8,11,3192,208
9,12,3219,181
10,13,3178,222
best_local_k 12
-
t_7
finding_best_k
i,k,successes,mistakes
0,3,3041,359
1,4,3131,269
2,5,3127,273
3,6,3149,251
4,7,3158,242
5,8,3206,194
6,9,3188,212
7,10,3220,180
8,11,3198,202
9,12,3226,174
10,13,3189,211
best_local_k 12
-
t_8
finding_best_k
i,k,successes,mistakes
0,3,3019,381
1,4,3124,276
2,5,3123,277
3,6,3165,235
4,7,3160,240
5,8,3209,191
6,9,3183,217
7,10,3229,171
8,11,3208,192
9,12,3234,166
10,13,3195,205
best_local_k 12
-
t_9
finding_best_k
i,k,successes,mistakes
0,3,3026,374
1,4,3103,297
2,5,3116,284
3,6,3156,244
4,7,3155,245
5,8,3194,206
6,9,3181,219
7,10,3218,182
8,11,3189,211
9,12,3221,179
10,13,3186,214
best_local_k 12
-
result
best_t,best_k,successes,mistakes,success_ratio
9,12,1221,5590,17.93%

iteration_24
-
t_0
finding_best_k
i,k,successes,mistakes
0,3,688,2712
1,4,785,2615
2,5,786,2614
3,6,798,2602
4,7,797,2603
5,8,802,2598
6,9,801,2599
7,10,837,2563
8,11,835,2565
9,12,847,2553
10,13,847,2553
best_local_k 12
-
t_1
finding_best_k
i,k,successes,mistakes
0,3,2497,903
1,4,2531,869
2,5,2480,920
3,6,2502,898
4,7,2457,943
5,8,2494,906
6,9,2457,943
7,10,2481,919
8,11,2447,953
9,12,2466,934
10,13,2427,973
best_local_k 4
-
t_2
finding_best_k
i,k,successes,mistakes
0,3,2972,428
1,4,2988,412
2,5,3037,363
3,6,3008,392
4,7,3043,357
5,8,3020,380
6,9,3029,371
7,10,3025,375
8,11,3024,376
9,12,3020,380
10,13,3024,376
best_local_k 7
-
t_3
finding_best_k
i,k,successes,mistakes
0,3,2990,410
1,4,3040,360
2,5,3085,315
3,6,3076,324
4,7,3083,317
5,8,3084,316
6,9,3087,313
7,10,3085,315
8,11,3081,319
9,12,3093,307
10,13,3061,339
best_local_k 12
-
t_4
finding_best_k
i,k,successes,mistakes
0,3,3023,377
1,4,3081,319
2,5,3121,279
3,6,3129,271
4,7,3143,257
5,8,3168,232
6,9,3159,241
7,10,3177,223
8,11,3166,234
9,12,3170,230
10,13,3135,265
best_local_k 10
-
t_5
finding_best_k
i,k,successes,mistakes
0,3,3029,371
1,4,3102,298
2,5,3123,277
3,6,3162,238
4,7,3165,235
5,8,3197,203
6,9,3191,209
7,10,3223,177
8,11,3184,216
9,12,3207,193
10,13,3179,221
best_local_k 10
-
t_6
finding_best_k
i,k,successes,mistakes
0,3,3037,363
1,4,3112,288
2,5,3138,262
3,6,3163,237
4,7,3180,220
5,8,3218,182
6,9,3196,204
7,10,3223,177
8,11,3176,224
9,12,3193,207
10,13,3157,243
best_local_k 10
-
t_7
finding_best_k
i,k,successes,mistakes
0,3,3057,343
1,4,3130,270
2,5,3165,235
3,6,3186,214
4,7,3201,199
5,8,3235,165
6,9,3214,186
7,10,3239,161
8,11,3214,186
9,12,3221,179
10,13,3197,203
best_local_k 10
-
t_8
finding_best_k
i,k,successes,mistakes
0,3,3041,359
1,4,3121,279
2,5,3152,248
3,6,3176,224
4,7,3187,213
5,8,3219,181
6,9,3196,204
7,10,3236,164
8,11,3191,209
9,12,3216,184
10,13,3167,233
best_local_k 10
-
t_9
finding_best_k
i,k,successes,mistakes
0,3,3063,337
1,4,3146,254
2,5,3188,212
3,6,3199,201
4,7,3204,196
5,8,3252,148
6,9,3224,176
7,10,3260,140
8,11,3215,185
9,12,3247,153
10,13,3207,193
best_local_k 10
-
result
best_t,best_k,successes,mistakes,success_ratio
9,10,1150,5661,16.88%

iteration_25
-
t_0
finding_best_k
i,k,successes,mistakes
0,3,688,2712
1,4,785,2615
2,5,786,2614
3,6,798,2602
4,7,797,2603
5,8,802,2598
6,9,801,2599
7,10,837,2563
8,11,835,2565
9,12,847,2553
10,13,847,2553
best_local_k 12
-
t_1
finding_best_k
i,k,successes,mistakes
0,3,2519,881
1,4,2540,860
2,5,2500,900
3,6,2527,873
4,7,2479,921
5,8,2496,904
6,9,2466,934
7,10,2488,912
8,11,2446,954
9,12,2471,929
10,13,2440,960
best_local_k 4
-
t_2
finding_best_k
i,k,successes,mistakes
0,3,2945,455
1,4,2943,457
2,5,2988,412
3,6,2963,437
4,7,2994,406
5,8,2989,411
6,9,3011,389
7,10,3006,394
8,11,3016,384
9,12,3002,398
10,13,3005,395
best_local_k 11
-
t_3
finding_best_k
i,k,successes,mistakes
0,3,2986,414
1,4,3031,369
2,5,3068,332
3,6,3075,325
4,7,3077,323
5,8,3095,305
6,9,3124,276
7,10,3113,287
8,11,3137,263
9,12,3149,251
10,13,3145,255
best_local_k 12
-
t_4
finding_best_k
i,k,successes,mistakes
0,3,3008,392
1,4,3084,316
2,5,3107,293
3,6,3121,279
4,7,3126,274
5,8,3139,261
6,9,3149,251
7,10,3186,214
8,11,3166,234
9,12,3189,211
10,13,3151,249
best_local_k 12
-
t_5
finding_best_k
i,k,successes,mistakes
0,3,3031,369
1,4,3103,297
2,5,3146,254
3,6,3159,241
4,7,3146,254
5,8,3188,212
6,9,3190,210
7,10,3224,176
8,11,3193,207
9,12,3234,166
10,13,3191,209
best_local_k 12
-
t_6
finding_best_k
i,k,successes,mistakes
0,3,3052,348
1,4,3121,279
2,5,3152,248
3,6,3159,241
4,7,3169,231
5,8,3202,198
6,9,3198,202
7,10,3221,179
8,11,3191,209
9,12,3225,175
10,13,3185,215
best_local_k 12
-
t_7
finding_best_k
i,k,successes,mistakes
0,3,3043,357
1,4,3120,280
2,5,3142,258
3,6,3163,237
4,7,3152,248
5,8,3181,219
6,9,3169,231
7,10,3205,195
8,11,3188,212
9,12,3214,186
10,13,3169,231
best_local_k 12
-
t_8
finding_best_k
i,k,successes,mistakes
0,3,3069,331
1,4,3176,224
2,5,3189,211
3,6,3198,202
4,7,3201,199
5,8,3234,166
6,9,3205,195
7,10,3248,152
8,11,3206,194
9,12,3242,158
10,13,3191,209
best_local_k 10
-
t_9
finding_best_k
i,k,successes,mistakes
0,3,3042,358
1,4,3133,267
2,5,3132,268
3,6,3163,237
4,7,3157,243
5,8,3216,184
6,9,3187,213
7,10,3237,163
8,11,3209,191
9,12,3243,157
10,13,3190,210
best_local_k 12
-
result
best_t,best_k,successes,mistakes,success_ratio
9,12,1130,5681,16.59%

iteration_26
-
t_0
finding_best_k
i,k,successes,mistakes
0,3,688,2712
1,4,785,2615
2,5,786,2614
3,6,798,2602
4,7,797,2603
5,8,802,2598
6,9,801,2599
7,10,837,2563
8,11,835,2565
9,12,847,2553
10,13,847,2553
best_local_k 12
-
t_1
finding_best_k
i,k,successes,mistakes
0,3,2514,886
1,4,2547,853
2,5,2480,920
3,6,2522,878
4,7,2472,928
5,8,2502,898
6,9,2452,948
7,10,2486,914
8,11,2438,962
9,12,2469,931
10,13,2426,974
best_local_k 4
-
t_2
finding_best_k
i,k,successes,mistakes
0,3,2937,463
1,4,2953,447
2,5,2987,413
3,6,2968,432
4,7,2987,413
5,8,2973,427
6,9,2995,405
7,10,3002,398
8,11,3004,396
9,12,2994,406
10,13,2989,411
best_local_k 11
-
t_3
finding_best_k
i,k,successes,mistakes
0,3,3009,391
1,4,3072,328
2,5,3091,309
3,6,3104,296
4,7,3092,308
5,8,3090,310
6,9,3121,279
7,10,3148,252
8,11,3134,266
9,12,3157,243
10,13,3144,256
best_local_k 12
-
t_4
finding_best_k
i,k,successes,mistakes
0,3,3011,389
1,4,3082,318
2,5,3122,278
3,6,3137,263
4,7,3146,254
5,8,3178,222
6,9,3179,221
7,10,3200,200
8,11,3178,222
9,12,3205,195
10,13,3188,212
best_local_k 12
-
t_5
finding_best_k
i,k,successes,mistakes
0,3,3069,331
1,4,3081,319
2,5,3102,298
3,6,3129,271
4,7,3127,273
5,8,3149,251
6,9,3172,228
7,10,3194,206
8,11,3176,224
9,12,3203,197
10,13,3171,229
best_local_k 12
-
t_6
finding_best_k
i,k,successes,mistakes
0,3,3027,373
1,4,3090,310
2,5,3122,278
3,6,3142,258
4,7,3142,258
5,8,3179,221
6,9,3176,224
7,10,3223,177
8,11,3215,185
9,12,3227,173
10,13,3225,175
best_local_k 12
-
t_7
finding_best_k
i,k,successes,mistakes
0,3,3040,360
1,4,3112,288
2,5,3126,274
3,6,3164,236
4,7,3134,266
5,8,3167,233
6,9,3150,250
7,10,3195,205
8,11,3165,235
9,12,3216,184
10,13,3182,218
best_local_k 12
-
t_8
finding_best_k
i,k,successes,mistakes
0,3,3024,376
1,4,3101,299
2,5,3119,281
3,6,3173,227
4,7,3142,258
5,8,3192,208
6,9,3178,222
7,10,3214,186
8,11,3195,205
9,12,3223,177
10,13,3189,211
best_local_k 12
-
t_9
finding_best_k
i,k,successes,mistakes
0,3,3015,385
1,4,3094,306
2,5,3110,290
3,6,3147,253
4,7,3131,269
5,8,3151,249
6,9,3165,235
7,10,3201,199
8,11,3177,223
9,12,3217,183
10,13,3182,218
best_local_k 12
-
result
best_t,best_k,successes,mistakes,success_ratio
9,12,1140,5671,16.74%

iteration_27
-
t_0
finding_best_k
i,k,successes,mistakes
0,3,688,2712
1,4,785,2615
2,5,786,2614
3,6,798,2602
4,7,797,2603
5,8,802,2598
6,9,801,2599
7,10,837,2563
8,11,835,2565
9,12,847,2553
10,13,847,2553
best_local_k 12
-
t_1
finding_best_k
i,k,successes,mistakes
0,3,2525,875
1,4,2548,852
2,5,2503,897
3,6,2516,884
4,7,2488,912
5,8,2513,887
6,9,2480,920
7,10,2500,900
8,11,2473,927
9,12,2500,900
10,13,2465,935
best_local_k 4
-
t_2
finding_best_k
i,k,successes,mistakes
0,3,2947,453
1,4,2996,404
2,5,3001,399
3,6,2995,405
4,7,3024,376
5,8,3009,391
6,9,3024,376
7,10,3010,390
8,11,3019,381
9,12,3008,392
10,13,3018,382
best_local_k 7
-
t_3
finding_best_k
i,k,successes,mistakes
0,3,3005,395
1,4,3052,348
2,5,3090,310
3,6,3104,296
4,7,3115,285
5,8,3116,284
6,9,3120,280
7,10,3128,272
8,11,3114,286
9,12,3119,281
10,13,3104,296
best_local_k 10
-
t_4
finding_best_k
i,k,successes,mistakes
0,3,3013,387
1,4,3095,305
2,5,3140,260
3,6,3170,230
4,7,3169,231
5,8,3193,207
6,9,3184,216
7,10,3193,207
8,11,3171,229
9,12,3190,210
10,13,3157,243
best_local_k 8
-
t_5
finding_best_k
i,k,successes,mistakes
0,3,3039,361
1,4,3120,280
2,5,3152,248
3,6,3175,225
4,7,3185,215
5,8,3209,191
6,9,3196,204
7,10,3209,191
8,11,3183,217
9,12,3193,207
10,13,3165,235
best_local_k 8
-
t_6
finding_best_k
i,k,successes,mistakes
0,3,3080,320
1,4,3166,234
2,5,3176,224
3,6,3214,186
4,7,3184,216
5,8,3238,162
6,9,3188,212
7,10,3208,192
8,11,3157,243
9,12,3182,218
10,13,3148,252
best_local_k 8
-
t_7
finding_best_k
i,k,successes,mistakes
0,3,3079,321
1,4,3178,222
2,5,3199,201
3,6,3235,165
4,7,3222,178
5,8,3275,125
6,9,3226,174
7,10,3257,143
8,11,3206,194
9,12,3228,172
10,13,3179,221
best_local_k 8
-
t_8
finding_best_k
i,k,successes,mistakes
0,3,3050,350
1,4,3148,252
2,5,3173,227
3,6,3222,178
4,7,3199,201
5,8,3265,135
6,9,3200,200
7,10,3237,163
8,11,3181,219
9,12,3200,200
10,13,3170,230
best_local_k 8
-
t_9
finding_best_k
i,k,successes,mistakes
0,3,3088,312
1,4,3205,195
2,5,3204,196
3,6,3259,141
4,7,3222,178
5,8,3285,115
6,9,3233,167
7,10,3258,142
8,11,3223,177
9,12,3248,152
10,13,3201,199
best_local_k 8
-
result
best_t,best_k,successes,mistakes,success_ratio
9,8,1116,5695,16.39%

iteration_28
-
t_0
finding_best_k
i,k,successes,mistakes
0,3,688,2712
1,4,785,2615
2,5,786,2614
3,6,798,2602
4,7,797,2603
5,8,802,2598
6,9,801,2599
7,10,837,2563
8,11,835,2565
9,12,847,2553
10,13,847,2553
best_local_k 12
-
t_1
finding_best_k
i,k,successes,mistakes
0,3,2530,870
1,4,2551,849
2,5,2529,871
3,6,2530,870
4,7,2509,891
5,8,2520,880
6,9,2492,908
7,10,2513,887
8,11,2491,909
9,12,2498,902
10,13,2481,919
best_local_k 4
-
t_2
finding_best_k
i,k,successes,mistakes
0,3,2896,504
1,4,2958,442
2,5,3012,388
3,6,2987,413
4,7,3015,385
5,8,3003,397
6,9,3033,367
7,10,3027,373
8,11,3026,374
9,12,3014,386
10,13,3022,378
best_local_k 9
-
t_3
finding_best_k
i,k,successes,mistakes
0,3,3059,341
1,4,3022,378
2,5,3105,295
3,6,3096,304
4,7,3119,281
5,8,3126,274
6,9,3143,257
7,10,3156,244
8,11,3130,270
9,12,3136,264
10,13,3124,276
best_local_k 10
-
t_4
finding_best_k
i,k,successes,mistakes
0,3,3014,386
1,4,3079,321
2,5,3130,270
3,6,3151,249
4,7,3131,269
5,8,3177,223
6,9,3177,223
7,10,3206,194
8,11,3167,233
9,12,3189,211
10,13,3167,233
best_local_k 10
-
t_5
finding_best_k
i,k,successes,mistakes
0,3,3029,371
1,4,3113,287
2,5,3145,255
3,6,3166,234
4,7,3184,216
5,8,3227,173
6,9,3217,183
7,10,3242,158
8,11,3217,183
9,12,3224,176
10,13,3204,196
best_local_k 10
-
t_6
finding_best_k
i,k,successes,mistakes
0,3,3022,378
1,4,3133,267
2,5,3161,239
3,6,3193,207
4,7,3195,205
5,8,3243,157
6,9,3223,177
7,10,3263,137
8,11,3214,186
9,12,3246,154
10,13,3208,192
best_local_k 10
-
t_7
finding_best_k
i,k,successes,mistakes
0,3,3016,384
1,4,3108,292
2,5,3146,254
3,6,3180,220
4,7,3196,204
5,8,3236,164
6,9,3209,191
7,10,3256,144
8,11,3207,193
9,12,3219,181
10,13,3183,217
best_local_k 10
-
t_8
finding_best_k
i,k,successes,mistakes
0,3,3030,370
1,4,3123,277
2,5,3161,239
3,6,3180,220
4,7,3185,215
5,8,3224,176
6,9,3208,192
7,10,3244,156
8,11,3200,200
9,12,3212,188
10,13,3185,215
best_local_k 10
-
t_9
finding_best_k
i,k,successes,mistakes
0,3,3020,380
1,4,3116,284
2,5,3157,243
3,6,3192,208
4,7,3178,222
5,8,3227,173
6,9,3192,208
7,10,3233,167
8,11,3189,211
9,12,3215,185
10,13,3180,220
best_local_k 10
-
result
best_t,best_k,successes,mistakes,success_ratio
9,10,1179,5632,17.31%

iteration_29
-
t_0
finding_best_k
i,k,successes,mistakes
0,3,688,2712
1,4,785,2615
2,5,786,2614
3,6,798,2602
4,7,797,2603
5,8,802,2598
6,9,801,2599
7,10,837,2563
8,11,835,2565
9,12,847,2553
10,13,847,2553
best_local_k 12
-
t_1
finding_best_k
i,k,successes,mistakes
0,3,2478,922
1,4,2512,888
2,5,2488,912
3,6,2511,889
4,7,2477,923
5,8,2495,905
6,9,2466,934
7,10,2496,904
8,11,2465,935
9,12,2494,906
10,13,2456,944
best_local_k 4
-
t_2
finding_best_k
i,k,successes,mistakes
0,3,2972,428
1,4,2921,479
2,5,2994,406
3,6,2985,415
4,7,3021,379
5,8,3000,400
6,9,3015,385
7,10,2994,406
8,11,3013,387
9,12,2997,403
10,13,3006,394
best_local_k 7
-
t_3
finding_best_k
i,k,successes,mistakes
0,3,2995,405
1,4,3030,370
2,5,3115,285
3,6,3114,286
4,7,3121,279
5,8,3119,281
6,9,3133,267
7,10,3124,276
8,11,3108,292
9,12,3116,284
10,13,3100,300
best_local_k 9
-
t_4
finding_best_k
i,k,successes,mistakes
0,3,3044,356
1,4,3097,303
2,5,3132,268
3,6,3149,251
4,7,3172,228
5,8,3185,215
6,9,3186,214
7,10,3186,214
8,11,3161,239
9,12,3166,234
10,13,3139,261
best_local_k 9
-
t_5
finding_best_k
i,k,successes,mistakes
0,3,3032,368
1,4,3107,293
2,5,3164,236
3,6,3199,201
4,7,3206,194
5,8,3226,174
6,9,3218,182
7,10,3224,176
8,11,3193,207
9,12,3198,202
10,13,3174,226
best_local_k 8
-
t_6
finding_best_k
i,k,successes,mistakes
0,3,3009,391
1,4,3114,286
2,5,3160,240
3,6,3198,202
4,7,3195,205
5,8,3243,157
6,9,3197,203
7,10,3223,177
8,11,3179,221
9,12,3201,199
10,13,3171,229
best_local_k 8
-
t_7
finding_best_k
i,k,successes,mistakes
0,3,3054,346
1,4,3166,234
2,5,3176,224
3,6,3228,172
4,7,3197,203
5,8,3248,152
6,9,3195,205
7,10,3225,175
8,11,3191,209
9,12,3202,198
10,13,3168,232
best_local_k 8
-
t_8
finding_best_k
i,k,successes,mistakes
0,3,3044,356
1,4,3161,239
2,5,3201,199
3,6,3245,155
4,7,3215,185
5,8,3274,126
6,9,3227,173
7,10,3252,148
8,11,3203,197
9,12,3231,169
10,13,3186,214
best_local_k 8
-
t_9
finding_best_k
i,k,successes,mistakes
0,3,3040,360
1,4,3150,250
2,5,3171,229
3,6,3226,174
4,7,3209,191
5,8,3272,128
6,9,3210,190
7,10,3242,158
8,11,3190,210
9,12,3207,193
10,13,3173,227
best_local_k 8
-
result
best_t,best_k,successes,mistakes,success_ratio
9,8,1123,5688,16.49%

iteration_30
-
t_0
finding_best_k
i,k,successes,mistakes
0,3,688,2712
1,4,785,2615
2,5,786,2614
3,6,798,2602
4,7,797,2603
5,8,802,2598
6,9,801,2599
7,10,837,2563
8,11,835,2565
9,12,847,2553
10,13,847,2553
best_local_k 12
-
t_1
finding_best_k
i,k,successes,mistakes
0,3,2513,887
1,4,2547,853
2,5,2502,898
3,6,2501,899
4,7,2475,925
5,8,2488,912
6,9,2455,945
7,10,2486,914
8,11,2450,950
9,12,2468,932
10,13,2436,964
best_local_k 4
-
t_2
finding_best_k
i,k,successes,mistakes
0,3,2922,478
1,4,2969,431
2,5,2986,414
3,6,2960,440
4,7,2992,408
5,8,2965,435
6,9,2991,409
7,10,2974,426
8,11,2988,412
9,12,2967,433
10,13,2973,427
best_local_k 7
-
t_3
finding_best_k
i,k,successes,mistakes
0,3,3034,366
1,4,3083,317
2,5,3109,291
3,6,3113,287
4,7,3153,247
5,8,3148,252
6,9,3147,253
7,10,3146,254
8,11,3133,267
9,12,3150,250
10,13,3128,272
best_local_k 7
-
t_4
finding_best_k
i,k,successes,mistakes
0,3,3038,362
1,4,3108,292
2,5,3136,264
3,6,3166,234
4,7,3192,208
5,8,3210,190
6,9,3190,210
7,10,3204,196
8,11,3164,236
9,12,3182,218
10,13,3154,246
best_local_k 8
-
t_5
finding_best_k
i,k,successes,mistakes
0,3,3049,351
1,4,3130,270
2,5,3166,234
3,6,3199,201
4,7,3178,222
5,8,3222,178
6,9,3184,216
7,10,3215,185
8,11,3186,214
9,12,3201,199
10,13,3163,237
best_local_k 8
-
t_6
finding_best_k
i,k,successes,mistakes
0,3,3059,341
1,4,3143,257
2,5,3169,231
3,6,3206,194
4,7,3208,192
5,8,3251,149
6,9,3214,186
7,10,3241,159
8,11,3218,182
9,12,3241,159
10,13,3201,199
best_local_k 8
-
t_7
finding_best_k
i,k,successes,mistakes
0,3,3062,338
1,4,3143,257
2,5,3177,223
3,6,3229,171
4,7,3217,183
5,8,3261,139
6,9,3233,167
7,10,3250,150
8,11,3214,186
9,12,3230,170
10,13,3190,210
best_local_k 8
-
t_8
finding_best_k
i,k,successes,mistakes
0,3,3084,316
1,4,3179,221
2,5,3178,222
3,6,3239,161
4,7,3205,195
5,8,3260,140
6,9,3201,199
7,10,3234,166
8,11,3187,213
9,12,3205,195
10,13,3155,245
best_local_k 8
-
t_9
finding_best_k
i,k,successes,mistakes
0,3,3048,352
1,4,3142,258
2,5,3142,258
3,6,3191,209
4,7,3182,218
5,8,3229,171
6,9,3196,204
7,10,3204,196
8,11,3179,221
9,12,3184,216
10,13,3152,248
best_local_k 8
-
result
best_t,best_k,successes,mistakes,success_ratio
9,8,1121,5690,16.46%

summary
mean,stddev
16.73%,0.34%
