iteration_1
-
t_0
finding_best_k
i,k,successes,mistakes
0,3,852,100
1,4,850,102
2,5,847,105
3,6,849,103
4,7,849,103
5,8,847,105
6,9,849,103
7,10,849,103
8,11,848,104
9,12,847,105
10,13,850,102
best_local_k 3
-
t_1
finding_best_k
i,k,successes,mistakes
0,3,877,75
1,4,867,85
2,5,889,63
3,6,893,59
4,7,898,54
5,8,892,60
6,9,902,50
7,10,898,54
8,11,905,47
9,12,903,49
10,13,903,49
best_local_k 11
-
t_2
finding_best_k
i,k,successes,mistakes
0,3,902,50
1,4,883,69
2,5,912,40
3,6,906,46
4,7,916,36
5,8,914,38
6,9,927,25
7,10,923,29
8,11,932,20
9,12,930,22
10,13,938,14
best_local_k 13
-
t_3
finding_best_k
i,k,successes,mistakes
0,3,902,50
1,4,889,63
2,5,920,32
3,6,914,38
4,7,925,27
5,8,925,27
6,9,938,14
7,10,931,21
8,11,942,10
9,12,942,10
10,13,951,1
best_local_k 13
-
t_4
finding_best_k
i,k,successes,mistakes
0,3,902,50
1,4,889,63
2,5,920,32
3,6,914,38
4,7,925,27
5,8,925,27
6,9,938,14
7,10,931,21
8,11,942,10
9,12,941,11
10,13,952,0
best_local_k 13
-
t_5
finding_best_k
i,k,successes,mistakes
0,3,902,50
1,4,889,63
2,5,920,32
3,6,914,38
4,7,925,27
5,8,925,27
6,9,938,14
7,10,931,21
8,11,942,10
9,12,941,11
10,13,952,0
best_local_k 13
-
t_6
finding_best_k
i,k,successes,mistakes
0,3,902,50
1,4,889,63
2,5,920,32
3,6,914,38
4,7,925,27
5,8,925,27
6,9,938,14
7,10,931,21
8,11,942,10
9,12,941,11
10,13,952,0
best_local_k 13
-
t_7
finding_best_k
i,k,successes,mistakes
0,3,902,50
1,4,889,63
2,5,920,32
3,6,914,38
4,7,925,27
5,8,925,27
6,9,938,14
7,10,931,21
8,11,942,10
9,12,941,11
10,13,952,0
best_local_k 13
-
t_8
finding_best_k
i,k,successes,mistakes
0,3,902,50
1,4,889,63
2,5,920,32
3,6,914,38
4,7,925,27
5,8,925,27
6,9,938,14
7,10,931,21
8,11,942,10
9,12,941,11
10,13,952,0
best_local_k 13
-
t_9
finding_best_k
i,k,successes,mistakes
0,3,902,50
1,4,889,63
2,5,920,32
3,6,914,38
4,7,925,27
5,8,925,27
6,9,938,14
7,10,931,21
8,11,942,10
9,12,941,11
10,13,952,0
best_local_k 13
-
result
best_t,best_k,successes,mistakes,success_ratio
9,13,1638,268,85.94%

iteration_2
-
t_0
finding_best_k
i,k,successes,mistakes
0,3,852,100
1,4,850,102
2,5,847,105
3,6,849,103
4,7,849,103
5,8,847,105
6,9,849,103
7,10,849,103
8,11,848,104
9,12,847,105
10,13,850,102
best_local_k 3
-
t_1
finding_best_k
i,k,successes,mistakes
0,3,886,66
1,4,878,74
2,5,897,55
3,6,898,54
4,7,909,43
5,8,911,41
6,9,911,41
7,10,904,48
8,11,909,43
9,12,905,47
10,13,910,42
best_local_k 8
-
t_2
finding_best_k
i,k,successes,mistakes
0,3,903,49
1,4,901,51
2,5,919,33
3,6,922,30
4,7,929,23
5,8,931,21
6,9,933,19
7,10,930,22
8,11,933,19
9,12,932,20
10,13,935,17
best_local_k 13
-
t_3
finding_best_k
i,k,successes,mistakes
0,3,912,40
1,4,903,49
2,5,925,27
3,6,922,30
4,7,937,15
5,8,932,20
6,9,939,13
7,10,936,16
8,11,943,9
9,12,942,10
10,13,944,8
best_local_k 13
-
t_4
finding_best_k
i,k,successes,mistakes
0,3,909,43
1,4,901,51
2,5,928,24
3,6,921,31
4,7,937,15
5,8,932,20
6,9,943,9
7,10,936,16
8,11,947,5
9,12,944,8
10,13,948,4
best_local_k 13
-
t_5
finding_best_k
i,k,successes,mistakes
0,3,912,40
1,4,903,49
2,5,928,24
3,6,920,32
4,7,936,16
5,8,932,20
6,9,944,8
7,10,938,14
8,11,946,6
9,12,942,10
10,13,948,4
best_local_k 13
-
t_6
finding_best_k
i,k,successes,mistakes
0,3,908,44
1,4,902,50
2,5,929,23
3,6,921,31
4,7,934,18
5,8,932,20
6,9,942,10
7,10,938,14
8,11,946,6
9,12,945,7
10,13,951,1
best_local_k 13
-
t_7
finding_best_k
i,k,successes,mistakes
0,3,906,46
1,4,899,53
2,5,929,23
3,6,918,34
4,7,934,18
5,8,931,21
6,9,941,11
7,10,938,14
8,11,947,5
9,12,945,7
10,13,951,1
best_local_k 13
-
t_8
finding_best_k
i,k,successes,mistakes
0,3,909,43
1,4,902,50
2,5,931,21
3,6,921,31
4,7,936,16
5,8,933,19
6,9,942,10
7,10,939,13
8,11,947,5
9,12,946,6
10,13,952,0
best_local_k 13
-
t_9
finding_best_k
i,k,successes,mistakes
0,3,909,43
1,4,902,50
2,5,931,21
3,6,921,31
4,7,936,16
5,8,933,19
6,9,942,10
7,10,939,13
8,11,947,5
9,12,946,6
10,13,952,0
best_local_k 13
-
result
best_t,best_k,successes,mistakes,success_ratio
9,13,1636,270,85.83%

iteration_3
-
t_0
finding_best_k
i,k,successes,mistakes
0,3,852,100
1,4,850,102
2,5,847,105
3,6,849,103
4,7,849,103
5,8,847,105
6,9,849,103
7,10,849,103
8,11,848,104
9,12,847,105
10,13,850,102
best_local_k 3
-
t_1
finding_best_k
i,k,successes,mistakes
0,3,882,70
1,4,870,82
2,5,896,56
3,6,898,54
4,7,899,53
5,8,904,48
6,9,908,44
7,10,904,48
8,11,912,40
9,12,907,45
10,13,914,38
best_local_k 13
-
t_2
finding_best_k
i,k,successes,mistakes
0,3,890,62
1,4,879,73
2,5,912,40
3,6,903,49
4,7,916,36
5,8,917,35
6,9,928,24
7,10,924,28
8,11,929,23
9,12,925,27
10,13,930,22
best_local_k 13
-
t_3
finding_best_k
i,k,successes,mistakes
0,3,899,53
1,4,887,65
2,5,922,30
3,6,918,34
4,7,927,25
5,8,925,27
6,9,936,16
7,10,932,20
8,11,937,15
9,12,939,13
10,13,941,11
best_local_k 13
-
t_4
finding_best_k
i,k,successes,mistakes
0,3,900,52
1,4,888,64
2,5,924,28
3,6,916,36
4,7,928,24
5,8,928,24
6,9,941,11
7,10,936,16
8,11,946,6
9,12,942,10
10,13,948,4
best_local_k 13
-
t_5
finding_best_k
i,k,successes,mistakes
0,3,902,50
1,4,889,63
2,5,924,28
3,6,916,36
4,7,930,22
5,8,929,23
6,9,942,10
7,10,937,15
8,11,949,3
9,12,945,7
10,13,951,1
best_local_k 13
-
t_6
finding_best_k
i,k,successes,mistakes
0,3,902,50
1,4,890,62
2,5,925,27
3,6,916,36
4,7,930,22
5,8,930,22
6,9,943,9
7,10,938,14
8,11,950,2
9,12,946,6
10,13,952,0
best_local_k 13
-
t_7
finding_best_k
i,k,successes,mistakes
0,3,902,50
1,4,890,62
2,5,925,27
3,6,916,36
4,7,930,22
5,8,930,22
6,9,943,9
7,10,938,14
8,11,950,2
9,12,946,6
10,13,952,0
best_local_k 13
-
t_8
finding_best_k
i,k,successes,mistakes
0,3,902,50
1,4,890,62
2,5,925,27
3,6,916,36
4,7,930,22
5,8,930,22
6,9,943,9
7,10,938,14
8,11,950,2
9,12,946,6
10,13,952,0
best_local_k 13
-
t_9
finding_best_k
i,k,successes,mistakes
0,3,902,50
1,4,890,62
2,5,925,27
3,6,916,36
4,7,930,22
5,8,930,22
6,9,943,9
7,10,938,14
8,11,950,2
9,12,946,6
10,13,952,0
best_local_k 13
-
result
best_t,best_k,successes,mistakes,success_ratio
9,13,1646,260,86.36%

iteration_4
-
t_0
finding_best_k
i,k,successes,mistakes
0,3,852,100
1,4,850,102
2,5,847,105
3,6,849,103
4,7,849,103
5,8,847,105
6,9,849,103
7,10,849,103
8,11,848,104
9,12,847,105
10,13,850,102
best_local_k 3
-
t_1
finding_best_k
i,k,successes,mistakes
0,3,873,79
1,4,858,94
2,5,888,64
3,6,884,68
4,7,890,62
5,8,889,63
6,9,899,53
7,10,890,62
8,11,898,54
9,12,891,61
10,13,894,58
best_local_k 9
-
t_2
finding_best_k
i,k,successes,mistakes
0,3,896,56
1,4,886,66
2,5,916,36
3,6,907,45
4,7,925,27
5,8,930,22
6,9,935,17
7,10,932,20
8,11,931,21
9,12,928,24
10,13,927,25
best_local_k 9
-
t_3
finding_best_k
i,k,successes,mistakes
0,3,904,48
1,4,895,57
2,5,923,29
3,6,918,34
4,7,932,20
5,8,931,21
6,9,941,11
7,10,933,19
8,11,941,11
9,12,935,17
10,13,939,13
best_local_k 9
-
t_4
finding_best_k
i,k,successes,mistakes
0,3,913,39
1,4,900,52
2,5,933,19
3,6,927,25
4,7,941,11
5,8,940,12
6,9,948,4
7,10,940,12
8,11,948,4
9,12,940,12
10,13,940,12
best_local_k 9
-
t_5
finding_best_k
i,k,successes,mistakes
0,3,917,35
1,4,901,51
2,5,935,17
3,6,929,23
4,7,942,10
5,8,942,10
6,9,951,1
7,10,941,11
8,11,948,4
9,12,939,13
10,13,941,11
best_local_k 9
-
t_6
finding_best_k
i,k,successes,mistakes
0,3,917,35
1,4,901,51
2,5,936,16
3,6,929,23
4,7,944,8
5,8,942,10
6,9,952,0
best_local_k 9
-
t_7
finding_best_k
i,k,successes,mistakes
0,3,917,35
1,4,901,51
2,5,936,16
3,6,929,23
4,7,944,8
5,8,942,10
6,9,952,0
best_local_k 9
-
t_8
finding_best_k
i,k,successes,mistakes
0,3,917,35
1,4,901,51
2,5,936,16
3,6,929,23
4,7,944,8
5,8,942,10
6,9,952,0
best_local_k 9
-
t_9
finding_best_k
i,k,successes,mistakes
0,3,917,35
1,4,901,51
2,5,936,16
3,6,929,23
4,7,944,8
5,8,942,10
6,9,952,0
best_local_k 9
-
result
best_t,best_k,successes,mistakes,success_ratio
9,9,1623,283,85.15%

iteration_5
-
t_0
finding_best_k
i,k,successes,mistakes
0,3,852,100
1,4,850,102
2,5,847,105
3,6,849,103
4,7,849,103
5,8,847,105
6,9,849,103
7,10,849,103
8,11,848,104
9,12,847,105
10,13,850,102
best_local_k 3
-
t_1
finding_best_k
i,k,successes,mistakes
0,3,889,63
1,4,872,80
2,5,889,63
3,6,890,62
4,7,901,51
5,8,904,48
6,9,916,36
7,10,906,46
8,11,913,39
9,12,912,40
10,13,912,40
best_local_k 9
-
t_2
finding_best_k
i,k,successes,mistakes
0,3,908,44
1,4,888,64
2,5,917,35
3,6,914,38
4,7,927,25
5,8,922,30
6,9,938,14
7,10,934,18
8,11,940,12
9,12,930,22
10,13,935,17
best_local_k 11
-
t_3
finding_best_k
i,k,successes,mistakes
0,3,915,37
1,4,894,58
2,5,927,25
3,6,919,33
4,7,934,18
5,8,928,24
6,9,945,7
7,10,941,11
8,11,950,2
9,12,942,10
10,13,944,8
best_local_k 11
-
t_4
finding_best_k
i,k,successes,mistakes
0,3,915,37
1,4,894,58
2,5,927,25
3,6,919,33
4,7,934,18
5,8,928,24
6,9,945,7
7,10,941,11
8,11,951,1
9,12,942,10
10,13,944,8
best_local_k 11
-
t_5
finding_best_k
i,k,successes,mistakes
0,3,916,36
1,4,895,57
2,5,928,24
3,6,920,32
4,7,935,17
5,8,929,23
6,9,946,6
7,10,942,10
8,11,952,0
best_local_k 11
-
t_6
finding_best_k
i,k,successes,mistakes
0,3,916,36
1,4,895,57
2,5,928,24
3,6,920,32
4,7,935,17
5,8,929,23
6,9,946,6
7,10,942,10
8,11,952,0
best_local_k 11
-
t_7
finding_best_k
i,k,successes,mistakes
0,3,916,36
1,4,895,57
2,5,928,24
3,6,920,32
4,7,935,17
5,8,929,23
6,9,946,6
7,10,942,10
8,11,952,0
best_local_k 11
-
t_8
finding_best_k
i,k,successes,mistakes
0,3,916,36
1,4,895,57
2,5,928,24
3,6,920,32
4,7,935,17
5,8,929,23
6,9,946,6
7,10,942,10
8,11,952,0
best_local_k 11
-
t_9
finding_best_k
i,k,successes,mistakes
0,3,916,36
1,4,895,57
2,5,928,24
3,6,920,32
4,7,935,17
5,8,929,23
6,9,946,6
7,10,942,10
8,11,952,0
best_local_k 11
-
result
best_t,best_k,successes,mistakes,success_ratio
9,11,1639,267,85.99%

iteration_6
-
t_0
finding_best_k
i,k,successes,mistakes
0,3,852,100
1,4,850,102
2,5,847,105
3,6,849,103
4,7,849,103
5,8,847,105
6,9,849,103
7,10,849,103
8,11,848,104
9,12,847,105
10,13,850,102
best_local_k 3
-
t_1
finding_best_k
i,k,successes,mistakes
0,3,884,68
1,4,867,85
2,5,888,64
3,6,890,62
4,7,902,50
5,8,898,54
6,9,906,46
7,10,899,53
8,11,903,49
9,12,906,46
10,13,906,46
best_local_k 9
-
t_2
finding_best_k
i,k,successes,mistakes
0,3,912,40
1,4,900,52
2,5,918,34
3,6,918,34
4,7,930,22
5,8,929,23
6,9,939,13
7,10,927,25
8,11,934,18
9,12,933,19
10,13,933,19
best_local_k 9
-
t_3
finding_best_k
i,k,successes,mistakes
0,3,915,37
1,4,898,54
2,5,926,26
3,6,923,29
4,7,937,15
5,8,932,20
6,9,945,7
7,10,936,16
8,11,940,12
9,12,934,18
10,13,939,13
best_local_k 9
-
t_4
finding_best_k
i,k,successes,mistakes
0,3,914,38
1,4,897,55
2,5,929,23
3,6,926,26
4,7,939,13
5,8,935,17
6,9,949,3
7,10,935,17
8,11,943,9
9,12,938,14
10,13,942,10
best_local_k 9
-
t_5
finding_best_k
i,k,successes,mistakes
0,3,915,37
1,4,901,51
2,5,929,23
3,6,924,28
4,7,938,14
5,8,934,18
6,9,950,2
7,10,936,16
8,11,944,8
9,12,939,13
10,13,944,8
best_local_k 9
-
t_6
finding_best_k
i,k,successes,mistakes
0,3,918,34
1,4,901,51
2,5,932,20
3,6,928,24
4,7,941,11
5,8,937,15
6,9,952,0
best_local_k 9
-
t_7
finding_best_k
i,k,successes,mistakes
0,3,918,34
1,4,901,51
2,5,932,20
3,6,928,24
4,7,941,11
5,8,937,15
6,9,952,0
best_local_k 9
-
t_8
finding_best_k
i,k,successes,mistakes
0,3,918,34
1,4,901,51
2,5,932,20
3,6,928,24
4,7,941,11
5,8,937,15
6,9,952,0
best_local_k 9
-
t_9
finding_best_k
i,k,successes,mistakes
0,3,918,34
1,4,901,51
2,5,932,20
3,6,928,24
4,7,941,11
5,8,937,15
6,9,952,0
best_local_k 9
-
result
best_t,best_k,successes,mistakes,success_ratio
9,9,1627,279,85.36%

iteration_7
-
t_0
finding_best_k
i,k,successes,mistakes
0,3,852,100
1,4,850,102
2,5,847,105
3,6,849,103
4,7,849,103
5,8,847,105
6,9,849,103
7,10,849,103
8,11,848,104
9,12,847,105
10,13,850,102
best_local_k 3
-
t_1
finding_best_k
i,k,successes,mistakes
0,3,884,68
1,4,869,83
2,5,895,57
3,6,889,63
4,7,906,46
5,8,897,55
6,9,908,44
7,10,900,52
8,11,912,40
9,12,908,44
10,13,908,44
best_local_k 11
-
t_2
finding_best_k
i,k,successes,mistakes
0,3,906,46
1,4,891,61
2,5,917,35
3,6,904,48
4,7,929,23
5,8,924,28
6,9,933,19
7,10,926,26
8,11,933,19
9,12,930,22
10,13,930,22
best_local_k 9
-
t_3
finding_best_k
i,k,successes,mistakes
0,3,911,41
1,4,901,51
2,5,926,26
3,6,914,38
4,7,936,16
5,8,930,22
6,9,940,12
7,10,936,16
8,11,943,9
9,12,934,18
10,13,936,16
best_local_k 11
-
t_4
finding_best_k
i,k,successes,mistakes
0,3,912,40
1,4,898,54
2,5,927,25
3,6,916,36
4,7,934,18
5,8,927,25
6,9,944,8
7,10,939,13
8,11,950,2
9,12,943,9
10,13,947,5
best_local_k 11
-
t_5
finding_best_k
i,k,successes,mistakes
0,3,914,38
1,4,898,54
2,5,926,26
3,6,917,35
4,7,936,16
5,8,929,23
6,9,944,8
7,10,941,11
8,11,950,2
9,12,946,6
10,13,948,4
best_local_k 11
-
t_6
finding_best_k
i,k,successes,mistakes
0,3,915,37
1,4,899,53
2,5,928,24
3,6,919,33
4,7,937,15
5,8,930,22
6,9,945,7
7,10,943,9
8,11,952,0
best_local_k 11
-
t_7
finding_best_k
i,k,successes,mistakes
0,3,915,37
1,4,899,53
2,5,928,24
3,6,919,33
4,7,937,15
5,8,930,22
6,9,945,7
7,10,943,9
8,11,952,0
best_local_k 11
-
t_8
finding_best_k
i,k,successes,mistakes
0,3,915,37
1,4,899,53
2,5,928,24
3,6,919,33
4,7,937,15
5,8,930,22
6,9,945,7
7,10,943,9
8,11,952,0
best_local_k 11
-
t_9
finding_best_k
i,k,successes,mistakes
0,3,915,37
1,4,899,53
2,5,928,24
3,6,919,33
4,7,937,15
5,8,930,22
6,9,945,7
7,10,943,9
8,11,952,0
best_local_k 11
-
result
best_t,best_k,successes,mistakes,success_ratio
9,11,1633,273,85.68%

iteration_8
-
t_0
finding_best_k
i,k,successes,mistakes
0,3,852,100
1,4,850,102
2,5,847,105
3,6,849,103
4,7,849,103
5,8,847,105
6,9,849,103
7,10,849,103
8,11,848,104
9,12,847,105
10,13,850,102
best_local_k 3
-
t_1
finding_best_k
i,k,successes,mistakes
0,3,871,81
1,4,862,90
2,5,891,61
3,6,887,65
4,7,895,57
5,8,893,59
6,9,900,52
7,10,892,60
8,11,898,54
9,12,899,53
10,13,900,52
best_local_k 9
-
t_2
finding_best_k
i,k,successes,mistakes
0,3,906,46
1,4,891,61
2,5,920,32
3,6,916,36
4,7,928,24
5,8,929,23
6,9,937,15
7,10,935,17
8,11,935,17
9,12,931,21
10,13,932,20
best_local_k 9
-
t_3
finding_best_k
i,k,successes,mistakes
0,3,912,40
1,4,899,53
2,5,932,20
3,6,924,28
4,7,939,13
5,8,939,13
6,9,948,4
7,10,944,8
8,11,946,6
9,12,941,11
10,13,943,9
best_local_k 9
-
t_4
finding_best_k
i,k,successes,mistakes
0,3,914,38
1,4,903,49
2,5,931,21
3,6,927,25
4,7,940,12
5,8,940,12
6,9,950,2
7,10,947,5
8,11,947,5
9,12,942,10
10,13,943,9
best_local_k 9
-
t_5
finding_best_k
i,k,successes,mistakes
0,3,913,39
1,4,900,52
2,5,933,19
3,6,926,26
4,7,938,14
5,8,940,12
6,9,950,2
7,10,946,6
8,11,946,6
9,12,941,11
10,13,944,8
best_local_k 9
-
t_6
finding_best_k
i,k,successes,mistakes
0,3,913,39
1,4,900,52
2,5,934,18
3,6,927,25
4,7,941,11
5,8,941,11
6,9,951,1
7,10,947,5
8,11,948,4
9,12,943,9
10,13,945,7
best_local_k 9
-
t_7
finding_best_k
i,k,successes,mistakes
0,3,914,38
1,4,901,51
2,5,934,18
3,6,927,25
4,7,941,11
5,8,941,11
6,9,952,0
best_local_k 9
-
t_8
finding_best_k
i,k,successes,mistakes
0,3,914,38
1,4,901,51
2,5,934,18
3,6,927,25
4,7,941,11
5,8,941,11
6,9,952,0
best_local_k 9
-
t_9
finding_best_k
i,k,successes,mistakes
0,3,914,38
1,4,901,51
2,5,934,18
3,6,927,25
4,7,941,11
5,8,941,11
6,9,952,0
best_local_k 9
-
result
best_t,best_k,successes,mistakes,success_ratio
9,9,1631,275,85.57%

iteration_9
-
t_0
finding_best_k
i,k,successes,mistakes
0,3,852,100
1,4,850,102
2,5,847,105
3,6,849,103
4,7,849,103
5,8,847,105
6,9,849,103
7,10,849,103
8,11,848,104
9,12,847,105
10,13,850,102
best_local_k 3
-
t_1
finding_best_k
i,k,successes,mistakes
0,3,884,68
1,4,873,79
2,5,889,63
3,6,890,62
4,7,904,48
5,8,906,46
6,9,904,48
7,10,893,59
8,11,900,52
9,12,897,55
10,13,904,48
best_local_k 8
-
t_2
finding_best_k
i,k,successes,mistakes
0,3,896,56
1,4,879,73
2,5,913,39
3,6,910,42
4,7,926,26
5,8,922,30
6,9,930,22
7,10,931,21
8,11,930,22
9,12,935,17
10,13,929,23
best_local_k 12
-
t_3
finding_best_k
i,k,successes,mistakes
0,3,901,51
1,4,893,59
2,5,921,31
3,6,916,36
4,7,929,23
5,8,931,21
6,9,937,15
7,10,938,14
8,11,939,13
9,12,944,8
10,13,933,19
best_local_k 12
-
t_4
finding_best_k
i,k,successes,mistakes
0,3,902,50
1,4,894,58
2,5,925,27
3,6,918,34
4,7,932,20
5,8,929,23
6,9,934,18
7,10,937,15
8,11,938,14
9,12,945,7
10,13,934,18
best_local_k 12
-
t_5
finding_best_k
i,k,successes,mistakes
0,3,914,38
1,4,898,54
2,5,932,20
3,6,923,29
4,7,943,9
5,8,938,14
6,9,941,11
7,10,944,8
8,11,944,8
9,12,951,1
10,13,941,11
best_local_k 12
-
t_6
finding_best_k
i,k,successes,mistakes
0,3,911,41
1,4,895,57
2,5,932,20
3,6,923,29
4,7,941,11
5,8,937,15
6,9,940,12
7,10,943,9
8,11,944,8
9,12,951,1
10,13,941,11
best_local_k 12
-
t_7
finding_best_k
i,k,successes,mistakes
0,3,912,40
1,4,896,56
2,5,932,20
3,6,923,29
4,7,942,10
5,8,937,15
6,9,941,11
7,10,944,8
8,11,945,7
9,12,952,0
best_local_k 12
-
t_8
finding_best_k
i,k,successes,mistakes
0,3,912,40
1,4,896,56
2,5,932,20
3,6,923,29
4,7,942,10
5,8,937,15
6,9,941,11
7,10,944,8
8,11,945,7
9,12,952,0
best_local_k 12
-
t_9
finding_best_k
i,k,successes,mistakes
0,3,912,40
1,4,896,56
2,5,932,20
3,6,923,29
4,7,942,10
5,8,937,15
6,9,941,11
7,10,944,8
8,11,945,7
9,12,952,0
best_local_k 12
-
result
best_t,best_k,successes,mistakes,success_ratio
9,12,1638,268,85.94%

iteration_10
-
t_0
finding_best_k
i,k,successes,mistakes
0,3,852,100
1,4,850,102
2,5,847,105
3,6,849,103
4,7,849,103
5,8,847,105
6,9,849,103
7,10,849,103
8,11,848,104
9,12,847,105
10,13,850,102
best_local_k 3
-
t_1
finding_best_k
i,k,successes,mistakes
0,3,887,65
1,4,871,81
2,5,895,57
3,6,895,57
4,7,900,52
5,8,901,51
6,9,908,44
7,10,904,48
8,11,911,41
9,12,908,44
10,13,911,41
best_local_k 11
-
t_2
finding_best_k
i,k,successes,mistakes
0,3,905,47
1,4,890,62
2,5,918,34
3,6,913,39
4,7,929,23
5,8,925,27
6,9,938,14
7,10,929,23
8,11,939,13
9,12,932,20
10,13,933,19
best_local_k 11
-
t_3
finding_best_k
i,k,successes,mistakes
0,3,912,40
1,4,896,56
2,5,924,28
3,6,920,32
4,7,935,17
5,8,930,22
6,9,944,8
7,10,938,14
8,11,948,4
9,12,944,8
10,13,945,7
best_local_k 11
-
t_4
finding_best_k
i,k,successes,mistakes
0,3,911,41
1,4,897,55
2,5,926,26
3,6,919,33
4,7,936,16
5,8,931,21
6,9,947,5
7,10,939,13
8,11,951,1
9,12,947,5
10,13,948,4
best_local_k 11
-
t_5
finding_best_k
i,k,successes,mistakes
0,3,912,40
1,4,897,55
2,5,927,25
3,6,919,33
4,7,936,16
5,8,930,22
6,9,947,5
7,10,939,13
8,11,952,0
best_local_k 11
-
t_6
finding_best_k
i,k,successes,mistakes
0,3,912,40
1,4,897,55
2,5,927,25
3,6,919,33
4,7,936,16
5,8,930,22
6,9,947,5
7,10,939,13
8,11,952,0
best_local_k 11
-
t_7
finding_best_k
i,k,successes,mistakes
0,3,912,40
1,4,897,55
2,5,927,25
3,6,919,33
4,7,936,16
5,8,930,22
6,9,947,5
7,10,939,13
8,11,952,0
best_local_k 11
-
t_8
finding_best_k
i,k,successes,mistakes
0,3,912,40
1,4,897,55
2,5,927,25
3,6,919,33
4,7,936,16
5,8,930,22
6,9,947,5
7,10,939,13
8,11,952,0
best_local_k 11
-
t_9
finding_best_k
i,k,successes,mistakes
0,3,912,40
1,4,897,55
2,5,927,25
3,6,919,33
4,7,936,16
5,8,930,22
6,9,947,5
7,10,939,13
8,11,952,0
best_local_k 11
-
result
best_t,best_k,successes,mistakes,success_ratio
9,11,1635,271,85.78%

iteration_11
-
t_0
finding_best_k
i,k,successes,mistakes
0,3,852,100
1,4,850,102
2,5,847,105
3,6,849,103
4,7,849,103
5,8,847,105
6,9,849,103
7,10,849,103
8,11,848,104
9,12,847,105
10,13,850,102
best_local_k 3
-
t_1
finding_best_k
i,k,successes,mistakes
0,3,881,71
1,4,872,80
2,5,902,50
3,6,897,55
4,7,906,46
5,8,910,42
6,9,910,42
7,10,902,50
8,11,903,49
9,12,900,52
10,13,907,45
best_local_k 8
-
t_2
finding_best_k
i,k,successes,mistakes
0,3,902,50
1,4,891,61
2,5,914,38
3,6,915,37
4,7,925,27
5,8,927,25
6,9,929,23
7,10,937,15
8,11,940,12
9,12,939,13
10,13,937,15
best_local_k 11
-
t_3
finding_best_k
i,k,successes,mistakes
0,3,899,53
1,4,890,62
2,5,916,36
3,6,912,40
4,7,928,24
5,8,928,24
6,9,939,13
7,10,940,12
8,11,944,8
9,12,944,8
10,13,946,6
best_local_k 13
-
t_4
finding_best_k
i,k,successes,mistakes
0,3,905,47
1,4,894,58
2,5,919,33
3,6,916,36
4,7,926,26
5,8,927,25
6,9,938,14
7,10,939,13
8,11,945,7
9,12,945,7
10,13,948,4
best_local_k 13
-
t_5
finding_best_k
i,k,successes,mistakes
0,3,901,51
1,4,891,61
2,5,917,35
3,6,912,40
4,7,926,26
5,8,925,27
6,9,941,11
7,10,943,9
8,11,948,4
9,12,949,3
10,13,950,2
best_local_k 13
-
t_6
finding_best_k
i,k,successes,mistakes
0,3,901,51
1,4,891,61
2,5,917,35
3,6,912,40
4,7,926,26
5,8,926,26
6,9,940,12
7,10,942,10
8,11,948,4
9,12,950,2
10,13,951,1
best_local_k 13
-
t_7
finding_best_k
i,k,successes,mistakes
0,3,901,51
1,4,891,61
2,5,917,35
3,6,912,40
4,7,926,26
5,8,925,27
6,9,940,12
7,10,942,10
8,11,948,4
9,12,950,2
10,13,952,0
best_local_k 13
-
t_8
finding_best_k
i,k,successes,mistakes
0,3,901,51
1,4,891,61
2,5,917,35
3,6,912,40
4,7,926,26
5,8,925,27
6,9,940,12
7,10,942,10
8,11,948,4
9,12,950,2
10,13,952,0
best_local_k 13
-
t_9
finding_best_k
i,k,successes,mistakes
0,3,901,51
1,4,891,61
2,5,917,35
3,6,912,40
4,7,926,26
5,8,925,27
6,9,940,12
7,10,942,10
8,11,948,4
9,12,950,2
10,13,952,0
best_local_k 13
-
result
best_t,best_k,successes,mistakes,success_ratio
9,13,1634,272,85.73%

iteration_12
-
t_0
finding_best_k
i,k,successes,mistakes
0,3,852,100
1,4,850,102
2,5,847,105
3,6,849,103
4,7,849,103
5,8,847,105
6,9,849,103
7,10,849,103
8,11,848,104
9,12,847,105
10,13,850,102
best_local_k 3
-
t_1
finding_best_k
i,k,successes,mistakes
0,3,888,64
1,4,870,82
2,5,896,56
3,6,890,62
4,7,901,51
5,8,899,53
6,9,909,43
7,10,907,45
8,11,908,44
9,12,906,46
10,13,907,45
best_local_k 9
-
t_2
finding_best_k
i,k,successes,mistakes
0,3,895,57
1,4,877,75
2,5,909,43
3,6,905,47
4,7,921,31
5,8,915,37
6,9,928,24
7,10,920,32
8,11,930,22
9,12,923,29
10,13,928,24
best_local_k 11
-
t_3
finding_best_k
i,k,successes,mistakes
0,3,900,52
1,4,889,63
2,5,920,32
3,6,913,39
4,7,926,26
5,8,921,31
6,9,939,13
7,10,933,19
8,11,945,7
9,12,941,11
10,13,942,10
best_local_k 11
-
t_4
finding_best_k
i,k,successes,mistakes
0,3,908,44
1,4,890,62
2,5,929,23
3,6,914,38
4,7,932,20
5,8,923,29
6,9,942,10
7,10,934,18
8,11,948,4
9,12,944,8
10,13,946,6
best_local_k 11
-
t_5
finding_best_k
i,k,successes,mistakes
0,3,907,45
1,4,892,60
2,5,928,24
3,6,914,38
4,7,932,20
5,8,925,27
6,9,943,9
7,10,938,14
8,11,949,3
9,12,944,8
10,13,947,5
best_local_k 11
-
t_6
finding_best_k
i,k,successes,mistakes
0,3,907,45
1,4,891,61
2,5,928,24
3,6,914,38
4,7,933,19
5,8,925,27
6,9,943,9
7,10,936,16
8,11,952,0
best_local_k 11
-
t_7
finding_best_k
i,k,successes,mistakes
0,3,907,45
1,4,891,61
2,5,928,24
3,6,914,38
4,7,933,19
5,8,925,27
6,9,943,9
7,10,936,16
8,11,952,0
best_local_k 11
-
t_8
finding_best_k
i,k,successes,mistakes
0,3,907,45
1,4,891,61
2,5,928,24
3,6,914,38
4,7,933,19
5,8,925,27
6,9,943,9
7,10,936,16
8,11,952,0
best_local_k 11
-
t_9
finding_best_k
i,k,successes,mistakes
0,3,907,45
1,4,891,61
2,5,928,24
3,6,914,38
4,7,933,19
5,8,925,27
6,9,943,9
7,10,936,16
8,11,952,0
best_local_k 11
-
result
best_t,best_k,successes,mistakes,success_ratio
9,11,1633,273,85.68%

iteration_13
-
t_0
finding_best_k
i,k,successes,mistakes
0,3,852,100
1,4,850,102
2,5,847,105
3,6,849,103
4,7,849,103
5,8,847,105
6,9,849,103
7,10,849,103
8,11,848,104
9,12,847,105
10,13,850,102
best_local_k 3
-
t_1
finding_best_k
i,k,successes,mistakes
0,3,877,75
1,4,864,88
2,5,888,64
3,6,888,64
4,7,894,58
5,8,894,58
6,9,898,54
7,10,900,52
8,11,902,50
9,12,897,55
10,13,900,52
best_local_k 11
-
t_2
finding_best_k
i,k,successes,mistakes
0,3,901,51
1,4,891,61
2,5,914,38
3,6,909,43
4,7,922,30
5,8,922,30
6,9,929,23
7,10,927,25
8,11,940,12
9,12,933,19
10,13,935,17
best_local_k 11
-
t_3
finding_best_k
i,k,successes,mistakes
0,3,907,45
1,4,895,57
2,5,922,30
3,6,915,37
4,7,926,26
5,8,926,26
6,9,937,15
7,10,934,18
8,11,951,1
9,12,940,12
10,13,947,5
best_local_k 11
-
t_4
finding_best_k
i,k,successes,mistakes
0,3,907,45
1,4,895,57
2,5,922,30
3,6,916,36
4,7,926,26
5,8,927,25
6,9,937,15
7,10,935,17
8,11,952,0
best_local_k 11
-
t_5
finding_best_k
i,k,successes,mistakes
0,3,907,45
1,4,895,57
2,5,922,30
3,6,916,36
4,7,926,26
5,8,927,25
6,9,937,15
7,10,935,17
8,11,952,0
best_local_k 11
-
t_6
finding_best_k
i,k,successes,mistakes
0,3,907,45
1,4,895,57
2,5,922,30
3,6,916,36
4,7,926,26
5,8,927,25
6,9,937,15
7,10,935,17
8,11,952,0
best_local_k 11
-
t_7
finding_best_k
i,k,successes,mistakes
0,3,907,45
1,4,895,57
2,5,922,30
3,6,916,36
4,7,926,26
5,8,927,25
6,9,937,15
7,10,935,17
8,11,952,0
best_local_k 11
-
t_8
finding_best_k
i,k,successes,mistakes
0,3,907,45
1,4,895,57
2,5,922,30
3,6,916,36
4,7,926,26
5,8,927,25
6,9,937,15
7,10,935,17
8,11,952,0
best_local_k 11
-
t_9
finding_best_k
i,k,successes,mistakes
0,3,907,45
1,4,895,57
2,5,922,30
3,6,916,36
4,7,926,26
5,8,927,25
6,9,937,15
7,10,935,17
8,11,952,0
best_local_k 11
-
result
best_t,best_k,successes,mistakes,success_ratio
9,11,1642,264,86.15%

iteration_14
-
t_0
finding_best_k
i,k,successes,mistakes
0,3,852,100
1,4,850,102
2,5,847,105
3,6,849,103
4,7,849,103
5,8,847,105
6,9,849,103
7,10,849,103
8,11,848,104
9,12,847,105
10,13,850,102
best_local_k 3
-
t_1
finding_best_k
i,k,successes,mistakes
0,3,891,61
1,4,877,75
2,5,901,51
3,6,894,58
4,7,902,50
5,8,903,49
6,9,910,42
7,10,907,45
8,11,907,45
9,12,902,50
10,13,911,41
best_local_k 13
-
t_2
finding_best_k
i,k,successes,mistakes
0,3,907,45
1,4,894,58
2,5,918,34
3,6,911,41
4,7,929,23
5,8,918,34
6,9,932,20
7,10,929,23
8,11,938,14
9,12,935,17
10,13,935,17
best_local_k 11
-
t_3
finding_best_k
i,k,successes,mistakes
0,3,907,45
1,4,898,54
2,5,923,29
3,6,914,38
4,7,932,20
5,8,925,27
6,9,936,16
7,10,930,22
8,11,947,5
9,12,934,18
10,13,944,8
best_local_k 11
-
t_4
finding_best_k
i,k,successes,mistakes
0,3,912,40
1,4,900,52
2,5,924,28
3,6,917,35
4,7,931,21
5,8,930,22
6,9,938,14
7,10,933,19
8,11,948,4
9,12,935,17
10,13,943,9
best_local_k 11
-
t_5
finding_best_k
i,k,successes,mistakes
0,3,909,43
1,4,898,54
2,5,925,27
3,6,914,38
4,7,932,20
5,8,928,24
6,9,940,12
7,10,933,19
8,11,951,1
9,12,938,14
10,13,944,8
best_local_k 11
-
t_6
finding_best_k
i,k,successes,mistakes
0,3,910,42
1,4,899,53
2,5,923,29
3,6,914,38
4,7,928,24
5,8,926,26
6,9,938,14
7,10,932,20
8,11,948,4
9,12,934,18
10,13,944,8
best_local_k 11
-
t_7
finding_best_k
i,k,successes,mistakes
0,3,913,39
1,4,901,51
2,5,926,26
3,6,916,36
4,7,931,21
5,8,927,25
6,9,940,12
7,10,933,19
8,11,950,2
9,12,938,14
10,13,947,5
best_local_k 11
-
t_8
finding_best_k
i,k,successes,mistakes
0,3,913,39
1,4,901,51
2,5,927,25
3,6,915,37
4,7,932,20
5,8,927,25
6,9,940,12
7,10,931,21
8,11,951,1
9,12,936,16
10,13,946,6
best_local_k 11
-
t_9
finding_best_k
i,k,successes,mistakes
0,3,912,40
1,4,900,52
2,5,926,26
3,6,915,37
4,7,933,19
5,8,928,24
6,9,941,11
7,10,932,20
8,11,952,0
best_local_k 11
-
result
best_t,best_k,successes,mistakes,success_ratio
9,11,1640,266,86.04%

iteration_15
-
t_0
finding_best_k
i,k,successes,mistakes
0,3,852,100
1,4,850,102
2,5,847,105
3,6,849,103
4,7,849,103
5,8,847,105
6,9,849,103
7,10,849,103
8,11,848,104
9,12,847,105
10,13,850,102
best_local_k 3
-
t_1
finding_best_k
i,k,successes,mistakes
0,3,879,73
1,4,867,85
2,5,896,56
3,6,893,59
4,7,900,52
5,8,902,50
6,9,909,43
7,10,901,51
8,11,905,47
9,12,901,51
10,13,908,44
best_local_k 9
-
t_2
finding_best_k
i,k,successes,mistakes
0,3,907,45
1,4,886,66
2,5,923,29
3,6,917,35
4,7,925,27
5,8,926,26
6,9,940,12
7,10,933,19
8,11,939,13
9,12,929,23
10,13,934,18
best_local_k 9
-
t_3
finding_best_k
i,k,successes,mistakes
0,3,913,39
1,4,895,57
2,5,928,24
3,6,922,30
4,7,933,19
5,8,934,18
6,9,948,4
7,10,941,11
8,11,950,2
9,12,939,13
10,13,944,8
best_local_k 11
-
t_4
finding_best_k
i,k,successes,mistakes
0,3,910,42
1,4,894,58
2,5,926,26
3,6,921,31
4,7,932,20
5,8,933,19
6,9,945,7
7,10,942,10
8,11,951,1
9,12,943,9
10,13,947,5
best_local_k 11
-
t_5
finding_best_k
i,k,successes,mistakes
0,3,910,42
1,4,894,58
2,5,926,26
3,6,920,32
4,7,931,21
5,8,933,19
6,9,945,7
7,10,942,10
8,11,951,1
9,12,943,9
10,13,947,5
best_local_k 11
-
t_6
finding_best_k
i,k,successes,mistakes
0,3,911,41
1,4,893,59
2,5,926,26
3,6,918,34
4,7,931,21
5,8,933,19
6,9,945,7
7,10,941,11
8,11,950,2
9,12,941,11
10,13,945,7
best_local_k 11
-
t_7
finding_best_k
i,k,successes,mistakes
0,3,910,42
1,4,896,56
2,5,925,27
3,6,921,31
4,7,931,21
5,8,935,17
6,9,946,6
7,10,943,9
8,11,952,0
best_local_k 11
-
t_8
finding_best_k
i,k,successes,mistakes
0,3,910,42
1,4,896,56
2,5,925,27
3,6,921,31
4,7,931,21
5,8,935,17
6,9,946,6
7,10,943,9
8,11,952,0
best_local_k 11
-
t_9
finding_best_k
i,k,successes,mistakes
0,3,910,42
1,4,896,56
2,5,925,27
3,6,921,31
4,7,931,21
5,8,935,17
6,9,946,6
7,10,943,9
8,11,952,0
best_local_k 11
-
result
best_t,best_k,successes,mistakes,success_ratio
9,11,1638,268,85.94%

iteration_16
-
t_0
finding_best_k
i,k,successes,mistakes
0,3,852,100
1,4,850,102
2,5,847,105
3,6,849,103
4,7,849,103
5,8,847,105
6,9,849,103
7,10,849,103
8,11,848,104
9,12,847,105
10,13,850,102
best_local_k 3
-
t_1
finding_best_k
i,k,successes,mistakes
0,3,870,82
1,4,863,89
2,5,885,67
3,6,884,68
4,7,893,59
5,8,891,61
6,9,898,54
7,10,894,58
8,11,900,52
9,12,900,52
10,13,897,55
best_local_k 11
-
t_2
finding_best_k
i,k,successes,mistakes
0,3,899,53
1,4,884,68
2,5,914,38
3,6,908,44
4,7,921,31
5,8,920,32
6,9,928,24
7,10,927,25
8,11,932,20
9,12,933,19
10,13,933,19
best_local_k 12
-
t_3
finding_best_k
i,k,successes,mistakes
0,3,908,44
1,4,895,57
2,5,923,29
3,6,919,33
4,7,932,20
5,8,928,24
6,9,938,14
7,10,933,19
8,11,943,9
9,12,939,13
10,13,942,10
best_local_k 11
-
t_4
finding_best_k
i,k,successes,mistakes
0,3,909,43
1,4,894,58
2,5,927,25
3,6,922,30
4,7,939,13
5,8,935,17
6,9,945,7
7,10,941,11
8,11,947,5
9,12,946,6
10,13,947,5
best_local_k 11
-
t_5
finding_best_k
i,k,successes,mistakes
0,3,912,40
1,4,895,57
2,5,930,22
3,6,923,29
4,7,938,14
5,8,932,20
6,9,946,6
7,10,940,12
8,11,952,0
best_local_k 11
-
t_6
finding_best_k
i,k,successes,mistakes
0,3,912,40
1,4,895,57
2,5,930,22
3,6,923,29
4,7,938,14
5,8,932,20
6,9,946,6
7,10,940,12
8,11,952,0
best_local_k 11
-
t_7
finding_best_k
i,k,successes,mistakes
0,3,912,40
1,4,895,57
2,5,930,22
3,6,923,29
4,7,938,14
5,8,932,20
6,9,946,6
7,10,940,12
8,11,952,0
best_local_k 11
-
t_8
finding_best_k
i,k,successes,mistakes
0,3,912,40
1,4,895,57
2,5,930,22
3,6,923,29
4,7,938,14
5,8,932,20
6,9,946,6
7,10,940,12
8,11,952,0
best_local_k 11
-
t_9
finding_best_k
i,k,successes,mistakes
0,3,912,40
1,4,895,57
2,5,930,22
3,6,923,29
4,7,938,14
5,8,932,20
6,9,946,6
7,10,940,12
8,11,952,0
best_local_k 11
-
result
best_t,best_k,successes,mistakes,success_ratio
9,11,1636,270,85.83%

iteration_17
-
t_0
finding_best_k
i,k,successes,mistakes
0,3,852,100
1,4,850,102
2,5,847,105
3,6,849,103
4,7,849,103
5,8,847,105
6,9,849,103
7,10,849,103
8,11,848,104
9,12,847,105
10,13,850,102
best_local_k 3
-
t_1
finding_best_k
i,k,successes,mistakes
0,3,884,68
1,4,861,91
2,5,892,60
3,6,888,64
4,7,898,54
5,8,893,59
6,9,901,51
7,10,896,56
8,11,901,51
9,12,897,55
10,13,901,51
best_local_k 9
-
t_2
finding_best_k
i,k,successes,mistakes
0,3,905,47
1,4,888,64
2,5,914,38
3,6,907,45
4,7,920,32
5,8,920,32
6,9,931,21
7,10,930,22
8,11,938,14
9,12,928,24
10,13,933,19
best_local_k 11
-
t_3
finding_best_k
i,k,successes,mistakes
0,3,910,42
1,4,892,60
2,5,925,27
3,6,914,38
4,7,929,23
5,8,926,26
6,9,939,13
7,10,937,15
8,11,948,4
9,12,936,16
10,13,944,8
best_local_k 11
-
t_4
finding_best_k
i,k,successes,mistakes
0,3,911,41
1,4,892,60
2,5,928,24
3,6,917,35
4,7,932,20
5,8,928,24
6,9,942,10
7,10,940,12
8,11,951,1
9,12,939,13
10,13,946,6
best_local_k 11
-
t_5
finding_best_k
i,k,successes,mistakes
0,3,911,41
1,4,892,60
2,5,928,24
3,6,917,35
4,7,933,19
5,8,929,23
6,9,943,9
7,10,941,11
8,11,952,0
best_local_k 11
-
t_6
finding_best_k
i,k,successes,mistakes
0,3,911,41
1,4,892,60
2,5,928,24
3,6,917,35
4,7,933,19
5,8,929,23
6,9,943,9
7,10,941,11
8,11,952,0
best_local_k 11
-
t_7
finding_best_k
i,k,successes,mistakes
0,3,911,41
1,4,892,60
2,5,928,24
3,6,917,35
4,7,933,19
5,8,929,23
6,9,943,9
7,10,941,11
8,11,952,0
best_local_k 11
-
t_8
finding_best_k
i,k,successes,mistakes
0,3,911,41
1,4,892,60
2,5,928,24
3,6,917,35
4,7,933,19
5,8,929,23
6,9,943,9
7,10,941,11
8,11,952,0
best_local_k 11
-
t_9
finding_best_k
i,k,successes,mistakes
0,3,911,41
1,4,892,60
2,5,928,24
3,6,917,35
4,7,933,19
5,8,929,23
6,9,943,9
7,10,941,11
8,11,952,0
best_local_k 11
-
result
best_t,best_k,successes,mistakes,success_ratio
9,11,1636,270,85.83%

iteration_18
-
t_0
finding_best_k
i,k,successes,mistakes
0,3,852,100
1,4,850,102
2,5,847,105
3,6,849,103
4,7,849,103
5,8,847,105
6,9,849,103
7,10,849,103
8,11,848,104
9,12,847,105
10,13,850,102
best_local_k 3
-
t_1
finding_best_k
i,k,successes,mistakes
0,3,885,67
1,4,875,77
2,5,896,56
3,6,895,57
4,7,903,49
5,8,899,53
6,9,911,41
7,10,907,45
8,11,907,45
9,12,903,49
10,13,906,46
best_local_k 9
-
t_2
finding_best_k
i,k,successes,mistakes
0,3,901,51
1,4,887,65
2,5,917,35
3,6,912,40
4,7,925,27
5,8,925,27
6,9,934,18
7,10,928,24
8,11,931,21
9,12,927,25
10,13,928,24
best_local_k 9
-
t_3
finding_best_k
i,k,successes,mistakes
0,3,908,44
1,4,892,60
2,5,921,31
3,6,911,41
4,7,932,20
5,8,928,24
6,9,942,10
7,10,925,27
8,11,941,11
9,12,932,20
10,13,935,17
best_local_k 9
-
t_4
finding_best_k
i,k,successes,mistakes
0,3,912,40
1,4,896,56
2,5,929,23
3,6,920,32
4,7,935,17
5,8,932,20
6,9,952,0
best_local_k 9
-
t_5
finding_best_k
i,k,successes,mistakes
0,3,912,40
1,4,896,56
2,5,929,23
3,6,920,32
4,7,935,17
5,8,932,20
6,9,952,0
best_local_k 9
-
t_6
finding_best_k
i,k,successes,mistakes
0,3,912,40
1,4,896,56
2,5,929,23
3,6,920,32
4,7,935,17
5,8,932,20
6,9,952,0
best_local_k 9
-
t_7
finding_best_k
i,k,successes,mistakes
0,3,912,40
1,4,896,56
2,5,929,23
3,6,920,32
4,7,935,17
5,8,932,20
6,9,952,0
best_local_k 9
-
t_8
finding_best_k
i,k,successes,mistakes
0,3,912,40
1,4,896,56
2,5,929,23
3,6,920,32
4,7,935,17
5,8,932,20
6,9,952,0
best_local_k 9
-
t_9
finding_best_k
i,k,successes,mistakes
0,3,912,40
1,4,896,56
2,5,929,23
3,6,920,32
4,7,935,17
5,8,932,20
6,9,952,0
best_local_k 9
-
result
best_t,best_k,successes,mistakes,success_ratio
9,9,1609,297,84.42%

iteration_19
-
t_0
finding_best_k
i,k,successes,mistakes
0,3,852,100
1,4,850,102
2,5,847,105
3,6,849,103
4,7,849,103
5,8,847,105
6,9,849,103
7,10,849,103
8,11,848,104
9,12,847,105
10,13,850,102
best_local_k 3
-
t_1
finding_best_k
i,k,successes,mistakes
0,3,878,74
1,4,868,84
2,5,893,59
3,6,884,68
4,7,897,55
5,8,896,56
6,9,904,48
7,10,903,49
8,11,908,44
9,12,910,42
10,13,908,44
best_local_k 12
-
t_2
finding_best_k
i,k,successes,mistakes
0,3,898,54
1,4,893,59
2,5,907,45
3,6,911,41
4,7,917,35
5,8,922,30
6,9,924,28
7,10,926,26
8,11,924,28
9,12,933,19
10,13,926,26
best_local_k 12
-
t_3
finding_best_k
i,k,successes,mistakes
0,3,908,44
1,4,902,50
2,5,922,30
3,6,922,30
4,7,928,24
5,8,932,20
6,9,938,14
7,10,935,17
8,11,939,13
9,12,944,8
10,13,935,17
best_local_k 12
-
t_4
finding_best_k
i,k,successes,mistakes
0,3,909,43
1,4,906,46
2,5,922,30
3,6,922,30
4,7,928,24
5,8,936,16
6,9,938,14
7,10,938,14
8,11,941,11
9,12,945,7
10,13,937,15
best_local_k 12
-
t_5
finding_best_k
i,k,successes,mistakes
0,3,912,40
1,4,909,43
2,5,921,31
3,6,926,26
4,7,925,27
5,8,938,14
6,9,939,13
7,10,939,13
8,11,939,13
9,12,948,4
10,13,940,12
best_local_k 12
-
t_6
finding_best_k
i,k,successes,mistakes
0,3,915,37
1,4,909,43
2,5,929,23
3,6,927,25
4,7,930,22
5,8,939,13
6,9,945,7
7,10,943,9
8,11,945,7
9,12,951,1
10,13,947,5
best_local_k 12
-
t_7
finding_best_k
i,k,successes,mistakes
0,3,915,37
1,4,910,42
2,5,929,23
3,6,927,25
4,7,931,21
5,8,940,12
6,9,945,7
7,10,944,8
8,11,944,8
9,12,951,1
10,13,947,5
best_local_k 12
-
t_8
finding_best_k
i,k,successes,mistakes
0,3,915,37
1,4,911,41
2,5,929,23
3,6,927,25
4,7,930,22
5,8,940,12
6,9,945,7
7,10,943,9
8,11,945,7
9,12,951,1
10,13,948,4
best_local_k 12
-
t_9
finding_best_k
i,k,successes,mistakes
0,3,915,37
1,4,911,41
2,5,929,23
3,6,927,25
4,7,930,22
5,8,940,12
6,9,945,7
7,10,943,9
8,11,946,6
9,12,952,0
best_local_k 12
-
result
best_t,best_k,successes,mistakes,success_ratio
9,12,1641,265,86.10%

iteration_20
-
t_0
finding_best_k
i,k,successes,mistakes
0,3,852,100
1,4,850,102
2,5,847,105
3,6,849,103
4,7,849,103
5,8,847,105
6,9,849,103
7,10,849,103
8,11,848,104
9,12,847,105
10,13,850,102
best_local_k 3
-
t_1
finding_best_k
i,k,successes,mistakes
0,3,883,69
1,4,873,79
2,5,899,53
3,6,898,54
4,7,904,48
5,8,909,43
6,9,910,42
7,10,907,45
8,11,911,41
9,12,906,46
10,13,910,42
best_local_k 11
-
t_2
finding_best_k
i,k,successes,mistakes
0,3,900,52
1,4,894,58
2,5,920,32
3,6,910,42
4,7,925,27
5,8,918,34
6,9,934,18
7,10,923,29
8,11,933,19
9,12,925,27
10,13,936,16
best_local_k 13
-
t_3
finding_best_k
i,k,successes,mistakes
0,3,907,45
1,4,898,54
2,5,924,28
3,6,917,35
4,7,930,22
5,8,929,23
6,9,941,11
7,10,933,19
8,11,941,11
9,12,939,13
10,13,947,5
best_local_k 13
-
t_4
finding_best_k
i,k,successes,mistakes
0,3,905,47
1,4,897,55
2,5,924,28
3,6,916,36
4,7,929,23
5,8,928,24
6,9,944,8
7,10,934,18
8,11,945,7
9,12,940,12
10,13,950,2
best_local_k 13
-
t_5
finding_best_k
i,k,successes,mistakes
0,3,904,48
1,4,898,54
2,5,922,30
3,6,916,36
4,7,930,22
5,8,927,25
6,9,941,11
7,10,934,18
8,11,945,7
9,12,942,10
10,13,952,0
best_local_k 13
-
t_6
finding_best_k
i,k,successes,mistakes
0,3,904,48
1,4,898,54
2,5,922,30
3,6,916,36
4,7,930,22
5,8,927,25
6,9,941,11
7,10,934,18
8,11,945,7
9,12,942,10
10,13,952,0
best_local_k 13
-
t_7
finding_best_k
i,k,successes,mistakes
0,3,904,48
1,4,898,54
2,5,922,30
3,6,916,36
4,7,930,22
5,8,927,25
6,9,941,11
7,10,934,18
8,11,945,7
9,12,942,10
10,13,952,0
best_local_k 13
-
t_8
finding_best_k
i,k,successes,mistakes
0,3,904,48
1,4,898,54
2,5,922,30
3,6,916,36
4,7,930,22
5,8,927,25
6,9,941,11
7,10,934,18
8,11,945,7
9,12,942,10
10,13,952,0
best_local_k 13
-
t_9
finding_best_k
i,k,successes,mistakes
0,3,904,48
1,4,898,54
2,5,922,30
3,6,916,36
4,7,930,22
5,8,927,25
6,9,941,11
7,10,934,18
8,11,945,7
9,12,942,10
10,13,952,0
best_local_k 13
-
result
best_t,best_k,successes,mistakes,success_ratio
9,13,1645,261,86.31%

iteration_21
-
t_0
finding_best_k
i,k,successes,mistakes
0,3,852,100
1,4,850,102
2,5,847,105
3,6,849,103
4,7,849,103
5,8,847,105
6,9,849,103
7,10,849,103
8,11,848,104
9,12,847,105
10,13,850,102
best_local_k 3
-
t_1
finding_best_k
i,k,successes,mistakes
0,3,879,73
1,4,860,92
2,5,886,66
3,6,890,62
4,7,906,46
5,8,906,46
6,9,916,36
7,10,912,40
8,11,908,44
9,12,907,45
10,13,907,45
best_local_k 9
-
t_2
finding_best_k
i,k,successes,mistakes
0,3,901,51
1,4,884,68
2,5,914,38
3,6,909,43
4,7,923,29
5,8,916,36
6,9,935,17
7,10,928,24
8,11,937,15
9,12,927,25
10,13,934,18
best_local_k 11
-
t_3
finding_best_k
i,k,successes,mistakes
0,3,899,53
1,4,886,66
2,5,914,38
3,6,909,43
4,7,926,26
5,8,919,33
6,9,939,13
7,10,930,22
8,11,947,5
9,12,938,14
10,13,945,7
best_local_k 11
-
t_4
finding_best_k
i,k,successes,mistakes
0,3,901,51
1,4,885,67
2,5,919,33
3,6,911,41
4,7,929,23
5,8,926,26
6,9,943,9
7,10,937,15
8,11,951,1
9,12,943,9
10,13,948,4
best_local_k 11
-
t_5
finding_best_k
i,k,successes,mistakes
0,3,901,51
1,4,885,67
2,5,919,33
3,6,911,41
4,7,929,23
5,8,926,26
6,9,943,9
7,10,938,14
8,11,951,1
9,12,944,8
10,13,948,4
best_local_k 11
-
t_6
finding_best_k
i,k,successes,mistakes
0,3,902,50
1,4,886,66
2,5,920,32
3,6,912,40
4,7,930,22
5,8,927,25
6,9,944,8
7,10,938,14
8,11,952,0
best_local_k 11
-
t_7
finding_best_k
i,k,successes,mistakes
0,3,902,50
1,4,886,66
2,5,920,32
3,6,912,40
4,7,930,22
5,8,927,25
6,9,944,8
7,10,938,14
8,11,952,0
best_local_k 11
-
t_8
finding_best_k
i,k,successes,mistakes
0,3,902,50
1,4,886,66
2,5,920,32
3,6,912,40
4,7,930,22
5,8,927,25
6,9,944,8
7,10,938,14
8,11,952,0
best_local_k 11
-
t_9
finding_best_k
i,k,successes,mistakes
0,3,902,50
1,4,886,66
2,5,920,32
3,6,912,40
4,7,930,22
5,8,927,25
6,9,944,8
7,10,938,14
8,11,952,0
best_local_k 11
-
result
best_t,best_k,successes,mistakes,success_ratio
9,11,1629,277,85.47%

iteration_22
-
t_0
finding_best_k
i,k,successes,mistakes
0,3,852,100
1,4,850,102
2,5,847,105
3,6,849,103
4,7,849,103
5,8,847,105
6,9,849,103
7,10,849,103
8,11,848,104
9,12,847,105
10,13,850,102
best_local_k 3
-
t_1
finding_best_k
i,k,successes,mistakes
0,3,877,75
1,4,869,83
2,5,890,62
3,6,888,64
4,7,895,57
5,8,897,55
6,9,905,47
7,10,901,51
8,11,905,47
9,12,904,48
10,13,905,47
best_local_k 9
-
t_2
finding_best_k
i,k,successes,mistakes
0,3,904,48
1,4,890,62
2,5,924,28
3,6,916,36
4,7,926,26
5,8,921,31
6,9,933,19
7,10,933,19
8,11,933,19
9,12,933,19
10,13,928,24
best_local_k 9
-
t_3
finding_best_k
i,k,successes,mistakes
0,3,915,37
1,4,903,49
2,5,932,20
3,6,923,29
4,7,937,15
5,8,939,13
6,9,945,7
7,10,944,8
8,11,947,5
9,12,946,6
10,13,942,10
best_local_k 11
-
t_4
finding_best_k
i,k,successes,mistakes
0,3,912,40
1,4,898,54
2,5,933,19
3,6,924,28
4,7,937,15
5,8,937,15
6,9,949,3
7,10,944,8
8,11,951,1
9,12,947,5
10,13,945,7
best_local_k 11
-
t_5
finding_best_k
i,k,successes,mistakes
0,3,912,40
1,4,900,52
2,5,934,18
3,6,928,24
4,7,939,13
5,8,939,13
6,9,949,3
7,10,948,4
8,11,952,0
best_local_k 11
-
t_6
finding_best_k
i,k,successes,mistakes
0,3,912,40
1,4,900,52
2,5,934,18
3,6,928,24
4,7,939,13
5,8,939,13
6,9,949,3
7,10,948,4
8,11,952,0
best_local_k 11
-
t_7
finding_best_k
i,k,successes,mistakes
0,3,912,40
1,4,900,52
2,5,934,18
3,6,928,24
4,7,939,13
5,8,939,13
6,9,949,3
7,10,948,4
8,11,952,0
best_local_k 11
-
t_8
finding_best_k
i,k,successes,mistakes
0,3,912,40
1,4,900,52
2,5,934,18
3,6,928,24
4,7,939,13
5,8,939,13
6,9,949,3
7,10,948,4
8,11,952,0
best_local_k 11
-
t_9
finding_best_k
i,k,successes,mistakes
0,3,912,40
1,4,900,52
2,5,934,18
3,6,928,24
4,7,939,13
5,8,939,13
6,9,949,3
7,10,948,4
8,11,952,0
best_local_k 11
-
result
best_t,best_k,successes,mistakes,success_ratio
9,11,1641,265,86.10%

iteration_23
-
t_0
finding_best_k
i,k,successes,mistakes
0,3,852,100
1,4,850,102
2,5,847,105
3,6,849,103
4,7,849,103
5,8,847,105
6,9,849,103
7,10,849,103
8,11,848,104
9,12,847,105
10,13,850,102
best_local_k 3
-
t_1
finding_best_k
i,k,successes,mistakes
0,3,881,71
1,4,871,81
2,5,890,62
3,6,885,67
4,7,899,53
5,8,898,54
6,9,903,49
7,10,903,49
8,11,896,56
9,12,899,53
10,13,899,53
best_local_k 9
-
t_2
finding_best_k
i,k,successes,mistakes
0,3,901,51
1,4,889,63
2,5,915,37
3,6,905,47
4,7,922,30
5,8,919,33
6,9,931,21
7,10,923,29
8,11,934,18
9,12,926,26
10,13,930,22
best_local_k 11
-
t_3
finding_best_k
i,k,successes,mistakes
0,3,907,45
1,4,890,62
2,5,927,25
3,6,914,38
4,7,931,21
5,8,927,25
6,9,936,16
7,10,940,12
8,11,943,9
9,12,944,8
10,13,945,7
best_local_k 13
-
t_4
finding_best_k
i,k,successes,mistakes
0,3,914,38
1,4,895,57
2,5,932,20
3,6,918,34
4,7,937,15
5,8,929,23
6,9,942,10
7,10,943,9
8,11,949,3
9,12,944,8
10,13,948,4
best_local_k 11
-
t_5
finding_best_k
i,k,successes,mistakes
0,3,914,38
1,4,894,58
2,5,933,19
3,6,920,32
4,7,937,15
5,8,929,23
6,9,943,9
7,10,940,12
8,11,952,0
best_local_k 11
-
t_6
finding_best_k
i,k,successes,mistakes
0,3,914,38
1,4,894,58
2,5,933,19
3,6,920,32
4,7,937,15
5,8,929,23
6,9,943,9
7,10,940,12
8,11,952,0
best_local_k 11
-
t_7
finding_best_k
i,k,successes,mistakes
0,3,914,38
1,4,894,58
2,5,933,19
3,6,920,32
4,7,937,15
5,8,929,23
6,9,943,9
7,10,940,12
8,11,952,0
best_local_k 11
-
t_8
finding_best_k
i,k,successes,mistakes
0,3,914,38
1,4,894,58
2,5,933,19
3,6,920,32
4,7,937,15
5,8,929,23
6,9,943,9
7,10,940,12
8,11,952,0
best_local_k 11
-
t_9
finding_best_k
i,k,successes,mistakes
0,3,914,38
1,4,894,58
2,5,933,19
3,6,920,32
4,7,937,15
5,8,929,23
6,9,943,9
7,10,940,12
8,11,952,0
best_local_k 11
-
result
best_t,best_k,successes,mistakes,success_ratio
9,11,1643,263,86.20%

iteration_24
-
t_0
finding_best_k
i,k,successes,mistakes
0,3,852,100
1,4,850,102
2,5,847,105
3,6,849,103
4,7,849,103
5,8,847,105
6,9,849,103
7,10,849,103
8,11,848,104
9,12,847,105
10,13,850,102
best_local_k 3
-
t_1
finding_best_k
i,k,successes,mistakes
0,3,887,65
1,4,874,78
2,5,894,58
3,6,888,64
4,7,902,50
5,8,899,53
6,9,911,41
7,10,907,45
8,11,910,42
9,12,906,46
10,13,910,42
best_local_k 9
-
t_2
finding_best_k
i,k,successes,mistakes
0,3,905,47
1,4,893,59
2,5,912,40
3,6,914,38
4,7,925,27
5,8,922,30
6,9,931,21
7,10,930,22
8,11,936,16
9,12,930,22
10,13,927,25
best_local_k 11
-
t_3
finding_best_k
i,k,successes,mistakes
0,3,908,44
1,4,894,58
2,5,925,27
3,6,920,32
4,7,932,20
5,8,929,23
6,9,942,10
7,10,937,15
8,11,944,8
9,12,942,10
10,13,936,16
best_local_k 11
-
t_4
finding_best_k
i,k,successes,mistakes
0,3,911,41
1,4,896,56
2,5,928,24
3,6,922,30
4,7,936,16
5,8,931,21
6,9,944,8
7,10,938,14
8,11,950,2
9,12,946,6
10,13,944,8
best_local_k 11
-
t_5
finding_best_k
i,k,successes,mistakes
0,3,911,41
1,4,897,55
2,5,929,23
3,6,922,30
4,7,937,15
5,8,932,20
6,9,946,6
7,10,939,13
8,11,952,0
best_local_k 11
-
t_6
finding_best_k
i,k,successes,mistakes
0,3,911,41
1,4,897,55
2,5,929,23
3,6,922,30
4,7,937,15
5,8,932,20
6,9,946,6
7,10,939,13
8,11,952,0
best_local_k 11
-
t_7
finding_best_k
i,k,successes,mistakes
0,3,911,41
1,4,897,55
2,5,929,23
3,6,922,30
4,7,937,15
5,8,932,20
6,9,946,6
7,10,939,13
8,11,952,0
best_local_k 11
-
t_8
finding_best_k
i,k,successes,mistakes
0,3,911,41
1,4,897,55
2,5,929,23
3,6,922,30
4,7,937,15
5,8,932,20
6,9,946,6
7,10,939,13
8,11,952,0
best_local_k 11
-
t_9
finding_best_k
i,k,successes,mistakes
0,3,911,41
1,4,897,55
2,5,929,23
3,6,922,30
4,7,937,15
5,8,932,20
6,9,946,6
7,10,939,13
8,11,952,0
best_local_k 11
-
result
best_t,best_k,successes,mistakes,success_ratio
9,11,1634,272,85.73%

iteration_25
-
t_0
finding_best_k
i,k,successes,mistakes
0,3,852,100
1,4,850,102
2,5,847,105
3,6,849,103
4,7,849,103
5,8,847,105
6,9,849,103
7,10,849,103
8,11,848,104
9,12,847,105
10,13,850,102
best_local_k 3
-
t_1
finding_best_k
i,k,successes,mistakes
0,3,880,72
1,4,867,85
2,5,897,55
3,6,892,60
4,7,904,48
5,8,902,50
6,9,905,47
7,10,904,48
8,11,899,53
9,12,899,53
10,13,907,45
best_local_k 13
-
t_2
finding_best_k
i,k,successes,mistakes
0,3,905,47
1,4,888,64
2,5,910,42
3,6,905,47
4,7,920,32
5,8,920,32
6,9,926,26
7,10,925,27
8,11,932,20
9,12,931,21
10,13,932,20
best_local_k 11
-
t_3
finding_best_k
i,k,successes,mistakes
0,3,908,44
1,4,890,62
2,5,920,32
3,6,913,39
4,7,932,20
5,8,924,28
6,9,940,12
7,10,936,16
8,11,947,5
9,12,940,12
10,13,940,12
best_local_k 11
-
t_4
finding_best_k
i,k,successes,mistakes
0,3,910,42
1,4,891,61
2,5,924,28
3,6,915,37
4,7,934,18
5,8,926,26
6,9,942,10
7,10,937,15
8,11,951,1
9,12,944,8
10,13,945,7
best_local_k 11
-
t_5
finding_best_k
i,k,successes,mistakes
0,3,910,42
1,4,891,61
2,5,924,28
3,6,916,36
4,7,935,17
5,8,927,25
6,9,943,9
7,10,938,14
8,11,952,0
best_local_k 11
-
t_6
finding_best_k
i,k,successes,mistakes
0,3,910,42
1,4,891,61
2,5,924,28
3,6,916,36
4,7,935,17
5,8,927,25
6,9,943,9
7,10,938,14
8,11,952,0
best_local_k 11
-
t_7
finding_best_k
i,k,successes,mistakes
0,3,910,42
1,4,891,61
2,5,924,28
3,6,916,36
4,7,935,17
5,8,927,25
6,9,943,9
7,10,938,14
8,11,952,0
best_local_k 11
-
t_8
finding_best_k
i,k,successes,mistakes
0,3,910,42
1,4,891,61
2,5,924,28
3,6,916,36
4,7,935,17
5,8,927,25
6,9,943,9
7,10,938,14
8,11,952,0
best_local_k 11
-
t_9
finding_best_k
i,k,successes,mistakes
0,3,910,42
1,4,891,61
2,5,924,28
3,6,916,36
4,7,935,17
5,8,927,25
6,9,943,9
7,10,938,14
8,11,952,0
best_local_k 11
-
result
best_t,best_k,successes,mistakes,success_ratio
9,11,1635,271,85.78%

iteration_26
-
t_0
finding_best_k
i,k,successes,mistakes
0,3,852,100
1,4,850,102
2,5,847,105
3,6,849,103
4,7,849,103
5,8,847,105
6,9,849,103
7,10,849,103
8,11,848,104
9,12,847,105
10,13,850,102
best_local_k 3
-
t_1
finding_best_k
i,k,successes,mistakes
0,3,886,66
1,4,876,76
2,5,901,51
3,6,900,52
4,7,909,43
5,8,907,45
6,9,916,36
7,10,910,42
8,11,916,36
9,12,915,37
10,13,920,32
best_local_k 13
-
t_2
finding_best_k
i,k,successes,mistakes
0,3,897,55
1,4,885,67
2,5,910,42
3,6,909,43
4,7,922,30
5,8,916,36
6,9,933,19
7,10,930,22
8,11,934,18
9,12,926,26
10,13,931,21
best_local_k 11
-
t_3
finding_best_k
i,k,successes,mistakes
0,3,901,51
1,4,886,66
2,5,916,36
3,6,911,41
4,7,930,22
5,8,916,36
6,9,937,15
7,10,926,26
8,11,943,9
9,12,940,12
10,13,942,10
best_local_k 11
-
t_4
finding_best_k
i,k,successes,mistakes
0,3,902,50
1,4,885,67
2,5,921,31
3,6,914,38
4,7,934,18
5,8,925,27
6,9,941,11
7,10,932,20
8,11,948,4
9,12,945,7
10,13,947,5
best_local_k 11
-
t_5
finding_best_k
i,k,successes,mistakes
0,3,902,50
1,4,885,67
2,5,921,31
3,6,914,38
4,7,933,19
5,8,924,28
6,9,942,10
7,10,933,19
8,11,950,2
9,12,945,7
10,13,948,4
best_local_k 11
-
t_6
finding_best_k
i,k,successes,mistakes
0,3,903,49
1,4,886,66
2,5,923,29
3,6,915,37
4,7,936,16
5,8,926,26
6,9,944,8
7,10,935,17
8,11,951,1
9,12,946,6
10,13,949,3
best_local_k 11
-
t_7
finding_best_k
i,k,successes,mistakes
0,3,904,48
1,4,887,65
2,5,923,29
3,6,916,36
4,7,935,17
5,8,926,26
6,9,944,8
7,10,935,17
8,11,952,0
best_local_k 11
-
t_8
finding_best_k
i,k,successes,mistakes
0,3,904,48
1,4,887,65
2,5,923,29
3,6,916,36
4,7,935,17
5,8,926,26
6,9,944,8
7,10,935,17
8,11,952,0
best_local_k 11
-
t_9
finding_best_k
i,k,successes,mistakes
0,3,904,48
1,4,887,65
2,5,923,29
3,6,916,36
4,7,935,17
5,8,926,26
6,9,944,8
7,10,935,17
8,11,952,0
best_local_k 11
-
result
best_t,best_k,successes,mistakes,success_ratio
9,11,1638,268,85.94%

iteration_27
-
t_0
finding_best_k
i,k,successes,mistakes
0,3,852,100
1,4,850,102
2,5,847,105
3,6,849,103
4,7,849,103
5,8,847,105
6,9,849,103
7,10,849,103
8,11,848,104
9,12,847,105
10,13,850,102
best_local_k 3
-
t_1
finding_best_k
i,k,successes,mistakes
0,3,886,66
1,4,874,78
2,5,899,53
3,6,898,54
4,7,903,49
5,8,902,50
6,9,911,41
7,10,903,49
8,11,909,43
9,12,904,48
10,13,913,39
best_local_k 13
-
t_2
finding_best_k
i,k,successes,mistakes
0,3,896,56
1,4,883,69
2,5,909,43
3,6,897,55
4,7,914,38
5,8,915,37
6,9,924,28
7,10,927,25
8,11,930,22
9,12,934,18
10,13,934,18
best_local_k 12
-
t_3
finding_best_k
i,k,successes,mistakes
0,3,901,51
1,4,889,63
2,5,912,40
3,6,908,44
4,7,920,32
5,8,924,28
6,9,931,21
7,10,938,14
8,11,942,10
9,12,941,11
10,13,944,8
best_local_k 13
-
t_4
finding_best_k
i,k,successes,mistakes
0,3,902,50
1,4,890,62
2,5,917,35
3,6,910,42
4,7,923,29
5,8,927,25
6,9,935,17
7,10,938,14
8,11,947,5
9,12,946,6
10,13,950,2
best_local_k 13
-
t_5
finding_best_k
i,k,successes,mistakes
0,3,904,48
1,4,893,59
2,5,918,34
3,6,911,41
4,7,926,26
5,8,929,23
6,9,935,17
7,10,938,14
8,11,946,6
9,12,945,7
10,13,950,2
best_local_k 13
-
t_6
finding_best_k
i,k,successes,mistakes
0,3,904,48
1,4,892,60
2,5,919,33
3,6,912,40
4,7,925,27
5,8,928,24
6,9,937,15
7,10,939,13
8,11,948,4
9,12,947,5
10,13,952,0
best_local_k 13
-
t_7
finding_best_k
i,k,successes,mistakes
0,3,904,48
1,4,892,60
2,5,919,33
3,6,912,40
4,7,925,27
5,8,928,24
6,9,937,15
7,10,939,13
8,11,948,4
9,12,947,5
10,13,952,0
best_local_k 13
-
t_8
finding_best_k
i,k,successes,mistakes
0,3,904,48
1,4,892,60
2,5,919,33
3,6,912,40
4,7,925,27
5,8,928,24
6,9,937,15
7,10,939,13
8,11,948,4
9,12,947,5
10,13,952,0
best_local_k 13
-
t_9
finding_best_k
i,k,successes,mistakes
0,3,904,48
1,4,892,60
2,5,919,33
3,6,912,40
4,7,925,27
5,8,928,24
6,9,937,15
7,10,939,13
8,11,948,4
9,12,947,5
10,13,952,0
best_local_k 13
-
result
best_t,best_k,successes,mistakes,success_ratio
9,13,1645,261,86.31%

iteration_28
-
t_0
finding_best_k
i,k,successes,mistakes
0,3,852,100
1,4,850,102
2,5,847,105
3,6,849,103
4,7,849,103
5,8,847,105
6,9,849,103
7,10,849,103
8,11,848,104
9,12,847,105
10,13,850,102
best_local_k 3
-
t_1
finding_best_k
i,k,successes,mistakes
0,3,888,64
1,4,876,76
2,5,896,56
3,6,893,59
4,7,900,52
5,8,903,49
6,9,911,41
7,10,907,45
8,11,908,44
9,12,904,48
10,13,909,43
best_local_k 9
-
t_2
finding_best_k
i,k,successes,mistakes
0,3,905,47
1,4,882,70
2,5,917,35
3,6,912,40
4,7,923,29
5,8,920,32
6,9,936,16
7,10,926,26
8,11,936,16
9,12,930,22
10,13,929,23
best_local_k 9
-
t_3
finding_best_k
i,k,successes,mistakes
0,3,916,36
1,4,895,57
2,5,933,19
3,6,928,24
4,7,939,13
5,8,938,14
6,9,952,0
best_local_k 9
-
t_4
finding_best_k
i,k,successes,mistakes
0,3,916,36
1,4,895,57
2,5,933,19
3,6,928,24
4,7,939,13
5,8,938,14
6,9,952,0
best_local_k 9
-
t_5
finding_best_k
i,k,successes,mistakes
0,3,916,36
1,4,895,57
2,5,933,19
3,6,928,24
4,7,939,13
5,8,938,14
6,9,952,0
best_local_k 9
-
t_6
finding_best_k
i,k,successes,mistakes
0,3,916,36
1,4,895,57
2,5,933,19
3,6,928,24
4,7,939,13
5,8,938,14
6,9,952,0
best_local_k 9
-
t_7
finding_best_k
i,k,successes,mistakes
0,3,916,36
1,4,895,57
2,5,933,19
3,6,928,24
4,7,939,13
5,8,938,14
6,9,952,0
best_local_k 9
-
t_8
finding_best_k
i,k,successes,mistakes
0,3,916,36
1,4,895,57
2,5,933,19
3,6,928,24
4,7,939,13
5,8,938,14
6,9,952,0
best_local_k 9
-
t_9
finding_best_k
i,k,successes,mistakes
0,3,916,36
1,4,895,57
2,5,933,19
3,6,928,24
4,7,939,13
5,8,938,14
6,9,952,0
best_local_k 9
-
result
best_t,best_k,successes,mistakes,success_ratio
9,9,1627,279,85.36%

iteration_29
-
t_0
finding_best_k
i,k,successes,mistakes
0,3,852,100
1,4,850,102
2,5,847,105
3,6,849,103
4,7,849,103
5,8,847,105
6,9,849,103
7,10,849,103
8,11,848,104
9,12,847,105
10,13,850,102
best_local_k 3
-
t_1
finding_best_k
i,k,successes,mistakes
0,3,883,69
1,4,865,87
2,5,890,62
3,6,889,63
4,7,896,56
5,8,896,56
6,9,900,52
7,10,895,57
8,11,906,46
9,12,899,53
10,13,900,52
best_local_k 11
-
t_2
finding_best_k
i,k,successes,mistakes
0,3,911,41
1,4,887,65
2,5,917,35
3,6,908,44
4,7,924,28
5,8,921,31
6,9,931,21
7,10,926,26
8,11,934,18
9,12,926,26
10,13,929,23
best_local_k 11
-
t_3
finding_best_k
i,k,successes,mistakes
0,3,909,43
1,4,888,64
2,5,921,31
3,6,914,38
4,7,929,23
5,8,924,28
6,9,937,15
7,10,932,20
8,11,942,10
9,12,938,14
10,13,942,10
best_local_k 11
-
t_4
finding_best_k
i,k,successes,mistakes
0,3,908,44
1,4,891,61
2,5,928,24
3,6,915,37
4,7,932,20
5,8,925,27
6,9,940,12
7,10,933,19
8,11,949,3
9,12,942,10
10,13,947,5
best_local_k 11
-
t_5
finding_best_k
i,k,successes,mistakes
0,3,908,44
1,4,891,61
2,5,928,24
3,6,916,36
4,7,934,18
5,8,926,26
6,9,942,10
7,10,934,18
8,11,951,1
9,12,943,9
10,13,949,3
best_local_k 11
-
t_6
finding_best_k
i,k,successes,mistakes
0,3,909,43
1,4,892,60
2,5,929,23
3,6,917,35
4,7,935,17
5,8,927,25
6,9,943,9
7,10,935,17
8,11,952,0
best_local_k 11
-
t_7
finding_best_k
i,k,successes,mistakes
0,3,909,43
1,4,892,60
2,5,929,23
3,6,917,35
4,7,935,17
5,8,927,25
6,9,943,9
7,10,935,17
8,11,952,0
best_local_k 11
-
t_8
finding_best_k
i,k,successes,mistakes
0,3,909,43
1,4,892,60
2,5,929,23
3,6,917,35
4,7,935,17
5,8,927,25
6,9,943,9
7,10,935,17
8,11,952,0
best_local_k 11
-
t_9
finding_best_k
i,k,successes,mistakes
0,3,909,43
1,4,892,60
2,5,929,23
3,6,917,35
4,7,935,17
5,8,927,25
6,9,943,9
7,10,935,17
8,11,952,0
best_local_k 11
-
result
best_t,best_k,successes,mistakes,success_ratio
9,11,1640,266,86.04%

iteration_30
-
t_0
finding_best_k
i,k,successes,mistakes
0,3,852,100
1,4,850,102
2,5,847,105
3,6,849,103
4,7,849,103
5,8,847,105
6,9,849,103
7,10,849,103
8,11,848,104
9,12,847,105
10,13,850,102
best_local_k 3
-
t_1
finding_best_k
i,k,successes,mistakes
0,3,874,78
1,4,868,84
2,5,890,62
3,6,883,69
4,7,894,58
5,8,892,60
6,9,899,53
7,10,894,58
8,11,903,49
9,12,899,53
10,13,904,48
best_local_k 13
-
t_2
finding_best_k
i,k,successes,mistakes
0,3,903,49
1,4,898,54
2,5,913,39
3,6,907,45
4,7,916,36
5,8,913,39
6,9,928,24
7,10,922,30
8,11,928,24
9,12,933,19
10,13,935,17
best_local_k 13
-
t_3
finding_best_k
i,k,successes,mistakes
0,3,899,53
1,4,896,56
2,5,916,36
3,6,908,44
4,7,921,31
5,8,919,33
6,9,928,24
7,10,926,26
8,11,935,17
9,12,936,16
10,13,942,10
best_local_k 13
-
t_4
finding_best_k
i,k,successes,mistakes
0,3,905,47
1,4,900,52
2,5,921,31
3,6,915,37
4,7,925,27
5,8,925,27
6,9,938,14
7,10,934,18
8,11,945,7
9,12,946,6
10,13,951,1
best_local_k 13
-
t_5
finding_best_k
i,k,successes,mistakes
0,3,905,47
1,4,900,52
2,5,920,32
3,6,915,37
4,7,925,27
5,8,925,27
6,9,937,15
7,10,933,19
8,11,944,8
9,12,945,7
10,13,951,1
best_local_k 13
-
t_6
finding_best_k
i,k,successes,mistakes
0,3,905,47
1,4,900,52
2,5,920,32
3,6,914,38
4,7,925,27
5,8,926,26
6,9,936,16
7,10,932,20
8,11,944,8
9,12,945,7
10,13,951,1
best_local_k 13
-
t_7
finding_best_k
i,k,successes,mistakes
0,3,905,47
1,4,900,52
2,5,921,31
3,6,915,37
4,7,925,27
5,8,925,27
6,9,937,15
7,10,933,19
8,11,945,7
9,12,946,6
10,13,952,0
best_local_k 13
-
t_8
finding_best_k
i,k,successes,mistakes
0,3,905,47
1,4,900,52
2,5,921,31
3,6,915,37
4,7,925,27
5,8,925,27
6,9,937,15
7,10,933,19
8,11,945,7
9,12,946,6
10,13,952,0
best_local_k 13
-
t_9
finding_best_k
i,k,successes,mistakes
0,3,905,47
1,4,900,52
2,5,921,31
3,6,915,37
4,7,925,27
5,8,925,27
6,9,937,15
7,10,933,19
8,11,945,7
9,12,946,6
10,13,952,0
best_local_k 13
-
result
best_t,best_k,successes,mistakes,success_ratio
9,13,1643,263,86.20%

summary
mean,stddev
85.83%,0.39%
