iteration_1
-
t_0
finding_best_k
i,k,successes,mistakes
0,3,55,32
1,4,54,33
2,5,60,27
3,6,60,27
4,7,57,30
5,8,58,29
6,9,57,30
7,10,57,30
8,11,56,31
9,12,56,31
10,13,56,31
best_local_k 5
-
t_1
finding_best_k
i,k,successes,mistakes
0,3,63,24
1,4,60,27
2,5,61,26
3,6,61,26
4,7,59,28
5,8,58,29
6,9,60,27
7,10,56,31
8,11,55,32
9,12,54,33
10,13,57,30
best_local_k 3
-
t_2
finding_best_k
i,k,successes,mistakes
0,3,62,25
1,4,65,22
2,5,57,30
3,6,63,24
4,7,63,24
5,8,70,17
6,9,64,23
7,10,69,18
8,11,64,23
9,12,70,17
10,13,69,18
best_local_k 8
-
t_3
finding_best_k
i,k,successes,mistakes
0,3,69,18
1,4,72,15
2,5,71,16
3,6,74,13
4,7,69,18
5,8,73,14
6,9,70,17
7,10,70,17
8,11,71,16
9,12,69,18
10,13,70,17
best_local_k 6
-
t_4
finding_best_k
i,k,successes,mistakes
0,3,65,22
1,4,68,19
2,5,64,23
3,6,68,19
4,7,66,21
5,8,71,16
6,9,68,19
7,10,73,14
8,11,68,19
9,12,72,15
10,13,69,18
best_local_k 10
-
t_5
finding_best_k
i,k,successes,mistakes
0,3,67,20
1,4,72,15
2,5,65,22
3,6,71,16
4,7,65,22
5,8,70,17
6,9,64,23
7,10,70,17
8,11,67,20
9,12,69,18
10,13,68,19
best_local_k 4
-
t_6
finding_best_k
i,k,successes,mistakes
0,3,69,18
1,4,73,14
2,5,70,17
3,6,74,13
4,7,68,19
5,8,69,18
6,9,68,19
7,10,66,21
8,11,66,21
9,12,66,21
10,13,63,24
best_local_k 6
-
t_7
finding_best_k
i,k,successes,mistakes
0,3,63,24
1,4,71,16
2,5,64,23
3,6,68,19
4,7,62,25
5,8,66,21
6,9,61,26
7,10,62,25
8,11,60,27
9,12,63,24
10,13,63,24
best_local_k 4
-
t_8
finding_best_k
i,k,successes,mistakes
0,3,68,19
1,4,74,13
2,5,68,19
3,6,71,16
4,7,69,18
5,8,72,15
6,9,70,17
7,10,71,16
8,11,69,18
9,12,70,17
10,13,66,21
best_local_k 4
-
t_9
finding_best_k
i,k,successes,mistakes
0,3,64,23
1,4,70,17
2,5,63,24
3,6,68,19
4,7,60,27
5,8,65,22
6,9,60,27
7,10,67,20
8,11,66,21
9,12,68,19
10,13,65,22
best_local_k 4
-
result
best_t,best_k,successes,mistakes,success_ratio
9,4,127,50,71.75%

iteration_2
-
t_0
finding_best_k
i,k,successes,mistakes
0,3,55,32
1,4,54,33
2,5,60,27
3,6,60,27
4,7,57,30
5,8,58,29
6,9,57,30
7,10,57,30
8,11,56,31
9,12,56,31
10,13,56,31
best_local_k 5
-
t_1
finding_best_k
i,k,successes,mistakes
0,3,68,19
1,4,65,22
2,5,67,20
3,6,66,21
4,7,64,23
5,8,63,24
6,9,59,28
7,10,60,27
8,11,58,29
9,12,57,30
10,13,58,29
best_local_k 3
-
t_2
finding_best_k
i,k,successes,mistakes
0,3,62,25
1,4,65,22
2,5,60,27
3,6,60,27
4,7,62,25
5,8,67,20
6,9,63,24
7,10,65,22
8,11,61,26
9,12,61,26
10,13,60,27
best_local_k 8
-
t_3
finding_best_k
i,k,successes,mistakes
0,3,62,25
1,4,62,25
2,5,60,27
3,6,61,26
4,7,59,28
5,8,63,24
6,9,59,28
7,10,60,27
8,11,59,28
9,12,59,28
10,13,59,28
best_local_k 8
-
t_4
finding_best_k
i,k,successes,mistakes
0,3,65,22
1,4,67,20
2,5,64,23
3,6,70,17
4,7,62,25
5,8,69,18
6,9,61,26
7,10,63,24
8,11,60,27
9,12,61,26
10,13,60,27
best_local_k 6
-
t_5
finding_best_k
i,k,successes,mistakes
0,3,67,20
1,4,72,15
2,5,68,19
3,6,73,14
4,7,65,22
5,8,72,15
6,9,66,21
7,10,68,19
8,11,65,22
9,12,68,19
10,13,64,23
best_local_k 6
-
t_6
finding_best_k
i,k,successes,mistakes
0,3,65,22
1,4,67,20
2,5,57,30
3,6,59,28
4,7,60,27
5,8,65,22
6,9,61,26
7,10,63,24
8,11,59,28
9,12,60,27
10,13,58,29
best_local_k 4
-
t_7
finding_best_k
i,k,successes,mistakes
0,3,72,15
1,4,73,14
2,5,68,19
3,6,71,16
4,7,68,19
5,8,71,16
6,9,67,20
7,10,69,18
8,11,68,19
9,12,67,20
10,13,67,20
best_local_k 4
-
t_8
finding_best_k
i,k,successes,mistakes
0,3,72,15
1,4,76,11
2,5,71,16
3,6,73,14
4,7,70,17
5,8,71,16
6,9,70,17
7,10,71,16
8,11,70,17
9,12,70,17
10,13,68,19
best_local_k 4
-
t_9
finding_best_k
i,k,successes,mistakes
0,3,73,14
1,4,78,9
2,5,73,14
3,6,77,10
4,7,73,14
5,8,74,13
6,9,70,17
7,10,72,15
8,11,69,18
9,12,70,17
10,13,69,18
best_local_k 4
-
result
best_t,best_k,successes,mistakes,success_ratio
9,4,157,20,88.70%

iteration_3
-
t_0
finding_best_k
i,k,successes,mistakes
0,3,55,32
1,4,54,33
2,5,60,27
3,6,60,27
4,7,57,30
5,8,58,29
6,9,57,30
7,10,57,30
8,11,56,31
9,12,56,31
10,13,56,31
best_local_k 5
-
t_1
finding_best_k
i,k,successes,mistakes
0,3,65,22
1,4,66,21
2,5,65,22
3,6,67,20
4,7,66,21
5,8,66,21
6,9,64,23
7,10,63,24
8,11,64,23
9,12,64,23
10,13,66,21
best_local_k 6
-
t_2
finding_best_k
i,k,successes,mistakes
0,3,60,27
1,4,64,23
2,5,59,28
3,6,60,27
4,7,57,30
5,8,60,27
6,9,58,29
7,10,60,27
8,11,57,30
9,12,60,27
10,13,56,31
best_local_k 4
-
t_3
finding_best_k
i,k,successes,mistakes
0,3,64,23
1,4,68,19
2,5,62,25
3,6,65,22
4,7,63,24
5,8,62,25
6,9,61,26
7,10,64,23
8,11,61,26
9,12,65,22
10,13,61,26
best_local_k 4
-
t_4
finding_best_k
i,k,successes,mistakes
0,3,69,18
1,4,75,12
2,5,69,18
3,6,73,14
4,7,65,22
5,8,70,17
6,9,65,22
7,10,70,17
8,11,66,21
9,12,68,19
10,13,66,21
best_local_k 4
-
t_5
finding_best_k
i,k,successes,mistakes
0,3,66,21
1,4,73,14
2,5,64,23
3,6,68,19
4,7,63,24
5,8,65,22
6,9,63,24
7,10,67,20
8,11,63,24
9,12,64,23
10,13,63,24
best_local_k 4
-
t_6
finding_best_k
i,k,successes,mistakes
0,3,69,18
1,4,77,10
2,5,66,21
3,6,72,15
4,7,64,23
5,8,67,20
6,9,66,21
7,10,69,18
8,11,65,22
9,12,69,18
10,13,64,23
best_local_k 4
-
t_7
finding_best_k
i,k,successes,mistakes
0,3,67,20
1,4,74,13
2,5,62,25
3,6,67,20
4,7,62,25
5,8,66,21
6,9,65,22
7,10,69,18
8,11,65,22
9,12,68,19
10,13,65,22
best_local_k 4
-
t_8
finding_best_k
i,k,successes,mistakes
0,3,66,21
1,4,73,14
2,5,69,18
3,6,71,16
4,7,63,24
5,8,67,20
6,9,63,24
7,10,67,20
8,11,63,24
9,12,65,22
10,13,63,24
best_local_k 4
-
t_9
finding_best_k
i,k,successes,mistakes
0,3,69,18
1,4,73,14
2,5,69,18
3,6,73,14
4,7,68,19
5,8,72,15
6,9,67,20
7,10,71,16
8,11,67,20
9,12,69,18
10,13,65,22
best_local_k 4
-
result
best_t,best_k,successes,mistakes,success_ratio
9,4,148,29,83.62%

iteration_4
-
t_0
finding_best_k
i,k,successes,mistakes
0,3,55,32
1,4,54,33
2,5,60,27
3,6,60,27
4,7,57,30
5,8,58,29
6,9,57,30
7,10,57,30
8,11,56,31
9,12,56,31
10,13,56,31
best_local_k 5
-
t_1
finding_best_k
i,k,successes,mistakes
0,3,64,23
1,4,59,28
2,5,61,26
3,6,63,24
4,7,58,29
5,8,57,30
6,9,58,29
7,10,56,31
8,11,55,32
9,12,54,33
10,13,57,30
best_local_k 3
-
t_2
finding_best_k
i,k,successes,mistakes
0,3,63,24
1,4,71,16
2,5,62,25
3,6,70,17
4,7,64,23
5,8,66,21
6,9,60,27
7,10,65,22
8,11,61,26
9,12,65,22
10,13,63,24
best_local_k 4
-
t_3
finding_best_k
i,k,successes,mistakes
0,3,63,24
1,4,65,22
2,5,59,28
3,6,67,20
4,7,60,27
5,8,65,22
6,9,62,25
7,10,65,22
8,11,62,25
9,12,67,20
10,13,62,25
best_local_k 6
-
t_4
finding_best_k
i,k,successes,mistakes
0,3,70,17
1,4,74,13
2,5,66,21
3,6,72,15
4,7,67,20
5,8,71,16
6,9,67,20
7,10,70,17
8,11,65,22
9,12,69,18
10,13,66,21
best_local_k 4
-
t_5
finding_best_k
i,k,successes,mistakes
0,3,66,21
1,4,73,14
2,5,67,20
3,6,74,13
4,7,64,23
5,8,70,17
6,9,67,20
7,10,69,18
8,11,66,21
9,12,68,19
10,13,65,22
best_local_k 6
-
t_6
finding_best_k
i,k,successes,mistakes
0,3,66,21
1,4,72,15
2,5,67,20
3,6,75,12
4,7,69,18
5,8,73,14
6,9,67,20
7,10,70,17
8,11,68,19
9,12,70,17
10,13,68,19
best_local_k 6
-
t_7
finding_best_k
i,k,successes,mistakes
0,3,63,24
1,4,69,18
2,5,62,25
3,6,70,17
4,7,61,26
5,8,66,21
6,9,61,26
7,10,66,21
8,11,61,26
9,12,66,21
10,13,60,27
best_local_k 6
-
t_8
finding_best_k
i,k,successes,mistakes
0,3,67,20
1,4,75,12
2,5,69,18
3,6,75,12
4,7,67,20
5,8,72,15
6,9,65,22
7,10,69,18
8,11,64,23
9,12,66,21
10,13,62,25
best_local_k 4
-
t_9
finding_best_k
i,k,successes,mistakes
0,3,68,19
1,4,76,11
2,5,70,17
3,6,73,14
4,7,67,20
5,8,71,16
6,9,68,19
7,10,70,17
8,11,67,20
9,12,68,19
10,13,64,23
best_local_k 4
-
result
best_t,best_k,successes,mistakes,success_ratio
9,4,140,37,79.10%

iteration_5
-
t_0
finding_best_k
i,k,successes,mistakes
0,3,55,32
1,4,54,33
2,5,60,27
3,6,60,27
4,7,57,30
5,8,58,29
6,9,57,30
7,10,57,30
8,11,56,31
9,12,56,31
10,13,56,31
best_local_k 5
-
t_1
finding_best_k
i,k,successes,mistakes
0,3,61,26
1,4,61,26
2,5,62,25
3,6,61,26
4,7,68,19
5,8,65,22
6,9,66,21
7,10,59,28
8,11,63,24
9,12,59,28
10,13,63,24
best_local_k 7
-
t_2
finding_best_k
i,k,successes,mistakes
0,3,67,20
1,4,71,16
2,5,65,22
3,6,69,18
4,7,65,22
5,8,70,17
6,9,65,22
7,10,68,19
8,11,63,24
9,12,69,18
10,13,66,21
best_local_k 4
-
t_3
finding_best_k
i,k,successes,mistakes
0,3,64,23
1,4,67,20
2,5,60,27
3,6,65,22
4,7,58,29
5,8,64,23
6,9,60,27
7,10,65,22
8,11,59,28
9,12,65,22
10,13,60,27
best_local_k 4
-
t_4
finding_best_k
i,k,successes,mistakes
0,3,63,24
1,4,67,20
2,5,60,27
3,6,66,21
4,7,59,28
5,8,61,26
6,9,59,28
7,10,60,27
8,11,59,28
9,12,59,28
10,13,59,28
best_local_k 4
-
t_5
finding_best_k
i,k,successes,mistakes
0,3,69,18
1,4,73,14
2,5,70,17
3,6,68,19
4,7,66,21
5,8,67,20
6,9,63,24
7,10,68,19
8,11,65,22
9,12,68,19
10,13,62,25
best_local_k 4
-
t_6
finding_best_k
i,k,successes,mistakes
0,3,68,19
1,4,77,10
2,5,64,23
3,6,66,21
4,7,61,26
5,8,63,24
6,9,59,28
7,10,63,24
8,11,59,28
9,12,63,24
10,13,61,26
best_local_k 4
-
t_7
finding_best_k
i,k,successes,mistakes
0,3,71,16
1,4,77,10
2,5,72,15
3,6,71,16
4,7,72,15
5,8,73,14
6,9,69,18
7,10,72,15
8,11,71,16
9,12,73,14
10,13,70,17
best_local_k 4
-
t_8
finding_best_k
i,k,successes,mistakes
0,3,65,22
1,4,74,13
2,5,67,20
3,6,69,18
4,7,67,20
5,8,68,19
6,9,64,23
7,10,68,19
8,11,62,25
9,12,65,22
10,13,60,27
best_local_k 4
-
t_9
finding_best_k
i,k,successes,mistakes
0,3,62,25
1,4,63,24
2,5,59,28
3,6,60,27
4,7,59,28
5,8,59,28
6,9,57,30
7,10,59,28
8,11,56,31
9,12,57,30
10,13,56,31
best_local_k 4
-
result
best_t,best_k,successes,mistakes,success_ratio
9,4,121,56,68.36%

iteration_6
-
t_0
finding_best_k
i,k,successes,mistakes
0,3,55,32
1,4,54,33
2,5,60,27
3,6,60,27
4,7,57,30
5,8,58,29
6,9,57,30
7,10,57,30
8,11,56,31
9,12,56,31
10,13,56,31
best_local_k 5
-
t_1
finding_best_k
i,k,successes,mistakes
0,3,63,24
1,4,58,29
2,5,59,28
3,6,58,29
4,7,59,28
5,8,58,29
6,9,56,31
7,10,57,30
8,11,55,32
9,12,55,32
10,13,52,35
best_local_k 3
-
t_2
finding_best_k
i,k,successes,mistakes
0,3,64,23
1,4,68,19
2,5,62,25
3,6,65,22
4,7,61,26
5,8,65,22
6,9,61,26
7,10,61,26
8,11,58,29
9,12,60,27
10,13,58,29
best_local_k 4
-
t_3
finding_best_k
i,k,successes,mistakes
0,3,67,20
1,4,70,17
2,5,62,25
3,6,67,20
4,7,64,23
5,8,67,20
6,9,63,24
7,10,69,18
8,11,66,21
9,12,69,18
10,13,67,20
best_local_k 4
-
t_4
finding_best_k
i,k,successes,mistakes
0,3,71,16
1,4,76,11
2,5,72,15
3,6,77,10
4,7,74,13
5,8,75,12
6,9,71,16
7,10,74,13
8,11,66,21
9,12,75,12
10,13,67,20
best_local_k 6
-
t_5
finding_best_k
i,k,successes,mistakes
0,3,69,18
1,4,73,14
2,5,67,20
3,6,75,12
4,7,65,22
5,8,70,17
6,9,64,23
7,10,66,21
8,11,60,27
9,12,62,25
10,13,60,27
best_local_k 6
-
t_6
finding_best_k
i,k,successes,mistakes
0,3,71,16
1,4,75,12
2,5,71,16
3,6,78,9
4,7,77,10
5,8,78,9
6,9,73,14
7,10,76,11
8,11,72,15
9,12,74,13
10,13,72,15
best_local_k 6
-
t_7
finding_best_k
i,k,successes,mistakes
0,3,73,14
1,4,78,9
2,5,71,16
3,6,81,6
4,7,77,10
5,8,77,10
6,9,72,15
7,10,75,12
8,11,68,19
9,12,73,14
10,13,67,20
best_local_k 6
-
t_8
finding_best_k
i,k,successes,mistakes
0,3,73,14
1,4,78,9
2,5,69,18
3,6,81,6
4,7,77,10
5,8,78,9
6,9,70,17
7,10,75,12
8,11,68,19
9,12,73,14
10,13,70,17
best_local_k 6
-
t_9
finding_best_k
i,k,successes,mistakes
0,3,67,20
1,4,76,11
2,5,68,19
3,6,81,6
4,7,74,13
5,8,78,9
6,9,65,22
7,10,72,15
8,11,66,21
9,12,73,14
10,13,66,21
best_local_k 6
-
result
best_t,best_k,successes,mistakes,success_ratio
9,6,142,35,80.23%

iteration_7
-
t_0
finding_best_k
i,k,successes,mistakes
0,3,55,32
1,4,54,33
2,5,60,27
3,6,60,27
4,7,57,30
5,8,58,29
6,9,57,30
7,10,57,30
8,11,56,31
9,12,56,31
10,13,56,31
best_local_k 5
-
t_1
finding_best_k
i,k,successes,mistakes
0,3,63,24
1,4,61,26
2,5,57,30
3,6,57,30
4,7,60,27
5,8,59,28
6,9,58,29
7,10,55,32
8,11,55,32
9,12,54,33
10,13,53,34
best_local_k 3
-
t_2
finding_best_k
i,k,successes,mistakes
0,3,59,28
1,4,64,23
2,5,58,29
3,6,59,28
4,7,56,31
5,8,59,28
6,9,58,29
7,10,60,27
8,11,57,30
9,12,59,28
10,13,56,31
best_local_k 4
-
t_3
finding_best_k
i,k,successes,mistakes
0,3,65,22
1,4,69,18
2,5,62,25
3,6,67,20
4,7,61,26
5,8,63,24
6,9,62,25
7,10,63,24
8,11,60,27
9,12,61,26
10,13,60,27
best_local_k 4
-
t_4
finding_best_k
i,k,successes,mistakes
0,3,64,23
1,4,70,17
2,5,62,25
3,6,68,19
4,7,61,26
5,8,66,21
6,9,63,24
7,10,69,18
8,11,59,28
9,12,67,20
10,13,58,29
best_local_k 4
-
t_5
finding_best_k
i,k,successes,mistakes
0,3,69,18
1,4,75,12
2,5,69,18
3,6,73,14
4,7,66,21
5,8,73,14
6,9,66,21
7,10,71,16
8,11,65,22
9,12,69,18
10,13,66,21
best_local_k 4
-
t_6
finding_best_k
i,k,successes,mistakes
0,3,66,21
1,4,70,17
2,5,62,25
3,6,65,22
4,7,61,26
5,8,64,23
6,9,59,28
7,10,65,22
8,11,59,28
9,12,64,23
10,13,61,26
best_local_k 4
-
t_7
finding_best_k
i,k,successes,mistakes
0,3,67,20
1,4,73,14
2,5,65,22
3,6,68,19
4,7,66,21
5,8,68,19
6,9,65,22
7,10,66,21
8,11,64,23
9,12,66,21
10,13,63,24
best_local_k 4
-
t_8
finding_best_k
i,k,successes,mistakes
0,3,64,23
1,4,73,14
2,5,63,24
3,6,68,19
4,7,63,24
5,8,69,18
6,9,63,24
7,10,67,20
8,11,62,25
9,12,66,21
10,13,62,25
best_local_k 4
-
t_9
finding_best_k
i,k,successes,mistakes
0,3,61,26
1,4,68,19
2,5,63,24
3,6,69,18
4,7,58,29
5,8,63,24
6,9,58,29
7,10,60,27
8,11,58,29
9,12,65,22
10,13,58,29
best_local_k 6
-
result
best_t,best_k,successes,mistakes,success_ratio
9,6,131,46,74.01%

iteration_8
-
t_0
finding_best_k
i,k,successes,mistakes
0,3,55,32
1,4,54,33
2,5,60,27
3,6,60,27
4,7,57,30
5,8,58,29
6,9,57,30
7,10,57,30
8,11,56,31
9,12,56,31
10,13,56,31
best_local_k 5
-
t_1
finding_best_k
i,k,successes,mistakes
0,3,66,21
1,4,69,18
2,5,69,18
3,6,72,15
4,7,70,17
5,8,72,15
6,9,67,20
7,10,68,19
8,11,65,22
9,12,65,22
10,13,65,22
best_local_k 6
-
t_2
finding_best_k
i,k,successes,mistakes
0,3,69,18
1,4,73,14
2,5,69,18
3,6,75,12
4,7,71,16
5,8,72,15
6,9,69,18
7,10,70,17
8,11,67,20
9,12,69,18
10,13,66,21
best_local_k 6
-
t_3
finding_best_k
i,k,successes,mistakes
0,3,58,29
1,4,60,27
2,5,57,30
3,6,60,27
4,7,57,30
5,8,60,27
6,9,59,28
7,10,59,28
8,11,59,28
9,12,60,27
10,13,59,28
best_local_k 4
-
t_4
finding_best_k
i,k,successes,mistakes
0,3,64,23
1,4,66,21
2,5,63,24
3,6,64,23
4,7,61,26
5,8,63,24
6,9,63,24
7,10,62,25
8,11,61,26
9,12,61,26
10,13,61,26
best_local_k 4
-
t_5
finding_best_k
i,k,successes,mistakes
0,3,68,19
1,4,72,15
2,5,68,19
3,6,71,16
4,7,64,23
5,8,72,15
6,9,65,22
7,10,73,14
8,11,64,23
9,12,72,15
10,13,62,25
best_local_k 10
-
t_6
finding_best_k
i,k,successes,mistakes
0,3,65,22
1,4,73,14
2,5,62,25
3,6,67,20
4,7,60,27
5,8,66,21
6,9,60,27
7,10,64,23
8,11,59,28
9,12,62,25
10,13,59,28
best_local_k 4
-
t_7
finding_best_k
i,k,successes,mistakes
0,3,68,19
1,4,72,15
2,5,67,20
3,6,70,17
4,7,66,21
5,8,72,15
6,9,68,19
7,10,72,15
8,11,69,18
9,12,72,15
10,13,64,23
best_local_k 4
-
t_8
finding_best_k
i,k,successes,mistakes
0,3,68,19
1,4,75,12
2,5,68,19
3,6,74,13
4,7,65,22
5,8,70,17
6,9,67,20
7,10,73,14
8,11,67,20
9,12,71,16
10,13,64,23
best_local_k 4
-
t_9
finding_best_k
i,k,successes,mistakes
0,3,72,15
1,4,77,10
2,5,71,16
3,6,71,16
4,7,69,18
5,8,68,19
6,9,66,21
7,10,67,20
8,11,64,23
9,12,65,22
10,13,65,22
best_local_k 4
-
result
best_t,best_k,successes,mistakes,success_ratio
9,4,142,35,80.23%

iteration_9
-
t_0
finding_best_k
i,k,successes,mistakes
0,3,55,32
1,4,54,33
2,5,60,27
3,6,60,27
4,7,57,30
5,8,58,29
6,9,57,30
7,10,57,30
8,11,56,31
9,12,56,31
10,13,56,31
best_local_k 5
-
t_1
finding_best_k
i,k,successes,mistakes
0,3,61,26
1,4,58,29
2,5,58,29
3,6,59,28
4,7,58,29
5,8,56,31
6,9,59,28
7,10,55,32
8,11,55,32
9,12,56,31
10,13,57,30
best_local_k 3
-
t_2
finding_best_k
i,k,successes,mistakes
0,3,62,25
1,4,67,20
2,5,64,23
3,6,68,19
4,7,61,26
5,8,63,24
6,9,61,26
7,10,63,24
8,11,61,26
9,12,65,22
10,13,61,26
best_local_k 6
-
t_3
finding_best_k
i,k,successes,mistakes
0,3,65,22
1,4,69,18
2,5,63,24
3,6,68,19
4,7,60,27
5,8,62,25
6,9,60,27
7,10,61,26
8,11,60,27
9,12,62,25
10,13,59,28
best_local_k 4
-
t_4
finding_best_k
i,k,successes,mistakes
0,3,65,22
1,4,70,17
2,5,63,24
3,6,70,17
4,7,65,22
5,8,69,18
6,9,60,27
7,10,61,26
8,11,59,28
9,12,62,25
10,13,59,28
best_local_k 4
-
t_5
finding_best_k
i,k,successes,mistakes
0,3,69,18
1,4,72,15
2,5,67,20
3,6,69,18
4,7,68,19
5,8,68,19
6,9,65,22
7,10,67,20
8,11,65,22
9,12,70,17
10,13,67,20
best_local_k 4
-
t_6
finding_best_k
i,k,successes,mistakes
0,3,70,17
1,4,75,12
2,5,68,19
3,6,71,16
4,7,67,20
5,8,71,16
6,9,67,20
7,10,69,18
8,11,66,21
9,12,69,18
10,13,66,21
best_local_k 4
-
t_7
finding_best_k
i,k,successes,mistakes
0,3,68,19
1,4,77,10
2,5,65,22
3,6,70,17
4,7,62,25
5,8,69,18
6,9,59,28
7,10,66,21
8,11,59,28
9,12,62,25
10,13,58,29
best_local_k 4
-
t_8
finding_best_k
i,k,successes,mistakes
0,3,70,17
1,4,73,14
2,5,70,17
3,6,74,13
4,7,67,20
5,8,71,16
6,9,68,19
7,10,69,18
8,11,66,21
9,12,70,17
10,13,65,22
best_local_k 6
-
t_9
finding_best_k
i,k,successes,mistakes
0,3,64,23
1,4,72,15
2,5,63,24
3,6,66,21
4,7,63,24
5,8,70,17
6,9,61,26
7,10,66,21
8,11,61,26
9,12,67,20
10,13,61,26
best_local_k 4
-
result
best_t,best_k,successes,mistakes,success_ratio
9,4,130,47,73.45%

iteration_10
-
t_0
finding_best_k
i,k,successes,mistakes
0,3,55,32
1,4,54,33
2,5,60,27
3,6,60,27
4,7,57,30
5,8,58,29
6,9,57,30
7,10,57,30
8,11,56,31
9,12,56,31
10,13,56,31
best_local_k 5
-
t_1
finding_best_k
i,k,successes,mistakes
0,3,63,24
1,4,60,27
2,5,62,25
3,6,60,27
4,7,68,19
5,8,65,22
6,9,64,23
7,10,61,26
8,11,63,24
9,12,58,29
10,13,61,26
best_local_k 7
-
t_2
finding_best_k
i,k,successes,mistakes
0,3,68,19
1,4,73,14
2,5,67,20
3,6,73,14
4,7,68,19
5,8,72,15
6,9,65,22
7,10,67,20
8,11,63,24
9,12,66,21
10,13,64,23
best_local_k 4
-
t_3
finding_best_k
i,k,successes,mistakes
0,3,71,16
1,4,74,13
2,5,69,18
3,6,74,13
4,7,69,18
5,8,72,15
6,9,68,19
7,10,69,18
8,11,67,20
9,12,69,18
10,13,65,22
best_local_k 4
-
t_4
finding_best_k
i,k,successes,mistakes
0,3,66,21
1,4,72,15
2,5,66,21
3,6,69,18
4,7,61,26
5,8,67,20
6,9,63,24
7,10,64,23
8,11,62,25
9,12,64,23
10,13,61,26
best_local_k 4
-
t_5
finding_best_k
i,k,successes,mistakes
0,3,65,22
1,4,73,14
2,5,68,19
3,6,71,16
4,7,61,26
5,8,70,17
6,9,63,24
7,10,70,17
8,11,62,25
9,12,66,21
10,13,64,23
best_local_k 4
-
t_6
finding_best_k
i,k,successes,mistakes
0,3,70,17
1,4,78,9
2,5,72,15
3,6,77,10
4,7,71,16
5,8,72,15
6,9,70,17
7,10,72,15
8,11,69,18
9,12,69,18
10,13,68,19
best_local_k 4
-
t_7
finding_best_k
i,k,successes,mistakes
0,3,71,16
1,4,80,7
2,5,73,14
3,6,76,11
4,7,71,16
5,8,72,15
6,9,68,19
7,10,72,15
8,11,69,18
9,12,70,17
10,13,69,18
best_local_k 4
-
t_8
finding_best_k
i,k,successes,mistakes
0,3,72,15
1,4,82,5
2,5,72,15
3,6,75,12
4,7,70,17
5,8,73,14
6,9,69,18
7,10,73,14
8,11,67,20
9,12,73,14
10,13,64,23
best_local_k 4
-
t_9
finding_best_k
i,k,successes,mistakes
0,3,72,15
1,4,79,8
2,5,70,17
3,6,71,16
4,7,69,18
5,8,72,15
6,9,66,21
7,10,71,16
8,11,65,22
9,12,68,19
10,13,65,22
best_local_k 4
-
result
best_t,best_k,successes,mistakes,success_ratio
9,4,147,30,83.05%

iteration_11
-
t_0
finding_best_k
i,k,successes,mistakes
0,3,55,32
1,4,54,33
2,5,60,27
3,6,60,27
4,7,57,30
5,8,58,29
6,9,57,30
7,10,57,30
8,11,56,31
9,12,56,31
10,13,56,31
best_local_k 5
-
t_1
finding_best_k
i,k,successes,mistakes
0,3,63,24
1,4,60,27
2,5,63,24
3,6,63,24
4,7,66,21
5,8,64,23
6,9,64,23
7,10,60,27
8,11,63,24
9,12,61,26
10,13,61,26
best_local_k 7
-
t_2
finding_best_k
i,k,successes,mistakes
0,3,67,20
1,4,73,14
2,5,66,21
3,6,74,13
4,7,66,21
5,8,72,15
6,9,65,22
7,10,68,19
8,11,64,23
9,12,68,19
10,13,60,27
best_local_k 6
-
t_3
finding_best_k
i,k,successes,mistakes
0,3,65,22
1,4,70,17
2,5,66,21
3,6,72,15
4,7,65,22
5,8,68,19
6,9,62,25
7,10,64,23
8,11,61,26
9,12,64,23
10,13,59,28
best_local_k 6
-
t_4
finding_best_k
i,k,successes,mistakes
0,3,71,16
1,4,77,10
2,5,73,14
3,6,76,11
4,7,72,15
5,8,77,10
6,9,71,16
7,10,75,12
8,11,69,18
9,12,72,15
10,13,69,18
best_local_k 4
-
t_5
finding_best_k
i,k,successes,mistakes
0,3,73,14
1,4,78,9
2,5,71,16
3,6,77,10
4,7,70,17
5,8,74,13
6,9,65,22
7,10,72,15
8,11,65,22
9,12,72,15
10,13,65,22
best_local_k 4
-
t_6
finding_best_k
i,k,successes,mistakes
0,3,78,9
1,4,82,5
2,5,72,15
3,6,76,11
4,7,68,19
5,8,72,15
6,9,68,19
7,10,72,15
8,11,69,18
9,12,70,17
10,13,68,19
best_local_k 4
-
t_7
finding_best_k
i,k,successes,mistakes
0,3,70,17
1,4,78,9
2,5,69,18
3,6,74,13
4,7,70,17
5,8,72,15
6,9,68,19
7,10,72,15
8,11,68,19
9,12,69,18
10,13,67,20
best_local_k 4
-
t_8
finding_best_k
i,k,successes,mistakes
0,3,73,14
1,4,79,8
2,5,74,13
3,6,77,10
4,7,71,16
5,8,72,15
6,9,70,17
7,10,72,15
8,11,71,16
9,12,72,15
10,13,68,19
best_local_k 4
-
t_9
finding_best_k
i,k,successes,mistakes
0,3,74,13
1,4,79,8
2,5,74,13
3,6,77,10
4,7,71,16
5,8,73,14
6,9,70,17
7,10,73,14
8,11,71,16
9,12,72,15
10,13,70,17
best_local_k 4
-
result
best_t,best_k,successes,mistakes,success_ratio
9,4,148,29,83.62%

iteration_12
-
t_0
finding_best_k
i,k,successes,mistakes
0,3,55,32
1,4,54,33
2,5,60,27
3,6,60,27
4,7,57,30
5,8,58,29
6,9,57,30
7,10,57,30
8,11,56,31
9,12,56,31
10,13,56,31
best_local_k 5
-
t_1
finding_best_k
i,k,successes,mistakes
0,3,61,26
1,4,62,25
2,5,62,25
3,6,61,26
4,7,65,22
5,8,61,26
6,9,66,21
7,10,62,25
8,11,63,24
9,12,58,29
10,13,64,23
best_local_k 9
-
t_2
finding_best_k
i,k,successes,mistakes
0,3,72,15
1,4,70,17
2,5,71,16
3,6,71,16
4,7,73,14
5,8,71,16
6,9,70,17
7,10,70,17
8,11,67,20
9,12,68,19
10,13,66,21
best_local_k 7
-
t_3
finding_best_k
i,k,successes,mistakes
0,3,58,29
1,4,63,24
2,5,57,30
3,6,60,27
4,7,57,30
5,8,63,24
6,9,59,28
7,10,60,27
8,11,57,30
9,12,59,28
10,13,56,31
best_local_k 4
-
t_4
finding_best_k
i,k,successes,mistakes
0,3,69,18
1,4,74,13
2,5,69,18
3,6,73,14
4,7,71,16
5,8,73,14
6,9,72,15
7,10,73,14
8,11,70,17
9,12,73,14
10,13,71,16
best_local_k 4
-
t_5
finding_best_k
i,k,successes,mistakes
0,3,68,19
1,4,73,14
2,5,69,18
3,6,72,15
4,7,65,22
5,8,68,19
6,9,64,23
7,10,68,19
8,11,65,22
9,12,69,18
10,13,66,21
best_local_k 4
-
t_6
finding_best_k
i,k,successes,mistakes
0,3,67,20
1,4,73,14
2,5,62,25
3,6,68,19
4,7,63,24
5,8,67,20
6,9,62,25
7,10,66,21
8,11,62,25
9,12,66,21
10,13,60,27
best_local_k 4
-
t_7
finding_best_k
i,k,successes,mistakes
0,3,76,11
1,4,78,9
2,5,77,10
3,6,78,9
4,7,75,12
5,8,78,9
6,9,75,12
7,10,74,13
8,11,73,14
9,12,72,15
10,13,73,14
best_local_k 4
-
t_8
finding_best_k
i,k,successes,mistakes
0,3,72,15
1,4,79,8
2,5,73,14
3,6,78,9
4,7,71,16
5,8,76,11
6,9,68,19
7,10,73,14
8,11,67,20
9,12,71,16
10,13,66,21
best_local_k 4
-
t_9
finding_best_k
i,k,successes,mistakes
0,3,69,18
1,4,79,8
2,5,68,19
3,6,74,13
4,7,67,20
5,8,75,12
6,9,70,17
7,10,76,11
8,11,69,18
9,12,73,14
10,13,68,19
best_local_k 4
-
result
best_t,best_k,successes,mistakes,success_ratio
9,4,140,37,79.10%

iteration_13
-
t_0
finding_best_k
i,k,successes,mistakes
0,3,55,32
1,4,54,33
2,5,60,27
3,6,60,27
4,7,57,30
5,8,58,29
6,9,57,30
7,10,57,30
8,11,56,31
9,12,56,31
10,13,56,31
best_local_k 5
-
t_1
finding_best_k
i,k,successes,mistakes
0,3,62,25
1,4,61,26
2,5,58,29
3,6,61,26
4,7,67,20
5,8,63,24
6,9,65,22
7,10,60,27
8,11,62,25
9,12,58,29
10,13,65,22
best_local_k 7
-
t_2
finding_best_k
i,k,successes,mistakes
0,3,61,26
1,4,63,24
2,5,57,30
3,6,60,27
4,7,61,26
5,8,64,23
6,9,59,28
7,10,65,22
8,11,58,29
9,12,60,27
10,13,58,29
best_local_k 10
-
t_3
finding_best_k
i,k,successes,mistakes
0,3,61,26
1,4,65,22
2,5,61,26
3,6,68,19
4,7,63,24
5,8,69,18
6,9,66,21
7,10,71,16
8,11,68,19
9,12,69,18
10,13,67,20
best_local_k 10
-
t_4
finding_best_k
i,k,successes,mistakes
0,3,62,25
1,4,66,21
2,5,62,25
3,6,66,21
4,7,65,22
5,8,71,16
6,9,66,21
7,10,73,14
8,11,69,18
9,12,72,15
10,13,68,19
best_local_k 10
-
t_5
finding_best_k
i,k,successes,mistakes
0,3,64,23
1,4,70,17
2,5,62,25
3,6,66,21
4,7,64,23
5,8,71,16
6,9,67,20
7,10,71,16
8,11,68,19
9,12,71,16
10,13,67,20
best_local_k 8
-
t_6
finding_best_k
i,k,successes,mistakes
0,3,63,24
1,4,70,17
2,5,62,25
3,6,70,17
4,7,64,23
5,8,73,14
6,9,71,16
7,10,74,13
8,11,72,15
9,12,74,13
10,13,70,17
best_local_k 10
-
t_7
finding_best_k
i,k,successes,mistakes
0,3,62,25
1,4,65,22
2,5,62,25
3,6,65,22
4,7,60,27
5,8,62,25
6,9,59,28
7,10,60,27
8,11,58,29
9,12,59,28
10,13,57,30
best_local_k 4
-
t_8
finding_best_k
i,k,successes,mistakes
0,3,69,18
1,4,69,18
2,5,64,23
3,6,68,19
4,7,64,23
5,8,67,20
6,9,64,23
7,10,64,23
8,11,62,25
9,12,65,22
10,13,61,26
best_local_k 3
-
t_9
finding_best_k
i,k,successes,mistakes
0,3,64,23
1,4,74,13
2,5,70,17
3,6,72,15
4,7,69,18
5,8,71,16
6,9,66,21
7,10,70,17
8,11,65,22
9,12,66,21
10,13,66,21
best_local_k 4
-
result
best_t,best_k,successes,mistakes,success_ratio
9,4,150,27,84.75%

iteration_14
-
t_0
finding_best_k
i,k,successes,mistakes
0,3,55,32
1,4,54,33
2,5,60,27
3,6,60,27
4,7,57,30
5,8,58,29
6,9,57,30
7,10,57,30
8,11,56,31
9,12,56,31
10,13,56,31
best_local_k 5
-
t_1
finding_best_k
i,k,successes,mistakes
0,3,66,21
1,4,66,21
2,5,65,22
3,6,63,24
4,7,61,26
5,8,59,28
6,9,65,22
7,10,60,27
8,11,61,26
9,12,58,29
10,13,64,23
best_local_k 3
-
t_2
finding_best_k
i,k,successes,mistakes
0,3,59,28
1,4,63,24
2,5,62,25
3,6,62,25
4,7,61,26
5,8,64,23
6,9,61,26
7,10,60,27
8,11,58,29
9,12,60,27
10,13,61,26
best_local_k 8
-
t_3
finding_best_k
i,k,successes,mistakes
0,3,66,21
1,4,73,14
2,5,67,20
3,6,69,18
4,7,66,21
5,8,69,18
6,9,68,19
7,10,70,17
8,11,68,19
9,12,70,17
10,13,65,22
best_local_k 4
-
t_4
finding_best_k
i,k,successes,mistakes
0,3,66,21
1,4,70,17
2,5,65,22
3,6,71,16
4,7,65,22
5,8,72,15
6,9,64,23
7,10,70,17
8,11,64,23
9,12,68,19
10,13,62,25
best_local_k 8
-
t_5
finding_best_k
i,k,successes,mistakes
0,3,63,24
1,4,63,24
2,5,59,28
3,6,62,25
4,7,58,29
5,8,63,24
6,9,58,29
7,10,59,28
8,11,59,28
9,12,61,26
10,13,60,27
best_local_k 3
-
t_6
finding_best_k
i,k,successes,mistakes
0,3,71,16
1,4,70,17
2,5,70,17
3,6,69,18
4,7,65,22
5,8,66,21
6,9,64,23
7,10,63,24
8,11,64,23
9,12,62,25
10,13,65,22
best_local_k 3
-
t_7
finding_best_k
i,k,successes,mistakes
0,3,74,13
1,4,73,14
2,5,67,20
3,6,70,17
4,7,62,25
5,8,65,22
6,9,62,25
7,10,67,20
8,11,61,26
9,12,63,24
10,13,61,26
best_local_k 3
-
t_8
finding_best_k
i,k,successes,mistakes
0,3,75,12
1,4,72,15
2,5,70,17
3,6,72,15
4,7,67,20
5,8,68,19
6,9,65,22
7,10,70,17
8,11,65,22
9,12,68,19
10,13,64,23
best_local_k 3
-
t_9
finding_best_k
i,k,successes,mistakes
0,3,72,15
1,4,69,18
2,5,63,24
3,6,69,18
4,7,63,24
5,8,67,20
6,9,65,22
7,10,69,18
8,11,65,22
9,12,66,21
10,13,66,21
best_local_k 3
-
result
best_t,best_k,successes,mistakes,success_ratio
9,3,131,46,74.01%

iteration_15
-
t_0
finding_best_k
i,k,successes,mistakes
0,3,55,32
1,4,54,33
2,5,60,27
3,6,60,27
4,7,57,30
5,8,58,29
6,9,57,30
7,10,57,30
8,11,56,31
9,12,56,31
10,13,56,31
best_local_k 5
-
t_1
finding_best_k
i,k,successes,mistakes
0,3,63,24
1,4,60,27
2,5,62,25
3,6,61,26
4,7,61,26
5,8,59,28
6,9,61,26
7,10,58,29
8,11,61,26
9,12,57,30
10,13,63,24
best_local_k 3
-
t_2
finding_best_k
i,k,successes,mistakes
0,3,56,31
1,4,61,26
2,5,61,26
3,6,71,16
4,7,64,23
5,8,70,17
6,9,64,23
7,10,68,19
8,11,65,22
9,12,69,18
10,13,61,26
best_local_k 6
-
t_3
finding_best_k
i,k,successes,mistakes
0,3,56,31
1,4,59,28
2,5,56,31
3,6,64,23
4,7,63,24
5,8,68,19
6,9,63,24
7,10,64,23
8,11,60,27
9,12,61,26
10,13,59,28
best_local_k 8
-
t_4
finding_best_k
i,k,successes,mistakes
0,3,61,26
1,4,65,22
2,5,64,23
3,6,72,15
4,7,69,18
5,8,72,15
6,9,68,19
7,10,70,17
8,11,68,19
9,12,67,20
10,13,68,19
best_local_k 6
-
t_5
finding_best_k
i,k,successes,mistakes
0,3,60,27
1,4,67,20
2,5,61,26
3,6,66,21
4,7,60,27
5,8,63,24
6,9,60,27
7,10,61,26
8,11,59,28
9,12,60,27
10,13,58,29
best_local_k 4
-
t_6
finding_best_k
i,k,successes,mistakes
0,3,66,21
1,4,74,13
2,5,66,21
3,6,72,15
4,7,67,20
5,8,71,16
6,9,65,22
7,10,67,20
8,11,63,24
9,12,66,21
10,13,65,22
best_local_k 4
-
t_7
finding_best_k
i,k,successes,mistakes
0,3,67,20
1,4,75,12
2,5,68,19
3,6,76,11
4,7,68,19
5,8,75,12
6,9,68,19
7,10,73,14
8,11,66,21
9,12,70,17
10,13,65,22
best_local_k 6
-
t_8
finding_best_k
i,k,successes,mistakes
0,3,59,28
1,4,64,23
2,5,61,26
3,6,71,16
4,7,70,17
5,8,77,10
6,9,71,16
7,10,76,11
8,11,67,20
9,12,70,17
10,13,67,20
best_local_k 8
-
t_9
finding_best_k
i,k,successes,mistakes
0,3,62,25
1,4,64,23
2,5,59,28
3,6,67,20
4,7,57,30
5,8,64,23
6,9,58,29
7,10,62,25
8,11,57,30
9,12,59,28
10,13,58,29
best_local_k 6
-
result
best_t,best_k,successes,mistakes,success_ratio
9,6,124,53,70.06%

iteration_16
-
t_0
finding_best_k
i,k,successes,mistakes
0,3,55,32
1,4,54,33
2,5,60,27
3,6,60,27
4,7,57,30
5,8,58,29
6,9,57,30
7,10,57,30
8,11,56,31
9,12,56,31
10,13,56,31
best_local_k 5
-
t_1
finding_best_k
i,k,successes,mistakes
0,3,64,23
1,4,61,26
2,5,61,26
3,6,62,25
4,7,61,26
5,8,60,27
6,9,63,24
7,10,57,30
8,11,57,30
9,12,55,32
10,13,56,31
best_local_k 3
-
t_2
finding_best_k
i,k,successes,mistakes
0,3,61,26
1,4,68,19
2,5,62,25
3,6,65,22
4,7,59,28
5,8,66,21
6,9,60,27
7,10,62,25
8,11,59,28
9,12,62,25
10,13,56,31
best_local_k 4
-
t_3
finding_best_k
i,k,successes,mistakes
0,3,65,22
1,4,69,18
2,5,62,25
3,6,65,22
4,7,65,22
5,8,72,15
6,9,68,19
7,10,71,16
8,11,65,22
9,12,65,22
10,13,62,25
best_local_k 8
-
t_4
finding_best_k
i,k,successes,mistakes
0,3,62,25
1,4,69,18
2,5,61,26
3,6,61,26
4,7,60,27
5,8,65,22
6,9,60,27
7,10,62,25
8,11,60,27
9,12,62,25
10,13,59,28
best_local_k 4
-
t_5
finding_best_k
i,k,successes,mistakes
0,3,67,20
1,4,75,12
2,5,69,18
3,6,75,12
4,7,68,19
5,8,75,12
6,9,69,18
7,10,70,17
8,11,69,18
9,12,73,14
10,13,68,19
best_local_k 4
-
t_6
finding_best_k
i,k,successes,mistakes
0,3,65,22
1,4,71,16
2,5,62,25
3,6,68,19
4,7,61,26
5,8,63,24
6,9,58,29
7,10,65,22
8,11,61,26
9,12,63,24
10,13,62,25
best_local_k 4
-
t_7
finding_best_k
i,k,successes,mistakes
0,3,64,23
1,4,66,21
2,5,61,26
3,6,63,24
4,7,60,27
5,8,63,24
6,9,60,27
7,10,66,21
8,11,62,25
9,12,65,22
10,13,65,22
best_local_k 4
-
t_8
finding_best_k
i,k,successes,mistakes
0,3,68,19
1,4,72,15
2,5,64,23
3,6,67,20
4,7,64,23
5,8,66,21
6,9,65,22
7,10,70,17
8,11,65,22
9,12,67,20
10,13,64,23
best_local_k 4
-
t_9
finding_best_k
i,k,successes,mistakes
0,3,70,17
1,4,77,10
2,5,63,24
3,6,68,19
4,7,64,23
5,8,67,20
6,9,62,25
7,10,68,19
8,11,64,23
9,12,66,21
10,13,62,25
best_local_k 4
-
result
best_t,best_k,successes,mistakes,success_ratio
9,4,144,33,81.36%

iteration_17
-
t_0
finding_best_k
i,k,successes,mistakes
0,3,55,32
1,4,54,33
2,5,60,27
3,6,60,27
4,7,57,30
5,8,58,29
6,9,57,30
7,10,57,30
8,11,56,31
9,12,56,31
10,13,56,31
best_local_k 5
-
t_1
finding_best_k
i,k,successes,mistakes
0,3,61,26
1,4,57,30
2,5,60,27
3,6,60,27
4,7,60,27
5,8,58,29
6,9,56,31
7,10,56,31
8,11,56,31
9,12,56,31
10,13,54,33
best_local_k 3
-
t_2
finding_best_k
i,k,successes,mistakes
0,3,60,27
1,4,61,26
2,5,56,31
3,6,57,30
4,7,58,29
5,8,61,26
6,9,58,29
7,10,62,25
8,11,61,26
9,12,61,26
10,13,59,28
best_local_k 10
-
t_3
finding_best_k
i,k,successes,mistakes
0,3,69,18
1,4,70,17
2,5,66,21
3,6,70,17
4,7,67,20
5,8,70,17
6,9,65,22
7,10,67,20
8,11,64,23
9,12,67,20
10,13,63,24
best_local_k 4
-
t_4
finding_best_k
i,k,successes,mistakes
0,3,71,16
1,4,71,16
2,5,68,19
3,6,73,14
4,7,68,19
5,8,73,14
6,9,66,21
7,10,69,18
8,11,67,20
9,12,70,17
10,13,68,19
best_local_k 6
-
t_5
finding_best_k
i,k,successes,mistakes
0,3,66,21
1,4,69,18
2,5,64,23
3,6,68,19
4,7,63,24
5,8,67,20
6,9,63,24
7,10,68,19
8,11,65,22
9,12,68,19
10,13,66,21
best_local_k 4
-
t_6
finding_best_k
i,k,successes,mistakes
0,3,68,19
1,4,71,16
2,5,68,19
3,6,76,11
4,7,71,16
5,8,75,12
6,9,70,17
7,10,73,14
8,11,67,20
9,12,70,17
10,13,66,21
best_local_k 6
-
t_7
finding_best_k
i,k,successes,mistakes
0,3,71,16
1,4,75,12
2,5,70,17
3,6,80,7
4,7,71,16
5,8,77,10
6,9,71,16
7,10,71,16
8,11,69,18
9,12,70,17
10,13,68,19
best_local_k 6
-
t_8
finding_best_k
i,k,successes,mistakes
0,3,71,16
1,4,75,12
2,5,71,16
3,6,79,8
4,7,71,16
5,8,76,11
6,9,72,15
7,10,72,15
8,11,69,18
9,12,70,17
10,13,69,18
best_local_k 6
-
t_9
finding_best_k
i,k,successes,mistakes
0,3,70,17
1,4,75,12
2,5,71,16
3,6,77,10
4,7,72,15
5,8,75,12
6,9,71,16
7,10,72,15
8,11,69,18
9,12,71,16
10,13,67,20
best_local_k 6
-
result
best_t,best_k,successes,mistakes,success_ratio
9,6,147,30,83.05%

iteration_18
-
t_0
finding_best_k
i,k,successes,mistakes
0,3,55,32
1,4,54,33
2,5,60,27
3,6,60,27
4,7,57,30
5,8,58,29
6,9,57,30
7,10,57,30
8,11,56,31
9,12,56,31
10,13,56,31
best_local_k 5
-
t_1
finding_best_k
i,k,successes,mistakes
0,3,63,24
1,4,59,28
2,5,61,26
3,6,62,25
4,7,62,25
5,8,60,27
6,9,60,27
7,10,56,31
8,11,56,31
9,12,53,34
10,13,57,30
best_local_k 3
-
t_2
finding_best_k
i,k,successes,mistakes
0,3,70,17
1,4,76,11
2,5,68,19
3,6,72,15
4,7,64,23
5,8,68,19
6,9,62,25
7,10,64,23
8,11,62,25
9,12,65,22
10,13,62,25
best_local_k 4
-
t_3
finding_best_k
i,k,successes,mistakes
0,3,66,21
1,4,73,14
2,5,65,22
3,6,70,17
4,7,64,23
5,8,68,19
6,9,61,26
7,10,64,23
8,11,60,27
9,12,64,23
10,13,60,27
best_local_k 4
-
t_4
finding_best_k
i,k,successes,mistakes
0,3,61,26
1,4,69,18
2,5,64,23
3,6,66,21
4,7,61,26
5,8,64,23
6,9,61,26
7,10,61,26
8,11,60,27
9,12,64,23
10,13,59,28
best_local_k 4
-
t_5
finding_best_k
i,k,successes,mistakes
0,3,64,23
1,4,75,12
2,5,66,21
3,6,72,15
4,7,63,24
5,8,70,17
6,9,66,21
7,10,68,19
8,11,64,23
9,12,65,22
10,13,63,24
best_local_k 4
-
t_6
finding_best_k
i,k,successes,mistakes
0,3,65,22
1,4,72,15
2,5,67,20
3,6,70,17
4,7,61,26
5,8,64,23
6,9,58,29
7,10,60,27
8,11,57,30
9,12,58,29
10,13,56,31
best_local_k 4
-
t_7
finding_best_k
i,k,successes,mistakes
0,3,67,20
1,4,74,13
2,5,69,18
3,6,71,16
4,7,68,19
5,8,71,16
6,9,64,23
7,10,65,22
8,11,61,26
9,12,63,24
10,13,61,26
best_local_k 4
-
t_8
finding_best_k
i,k,successes,mistakes
0,3,65,22
1,4,73,14
2,5,68,19
3,6,73,14
4,7,63,24
5,8,71,16
6,9,67,20
7,10,71,16
8,11,64,23
9,12,70,17
10,13,63,24
best_local_k 4
-
t_9
finding_best_k
i,k,successes,mistakes
0,3,68,19
1,4,73,14
2,5,69,18
3,6,71,16
4,7,66,21
5,8,69,18
6,9,66,21
7,10,68,19
8,11,61,26
9,12,66,21
10,13,59,28
best_local_k 4
-
result
best_t,best_k,successes,mistakes,success_ratio
9,4,140,37,79.10%

iteration_19
-
t_0
finding_best_k
i,k,successes,mistakes
0,3,55,32
1,4,54,33
2,5,60,27
3,6,60,27
4,7,57,30
5,8,58,29
6,9,57,30
7,10,57,30
8,11,56,31
9,12,56,31
10,13,56,31
best_local_k 5
-
t_1
finding_best_k
i,k,successes,mistakes
0,3,65,22
1,4,62,25
2,5,63,24
3,6,62,25
4,7,63,24
5,8,62,25
6,9,63,24
7,10,61,26
8,11,57,30
9,12,58,29
10,13,60,27
best_local_k 3
-
t_2
finding_best_k
i,k,successes,mistakes
0,3,62,25
1,4,66,21
2,5,64,23
3,6,71,16
4,7,62,25
5,8,70,17
6,9,64,23
7,10,67,20
8,11,63,24
9,12,64,23
10,13,62,25
best_local_k 6
-
t_3
finding_best_k
i,k,successes,mistakes
0,3,68,19
1,4,72,15
2,5,66,21
3,6,70,17
4,7,67,20
5,8,73,14
6,9,67,20
7,10,69,18
8,11,64,23
9,12,68,19
10,13,63,24
best_local_k 8
-
t_4
finding_best_k
i,k,successes,mistakes
0,3,68,19
1,4,73,14
2,5,69,18
3,6,74,13
4,7,70,17
5,8,72,15
6,9,65,22
7,10,67,20
8,11,63,24
9,12,67,20
10,13,61,26
best_local_k 6
-
t_5
finding_best_k
i,k,successes,mistakes
0,3,65,22
1,4,67,20
2,5,60,27
3,6,66,21
4,7,64,23
5,8,69,18
6,9,62,25
7,10,63,24
8,11,62,25
9,12,63,24
10,13,60,27
best_local_k 8
-
t_6
finding_best_k
i,k,successes,mistakes
0,3,65,22
1,4,70,17
2,5,64,23
3,6,73,14
4,7,62,25
5,8,72,15
6,9,64,23
7,10,67,20
8,11,64,23
9,12,66,21
10,13,62,25
best_local_k 6
-
t_7
finding_best_k
i,k,successes,mistakes
0,3,71,16
1,4,72,15
2,5,65,22
3,6,68,19
4,7,67,20
5,8,68,19
6,9,69,18
7,10,69,18
8,11,66,21
9,12,67,20
10,13,66,21
best_local_k 4
-
t_8
finding_best_k
i,k,successes,mistakes
0,3,66,21
1,4,72,15
2,5,63,24
3,6,68,19
4,7,63,24
5,8,71,16
6,9,63,24
7,10,66,21
8,11,62,25
9,12,65,22
10,13,60,27
best_local_k 4
-
t_9
finding_best_k
i,k,successes,mistakes
0,3,67,20
1,4,71,16
2,5,62,25
3,6,66,21
4,7,60,27
5,8,69,18
6,9,61,26
7,10,63,24
8,11,63,24
9,12,66,21
10,13,60,27
best_local_k 4
-
result
best_t,best_k,successes,mistakes,success_ratio
9,4,134,43,75.71%

iteration_20
-
t_0
finding_best_k
i,k,successes,mistakes
0,3,55,32
1,4,54,33
2,5,60,27
3,6,60,27
4,7,57,30
5,8,58,29
6,9,57,30
7,10,57,30
8,11,56,31
9,12,56,31
10,13,56,31
best_local_k 5
-
t_1
finding_best_k
i,k,successes,mistakes
0,3,64,23
1,4,60,27
2,5,62,25
3,6,60,27
4,7,62,25
5,8,61,26
6,9,62,25
7,10,61,26
8,11,56,31
9,12,57,30
10,13,58,29
best_local_k 3
-
t_2
finding_best_k
i,k,successes,mistakes
0,3,62,25
1,4,69,18
2,5,64,23
3,6,69,18
4,7,64,23
5,8,66,21
6,9,61,26
7,10,63,24
8,11,59,28
9,12,66,21
10,13,60,27
best_local_k 4
-
t_3
finding_best_k
i,k,successes,mistakes
0,3,73,14
1,4,76,11
2,5,69,18
3,6,73,14
4,7,70,17
5,8,71,16
6,9,70,17
7,10,72,15
8,11,69,18
9,12,69,18
10,13,68,19
best_local_k 4
-
t_4
finding_best_k
i,k,successes,mistakes
0,3,75,12
1,4,76,11
2,5,73,14
3,6,75,12
4,7,72,15
5,8,72,15
6,9,70,17
7,10,73,14
8,11,70,17
9,12,72,15
10,13,69,18
best_local_k 4
-
t_5
finding_best_k
i,k,successes,mistakes
0,3,73,14
1,4,80,7
2,5,70,17
3,6,78,9
4,7,73,14
5,8,77,10
6,9,71,16
7,10,73,14
8,11,69,18
9,12,73,14
10,13,70,17
best_local_k 4
-
t_6
finding_best_k
i,k,successes,mistakes
0,3,71,16
1,4,79,8
2,5,69,18
3,6,76,11
4,7,68,19
5,8,73,14
6,9,63,24
7,10,70,17
8,11,62,25
9,12,69,18
10,13,60,27
best_local_k 4
-
t_7
finding_best_k
i,k,successes,mistakes
0,3,60,27
1,4,67,20
2,5,59,28
3,6,63,24
4,7,59,28
5,8,59,28
6,9,58,29
7,10,59,28
8,11,58,29
9,12,59,28
10,13,56,31
best_local_k 4
-
t_8
finding_best_k
i,k,successes,mistakes
0,3,65,22
1,4,70,17
2,5,65,22
3,6,69,18
4,7,62,25
5,8,67,20
6,9,65,22
7,10,68,19
8,11,64,23
9,12,66,21
10,13,65,22
best_local_k 4
-
t_9
finding_best_k
i,k,successes,mistakes
0,3,60,27
1,4,66,21
2,5,59,28
3,6,64,23
4,7,58,29
5,8,61,26
6,9,60,27
7,10,62,25
8,11,60,27
9,12,62,25
10,13,59,28
best_local_k 4
-
result
best_t,best_k,successes,mistakes,success_ratio
9,4,128,49,72.32%

iteration_21
-
t_0
finding_best_k
i,k,successes,mistakes
0,3,55,32
1,4,54,33
2,5,60,27
3,6,60,27
4,7,57,30
5,8,58,29
6,9,57,30
7,10,57,30
8,11,56,31
9,12,56,31
10,13,56,31
best_local_k 5
-
t_1
finding_best_k
i,k,successes,mistakes
0,3,67,20
1,4,63,24
2,5,63,24
3,6,65,22
4,7,62,25
5,8,61,26
6,9,60,27
7,10,58,29
8,11,55,32
9,12,55,32
10,13,57,30
best_local_k 3
-
t_2
finding_best_k
i,k,successes,mistakes
0,3,69,18
1,4,72,15
2,5,66,21
3,6,70,17
4,7,61,26
5,8,68,19
6,9,61,26
7,10,63,24
8,11,59,28
9,12,63,24
10,13,60,27
best_local_k 4
-
t_3
finding_best_k
i,k,successes,mistakes
0,3,72,15
1,4,74,13
2,5,70,17
3,6,70,17
4,7,69,18
5,8,68,19
6,9,65,22
7,10,69,18
8,11,64,23
9,12,66,21
10,13,62,25
best_local_k 4
-
t_4
finding_best_k
i,k,successes,mistakes
0,3,70,17
1,4,73,14
2,5,63,24
3,6,67,20
4,7,59,28
5,8,64,23
6,9,59,28
7,10,63,24
8,11,60,27
9,12,61,26
10,13,60,27
best_local_k 4
-
t_5
finding_best_k
i,k,successes,mistakes
0,3,75,12
1,4,77,10
2,5,72,15
3,6,76,11
4,7,67,20
5,8,71,16
6,9,62,25
7,10,66,21
8,11,59,28
9,12,61,26
10,13,60,27
best_local_k 4
-
t_6
finding_best_k
i,k,successes,mistakes
0,3,73,14
1,4,76,11
2,5,74,13
3,6,77,10
4,7,68,19
5,8,70,17
6,9,66,21
7,10,68,19
8,11,67,20
9,12,69,18
10,13,63,24
best_local_k 6
-
t_7
finding_best_k
i,k,successes,mistakes
0,3,69,18
1,4,78,9
2,5,71,16
3,6,77,10
4,7,65,22
5,8,70,17
6,9,66,21
7,10,70,17
8,11,63,24
9,12,67,20
10,13,62,25
best_local_k 4
-
t_8
finding_best_k
i,k,successes,mistakes
0,3,69,18
1,4,82,5
2,5,74,13
3,6,78,9
4,7,68,19
5,8,76,11
6,9,68,19
7,10,73,14
8,11,67,20
9,12,72,15
10,13,67,20
best_local_k 4
-
t_9
finding_best_k
i,k,successes,mistakes
0,3,67,20
1,4,78,9
2,5,68,19
3,6,73,14
4,7,63,24
5,8,72,15
6,9,66,21
7,10,70,17
8,11,64,23
9,12,68,19
10,13,59,28
best_local_k 4
-
result
best_t,best_k,successes,mistakes,success_ratio
9,4,138,39,77.97%

iteration_22
-
t_0
finding_best_k
i,k,successes,mistakes
0,3,55,32
1,4,54,33
2,5,60,27
3,6,60,27
4,7,57,30
5,8,58,29
6,9,57,30
7,10,57,30
8,11,56,31
9,12,56,31
10,13,56,31
best_local_k 5
-
t_1
finding_best_k
i,k,successes,mistakes
0,3,65,22
1,4,59,28
2,5,62,25
3,6,62,25
4,7,62,25
5,8,60,27
6,9,59,28
7,10,59,28
8,11,56,31
9,12,56,31
10,13,56,31
best_local_k 3
-
t_2
finding_best_k
i,k,successes,mistakes
0,3,66,21
1,4,68,19
2,5,63,24
3,6,66,21
4,7,62,25
5,8,64,23
6,9,62,25
7,10,64,23
8,11,61,26
9,12,63,24
10,13,59,28
best_local_k 4
-
t_3
finding_best_k
i,k,successes,mistakes
0,3,69,18
1,4,74,13
2,5,66,21
3,6,71,16
4,7,66,21
5,8,70,17
6,9,64,23
7,10,69,18
8,11,62,25
9,12,66,21
10,13,63,24
best_local_k 4
-
t_4
finding_best_k
i,k,successes,mistakes
0,3,63,24
1,4,71,16
2,5,61,26
3,6,65,22
4,7,61,26
5,8,65,22
6,9,58,29
7,10,61,26
8,11,59,28
9,12,59,28
10,13,58,29
best_local_k 4
-
t_5
finding_best_k
i,k,successes,mistakes
0,3,62,25
1,4,65,22
2,5,60,27
3,6,61,26
4,7,58,29
5,8,62,25
6,9,59,28
7,10,61,26
8,11,57,30
9,12,59,28
10,13,57,30
best_local_k 4
-
t_6
finding_best_k
i,k,successes,mistakes
0,3,64,23
1,4,70,17
2,5,65,22
3,6,67,20
4,7,61,26
5,8,65,22
6,9,63,24
7,10,63,24
8,11,60,27
9,12,63,24
10,13,60,27
best_local_k 4
-
t_7
finding_best_k
i,k,successes,mistakes
0,3,68,19
1,4,78,9
2,5,65,22
3,6,73,14
4,7,62,25
5,8,67,20
6,9,64,23
7,10,65,22
8,11,62,25
9,12,67,20
10,13,59,28
best_local_k 4
-
t_8
finding_best_k
i,k,successes,mistakes
0,3,68,19
1,4,78,9
2,5,65,22
3,6,70,17
4,7,64,23
5,8,67,20
6,9,62,25
7,10,64,23
8,11,62,25
9,12,65,22
10,13,60,27
best_local_k 4
-
t_9
finding_best_k
i,k,successes,mistakes
0,3,67,20
1,4,76,11
2,5,64,23
3,6,67,20
4,7,61,26
5,8,65,22
6,9,60,27
7,10,64,23
8,11,60,27
9,12,63,24
10,13,59,28
best_local_k 4
-
result
best_t,best_k,successes,mistakes,success_ratio
9,4,136,41,76.84%

iteration_23
-
t_0
finding_best_k
i,k,successes,mistakes
0,3,55,32
1,4,54,33
2,5,60,27
3,6,60,27
4,7,57,30
5,8,58,29
6,9,57,30
7,10,57,30
8,11,56,31
9,12,56,31
10,13,56,31
best_local_k 5
-
t_1
finding_best_k
i,k,successes,mistakes
0,3,64,23
1,4,64,23
2,5,63,24
3,6,63,24
4,7,64,23
5,8,61,26
6,9,64,23
7,10,59,28
8,11,64,23
9,12,60,27
10,13,60,27
best_local_k 3
-
t_2
finding_best_k
i,k,successes,mistakes
0,3,66,21
1,4,71,16
2,5,66,21
3,6,74,13
4,7,65,22
5,8,69,18
6,9,67,20
7,10,73,14
8,11,71,16
9,12,72,15
10,13,70,17
best_local_k 6
-
t_3
finding_best_k
i,k,successes,mistakes
0,3,60,27
1,4,63,24
2,5,57,30
3,6,62,25
4,7,60,27
5,8,65,22
6,9,62,25
7,10,67,20
8,11,64,23
9,12,63,24
10,13,62,25
best_local_k 10
-
t_4
finding_best_k
i,k,successes,mistakes
0,3,72,15
1,4,73,14
2,5,71,16
3,6,77,10
4,7,69,18
5,8,72,15
6,9,69,18
7,10,72,15
8,11,72,15
9,12,69,18
10,13,69,18
best_local_k 6
-
t_5
finding_best_k
i,k,successes,mistakes
0,3,68,19
1,4,72,15
2,5,64,23
3,6,72,15
4,7,62,25
5,8,67,20
6,9,65,22
7,10,73,14
8,11,65,22
9,12,71,16
10,13,67,20
best_local_k 10
-
t_6
finding_best_k
i,k,successes,mistakes
0,3,58,29
1,4,64,23
2,5,59,28
3,6,63,24
4,7,61,26
5,8,64,23
6,9,62,25
7,10,65,22
8,11,61,26
9,12,63,24
10,13,59,28
best_local_k 10
-
t_7
finding_best_k
i,k,successes,mistakes
0,3,63,24
1,4,71,16
2,5,64,23
3,6,68,19
4,7,65,22
5,8,68,19
6,9,63,24
7,10,69,18
8,11,64,23
9,12,64,23
10,13,63,24
best_local_k 4
-
t_8
finding_best_k
i,k,successes,mistakes
0,3,66,21
1,4,69,18
2,5,63,24
3,6,67,20
4,7,61,26
5,8,66,21
6,9,60,27
7,10,65,22
8,11,62,25
9,12,64,23
10,13,63,24
best_local_k 4
-
t_9
finding_best_k
i,k,successes,mistakes
0,3,64,23
1,4,70,17
2,5,63,24
3,6,66,21
4,7,62,25
5,8,66,21
6,9,63,24
7,10,69,18
8,11,61,26
9,12,63,24
10,13,60,27
best_local_k 4
-
result
best_t,best_k,successes,mistakes,success_ratio
9,4,129,48,72.88%

iteration_24
-
t_0
finding_best_k
i,k,successes,mistakes
0,3,55,32
1,4,54,33
2,5,60,27
3,6,60,27
4,7,57,30
5,8,58,29
6,9,57,30
7,10,57,30
8,11,56,31
9,12,56,31
10,13,56,31
best_local_k 5
-
t_1
finding_best_k
i,k,successes,mistakes
0,3,65,22
1,4,61,26
2,5,62,25
3,6,62,25
4,7,62,25
5,8,61,26
6,9,58,29
7,10,61,26
8,11,56,31
9,12,56,31
10,13,54,33
best_local_k 3
-
t_2
finding_best_k
i,k,successes,mistakes
0,3,68,19
1,4,69,18
2,5,64,23
3,6,73,14
4,7,64,23
5,8,73,14
6,9,68,19
7,10,72,15
8,11,68,19
9,12,72,15
10,13,70,17
best_local_k 6
-
t_3
finding_best_k
i,k,successes,mistakes
0,3,67,20
1,4,74,13
2,5,66,21
3,6,75,12
4,7,67,20
5,8,73,14
6,9,68,19
7,10,74,13
8,11,68,19
9,12,70,17
10,13,64,23
best_local_k 6
-
t_4
finding_best_k
i,k,successes,mistakes
0,3,72,15
1,4,76,11
2,5,70,17
3,6,79,8
4,7,71,16
5,8,81,6
6,9,74,13
7,10,77,10
8,11,71,16
9,12,75,12
10,13,69,18
best_local_k 8
-
t_5
finding_best_k
i,k,successes,mistakes
0,3,71,16
1,4,78,9
2,5,67,20
3,6,76,11
4,7,65,22
5,8,74,13
6,9,64,23
7,10,71,16
8,11,62,25
9,12,66,21
10,13,60,27
best_local_k 4
-
t_6
finding_best_k
i,k,successes,mistakes
0,3,74,13
1,4,80,7
2,5,74,13
3,6,80,7
4,7,71,16
5,8,82,5
6,9,76,11
7,10,80,7
8,11,75,12
9,12,78,9
10,13,73,14
best_local_k 8
-
t_7
finding_best_k
i,k,successes,mistakes
0,3,75,12
1,4,81,6
2,5,73,14
3,6,79,8
4,7,70,17
5,8,79,8
6,9,74,13
7,10,78,9
8,11,73,14
9,12,77,10
10,13,69,18
best_local_k 4
-
t_8
finding_best_k
i,k,successes,mistakes
0,3,67,20
1,4,73,14
2,5,67,20
3,6,73,14
4,7,64,23
5,8,78,9
6,9,69,18
7,10,77,10
8,11,69,18
9,12,72,15
10,13,65,22
best_local_k 8
-
t_9
finding_best_k
i,k,successes,mistakes
0,3,61,26
1,4,66,21
2,5,60,27
3,6,63,24
4,7,59,28
5,8,67,20
6,9,59,28
7,10,65,22
8,11,59,28
9,12,61,26
10,13,58,29
best_local_k 8
-
result
best_t,best_k,successes,mistakes,success_ratio
9,8,128,49,72.32%

iteration_25
-
t_0
finding_best_k
i,k,successes,mistakes
0,3,55,32
1,4,54,33
2,5,60,27
3,6,60,27
4,7,57,30
5,8,58,29
6,9,57,30
7,10,57,30
8,11,56,31
9,12,56,31
10,13,56,31
best_local_k 5
-
t_1
finding_best_k
i,k,successes,mistakes
0,3,63,24
1,4,62,25
2,5,60,27
3,6,60,27
4,7,60,27
5,8,60,27
6,9,58,29
7,10,57,30
8,11,54,33
9,12,54,33
10,13,53,34
best_local_k 3
-
t_2
finding_best_k
i,k,successes,mistakes
0,3,62,25
1,4,64,23
2,5,63,24
3,6,71,16
4,7,65,22
5,8,69,18
6,9,66,21
7,10,70,17
8,11,65,22
9,12,68,19
10,13,65,22
best_local_k 6
-
t_3
finding_best_k
i,k,successes,mistakes
0,3,62,25
1,4,69,18
2,5,61,26
3,6,68,19
4,7,62,25
5,8,67,20
6,9,62,25
7,10,64,23
8,11,60,27
9,12,64,23
10,13,59,28
best_local_k 4
-
t_4
finding_best_k
i,k,successes,mistakes
0,3,68,19
1,4,71,16
2,5,65,22
3,6,70,17
4,7,68,19
5,8,67,20
6,9,66,21
7,10,67,20
8,11,65,22
9,12,67,20
10,13,65,22
best_local_k 4
-
t_5
finding_best_k
i,k,successes,mistakes
0,3,75,12
1,4,78,9
2,5,74,13
3,6,75,12
4,7,71,16
5,8,74,13
6,9,72,15
7,10,72,15
8,11,69,18
9,12,71,16
10,13,70,17
best_local_k 4
-
t_6
finding_best_k
i,k,successes,mistakes
0,3,72,15
1,4,77,10
2,5,68,19
3,6,76,11
4,7,68,19
5,8,71,16
6,9,62,25
7,10,66,21
8,11,61,26
9,12,64,23
10,13,59,28
best_local_k 4
-
t_7
finding_best_k
i,k,successes,mistakes
0,3,70,17
1,4,76,11
2,5,66,21
3,6,71,16
4,7,64,23
5,8,68,19
6,9,58,29
7,10,63,24
8,11,59,28
9,12,62,25
10,13,58,29
best_local_k 4
-
t_8
finding_best_k
i,k,successes,mistakes
0,3,70,17
1,4,76,11
2,5,68,19
3,6,77,10
4,7,68,19
5,8,72,15
6,9,65,22
7,10,70,17
8,11,62,25
9,12,65,22
10,13,62,25
best_local_k 6
-
t_9
finding_best_k
i,k,successes,mistakes
0,3,72,15
1,4,78,9
2,5,73,14
3,6,77,10
4,7,73,14
5,8,76,11
6,9,69,18
7,10,75,12
8,11,66,21
9,12,70,17
10,13,65,22
best_local_k 4
-
result
best_t,best_k,successes,mistakes,success_ratio
9,4,142,35,80.23%

iteration_26
-
t_0
finding_best_k
i,k,successes,mistakes
0,3,55,32
1,4,54,33
2,5,60,27
3,6,60,27
4,7,57,30
5,8,58,29
6,9,57,30
7,10,57,30
8,11,56,31
9,12,56,31
10,13,56,31
best_local_k 5
-
t_1
finding_best_k
i,k,successes,mistakes
0,3,65,22
1,4,60,27
2,5,62,25
3,6,61,26
4,7,63,24
5,8,61,26
6,9,65,22
7,10,58,29
8,11,65,22
9,12,62,25
10,13,61,26
best_local_k 3
-
t_2
finding_best_k
i,k,successes,mistakes
0,3,72,15
1,4,75,12
2,5,68,19
3,6,73,14
4,7,64,23
5,8,70,17
6,9,64,23
7,10,70,17
8,11,64,23
9,12,68,19
10,13,64,23
best_local_k 4
-
t_3
finding_best_k
i,k,successes,mistakes
0,3,69,18
1,4,71,16
2,5,66,21
3,6,69,18
4,7,69,18
5,8,68,19
6,9,67,20
7,10,69,18
8,11,68,19
9,12,67,20
10,13,67,20
best_local_k 4
-
t_4
finding_best_k
i,k,successes,mistakes
0,3,66,21
1,4,71,16
2,5,63,24
3,6,68,19
4,7,59,28
5,8,64,23
6,9,60,27
7,10,66,21
8,11,61,26
9,12,65,22
10,13,62,25
best_local_k 4
-
t_5
finding_best_k
i,k,successes,mistakes
0,3,73,14
1,4,75,12
2,5,71,16
3,6,73,14
4,7,67,20
5,8,71,16
6,9,68,19
7,10,72,15
8,11,64,23
9,12,68,19
10,13,64,23
best_local_k 4
-
t_6
finding_best_k
i,k,successes,mistakes
0,3,76,11
1,4,77,10
2,5,72,15
3,6,74,13
4,7,68,19
5,8,71,16
6,9,66,21
7,10,69,18
8,11,65,22
9,12,66,21
10,13,62,25
best_local_k 4
-
t_7
finding_best_k
i,k,successes,mistakes
0,3,77,10
1,4,79,8
2,5,72,15
3,6,75,12
4,7,69,18
5,8,73,14
6,9,69,18
7,10,74,13
8,11,65,22
9,12,69,18
10,13,64,23
best_local_k 4
-
t_8
finding_best_k
i,k,successes,mistakes
0,3,63,24
1,4,68,19
2,5,61,26
3,6,67,20
4,7,60,27
5,8,67,20
6,9,59,28
7,10,62,25
8,11,58,29
9,12,61,26
10,13,60,27
best_local_k 4
-
t_9
finding_best_k
i,k,successes,mistakes
0,3,66,21
1,4,72,15
2,5,67,20
3,6,69,18
4,7,64,23
5,8,64,23
6,9,60,27
7,10,63,24
8,11,60,27
9,12,62,25
10,13,58,29
best_local_k 4
-
result
best_t,best_k,successes,mistakes,success_ratio
9,4,150,27,84.75%

iteration_27
-
t_0
finding_best_k
i,k,successes,mistakes
0,3,55,32
1,4,54,33
2,5,60,27
3,6,60,27
4,7,57,30
5,8,58,29
6,9,57,30
7,10,57,30
8,11,56,31
9,12,56,31
10,13,56,31
best_local_k 5
-
t_1
finding_best_k
i,k,successes,mistakes
0,3,65,22
1,4,66,21
2,5,65,22
3,6,67,20
4,7,65,22
5,8,63,24
6,9,64,23
7,10,61,26
8,11,62,25
9,12,59,28
10,13,58,29
best_local_k 6
-
t_2
finding_best_k
i,k,successes,mistakes
0,3,71,16
1,4,77,10
2,5,66,21
3,6,72,15
4,7,65,22
5,8,72,15
6,9,66,21
7,10,69,18
8,11,64,23
9,12,66,21
10,13,62,25
best_local_k 4
-
t_3
finding_best_k
i,k,successes,mistakes
0,3,77,10
1,4,78,9
2,5,74,13
3,6,75,12
4,7,73,14
5,8,77,10
6,9,72,15
7,10,74,13
8,11,72,15
9,12,73,14
10,13,72,15
best_local_k 4
-
t_4
finding_best_k
i,k,successes,mistakes
0,3,65,22
1,4,71,16
2,5,68,19
3,6,69,18
4,7,63,24
5,8,69,18
6,9,65,22
7,10,69,18
8,11,66,21
9,12,69,18
10,13,65,22
best_local_k 4
-
t_5
finding_best_k
i,k,successes,mistakes
0,3,70,17
1,4,73,14
2,5,70,17
3,6,73,14
4,7,66,21
5,8,71,16
6,9,64,23
7,10,68,19
8,11,65,22
9,12,67,20
10,13,63,24
best_local_k 4
-
t_6
finding_best_k
i,k,successes,mistakes
0,3,68,19
1,4,75,12
2,5,71,16
3,6,74,13
4,7,69,18
5,8,72,15
6,9,65,22
7,10,69,18
8,11,64,23
9,12,66,21
10,13,62,25
best_local_k 4
-
t_7
finding_best_k
i,k,successes,mistakes
0,3,65,22
1,4,72,15
2,5,67,20
3,6,71,16
4,7,63,24
5,8,68,19
6,9,62,25
7,10,67,20
8,11,62,25
9,12,65,22
10,13,60,27
best_local_k 4
-
t_8
finding_best_k
i,k,successes,mistakes
0,3,65,22
1,4,71,16
2,5,66,21
3,6,68,19
4,7,61,26
5,8,64,23
6,9,60,27
7,10,61,26
8,11,59,28
9,12,60,27
10,13,58,29
best_local_k 4
-
t_9
finding_best_k
i,k,successes,mistakes
0,3,71,16
1,4,77,10
2,5,68,19
3,6,72,15
4,7,65,22
5,8,67,20
6,9,65,22
7,10,66,21
8,11,63,24
9,12,66,21
10,13,63,24
best_local_k 4
-
result
best_t,best_k,successes,mistakes,success_ratio
9,4,140,37,79.10%

iteration_28
-
t_0
finding_best_k
i,k,successes,mistakes
0,3,55,32
1,4,54,33
2,5,60,27
3,6,60,27
4,7,57,30
5,8,58,29
6,9,57,30
7,10,57,30
8,11,56,31
9,12,56,31
10,13,56,31
best_local_k 5
-
t_1
finding_best_k
i,k,successes,mistakes
0,3,64,23
1,4,63,24
2,5,56,31
3,6,60,27
4,7,58,29
5,8,57,30
6,9,60,27
7,10,56,31
8,11,51,36
9,12,51,36
10,13,56,31
best_local_k 3
-
t_2
finding_best_k
i,k,successes,mistakes
0,3,55,32
1,4,58,29
2,5,57,30
3,6,61,26
4,7,62,25
5,8,60,27
6,9,61,26
7,10,62,25
8,11,61,26
9,12,61,26
10,13,63,24
best_local_k 13
-
t_3
finding_best_k
i,k,successes,mistakes
0,3,62,25
1,4,65,22
2,5,62,25
3,6,66,21
4,7,62,25
5,8,65,22
6,9,64,23
7,10,66,21
8,11,65,22
9,12,66,21
10,13,63,24
best_local_k 6
-
t_4
finding_best_k
i,k,successes,mistakes
0,3,59,28
1,4,60,27
2,5,58,29
3,6,61,26
4,7,63,24
5,8,62,25
6,9,61,26
7,10,63,24
8,11,61,26
9,12,59,28
10,13,62,25
best_local_k 7
-
t_5
finding_best_k
i,k,successes,mistakes
0,3,64,23
1,4,69,18
2,5,60,27
3,6,64,23
4,7,60,27
5,8,66,21
6,9,60,27
7,10,64,23
8,11,60,27
9,12,64,23
10,13,60,27
best_local_k 4
-
t_6
finding_best_k
i,k,successes,mistakes
0,3,68,19
1,4,71,16
2,5,68,19
3,6,69,18
4,7,65,22
5,8,68,19
6,9,64,23
7,10,68,19
8,11,61,26
9,12,64,23
10,13,60,27
best_local_k 4
-
t_7
finding_best_k
i,k,successes,mistakes
0,3,68,19
1,4,76,11
2,5,67,20
3,6,74,13
4,7,64,23
5,8,69,18
6,9,65,22
7,10,72,15
8,11,67,20
9,12,68,19
10,13,64,23
best_local_k 4
-
t_8
finding_best_k
i,k,successes,mistakes
0,3,70,17
1,4,75,12
2,5,63,24
3,6,66,21
4,7,66,21
5,8,68,19
6,9,64,23
7,10,67,20
8,11,65,22
9,12,66,21
10,13,64,23
best_local_k 4
-
t_9
finding_best_k
i,k,successes,mistakes
0,3,69,18
1,4,78,9
2,5,71,16
3,6,74,13
4,7,65,22
5,8,70,17
6,9,65,22
7,10,69,18
8,11,59,28
9,12,64,23
10,13,61,26
best_local_k 4
-
result
best_t,best_k,successes,mistakes,success_ratio
9,4,147,30,83.05%

iteration_29
-
t_0
finding_best_k
i,k,successes,mistakes
0,3,55,32
1,4,54,33
2,5,60,27
3,6,60,27
4,7,57,30
5,8,58,29
6,9,57,30
7,10,57,30
8,11,56,31
9,12,56,31
10,13,56,31
best_local_k 5
-
t_1
finding_best_k
i,k,successes,mistakes
0,3,67,20
1,4,64,23
2,5,63,24
3,6,63,24
4,7,62,25
5,8,61,26
6,9,62,25
7,10,61,26
8,11,58,29
9,12,59,28
10,13,55,32
best_local_k 3
-
t_2
finding_best_k
i,k,successes,mistakes
0,3,62,25
1,4,66,21
2,5,61,26
3,6,62,25
4,7,60,27
5,8,63,24
6,9,59,28
7,10,64,23
8,11,60,27
9,12,62,25
10,13,60,27
best_local_k 4
-
t_3
finding_best_k
i,k,successes,mistakes
0,3,65,22
1,4,73,14
2,5,67,20
3,6,71,16
4,7,64,23
5,8,71,16
6,9,67,20
7,10,68,19
8,11,64,23
9,12,67,20
10,13,62,25
best_local_k 4
-
t_4
finding_best_k
i,k,successes,mistakes
0,3,67,20
1,4,74,13
2,5,66,21
3,6,71,16
4,7,64,23
5,8,70,17
6,9,66,21
7,10,67,20
8,11,61,26
9,12,65,22
10,13,62,25
best_local_k 4
-
t_5
finding_best_k
i,k,successes,mistakes
0,3,66,21
1,4,75,12
2,5,67,20
3,6,69,18
4,7,62,25
5,8,69,18
6,9,66,21
7,10,68,19
8,11,67,20
9,12,71,16
10,13,64,23
best_local_k 4
-
t_6
finding_best_k
i,k,successes,mistakes
0,3,72,15
1,4,77,10
2,5,72,15
3,6,74,13
4,7,69,18
5,8,75,12
6,9,71,16
7,10,72,15
8,11,69,18
9,12,74,13
10,13,66,21
best_local_k 4
-
t_7
finding_best_k
i,k,successes,mistakes
0,3,70,17
1,4,79,8
2,5,71,16
3,6,76,11
4,7,70,17
5,8,72,15
6,9,70,17
7,10,70,17
8,11,67,20
9,12,70,17
10,13,65,22
best_local_k 4
-
t_8
finding_best_k
i,k,successes,mistakes
0,3,63,24
1,4,72,15
2,5,64,23
3,6,69,18
4,7,60,27
5,8,65,22
6,9,58,29
7,10,61,26
8,11,59,28
9,12,61,26
10,13,58,29
best_local_k 4
-
t_9
finding_best_k
i,k,successes,mistakes
0,3,70,17
1,4,75,12
2,5,70,17
3,6,73,14
4,7,67,20
5,8,70,17
6,9,66,21
7,10,69,18
8,11,66,21
9,12,68,19
10,13,65,22
best_local_k 4
-
result
best_t,best_k,successes,mistakes,success_ratio
9,4,149,28,84.18%

iteration_30
-
t_0
finding_best_k
i,k,successes,mistakes
0,3,55,32
1,4,54,33
2,5,60,27
3,6,60,27
4,7,57,30
5,8,58,29
6,9,57,30
7,10,57,30
8,11,56,31
9,12,56,31
10,13,56,31
best_local_k 5
-
t_1
finding_best_k
i,k,successes,mistakes
0,3,62,25
1,4,62,25
2,5,59,28
3,6,60,27
4,7,60,27
5,8,60,27
6,9,63,24
7,10,59,28
8,11,61,26
9,12,58,29
10,13,61,26
best_local_k 9
-
t_2
finding_best_k
i,k,successes,mistakes
0,3,66,21
1,4,71,16
2,5,64,23
3,6,72,15
4,7,64,23
5,8,68,19
6,9,62,25
7,10,69,18
8,11,65,22
9,12,69,18
10,13,65,22
best_local_k 6
-
t_3
finding_best_k
i,k,successes,mistakes
0,3,64,23
1,4,68,19
2,5,62,25
3,6,69,18
4,7,63,24
5,8,67,20
6,9,64,23
7,10,69,18
8,11,63,24
9,12,66,21
10,13,62,25
best_local_k 6
-
t_4
finding_best_k
i,k,successes,mistakes
0,3,62,25
1,4,66,21
2,5,62,25
3,6,68,19
4,7,61,26
5,8,64,23
6,9,62,25
7,10,67,20
8,11,61,26
9,12,66,21
10,13,61,26
best_local_k 6
-
t_5
finding_best_k
i,k,successes,mistakes
0,3,65,22
1,4,67,20
2,5,63,24
3,6,71,16
4,7,66,21
5,8,68,19
6,9,64,23
7,10,68,19
8,11,63,24
9,12,65,22
10,13,63,24
best_local_k 6
-
t_6
finding_best_k
i,k,successes,mistakes
0,3,64,23
1,4,70,17
2,5,64,23
3,6,73,14
4,7,68,19
5,8,72,15
6,9,66,21
7,10,71,16
8,11,64,23
9,12,67,20
10,13,63,24
best_local_k 6
-
t_7
finding_best_k
i,k,successes,mistakes
0,3,66,21
1,4,75,12
2,5,68,19
3,6,77,10
4,7,68,19
5,8,72,15
6,9,67,20
7,10,70,17
8,11,65,22
9,12,68,19
10,13,62,25
best_local_k 6
-
t_8
finding_best_k
i,k,successes,mistakes
0,3,66,21
1,4,69,18
2,5,64,23
3,6,74,13
4,7,66,21
5,8,69,18
6,9,63,24
7,10,69,18
8,11,61,26
9,12,67,20
10,13,61,26
best_local_k 6
-
t_9
finding_best_k
i,k,successes,mistakes
0,3,61,26
1,4,67,20
2,5,63,24
3,6,68,19
4,7,62,25
5,8,65,22
6,9,61,26
7,10,62,25
8,11,58,29
9,12,60,27
10,13,56,31
best_local_k 6
-
result
best_t,best_k,successes,mistakes,success_ratio
9,6,133,44,75.14%

summary
mean,stddev
78.40%,5.04%
