finding_best_k
i,k,successes,mistakes
0,3,55,32
1,4,54,33
2,5,60,27
3,6,60,27
4,7,57,30
5,8,58,29
6,9,57,30
7,10,57,30
8,11,56,31
9,12,56,31
10,13,56,31
best k = 5

iteration_1
-
finding_best_t
t,successes,mistakes
0,60,27
1,62,25
2,67,20
3,63,24
4,70,17
5,67,20
6,64,23
7,71,16
8,67,20
9,70,17
10,72,15
11,74,13
12,75,12
13,75,12
14,76,11
15,80,7
16,81,6
17,78,9
18,77,10
19,72,15
20,76,11
21,76,11
22,77,10
23,79,8
24,79,8
best t = 16
-
result
successes,mistakes,success_ratio
138,39,77.97%

iteration_2
-
finding_best_t
t,successes,mistakes
0,60,27
1,67,20
2,62,25
3,66,21
4,68,19
5,64,23
6,65,22
7,67,20
8,70,17
9,74,13
10,70,17
11,70,17
12,63,24
13,69,18
14,66,21
15,65,22
16,72,15
17,72,15
18,73,14
19,72,15
20,68,19
21,69,18
22,64,23
23,64,23
24,68,19
best t = 9
-
result
successes,mistakes,success_ratio
133,44,75.14%

iteration_3
-
finding_best_t
t,successes,mistakes
0,60,27
1,59,28
2,65,22
3,70,17
4,66,21
5,73,14
6,75,12
7,72,15
8,71,16
9,78,9
10,74,13
11,72,15
12,75,12
13,73,14
14,73,14
15,74,13
16,70,17
17,67,20
18,66,21
19,72,15
20,67,20
21,60,27
22,59,28
23,69,18
24,71,16
best t = 9
-
result
successes,mistakes,success_ratio
137,40,77.40%

iteration_4
-
finding_best_t
t,successes,mistakes
0,60,27
1,62,25
2,63,24
3,68,19
4,70,17
5,56,31
6,68,19
7,62,25
8,66,21
9,62,25
10,61,26
11,69,18
12,68,19
13,67,20
14,67,20
15,62,25
16,70,17
17,70,17
18,70,17
19,72,15
20,69,18
21,58,29
22,64,23
23,71,16
24,68,19
best t = 19
-
result
successes,mistakes,success_ratio
133,44,75.14%

iteration_5
-
finding_best_t
t,successes,mistakes
0,60,27
1,61,26
2,71,16
3,71,16
4,75,12
5,68,19
6,67,20
7,67,20
8,65,22
9,59,28
10,65,22
11,64,23
12,66,21
13,60,27
14,61,26
15,61,26
16,64,23
17,72,15
18,65,22
19,67,20
20,66,21
21,60,27
22,65,22
23,67,20
24,69,18
best t = 4
-
result
successes,mistakes,success_ratio
140,37,79.10%

iteration_6
-
finding_best_t
t,successes,mistakes
0,60,27
1,61,26
2,57,30
3,66,21
4,71,16
5,63,24
6,67,20
7,63,24
8,64,23
9,70,17
10,65,22
11,66,21
12,69,18
13,70,17
14,70,17
15,67,20
16,68,19
17,72,15
18,70,17
19,65,22
20,63,24
21,71,16
22,69,18
23,70,17
24,75,12
best t = 24
-
result
successes,mistakes,success_ratio
135,42,76.27%

iteration_7
-
finding_best_t
t,successes,mistakes
0,60,27
1,64,23
2,69,18
3,65,22
4,71,16
5,70,17
6,71,16
7,65,22
8,65,22
9,61,26
10,67,20
11,64,23
12,67,20
13,62,25
14,68,19
15,72,15
16,69,18
17,64,23
18,67,20
19,71,16
20,64,23
21,69,18
22,73,14
23,60,27
24,60,27
best t = 22
-
result
successes,mistakes,success_ratio
141,36,79.66%

iteration_8
-
finding_best_t
t,successes,mistakes
0,60,27
1,64,23
2,71,16
3,70,17
4,66,21
5,63,24
6,64,23
7,65,22
8,66,21
9,63,24
10,66,21
11,66,21
12,64,23
13,65,22
14,65,22
15,71,16
16,63,24
17,68,19
18,61,26
19,60,27
20,67,20
21,60,27
22,66,21
23,69,18
24,59,28
best t = 2
-
result
successes,mistakes,success_ratio
130,47,73.45%

iteration_9
-
finding_best_t
t,successes,mistakes
0,60,27
1,63,24
2,61,26
3,67,20
4,72,15
5,70,17
6,66,21
7,63,24
8,70,17
9,61,26
10,68,19
11,59,28
12,62,25
13,62,25
14,67,20
15,66,21
16,68,19
17,73,14
18,68,19
19,65,22
20,67,20
21,71,16
22,66,21
23,68,19
24,68,19
best t = 17
-
result
successes,mistakes,success_ratio
135,42,76.27%

iteration_10
-
finding_best_t
t,successes,mistakes
0,60,27
1,64,23
2,62,25
3,66,21
4,68,19
5,72,15
6,69,18
7,74,13
8,74,13
9,75,12
10,66,21
11,66,21
12,72,15
13,71,16
14,68,19
15,71,16
16,67,20
17,71,16
18,73,14
19,65,22
20,68,19
21,66,21
22,69,18
23,68,19
24,70,17
best t = 9
-
result
successes,mistakes,success_ratio
135,42,76.27%

iteration_11
-
finding_best_t
t,successes,mistakes
0,60,27
1,60,27
2,62,25
3,68,19
4,67,20
5,70,17
6,71,16
7,70,17
8,75,12
9,68,19
10,72,15
11,68,19
12,69,18
13,65,22
14,67,20
15,70,17
16,62,25
17,69,18
18,67,20
19,69,18
20,75,12
21,72,15
22,76,11
23,73,14
24,74,13
best t = 22
-
result
successes,mistakes,success_ratio
141,36,79.66%

iteration_12
-
finding_best_t
t,successes,mistakes
0,60,27
1,70,17
2,66,21
3,68,19
4,60,27
5,62,25
6,65,22
7,63,24
8,68,19
9,65,22
10,65,22
11,63,24
12,65,22
13,60,27
14,62,25
15,66,21
16,65,22
17,65,22
18,63,24
19,71,16
20,62,25
21,61,26
22,62,25
23,58,29
24,68,19
best t = 19
-
result
successes,mistakes,success_ratio
136,41,76.84%

iteration_13
-
finding_best_t
t,successes,mistakes
0,60,27
1,63,24
2,65,22
3,63,24
4,58,29
5,62,25
6,64,23
7,71,16
8,69,18
9,58,29
10,65,22
11,65,22
12,69,18
13,71,16
14,59,28
15,65,22
16,68,19
17,74,13
18,63,24
19,69,18
20,61,26
21,66,21
22,63,24
23,65,22
24,66,21
best t = 17
-
result
successes,mistakes,success_ratio
140,37,79.10%

iteration_14
-
finding_best_t
t,successes,mistakes
0,60,27
1,63,24
2,66,21
3,70,17
4,68,19
5,64,23
6,64,23
7,70,17
8,63,24
9,65,22
10,71,16
11,70,17
12,70,17
13,72,15
14,74,13
15,73,14
16,75,12
17,76,11
18,70,17
19,71,16
20,74,13
21,67,20
22,71,16
23,69,18
24,73,14
best t = 17
-
result
successes,mistakes,success_ratio
141,36,79.66%

iteration_15
-
finding_best_t
t,successes,mistakes
0,60,27
1,63,24
2,59,28
3,65,22
4,71,16
5,74,13
6,74,13
7,70,17
8,63,24
9,62,25
10,61,26
11,67,20
12,66,21
13,71,16
14,65,22
15,68,19
16,62,25
17,63,24
18,67,20
19,61,26
20,65,22
21,70,17
22,69,18
23,60,27
24,66,21
best t = 5
-
result
successes,mistakes,success_ratio
148,29,83.62%

iteration_16
-
finding_best_t
t,successes,mistakes
0,60,27
1,63,24
2,64,23
3,67,20
4,66,21
5,68,19
6,58,29
7,68,19
8,71,16
9,75,12
10,77,10
11,72,15
12,71,16
13,69,18
14,65,22
15,65,22
16,68,19
17,65,22
18,72,15
19,68,19
20,69,18
21,63,24
22,61,26
23,74,13
24,69,18
best t = 10
-
result
successes,mistakes,success_ratio
148,29,83.62%

iteration_17
-
finding_best_t
t,successes,mistakes
0,60,27
1,60,27
2,61,26
3,62,25
4,69,18
5,69,18
6,72,15
7,69,18
8,71,16
9,67,20
10,69,18
11,72,15
12,66,21
13,68,19
14,73,14
15,71,16
16,67,20
17,70,17
18,63,24
19,65,22
20,69,18
21,68,19
22,62,25
23,66,21
24,69,18
best t = 14
-
result
successes,mistakes,success_ratio
138,39,77.97%

iteration_18
-
finding_best_t
t,successes,mistakes
0,60,27
1,61,26
2,72,15
3,60,27
4,64,23
5,64,23
6,67,20
7,68,19
8,61,26
9,62,25
10,64,23
11,65,22
12,63,24
13,61,26
14,65,22
15,66,21
16,62,25
17,67,20
18,63,24
19,58,29
20,65,22
21,67,20
22,63,24
23,66,21
24,66,21
best t = 2
-
result
successes,mistakes,success_ratio
140,37,79.10%

iteration_19
-
finding_best_t
t,successes,mistakes
0,60,27
1,64,23
2,59,28
3,62,25
4,60,27
5,64,23
6,66,21
7,65,22
8,69,18
9,68,19
10,71,16
11,69,18
12,69,18
13,74,13
14,74,13
15,65,22
16,64,23
17,70,17
18,67,20
19,71,16
20,74,13
21,70,17
22,70,17
23,69,18
24,69,18
best t = 13
-
result
successes,mistakes,success_ratio
135,42,76.27%

iteration_20
-
finding_best_t
t,successes,mistakes
0,60,27
1,60,27
2,58,29
3,68,19
4,67,20
5,65,22
6,65,22
7,67,20
8,62,25
9,70,17
10,72,15
11,69,18
12,71,16
13,68,19
14,72,15
15,76,11
16,73,14
17,72,15
18,69,18
19,62,25
20,69,18
21,74,13
22,74,13
23,64,23
24,67,20
best t = 15
-
result
successes,mistakes,success_ratio
144,33,81.36%

iteration_21
-
finding_best_t
t,successes,mistakes
0,60,27
1,60,27
2,70,17
3,72,15
4,70,17
5,73,14
6,71,16
7,64,23
8,70,17
9,69,18
10,68,19
11,70,17
12,71,16
13,70,17
14,71,16
15,69,18
16,70,17
17,69,18
18,69,18
19,70,17
20,73,14
21,70,17
22,59,28
23,58,29
24,61,26
best t = 5
-
result
successes,mistakes,success_ratio
145,32,81.92%

iteration_22
-
finding_best_t
t,successes,mistakes
0,60,27
1,62,25
2,59,28
3,70,17
4,72,15
5,73,14
6,66,21
7,69,18
8,70,17
9,68,19
10,60,27
11,58,29
12,64,23
13,71,16
14,66,21
15,74,13
16,74,13
17,74,13
18,75,12
19,66,21
20,65,22
21,68,19
22,61,26
23,68,19
24,64,23
best t = 18
-
result
successes,mistakes,success_ratio
133,44,75.14%

iteration_23
-
finding_best_t
t,successes,mistakes
0,60,27
1,64,23
2,67,20
3,72,15
4,72,15
5,66,21
6,67,20
7,69,18
8,64,23
9,73,14
10,70,17
11,69,18
12,73,14
13,75,12
14,73,14
15,73,14
16,72,15
17,71,16
18,69,18
19,71,16
20,68,19
21,67,20
22,68,19
23,65,22
24,71,16
best t = 13
-
result
successes,mistakes,success_ratio
145,32,81.92%

iteration_24
-
finding_best_t
t,successes,mistakes
0,60,27
1,63,24
2,60,27
3,66,21
4,70,17
5,64,23
6,67,20
7,68,19
8,67,20
9,66,21
10,70,17
11,71,16
12,65,22
13,66,21
14,71,16
15,64,23
16,67,20
17,63,24
18,66,21
19,64,23
20,67,20
21,70,17
22,66,21
23,64,23
24,67,20
best t = 11
-
result
successes,mistakes,success_ratio
142,35,80.23%

iteration_25
-
finding_best_t
t,successes,mistakes
0,60,27
1,63,24
2,63,24
3,61,26
4,69,18
5,66,21
6,66,21
7,66,21
8,67,20
9,66,21
10,70,17
11,67,20
12,66,21
13,62,25
14,67,20
15,60,27
16,62,25
17,65,22
18,62,25
19,63,24
20,63,24
21,62,25
22,65,22
23,62,25
24,59,28
best t = 10
-
result
successes,mistakes,success_ratio
129,48,72.88%

iteration_26
-
finding_best_t
t,successes,mistakes
0,60,27
1,65,22
2,59,28
3,68,19
4,69,18
5,69,18
6,64,23
7,66,21
8,65,22
9,69,18
10,67,20
11,72,15
12,73,14
13,74,13
14,75,12
15,73,14
16,72,15
17,73,14
18,71,16
19,75,12
20,67,20
21,67,20
22,70,17
23,60,27
24,65,22
best t = 14
-
result
successes,mistakes,success_ratio
140,37,79.10%

iteration_27
-
finding_best_t
t,successes,mistakes
0,60,27
1,57,30
2,62,25
3,71,16
4,70,17
5,63,24
6,67,20
7,65,22
8,70,17
9,63,24
10,68,19
11,60,27
12,65,22
13,68,19
14,69,18
15,63,24
16,65,22
17,66,21
18,66,21
19,67,20
20,62,25
21,61,26
22,65,22
23,62,25
24,65,22
best t = 3
-
result
successes,mistakes,success_ratio
143,34,80.79%

iteration_28
-
finding_best_t
t,successes,mistakes
0,60,27
1,60,27
2,63,24
3,64,23
4,61,26
5,62,25
6,64,23
7,59,28
8,61,26
9,57,30
10,61,26
11,67,20
12,60,27
13,66,21
14,66,21
15,67,20
16,63,24
17,61,26
18,68,19
19,64,23
20,63,24
21,57,30
22,64,23
23,67,20
24,67,20
best t = 18
-
result
successes,mistakes,success_ratio
129,48,72.88%

iteration_29
-
finding_best_t
t,successes,mistakes
0,60,27
1,61,26
2,69,18
3,70,17
4,61,26
5,66,21
6,61,26
7,63,24
8,69,18
9,63,24
10,67,20
11,67,20
12,64,23
13,63,24
14,63,24
15,60,27
16,61,26
17,64,23
18,64,23
19,68,19
20,64,23
21,65,22
22,62,25
23,64,23
24,64,23
best t = 3
-
result
successes,mistakes,success_ratio
137,40,77.40%

iteration_30
-
finding_best_t
t,successes,mistakes
0,60,27
1,62,25
2,60,27
3,70,17
4,69,18
5,63,24
6,67,20
7,64,23
8,68,19
9,65,22
10,65,22
11,60,27
12,67,20
13,62,25
14,69,18
15,66,21
16,66,21
17,68,19
18,62,25
19,66,21
20,69,18
21,63,24
22,65,22
23,62,25
24,68,19
best t = 3
-
result
successes,mistakes,success_ratio
136,41,76.84%

summary
mean,stddev
78.10%,2.85%
