iteration_1
-
t_0
finding_best_k
i,k,successes,mistakes
0,3,3600,22
1,4,3598,24
2,5,3596,26
3,6,3595,27
4,7,3597,25
5,8,3598,24
6,9,3596,26
7,10,3595,27
8,11,3594,28
9,12,3596,26
10,13,3597,25
best_local_k 3
-
t_1
finding_best_k
i,k,successes,mistakes
0,3,3615,7
1,4,3612,10
2,5,3610,12
3,6,3608,14
4,7,3606,16
5,8,3608,14
6,9,3604,18
7,10,3603,19
8,11,3600,22
9,12,3601,21
10,13,3601,21
best_local_k 3
-
t_2
finding_best_k
i,k,successes,mistakes
0,3,3617,5
1,4,3613,9
2,5,3610,12
3,6,3608,14
4,7,3607,15
5,8,3608,14
6,9,3604,18
7,10,3603,19
8,11,3600,22
9,12,3601,21
10,13,3601,21
best_local_k 3
-
t_3
finding_best_k
i,k,successes,mistakes
0,3,3618,4
1,4,3612,10
2,5,3610,12
3,6,3607,15
4,7,3605,17
5,8,3607,15
6,9,3603,19
7,10,3603,19
8,11,3600,22
9,12,3601,21
10,13,3601,21
best_local_k 3
-
t_4
finding_best_k
i,k,successes,mistakes
0,3,3614,8
1,4,3610,12
2,5,3610,12
3,6,3608,14
4,7,3607,15
5,8,3608,14
6,9,3604,18
7,10,3603,19
8,11,3600,22
9,12,3601,21
10,13,3601,21
best_local_k 3
-
t_5
finding_best_k
i,k,successes,mistakes
0,3,3611,11
1,4,3609,13
2,5,3609,13
3,6,3607,15
4,7,3607,15
5,8,3608,14
6,9,3604,18
7,10,3603,19
8,11,3600,22
9,12,3601,21
10,13,3601,21
best_local_k 3
-
t_6
finding_best_k
i,k,successes,mistakes
0,3,3612,10
1,4,3612,10
2,5,3612,10
3,6,3610,12
4,7,3608,14
5,8,3609,13
6,9,3604,18
7,10,3603,19
8,11,3600,22
9,12,3601,21
10,13,3601,21
best_local_k 3
-
t_7
finding_best_k
i,k,successes,mistakes
0,3,3616,6
1,4,3614,8
2,5,3613,9
3,6,3609,13
4,7,3608,14
5,8,3609,13
6,9,3604,18
7,10,3603,19
8,11,3600,22
9,12,3601,21
10,13,3601,21
best_local_k 3
-
t_8
finding_best_k
i,k,successes,mistakes
0,3,3614,8
1,4,3611,11
2,5,3611,11
3,6,3607,15
4,7,3606,16
5,8,3608,14
6,9,3603,19
7,10,3603,19
8,11,3600,22
9,12,3601,21
10,13,3601,21
best_local_k 3
-
t_9
finding_best_k
i,k,successes,mistakes
0,3,3615,7
1,4,3611,11
2,5,3608,14
3,6,3607,15
4,7,3606,16
5,8,3609,13
6,9,3604,18
7,10,3603,19
8,11,3600,22
9,12,3601,21
10,13,3601,21
best_local_k 3
-
result
best_t,best_k,successes,mistakes,success_ratio
9,3,7221,35,99.52%

iteration_2
-
t_0
finding_best_k
i,k,successes,mistakes
0,3,3600,22
1,4,3598,24
2,5,3596,26
3,6,3595,27
4,7,3597,25
5,8,3598,24
6,9,3596,26
7,10,3595,27
8,11,3594,28
9,12,3596,26
10,13,3597,25
best_local_k 3
-
t_1
finding_best_k
i,k,successes,mistakes
0,3,3612,10
1,4,3611,11
2,5,3612,10
3,6,3610,12
4,7,3607,15
5,8,3609,13
6,9,3604,18
7,10,3604,18
8,11,3601,21
9,12,3603,19
10,13,3603,19
best_local_k 3
-
t_2
finding_best_k
i,k,successes,mistakes
0,3,3611,11
1,4,3611,11
2,5,3609,13
3,6,3608,14
4,7,3607,15
5,8,3608,14
6,9,3604,18
7,10,3604,18
8,11,3601,21
9,12,3603,19
10,13,3603,19
best_local_k 3
-
t_3
finding_best_k
i,k,successes,mistakes
0,3,3616,6
1,4,3612,10
2,5,3612,10
3,6,3609,13
4,7,3608,14
5,8,3610,12
6,9,3603,19
7,10,3603,19
8,11,3600,22
9,12,3602,20
10,13,3602,20
best_local_k 3
-
t_4
finding_best_k
i,k,successes,mistakes
0,3,3618,4
1,4,3612,10
2,5,3609,13
3,6,3607,15
4,7,3606,16
5,8,3608,14
6,9,3603,19
7,10,3603,19
8,11,3600,22
9,12,3602,20
10,13,3602,20
best_local_k 3
-
t_5
finding_best_k
i,k,successes,mistakes
0,3,3618,4
1,4,3612,10
2,5,3610,12
3,6,3608,14
4,7,3608,14
5,8,3609,13
6,9,3604,18
7,10,3603,19
8,11,3600,22
9,12,3602,20
10,13,3602,20
best_local_k 3
-
t_6
finding_best_k
i,k,successes,mistakes
0,3,3618,4
1,4,3613,9
2,5,3610,12
3,6,3608,14
4,7,3607,15
5,8,3608,14
6,9,3603,19
7,10,3603,19
8,11,3600,22
9,12,3602,20
10,13,3602,20
best_local_k 3
-
t_7
finding_best_k
i,k,successes,mistakes
0,3,3618,4
1,4,3612,10
2,5,3610,12
3,6,3608,14
4,7,3608,14
5,8,3609,13
6,9,3604,18
7,10,3603,19
8,11,3600,22
9,12,3602,20
10,13,3602,20
best_local_k 3
-
t_8
finding_best_k
i,k,successes,mistakes
0,3,3614,8
1,4,3610,12
2,5,3610,12
3,6,3608,14
4,7,3608,14
5,8,3609,13
6,9,3604,18
7,10,3603,19
8,11,3600,22
9,12,3602,20
10,13,3602,20
best_local_k 3
-
t_9
finding_best_k
i,k,successes,mistakes
0,3,3618,4
1,4,3613,9
2,5,3609,13
3,6,3607,15
4,7,3606,16
5,8,3608,14
6,9,3603,19
7,10,3603,19
8,11,3600,22
9,12,3602,20
10,13,3602,20
best_local_k 3
-
result
best_t,best_k,successes,mistakes,success_ratio
9,3,7224,32,99.56%

iteration_3
-
t_0
finding_best_k
i,k,successes,mistakes
0,3,3600,22
1,4,3598,24
2,5,3596,26
3,6,3595,27
4,7,3597,25
5,8,3598,24
6,9,3596,26
7,10,3595,27
8,11,3594,28
9,12,3596,26
10,13,3597,25
best_local_k 3
-
t_1
finding_best_k
i,k,successes,mistakes
0,3,3615,7
1,4,3610,12
2,5,3610,12
3,6,3608,14
4,7,3607,15
5,8,3609,13
6,9,3605,17
7,10,3603,19
8,11,3601,21
9,12,3603,19
10,13,3603,19
best_local_k 3
-
t_2
finding_best_k
i,k,successes,mistakes
0,3,3617,5
1,4,3612,10
2,5,3610,12
3,6,3608,14
4,7,3608,14
5,8,3609,13
6,9,3604,18
7,10,3603,19
8,11,3600,22
9,12,3602,20
10,13,3602,20
best_local_k 3
-
t_3
finding_best_k
i,k,successes,mistakes
0,3,3617,5
1,4,3610,12
2,5,3611,11
3,6,3608,14
4,7,3608,14
5,8,3609,13
6,9,3605,17
7,10,3603,19
8,11,3600,22
9,12,3602,20
10,13,3603,19
best_local_k 3
-
t_4
finding_best_k
i,k,successes,mistakes
0,3,3613,9
1,4,3610,12
2,5,3610,12
3,6,3608,14
4,7,3607,15
5,8,3609,13
6,9,3604,18
7,10,3604,18
8,11,3601,21
9,12,3603,19
10,13,3603,19
best_local_k 3
-
t_5
finding_best_k
i,k,successes,mistakes
0,3,3611,11
1,4,3608,14
2,5,3608,14
3,6,3607,15
4,7,3607,15
5,8,3609,13
6,9,3604,18
7,10,3604,18
8,11,3600,22
9,12,3602,20
10,13,3602,20
best_local_k 3
-
t_6
finding_best_k
i,k,successes,mistakes
0,3,3616,6
1,4,3611,11
2,5,3610,12
3,6,3608,14
4,7,3606,16
5,8,3609,13
6,9,3604,18
7,10,3603,19
8,11,3600,22
9,12,3602,20
10,13,3602,20
best_local_k 3
-
t_7
finding_best_k
i,k,successes,mistakes
0,3,3612,10
1,4,3609,13
2,5,3610,12
3,6,3608,14
4,7,3607,15
5,8,3608,14
6,9,3604,18
7,10,3604,18
8,11,3601,21
9,12,3603,19
10,13,3603,19
best_local_k 3
-
t_8
finding_best_k
i,k,successes,mistakes
0,3,3612,10
1,4,3608,14
2,5,3610,12
3,6,3608,14
4,7,3608,14
5,8,3609,13
6,9,3603,19
7,10,3603,19
8,11,3600,22
9,12,3602,20
10,13,3602,20
best_local_k 3
-
t_9
finding_best_k
i,k,successes,mistakes
0,3,3611,11
1,4,3608,14
2,5,3608,14
3,6,3607,15
4,7,3606,16
5,8,3608,14
6,9,3604,18
7,10,3604,18
8,11,3601,21
9,12,3603,19
10,13,3603,19
best_local_k 3
-
result
best_t,best_k,successes,mistakes,success_ratio
9,3,7215,41,99.43%

iteration_4
-
t_0
finding_best_k
i,k,successes,mistakes
0,3,3600,22
1,4,3598,24
2,5,3596,26
3,6,3595,27
4,7,3597,25
5,8,3598,24
6,9,3596,26
7,10,3595,27
8,11,3594,28
9,12,3596,26
10,13,3597,25
best_local_k 3
-
t_1
finding_best_k
i,k,successes,mistakes
0,3,3617,5
1,4,3612,10
2,5,3610,12
3,6,3607,15
4,7,3606,16
5,8,3608,14
6,9,3604,18
7,10,3603,19
8,11,3601,21
9,12,3602,20
10,13,3603,19
best_local_k 3
-
t_2
finding_best_k
i,k,successes,mistakes
0,3,3617,5
1,4,3612,10
2,5,3610,12
3,6,3607,15
4,7,3606,16
5,8,3609,13
6,9,3604,18
7,10,3603,19
8,11,3601,21
9,12,3602,20
10,13,3603,19
best_local_k 3
-
t_3
finding_best_k
i,k,successes,mistakes
0,3,3618,4
1,4,3611,11
2,5,3610,12
3,6,3607,15
4,7,3608,14
5,8,3610,12
6,9,3605,17
7,10,3603,19
8,11,3602,20
9,12,3602,20
10,13,3603,19
best_local_k 3
-
t_4
finding_best_k
i,k,successes,mistakes
0,3,3619,3
1,4,3612,10
2,5,3610,12
3,6,3607,15
4,7,3608,14
5,8,3610,12
6,9,3605,17
7,10,3603,19
8,11,3602,20
9,12,3602,20
10,13,3603,19
best_local_k 3
-
t_5
finding_best_k
i,k,successes,mistakes
0,3,3619,3
1,4,3611,11
2,5,3610,12
3,6,3607,15
4,7,3608,14
5,8,3610,12
6,9,3605,17
7,10,3603,19
8,11,3602,20
9,12,3602,20
10,13,3603,19
best_local_k 3
-
t_6
finding_best_k
i,k,successes,mistakes
0,3,3619,3
1,4,3611,11
2,5,3610,12
3,6,3607,15
4,7,3608,14
5,8,3610,12
6,9,3605,17
7,10,3603,19
8,11,3602,20
9,12,3602,20
10,13,3603,19
best_local_k 3
-
t_7
finding_best_k
i,k,successes,mistakes
0,3,3619,3
1,4,3611,11
2,5,3610,12
3,6,3607,15
4,7,3608,14
5,8,3610,12
6,9,3605,17
7,10,3603,19
8,11,3602,20
9,12,3602,20
10,13,3603,19
best_local_k 3
-
t_8
finding_best_k
i,k,successes,mistakes
0,3,3619,3
1,4,3612,10
2,5,3610,12
3,6,3607,15
4,7,3608,14
5,8,3610,12
6,9,3605,17
7,10,3603,19
8,11,3602,20
9,12,3602,20
10,13,3603,19
best_local_k 3
-
t_9
finding_best_k
i,k,successes,mistakes
0,3,3619,3
1,4,3612,10
2,5,3611,11
3,6,3607,15
4,7,3608,14
5,8,3610,12
6,9,3605,17
7,10,3603,19
8,11,3602,20
9,12,3602,20
10,13,3603,19
best_local_k 3
-
result
best_t,best_k,successes,mistakes,success_ratio
9,3,7224,32,99.56%

iteration_5
-
t_0
finding_best_k
i,k,successes,mistakes
0,3,3600,22
1,4,3598,24
2,5,3596,26
3,6,3595,27
4,7,3597,25
5,8,3598,24
6,9,3596,26
7,10,3595,27
8,11,3594,28
9,12,3596,26
10,13,3597,25
best_local_k 3
-
t_1
finding_best_k
i,k,successes,mistakes
0,3,3612,10
1,4,3609,13
2,5,3607,15
3,6,3605,17
4,7,3602,20
5,8,3604,18
6,9,3602,20
7,10,3602,20
8,11,3597,25
9,12,3601,21
10,13,3600,22
best_local_k 3
-
t_2
finding_best_k
i,k,successes,mistakes
0,3,3612,10
1,4,3610,12
2,5,3609,13
3,6,3608,14
4,7,3606,16
5,8,3609,13
6,9,3604,18
7,10,3604,18
8,11,3601,21
9,12,3602,20
10,13,3602,20
best_local_k 3
-
t_3
finding_best_k
i,k,successes,mistakes
0,3,3614,8
1,4,3612,10
2,5,3611,11
3,6,3607,15
4,7,3605,17
5,8,3609,13
6,9,3603,19
7,10,3604,18
8,11,3602,20
9,12,3603,19
10,13,3603,19
best_local_k 3
-
t_4
finding_best_k
i,k,successes,mistakes
0,3,3616,6
1,4,3614,8
2,5,3613,9
3,6,3608,14
4,7,3606,16
5,8,3609,13
6,9,3603,19
7,10,3603,19
8,11,3601,21
9,12,3603,19
10,13,3603,19
best_local_k 3
-
t_5
finding_best_k
i,k,successes,mistakes
0,3,3617,5
1,4,3611,11
2,5,3611,11
3,6,3608,14
4,7,3606,16
5,8,3609,13
6,9,3603,19
7,10,3603,19
8,11,3600,22
9,12,3602,20
10,13,3603,19
best_local_k 3
-
t_6
finding_best_k
i,k,successes,mistakes
0,3,3614,8
1,4,3610,12
2,5,3610,12
3,6,3607,15
4,7,3604,18
5,8,3609,13
6,9,3603,19
7,10,3603,19
8,11,3600,22
9,12,3602,20
10,13,3602,20
best_local_k 3
-
t_7
finding_best_k
i,k,successes,mistakes
0,3,3613,9
1,4,3610,12
2,5,3612,10
3,6,3609,13
4,7,3605,17
5,8,3608,14
6,9,3602,20
7,10,3603,19
8,11,3600,22
9,12,3602,20
10,13,3602,20
best_local_k 3
-
t_8
finding_best_k
i,k,successes,mistakes
0,3,3611,11
1,4,3608,14
2,5,3608,14
3,6,3607,15
4,7,3604,18
5,8,3609,13
6,9,3603,19
7,10,3604,18
8,11,3601,21
9,12,3603,19
10,13,3603,19
best_local_k 3
-
t_9
finding_best_k
i,k,successes,mistakes
0,3,3610,12
1,4,3608,14
2,5,3609,13
3,6,3608,14
4,7,3605,17
5,8,3609,13
6,9,3603,19
7,10,3604,18
8,11,3600,22
9,12,3602,20
10,13,3602,20
best_local_k 3
-
result
best_t,best_k,successes,mistakes,success_ratio
9,3,7219,37,99.49%

iteration_6
-
t_0
finding_best_k
i,k,successes,mistakes
0,3,3600,22
1,4,3598,24
2,5,3596,26
3,6,3595,27
4,7,3597,25
5,8,3598,24
6,9,3596,26
7,10,3595,27
8,11,3594,28
9,12,3596,26
10,13,3597,25
best_local_k 3
-
t_1
finding_best_k
i,k,successes,mistakes
0,3,3615,7
1,4,3611,11
2,5,3609,13
3,6,3607,15
4,7,3605,17
5,8,3607,15
6,9,3603,19
7,10,3603,19
8,11,3600,22
9,12,3602,20
10,13,3602,20
best_local_k 3
-
t_2
finding_best_k
i,k,successes,mistakes
0,3,3617,5
1,4,3612,10
2,5,3610,12
3,6,3608,14
4,7,3607,15
5,8,3609,13
6,9,3604,18
7,10,3603,19
8,11,3600,22
9,12,3602,20
10,13,3602,20
best_local_k 3
-
t_3
finding_best_k
i,k,successes,mistakes
0,3,3613,9
1,4,3610,12
2,5,3610,12
3,6,3608,14
4,7,3607,15
5,8,3608,14
6,9,3604,18
7,10,3604,18
8,11,3601,21
9,12,3603,19
10,13,3603,19
best_local_k 3
-
t_4
finding_best_k
i,k,successes,mistakes
0,3,3613,9
1,4,3610,12
2,5,3609,13
3,6,3608,14
4,7,3609,13
5,8,3609,13
6,9,3604,18
7,10,3604,18
8,11,3601,21
9,12,3602,20
10,13,3602,20
best_local_k 3
-
t_5
finding_best_k
i,k,successes,mistakes
0,3,3611,11
1,4,3610,12
2,5,3609,13
3,6,3608,14
4,7,3608,14
5,8,3610,12
6,9,3605,17
7,10,3604,18
8,11,3601,21
9,12,3603,19
10,13,3603,19
best_local_k 3
-
t_6
finding_best_k
i,k,successes,mistakes
0,3,3616,6
1,4,3613,9
2,5,3613,9
3,6,3609,13
4,7,3607,15
5,8,3610,12
6,9,3604,18
7,10,3603,19
8,11,3600,22
9,12,3602,20
10,13,3603,19
best_local_k 3
-
t_7
finding_best_k
i,k,successes,mistakes
0,3,3613,9
1,4,3610,12
2,5,3610,12
3,6,3608,14
4,7,3607,15
5,8,3608,14
6,9,3604,18
7,10,3604,18
8,11,3601,21
9,12,3603,19
10,13,3603,19
best_local_k 3
-
t_8
finding_best_k
i,k,successes,mistakes
0,3,3613,9
1,4,3610,12
2,5,3610,12
3,6,3608,14
4,7,3608,14
5,8,3609,13
6,9,3603,19
7,10,3603,19
8,11,3600,22
9,12,3602,20
10,13,3602,20
best_local_k 3
-
t_9
finding_best_k
i,k,successes,mistakes
0,3,3611,11
1,4,3608,14
2,5,3608,14
3,6,3607,15
4,7,3606,16
5,8,3608,14
6,9,3604,18
7,10,3604,18
8,11,3601,21
9,12,3603,19
10,13,3603,19
best_local_k 3
-
result
best_t,best_k,successes,mistakes,success_ratio
9,3,7220,36,99.50%

iteration_7
-
t_0
finding_best_k
i,k,successes,mistakes
0,3,3600,22
1,4,3598,24
2,5,3596,26
3,6,3595,27
4,7,3597,25
5,8,3598,24
6,9,3596,26
7,10,3595,27
8,11,3594,28
9,12,3596,26
10,13,3597,25
best_local_k 3
-
t_1
finding_best_k
i,k,successes,mistakes
0,3,3616,6
1,4,3613,9
2,5,3613,9
3,6,3609,13
4,7,3606,16
5,8,3608,14
6,9,3603,19
7,10,3603,19
8,11,3600,22
9,12,3600,22
10,13,3600,22
best_local_k 3
-
t_2
finding_best_k
i,k,successes,mistakes
0,3,3617,5
1,4,3612,10
2,5,3614,8
3,6,3610,12
4,7,3607,15
5,8,3608,14
6,9,3604,18
7,10,3604,18
8,11,3601,21
9,12,3600,22
10,13,3600,22
best_local_k 3
-
t_3
finding_best_k
i,k,successes,mistakes
0,3,3613,9
1,4,3609,13
2,5,3608,14
3,6,3607,15
4,7,3605,17
5,8,3607,15
6,9,3603,19
7,10,3603,19
8,11,3600,22
9,12,3600,22
10,13,3600,22
best_local_k 3
-
t_4
finding_best_k
i,k,successes,mistakes
0,3,3611,11
1,4,3610,12
2,5,3610,12
3,6,3609,13
4,7,3607,15
5,8,3608,14
6,9,3603,19
7,10,3603,19
8,11,3600,22
9,12,3600,22
10,13,3601,21
best_local_k 3
-
t_5
finding_best_k
i,k,successes,mistakes
0,3,3611,11
1,4,3608,14
2,5,3608,14
3,6,3607,15
4,7,3608,14
5,8,3609,13
6,9,3605,17
7,10,3604,18
8,11,3601,21
9,12,3601,21
10,13,3601,21
best_local_k 3
-
t_6
finding_best_k
i,k,successes,mistakes
0,3,3614,8
1,4,3610,12
2,5,3609,13
3,6,3607,15
4,7,3606,16
5,8,3607,15
6,9,3603,19
7,10,3603,19
8,11,3600,22
9,12,3600,22
10,13,3601,21
best_local_k 3
-
t_7
finding_best_k
i,k,successes,mistakes
0,3,3613,9
1,4,3611,11
2,5,3610,12
3,6,3608,14
4,7,3607,15
5,8,3607,15
6,9,3603,19
7,10,3603,19
8,11,3600,22
9,12,3600,22
10,13,3600,22
best_local_k 3
-
t_8
finding_best_k
i,k,successes,mistakes
0,3,3616,6
1,4,3610,12
2,5,3610,12
3,6,3607,15
4,7,3607,15
5,8,3609,13
6,9,3604,18
7,10,3603,19
8,11,3600,22
9,12,3600,22
10,13,3600,22
best_local_k 3
-
t_9
finding_best_k
i,k,successes,mistakes
0,3,3617,5
1,4,3612,10
2,5,3611,11
3,6,3608,14
4,7,3608,14
5,8,3609,13
6,9,3604,18
7,10,3604,18
8,11,3601,21
9,12,3601,21
10,13,3601,21
best_local_k 3
-
result
best_t,best_k,successes,mistakes,success_ratio
9,3,7224,32,99.56%

iteration_8
-
t_0
finding_best_k
i,k,successes,mistakes
0,3,3600,22
1,4,3598,24
2,5,3596,26
3,6,3595,27
4,7,3597,25
5,8,3598,24
6,9,3596,26
7,10,3595,27
8,11,3594,28
9,12,3596,26
10,13,3597,25
best_local_k 3
-
t_1
finding_best_k
i,k,successes,mistakes
0,3,3615,7
1,4,3614,8
2,5,3613,9
3,6,3610,12
4,7,3607,15
5,8,3608,14
6,9,3604,18
7,10,3603,19
8,11,3600,22
9,12,3600,22
10,13,3600,22
best_local_k 3
-
t_2
finding_best_k
i,k,successes,mistakes
0,3,3613,9
1,4,3611,11
2,5,3610,12
3,6,3608,14
4,7,3607,15
5,8,3609,13
6,9,3604,18
7,10,3604,18
8,11,3601,21
9,12,3601,21
10,13,3601,21
best_local_k 3
-
t_3
finding_best_k
i,k,successes,mistakes
0,3,3611,11
1,4,3609,13
2,5,3608,14
3,6,3607,15
4,7,3608,14
5,8,3609,13
6,9,3605,17
7,10,3604,18
8,11,3601,21
9,12,3600,22
10,13,3600,22
best_local_k 3
-
t_4
finding_best_k
i,k,successes,mistakes
0,3,3614,8
1,4,3612,10
2,5,3611,11
3,6,3608,14
4,7,3607,15
5,8,3609,13
6,9,3604,18
7,10,3604,18
8,11,3601,21
9,12,3601,21
10,13,3601,21
best_local_k 3
-
t_5
finding_best_k
i,k,successes,mistakes
0,3,3611,11
1,4,3610,12
2,5,3610,12
3,6,3608,14
4,7,3606,16
5,8,3608,14
6,9,3604,18
7,10,3604,18
8,11,3601,21
9,12,3601,21
10,13,3601,21
best_local_k 3
-
t_6
finding_best_k
i,k,successes,mistakes
0,3,3614,8
1,4,3611,11
2,5,3609,13
3,6,3607,15
4,7,3607,15
5,8,3609,13
6,9,3604,18
7,10,3604,18
8,11,3600,22
9,12,3600,22
10,13,3600,22
best_local_k 3
-
t_7
finding_best_k
i,k,successes,mistakes
0,3,3613,9
1,4,3610,12
2,5,3610,12
3,6,3608,14
4,7,3608,14
5,8,3610,12
6,9,3604,18
7,10,3604,18
8,11,3600,22
9,12,3600,22
10,13,3600,22
best_local_k 3
-
t_8
finding_best_k
i,k,successes,mistakes
0,3,3614,8
1,4,3613,9
2,5,3611,11
3,6,3609,13
4,7,3607,15
5,8,3610,12
6,9,3604,18
7,10,3604,18
8,11,3601,21
9,12,3600,22
10,13,3600,22
best_local_k 3
-
t_9
finding_best_k
i,k,successes,mistakes
0,3,3613,9
1,4,3611,11
2,5,3611,11
3,6,3609,13
4,7,3608,14
5,8,3607,15
6,9,3603,19
7,10,3603,19
8,11,3600,22
9,12,3600,22
10,13,3600,22
best_local_k 3
-
result
best_t,best_k,successes,mistakes,success_ratio
9,3,7215,41,99.43%

iteration_9
-
t_0
finding_best_k
i,k,successes,mistakes
0,3,3600,22
1,4,3598,24
2,5,3596,26
3,6,3595,27
4,7,3597,25
5,8,3598,24
6,9,3596,26
7,10,3595,27
8,11,3594,28
9,12,3596,26
10,13,3597,25
best_local_k 3
-
t_1
finding_best_k
i,k,successes,mistakes
0,3,3612,10
1,4,3610,12
2,5,3612,10
3,6,3610,12
4,7,3607,15
5,8,3609,13
6,9,3604,18
7,10,3604,18
8,11,3601,21
9,12,3602,20
10,13,3602,20
best_local_k 3
-
t_2
finding_best_k
i,k,successes,mistakes
0,3,3613,9
1,4,3610,12
2,5,3609,13
3,6,3608,14
4,7,3608,14
5,8,3610,12
6,9,3605,17
7,10,3605,17
8,11,3602,20
9,12,3601,21
10,13,3601,21
best_local_k 3
-
t_3
finding_best_k
i,k,successes,mistakes
0,3,3610,12
1,4,3608,14
2,5,3607,15
3,6,3606,16
4,7,3606,16
5,8,3608,14
6,9,3603,19
7,10,3603,19
8,11,3601,21
9,12,3601,21
10,13,3601,21
best_local_k 3
-
t_4
finding_best_k
i,k,successes,mistakes
0,3,3613,9
1,4,3609,13
2,5,3610,12
3,6,3609,13
4,7,3608,14
5,8,3609,13
6,9,3605,17
7,10,3603,19
8,11,3601,21
9,12,3601,21
10,13,3602,20
best_local_k 3
-
t_5
finding_best_k
i,k,successes,mistakes
0,3,3614,8
1,4,3611,11
2,5,3611,11
3,6,3608,14
4,7,3607,15
5,8,3609,13
6,9,3604,18
7,10,3604,18
8,11,3600,22
9,12,3601,21
10,13,3601,21
best_local_k 3
-
t_6
finding_best_k
i,k,successes,mistakes
0,3,3615,7
1,4,3612,10
2,5,3612,10
3,6,3610,12
4,7,3610,12
5,8,3611,11
6,9,3604,18
7,10,3603,19
8,11,3600,22
9,12,3601,21
10,13,3601,21
best_local_k 3
-
t_7
finding_best_k
i,k,successes,mistakes
0,3,3613,9
1,4,3610,12
2,5,3610,12
3,6,3608,14
4,7,3607,15
5,8,3608,14
6,9,3604,18
7,10,3604,18
8,11,3601,21
9,12,3602,20
10,13,3602,20
best_local_k 3
-
t_8
finding_best_k
i,k,successes,mistakes
0,3,3615,7
1,4,3612,10
2,5,3612,10
3,6,3609,13
4,7,3610,12
5,8,3610,12
6,9,3604,18
7,10,3603,19
8,11,3600,22
9,12,3601,21
10,13,3601,21
best_local_k 3
-
t_9
finding_best_k
i,k,successes,mistakes
0,3,3618,4
1,4,3611,11
2,5,3611,11
3,6,3608,14
4,7,3608,14
5,8,3609,13
6,9,3604,18
7,10,3603,19
8,11,3600,22
9,12,3601,21
10,13,3601,21
best_local_k 3
-
result
best_t,best_k,successes,mistakes,success_ratio
9,3,7220,36,99.50%

iteration_10
-
t_0
finding_best_k
i,k,successes,mistakes
0,3,3600,22
1,4,3598,24
2,5,3596,26
3,6,3595,27
4,7,3597,25
5,8,3598,24
6,9,3596,26
7,10,3595,27
8,11,3594,28
9,12,3596,26
10,13,3597,25
best_local_k 3
-
t_1
finding_best_k
i,k,successes,mistakes
0,3,3616,6
1,4,3611,11
2,5,3609,13
3,6,3605,17
4,7,3604,18
5,8,3605,17
6,9,3603,19
7,10,3602,20
8,11,3597,25
9,12,3601,21
10,13,3599,23
best_local_k 3
-
t_2
finding_best_k
i,k,successes,mistakes
0,3,3616,6
1,4,3612,10
2,5,3610,12
3,6,3607,15
4,7,3604,18
5,8,3607,15
6,9,3602,20
7,10,3603,19
8,11,3600,22
9,12,3602,20
10,13,3602,20
best_local_k 3
-
t_3
finding_best_k
i,k,successes,mistakes
0,3,3613,9
1,4,3609,13
2,5,3610,12
3,6,3607,15
4,7,3605,17
5,8,3609,13
6,9,3603,19
7,10,3603,19
8,11,3600,22
9,12,3602,20
10,13,3602,20
best_local_k 3
-
t_4
finding_best_k
i,k,successes,mistakes
0,3,3612,10
1,4,3609,13
2,5,3611,11
3,6,3609,13
4,7,3607,15
5,8,3610,12
6,9,3603,19
7,10,3604,18
8,11,3600,22
9,12,3602,20
10,13,3602,20
best_local_k 3
-
t_5
finding_best_k
i,k,successes,mistakes
0,3,3616,6
1,4,3612,10
2,5,3609,13
3,6,3608,14
4,7,3607,15
5,8,3609,13
6,9,3603,19
7,10,3604,18
8,11,3601,21
9,12,3603,19
10,13,3603,19
best_local_k 3
-
t_6
finding_best_k
i,k,successes,mistakes
0,3,3617,5
1,4,3613,9
2,5,3611,11
3,6,3608,14
4,7,3607,15
5,8,3609,13
6,9,3603,19
7,10,3603,19
8,11,3600,22
9,12,3602,20
10,13,3602,20
best_local_k 3
-
t_7
finding_best_k
i,k,successes,mistakes
0,3,3614,8
1,4,3610,12
2,5,3608,14
3,6,3607,15
4,7,3604,18
5,8,3608,14
6,9,3602,20
7,10,3603,19
8,11,3600,22
9,12,3602,20
10,13,3602,20
best_local_k 3
-
t_8
finding_best_k
i,k,successes,mistakes
0,3,3611,11
1,4,3608,14
2,5,3609,13
3,6,3608,14
4,7,3606,16
5,8,3610,12
6,9,3604,18
7,10,3604,18
8,11,3601,21
9,12,3603,19
10,13,3604,18
best_local_k 3
-
t_9
finding_best_k
i,k,successes,mistakes
0,3,3617,5
1,4,3613,9
2,5,3610,12
3,6,3608,14
4,7,3607,15
5,8,3609,13
6,9,3603,19
7,10,3603,19
8,11,3600,22
9,12,3602,20
10,13,3602,20
best_local_k 3
-
result
best_t,best_k,successes,mistakes,success_ratio
9,3,7222,34,99.53%

iteration_11
-
t_0
finding_best_k
i,k,successes,mistakes
0,3,3600,22
1,4,3598,24
2,5,3596,26
3,6,3595,27
4,7,3597,25
5,8,3598,24
6,9,3596,26
7,10,3595,27
8,11,3594,28
9,12,3596,26
10,13,3597,25
best_local_k 3
-
t_1
finding_best_k
i,k,successes,mistakes
0,3,3616,6
1,4,3611,11
2,5,3609,13
3,6,3606,16
4,7,3605,17
5,8,3606,16
6,9,3602,20
7,10,3603,19
8,11,3599,23
9,12,3602,20
10,13,3602,20
best_local_k 3
-
t_2
finding_best_k
i,k,successes,mistakes
0,3,3616,6
1,4,3611,11
2,5,3610,12
3,6,3607,15
4,7,3608,14
5,8,3608,14
6,9,3603,19
7,10,3603,19
8,11,3599,23
9,12,3602,20
10,13,3602,20
best_local_k 3
-
t_3
finding_best_k
i,k,successes,mistakes
0,3,3619,3
1,4,3611,11
2,5,3611,11
3,6,3606,16
4,7,3606,16
5,8,3607,15
6,9,3602,20
7,10,3603,19
8,11,3599,23
9,12,3602,20
10,13,3602,20
best_local_k 3
-
t_4
finding_best_k
i,k,successes,mistakes
0,3,3619,3
1,4,3611,11
2,5,3610,12
3,6,3606,16
4,7,3606,16
5,8,3607,15
6,9,3602,20
7,10,3603,19
8,11,3599,23
9,12,3602,20
10,13,3602,20
best_local_k 3
-
t_5
finding_best_k
i,k,successes,mistakes
0,3,3619,3
1,4,3611,11
2,5,3611,11
3,6,3606,16
4,7,3606,16
5,8,3607,15
6,9,3602,20
7,10,3603,19
8,11,3599,23
9,12,3602,20
10,13,3602,20
best_local_k 3
-
t_6
finding_best_k
i,k,successes,mistakes
0,3,3619,3
1,4,3611,11
2,5,3610,12
3,6,3606,16
4,7,3606,16
5,8,3607,15
6,9,3602,20
7,10,3603,19
8,11,3599,23
9,12,3602,20
10,13,3602,20
best_local_k 3
-
t_7
finding_best_k
i,k,successes,mistakes
0,3,3619,3
1,4,3611,11
2,5,3610,12
3,6,3606,16
4,7,3606,16
5,8,3607,15
6,9,3602,20
7,10,3603,19
8,11,3599,23
9,12,3602,20
10,13,3602,20
best_local_k 3
-
t_8
finding_best_k
i,k,successes,mistakes
0,3,3618,4
1,4,3610,12
2,5,3610,12
3,6,3606,16
4,7,3606,16
5,8,3607,15
6,9,3602,20
7,10,3603,19
8,11,3599,23
9,12,3602,20
10,13,3602,20
best_local_k 3
-
t_9
finding_best_k
i,k,successes,mistakes
0,3,3619,3
1,4,3611,11
2,5,3610,12
3,6,3606,16
4,7,3606,16
5,8,3607,15
6,9,3602,20
7,10,3603,19
8,11,3599,23
9,12,3602,20
10,13,3602,20
best_local_k 3
-
result
best_t,best_k,successes,mistakes,success_ratio
9,3,7219,37,99.49%

iteration_12
-
t_0
finding_best_k
i,k,successes,mistakes
0,3,3600,22
1,4,3598,24
2,5,3596,26
3,6,3595,27
4,7,3597,25
5,8,3598,24
6,9,3596,26
7,10,3595,27
8,11,3594,28
9,12,3596,26
10,13,3597,25
best_local_k 3
-
t_1
finding_best_k
i,k,successes,mistakes
0,3,3611,11
1,4,3610,12
2,5,3610,12
3,6,3608,14
4,7,3607,15
5,8,3608,14
6,9,3605,17
7,10,3605,17
8,11,3602,20
9,12,3604,18
10,13,3604,18
best_local_k 3
-
t_2
finding_best_k
i,k,successes,mistakes
0,3,3614,8
1,4,3611,11
2,5,3609,13
3,6,3607,15
4,7,3607,15
5,8,3609,13
6,9,3605,17
7,10,3605,17
8,11,3600,22
9,12,3602,20
10,13,3602,20
best_local_k 3
-
t_3
finding_best_k
i,k,successes,mistakes
0,3,3611,11
1,4,3610,12
2,5,3611,11
3,6,3609,13
4,7,3609,13
5,8,3610,12
6,9,3605,17
7,10,3604,18
8,11,3601,21
9,12,3603,19
10,13,3603,19
best_local_k 3
-
t_4
finding_best_k
i,k,successes,mistakes
0,3,3615,7
1,4,3613,9
2,5,3609,13
3,6,3607,15
4,7,3606,16
5,8,3607,15
6,9,3604,18
7,10,3604,18
8,11,3600,22
9,12,3602,20
10,13,3602,20
best_local_k 3
-
t_5
finding_best_k
i,k,successes,mistakes
0,3,3617,5
1,4,3614,8
2,5,3611,11
3,6,3609,13
4,7,3608,14
5,8,3608,14
6,9,3605,17
7,10,3605,17
8,11,3601,21
9,12,3603,19
10,13,3603,19
best_local_k 3
-
t_6
finding_best_k
i,k,successes,mistakes
0,3,3613,9
1,4,3610,12
2,5,3610,12
3,6,3608,14
4,7,3607,15
5,8,3607,15
6,9,3604,18
7,10,3604,18
8,11,3600,22
9,12,3602,20
10,13,3602,20
best_local_k 3
-
t_7
finding_best_k
i,k,successes,mistakes
0,3,3612,10
1,4,3609,13
2,5,3609,13
3,6,3608,14
4,7,3608,14
5,8,3610,12
6,9,3605,17
7,10,3605,17
8,11,3600,22
9,12,3602,20
10,13,3602,20
best_local_k 3
-
t_8
finding_best_k
i,k,successes,mistakes
0,3,3610,12
1,4,3607,15
2,5,3607,15
3,6,3606,16
4,7,3606,16
5,8,3607,15
6,9,3604,18
7,10,3604,18
8,11,3600,22
9,12,3602,20
10,13,3602,20
best_local_k 3
-
t_9
finding_best_k
i,k,successes,mistakes
0,3,3615,7
1,4,3612,10
2,5,3612,10
3,6,3610,12
4,7,3607,15
5,8,3608,14
6,9,3605,17
7,10,3604,18
8,11,3601,21
9,12,3602,20
10,13,3602,20
best_local_k 3
-
result
best_t,best_k,successes,mistakes,success_ratio
9,3,7224,32,99.56%

iteration_13
-
t_0
finding_best_k
i,k,successes,mistakes
0,3,3600,22
1,4,3598,24
2,5,3596,26
3,6,3595,27
4,7,3597,25
5,8,3598,24
6,9,3596,26
7,10,3595,27
8,11,3594,28
9,12,3596,26
10,13,3597,25
best_local_k 3
-
t_1
finding_best_k
i,k,successes,mistakes
0,3,3616,6
1,4,3611,11
2,5,3609,13
3,6,3607,15
4,7,3605,17
5,8,3607,15
6,9,3603,19
7,10,3603,19
8,11,3600,22
9,12,3602,20
10,13,3602,20
best_local_k 3
-
t_2
finding_best_k
i,k,successes,mistakes
0,3,3617,5
1,4,3610,12
2,5,3608,14
3,6,3607,15
4,7,3606,16
5,8,3608,14
6,9,3604,18
7,10,3603,19
8,11,3600,22
9,12,3602,20
10,13,3602,20
best_local_k 3
-
t_3
finding_best_k
i,k,successes,mistakes
0,3,3619,3
1,4,3611,11
2,5,3609,13
3,6,3607,15
4,7,3608,14
5,8,3609,13
6,9,3604,18
7,10,3603,19
8,11,3601,21
9,12,3602,20
10,13,3602,20
best_local_k 3
-
t_4
finding_best_k
i,k,successes,mistakes
0,3,3617,5
1,4,3610,12
2,5,3609,13
3,6,3607,15
4,7,3608,14
5,8,3609,13
6,9,3604,18
7,10,3603,19
8,11,3601,21
9,12,3602,20
10,13,3602,20
best_local_k 3
-
t_5
finding_best_k
i,k,successes,mistakes
0,3,3619,3
1,4,3611,11
2,5,3610,12
3,6,3607,15
4,7,3608,14
5,8,3609,13
6,9,3604,18
7,10,3604,18
8,11,3602,20
9,12,3604,18
10,13,3602,20
best_local_k 3
-
t_6
finding_best_k
i,k,successes,mistakes
0,3,3619,3
1,4,3611,11
2,5,3609,13
3,6,3607,15
4,7,3608,14
5,8,3609,13
6,9,3604,18
7,10,3604,18
8,11,3602,20
9,12,3604,18
10,13,3602,20
best_local_k 3
-
t_7
finding_best_k
i,k,successes,mistakes
0,3,3619,3
1,4,3610,12
2,5,3609,13
3,6,3607,15
4,7,3608,14
5,8,3609,13
6,9,3604,18
7,10,3604,18
8,11,3602,20
9,12,3604,18
10,13,3602,20
best_local_k 3
-
t_8
finding_best_k
i,k,successes,mistakes
0,3,3618,4
1,4,3610,12
2,5,3609,13
3,6,3607,15
4,7,3608,14
5,8,3609,13
6,9,3604,18
7,10,3604,18
8,11,3602,20
9,12,3604,18
10,13,3602,20
best_local_k 3
-
t_9
finding_best_k
i,k,successes,mistakes
0,3,3619,3
1,4,3611,11
2,5,3610,12
3,6,3607,15
4,7,3608,14
5,8,3609,13
6,9,3604,18
7,10,3604,18
8,11,3602,20
9,12,3604,18
10,13,3602,20
best_local_k 3
-
result
best_t,best_k,successes,mistakes,success_ratio
9,3,7223,33,99.55%

iteration_14
-
t_0
finding_best_k
i,k,successes,mistakes
0,3,3600,22
1,4,3598,24
2,5,3596,26
3,6,3595,27
4,7,3597,25
5,8,3598,24
6,9,3596,26
7,10,3595,27
8,11,3594,28
9,12,3596,26
10,13,3597,25
best_local_k 3
-
t_1
finding_best_k
i,k,successes,mistakes
0,3,3617,5
1,4,3614,8
2,5,3611,11
3,6,3608,14
4,7,3608,14
5,8,3607,15
6,9,3603,19
7,10,3605,17
8,11,3601,21
9,12,3604,18
10,13,3604,18
best_local_k 3
-
t_2
finding_best_k
i,k,successes,mistakes
0,3,3613,9
1,4,3610,12
2,5,3608,14
3,6,3606,16
4,7,3605,17
5,8,3605,17
6,9,3601,21
7,10,3603,19
8,11,3599,23
9,12,3602,20
10,13,3602,20
best_local_k 3
-
t_3
finding_best_k
i,k,successes,mistakes
0,3,3615,7
1,4,3612,10
2,5,3608,14
3,6,3606,16
4,7,3607,15
5,8,3607,15
6,9,3602,20
7,10,3604,18
8,11,3600,22
9,12,3603,19
10,13,3604,18
best_local_k 3
-
t_4
finding_best_k
i,k,successes,mistakes
0,3,3617,5
1,4,3614,8
2,5,3610,12
3,6,3607,15
4,7,3608,14
5,8,3607,15
6,9,3602,20
7,10,3603,19
8,11,3599,23
9,12,3602,20
10,13,3602,20
best_local_k 3
-
t_5
finding_best_k
i,k,successes,mistakes
0,3,3618,4
1,4,3613,9
2,5,3609,13
3,6,3606,16
4,7,3606,16
5,8,3606,16
6,9,3601,21
7,10,3603,19
8,11,3599,23
9,12,3602,20
10,13,3602,20
best_local_k 3
-
t_6
finding_best_k
i,k,successes,mistakes
0,3,3617,5
1,4,3613,9
2,5,3610,12
3,6,3607,15
4,7,3607,15
5,8,3606,16
6,9,3601,21
7,10,3603,19
8,11,3599,23
9,12,3602,20
10,13,3602,20
best_local_k 3
-
t_7
finding_best_k
i,k,successes,mistakes
0,3,3617,5
1,4,3613,9
2,5,3611,11
3,6,3607,15
4,7,3608,14
5,8,3607,15
6,9,3602,20
7,10,3603,19
8,11,3599,23
9,12,3602,20
10,13,3603,19
best_local_k 3
-
t_8
finding_best_k
i,k,successes,mistakes
0,3,3618,4
1,4,3612,10
2,5,3609,13
3,6,3606,16
4,7,3606,16
5,8,3606,16
6,9,3601,21
7,10,3603,19
8,11,3599,23
9,12,3602,20
10,13,3602,20
best_local_k 3
-
t_9
finding_best_k
i,k,successes,mistakes
0,3,3618,4
1,4,3614,8
2,5,3611,11
3,6,3607,15
4,7,3608,14
5,8,3607,15
6,9,3602,20
7,10,3603,19
8,11,3599,23
9,12,3602,20
10,13,3603,19
best_local_k 3
-
result
best_t,best_k,successes,mistakes,success_ratio
9,3,7224,32,99.56%

iteration_15
-
t_0
finding_best_k
i,k,successes,mistakes
0,3,3600,22
1,4,3598,24
2,5,3596,26
3,6,3595,27
4,7,3597,25
5,8,3598,24
6,9,3596,26
7,10,3595,27
8,11,3594,28
9,12,3596,26
10,13,3597,25
best_local_k 3
-
t_1
finding_best_k
i,k,successes,mistakes
0,3,3614,8
1,4,3614,8
2,5,3614,8
3,6,3610,12
4,7,3606,16
5,8,3608,14
6,9,3604,18
7,10,3603,19
8,11,3601,21
9,12,3603,19
10,13,3603,19
best_local_k 3
-
t_2
finding_best_k
i,k,successes,mistakes
0,3,3614,8
1,4,3610,12
2,5,3610,12
3,6,3608,14
4,7,3606,16
5,8,3608,14
6,9,3603,19
7,10,3603,19
8,11,3600,22
9,12,3602,20
10,13,3602,20
best_local_k 3
-
t_3
finding_best_k
i,k,successes,mistakes
0,3,3612,10
1,4,3610,12
2,5,3609,13
3,6,3608,14
4,7,3607,15
5,8,3609,13
6,9,3604,18
7,10,3604,18
8,11,3601,21
9,12,3602,20
10,13,3602,20
best_local_k 3
-
t_4
finding_best_k
i,k,successes,mistakes
0,3,3614,8
1,4,3610,12
2,5,3610,12
3,6,3608,14
4,7,3607,15
5,8,3609,13
6,9,3604,18
7,10,3604,18
8,11,3600,22
9,12,3602,20
10,13,3602,20
best_local_k 3
-
t_5
finding_best_k
i,k,successes,mistakes
0,3,3616,6
1,4,3611,11
2,5,3613,9
3,6,3609,13
4,7,3609,13
5,8,3611,11
6,9,3604,18
7,10,3603,19
8,11,3600,22
9,12,3602,20
10,13,3602,20
best_local_k 3
-
t_6
finding_best_k
i,k,successes,mistakes
0,3,3618,4
1,4,3611,11
2,5,3610,12
3,6,3607,15
4,7,3606,16
5,8,3608,14
6,9,3603,19
7,10,3603,19
8,11,3600,22
9,12,3602,20
10,13,3602,20
best_local_k 3
-
t_7
finding_best_k
i,k,successes,mistakes
0,3,3617,5
1,4,3611,11
2,5,3610,12
3,6,3607,15
4,7,3606,16
5,8,3609,13
6,9,3604,18
7,10,3603,19
8,11,3600,22
9,12,3602,20
10,13,3602,20
best_local_k 3
-
t_8
finding_best_k
i,k,successes,mistakes
0,3,3619,3
1,4,3611,11
2,5,3610,12
3,6,3607,15
4,7,3606,16
5,8,3608,14
6,9,3603,19
7,10,3603,19
8,11,3600,22
9,12,3602,20
10,13,3602,20
best_local_k 3
-
t_9
finding_best_k
i,k,successes,mistakes
0,3,3619,3
1,4,3610,12
2,5,3610,12
3,6,3607,15
4,7,3606,16
5,8,3608,14
6,9,3603,19
7,10,3603,19
8,11,3600,22
9,12,3602,20
10,13,3602,20
best_local_k 3
-
result
best_t,best_k,successes,mistakes,success_ratio
9,3,7221,35,99.52%

iteration_16
-
t_0
finding_best_k
i,k,successes,mistakes
0,3,3600,22
1,4,3598,24
2,5,3596,26
3,6,3595,27
4,7,3597,25
5,8,3598,24
6,9,3596,26
7,10,3595,27
8,11,3594,28
9,12,3596,26
10,13,3597,25
best_local_k 3
-
t_1
finding_best_k
i,k,successes,mistakes
0,3,3613,9
1,4,3610,12
2,5,3610,12
3,6,3605,17
4,7,3607,15
5,8,3607,15
6,9,3605,17
7,10,3603,19
8,11,3601,21
9,12,3602,20
10,13,3603,19
best_local_k 3
-
t_2
finding_best_k
i,k,successes,mistakes
0,3,3610,12
1,4,3609,13
2,5,3611,11
3,6,3606,16
4,7,3609,13
5,8,3608,14
6,9,3606,16
7,10,3604,18
8,11,3602,20
9,12,3602,20
10,13,3603,19
best_local_k 5
-
t_3
finding_best_k
i,k,successes,mistakes
0,3,3613,9
1,4,3610,12
2,5,3614,8
3,6,3609,13
4,7,3609,13
5,8,3609,13
6,9,3606,16
7,10,3603,19
8,11,3602,20
9,12,3602,20
10,13,3604,18
best_local_k 5
-
t_4
finding_best_k
i,k,successes,mistakes
0,3,3616,6
1,4,3613,9
2,5,3611,11
3,6,3606,16
4,7,3610,12
5,8,3610,12
6,9,3607,15
7,10,3605,17
8,11,3603,19
9,12,3603,19
10,13,3605,17
best_local_k 3
-
t_5
finding_best_k
i,k,successes,mistakes
0,3,3614,8
1,4,3610,12
2,5,3612,10
3,6,3607,15
4,7,3611,11
5,8,3609,13
6,9,3606,16
7,10,3604,18
8,11,3603,19
9,12,3603,19
10,13,3604,18
best_local_k 3
-
t_6
finding_best_k
i,k,successes,mistakes
0,3,3617,5
1,4,3613,9
2,5,3615,7
3,6,3607,15
4,7,3609,13
5,8,3610,12
6,9,3607,15
7,10,3603,19
8,11,3601,21
9,12,3602,20
10,13,3603,19
best_local_k 3
-
t_7
finding_best_k
i,k,successes,mistakes
0,3,3614,8
1,4,3611,11
2,5,3613,9
3,6,3607,15
4,7,3609,13
5,8,3609,13
6,9,3606,16
7,10,3603,19
8,11,3602,20
9,12,3602,20
10,13,3603,19
best_local_k 3
-
t_8
finding_best_k
i,k,successes,mistakes
0,3,3614,8
1,4,3611,11
2,5,3610,12
3,6,3605,17
4,7,3609,13
5,8,3609,13
6,9,3606,16
7,10,3604,18
8,11,3602,20
9,12,3603,19
10,13,3605,17
best_local_k 3
-
t_9
finding_best_k
i,k,successes,mistakes
0,3,3613,9
1,4,3610,12
2,5,3612,10
3,6,3604,18
4,7,3607,15
5,8,3607,15
6,9,3605,17
7,10,3603,19
8,11,3601,21
9,12,3602,20
10,13,3603,19
best_local_k 3
-
result
best_t,best_k,successes,mistakes,success_ratio
9,3,7220,36,99.50%

iteration_17
-
t_0
finding_best_k
i,k,successes,mistakes
0,3,3600,22
1,4,3598,24
2,5,3596,26
3,6,3595,27
4,7,3597,25
5,8,3598,24
6,9,3596,26
7,10,3595,27
8,11,3594,28
9,12,3596,26
10,13,3597,25
best_local_k 3
-
t_1
finding_best_k
i,k,successes,mistakes
0,3,3616,6
1,4,3611,11
2,5,3611,11
3,6,3605,17
4,7,3607,15
5,8,3608,14
6,9,3606,16
7,10,3603,19
8,11,3601,21
9,12,3602,20
10,13,3603,19
best_local_k 3
-
t_2
finding_best_k
i,k,successes,mistakes
0,3,3616,6
1,4,3612,10
2,5,3613,9
3,6,3606,16
4,7,3608,14
5,8,3608,14
6,9,3606,16
7,10,3604,18
8,11,3603,19
9,12,3603,19
10,13,3604,18
best_local_k 3
-
t_3
finding_best_k
i,k,successes,mistakes
0,3,3618,4
1,4,3613,9
2,5,3612,10
3,6,3606,16
4,7,3609,13
5,8,3609,13
6,9,3606,16
7,10,3603,19
8,11,3601,21
9,12,3602,20
10,13,3603,19
best_local_k 3
-
t_4
finding_best_k
i,k,successes,mistakes
0,3,3617,5
1,4,3612,10
2,5,3612,10
3,6,3605,17
4,7,3608,14
5,8,3609,13
6,9,3606,16
7,10,3603,19
8,11,3602,20
9,12,3602,20
10,13,3603,19
best_local_k 3
-
t_5
finding_best_k
i,k,successes,mistakes
0,3,3617,5
1,4,3613,9
2,5,3613,9
3,6,3606,16
4,7,3609,13
5,8,3609,13
6,9,3606,16
7,10,3604,18
8,11,3602,20
9,12,3603,19
10,13,3604,18
best_local_k 3
-
t_6
finding_best_k
i,k,successes,mistakes
0,3,3617,5
1,4,3612,10
2,5,3612,10
3,6,3606,16
4,7,3608,14
5,8,3609,13
6,9,3606,16
7,10,3603,19
8,11,3601,21
9,12,3602,20
10,13,3603,19
best_local_k 3
-
t_7
finding_best_k
i,k,successes,mistakes
0,3,3613,9
1,4,3610,12
2,5,3612,10
3,6,3605,17
4,7,3607,15
5,8,3608,14
6,9,3606,16
7,10,3603,19
8,11,3601,21
9,12,3602,20
10,13,3603,19
best_local_k 3
-
t_8
finding_best_k
i,k,successes,mistakes
0,3,3615,7
1,4,3612,10
2,5,3615,7
3,6,3607,15
4,7,3609,13
5,8,3610,12
6,9,3605,17
7,10,3603,19
8,11,3601,21
9,12,3602,20
10,13,3603,19
best_local_k 3
-
t_9
finding_best_k
i,k,successes,mistakes
0,3,3617,5
1,4,3614,8
2,5,3612,10
3,6,3606,16
4,7,3608,14
5,8,3608,14
6,9,3606,16
7,10,3604,18
8,11,3602,20
9,12,3603,19
10,13,3604,18
best_local_k 3
-
result
best_t,best_k,successes,mistakes,success_ratio
9,3,7222,34,99.53%

iteration_18
-
t_0
finding_best_k
i,k,successes,mistakes
0,3,3600,22
1,4,3598,24
2,5,3596,26
3,6,3595,27
4,7,3597,25
5,8,3598,24
6,9,3596,26
7,10,3595,27
8,11,3594,28
9,12,3596,26
10,13,3597,25
best_local_k 3
-
t_1
finding_best_k
i,k,successes,mistakes
0,3,3616,6
1,4,3612,10
2,5,3609,13
3,6,3607,15
4,7,3605,17
5,8,3607,15
6,9,3603,19
7,10,3604,18
8,11,3601,21
9,12,3602,20
10,13,3602,20
best_local_k 3
-
t_2
finding_best_k
i,k,successes,mistakes
0,3,3617,5
1,4,3613,9
2,5,3610,12
3,6,3608,14
4,7,3607,15
5,8,3609,13
6,9,3604,18
7,10,3604,18
8,11,3601,21
9,12,3602,20
10,13,3602,20
best_local_k 3
-
t_3
finding_best_k
i,k,successes,mistakes
0,3,3616,6
1,4,3613,9
2,5,3611,11
3,6,3609,13
4,7,3608,14
5,8,3609,13
6,9,3604,18
7,10,3605,17
8,11,3602,20
9,12,3603,19
10,13,3603,19
best_local_k 3
-
t_4
finding_best_k
i,k,successes,mistakes
0,3,3613,9
1,4,3610,12
2,5,3610,12
3,6,3607,15
4,7,3606,16
5,8,3609,13
6,9,3604,18
7,10,3604,18
8,11,3601,21
9,12,3602,20
10,13,3602,20
best_local_k 3
-
t_5
finding_best_k
i,k,successes,mistakes
0,3,3611,11
1,4,3608,14
2,5,3608,14
3,6,3607,15
4,7,3607,15
5,8,3609,13
6,9,3604,18
7,10,3605,17
8,11,3602,20
9,12,3603,19
10,13,3603,19
best_local_k 3
-
t_6
finding_best_k
i,k,successes,mistakes
0,3,3616,6
1,4,3613,9
2,5,3614,8
3,6,3609,13
4,7,3610,12
5,8,3610,12
6,9,3605,17
7,10,3604,18
8,11,3601,21
9,12,3602,20
10,13,3603,19
best_local_k 3
-
t_7
finding_best_k
i,k,successes,mistakes
0,3,3615,7
1,4,3613,9
2,5,3613,9
3,6,3611,11
4,7,3610,12
5,8,3610,12
6,9,3604,18
7,10,3604,18
8,11,3601,21
9,12,3602,20
10,13,3602,20
best_local_k 3
-
t_8
finding_best_k
i,k,successes,mistakes
0,3,3613,9
1,4,3611,11
2,5,3610,12
3,6,3608,14
4,7,3606,16
5,8,3609,13
6,9,3603,19
7,10,3604,18
8,11,3601,21
9,12,3602,20
10,13,3602,20
best_local_k 3
-
t_9
finding_best_k
i,k,successes,mistakes
0,3,3611,11
1,4,3609,13
2,5,3608,14
3,6,3607,15
4,7,3607,15
5,8,3609,13
6,9,3604,18
7,10,3605,17
8,11,3602,20
9,12,3603,19
10,13,3603,19
best_local_k 3
-
result
best_t,best_k,successes,mistakes,success_ratio
9,3,7215,41,99.43%

iteration_19
-
t_0
finding_best_k
i,k,successes,mistakes
0,3,3600,22
1,4,3598,24
2,5,3596,26
3,6,3595,27
4,7,3597,25
5,8,3598,24
6,9,3596,26
7,10,3595,27
8,11,3594,28
9,12,3596,26
10,13,3597,25
best_local_k 3
-
t_1
finding_best_k
i,k,successes,mistakes
0,3,3614,8
1,4,3612,10
2,5,3612,10
3,6,3608,14
4,7,3606,16
5,8,3608,14
6,9,3603,19
7,10,3603,19
8,11,3600,22
9,12,3602,20
10,13,3602,20
best_local_k 3
-
t_2
finding_best_k
i,k,successes,mistakes
0,3,3617,5
1,4,3612,10
2,5,3609,13
3,6,3606,16
4,7,3605,17
5,8,3608,14
6,9,3603,19
7,10,3603,19
8,11,3600,22
9,12,3602,20
10,13,3602,20
best_local_k 3
-
t_3
finding_best_k
i,k,successes,mistakes
0,3,3618,4
1,4,3613,9
2,5,3610,12
3,6,3607,15
4,7,3607,15
5,8,3609,13
6,9,3604,18
7,10,3603,19
8,11,3600,22
9,12,3602,20
10,13,3602,20
best_local_k 3
-
t_4
finding_best_k
i,k,successes,mistakes
0,3,3614,8
1,4,3611,11
2,5,3610,12
3,6,3607,15
4,7,3607,15
5,8,3609,13
6,9,3604,18
7,10,3603,19
8,11,3600,22
9,12,3602,20
10,13,3602,20
best_local_k 3
-
t_5
finding_best_k
i,k,successes,mistakes
0,3,3613,9
1,4,3612,10
2,5,3612,10
3,6,3609,13
4,7,3609,13
5,8,3610,12
6,9,3603,19
7,10,3603,19
8,11,3600,22
9,12,3602,20
10,13,3602,20
best_local_k 3
-
t_6
finding_best_k
i,k,successes,mistakes
0,3,3614,8
1,4,3610,12
2,5,3610,12
3,6,3606,16
4,7,3606,16
5,8,3609,13
6,9,3604,18
7,10,3603,19
8,11,3600,22
9,12,3602,20
10,13,3602,20
best_local_k 3
-
t_7
finding_best_k
i,k,successes,mistakes
0,3,3613,9
1,4,3609,13
2,5,3610,12
3,6,3608,14
4,7,3609,13
5,8,3610,12
6,9,3605,17
7,10,3604,18
8,11,3601,21
9,12,3602,20
10,13,3602,20
best_local_k 3
-
t_8
finding_best_k
i,k,successes,mistakes
0,3,3615,7
1,4,3613,9
2,5,3612,10
3,6,3609,13
4,7,3609,13
5,8,3611,11
6,9,3605,17
7,10,3604,18
8,11,3601,21
9,12,3603,19
10,13,3603,19
best_local_k 3
-
t_9
finding_best_k
i,k,successes,mistakes
0,3,3613,9
1,4,3609,13
2,5,3610,12
3,6,3606,16
4,7,3606,16
5,8,3608,14
6,9,3604,18
7,10,3603,19
8,11,3600,22
9,12,3602,20
10,13,3602,20
best_local_k 3
-
result
best_t,best_k,successes,mistakes,success_ratio
9,3,7218,38,99.48%

iteration_20
-
t_0
finding_best_k
i,k,successes,mistakes
0,3,3600,22
1,4,3598,24
2,5,3596,26
3,6,3595,27
4,7,3597,25
5,8,3598,24
6,9,3596,26
7,10,3595,27
8,11,3594,28
9,12,3596,26
10,13,3597,25
best_local_k 3
-
t_1
finding_best_k
i,k,successes,mistakes
0,3,3615,7
1,4,3612,10
2,5,3614,8
3,6,3609,13
4,7,3606,16
5,8,3607,15
6,9,3603,19
7,10,3603,19
8,11,3601,21
9,12,3602,20
10,13,3602,20
best_local_k 3
-
t_2
finding_best_k
i,k,successes,mistakes
0,3,3612,10
1,4,3611,11
2,5,3610,12
3,6,3608,14
4,7,3606,16
5,8,3608,14
6,9,3603,19
7,10,3603,19
8,11,3600,22
9,12,3602,20
10,13,3602,20
best_local_k 3
-
t_3
finding_best_k
i,k,successes,mistakes
0,3,3611,11
1,4,3609,13
2,5,3609,13
3,6,3607,15
4,7,3606,16
5,8,3608,14
6,9,3604,18
7,10,3604,18
8,11,3601,21
9,12,3603,19
10,13,3603,19
best_local_k 3
-
t_4
finding_best_k
i,k,successes,mistakes
0,3,3613,9
1,4,3611,11
2,5,3612,10
3,6,3609,13
4,7,3607,15
5,8,3608,14
6,9,3603,19
7,10,3603,19
8,11,3600,22
9,12,3602,20
10,13,3602,20
best_local_k 3
-
t_5
finding_best_k
i,k,successes,mistakes
0,3,3618,4
1,4,3611,11
2,5,3610,12
3,6,3608,14
4,7,3608,14
5,8,3609,13
6,9,3604,18
7,10,3604,18
8,11,3601,21
9,12,3603,19
10,13,3603,19
best_local_k 3
-
t_6
finding_best_k
i,k,successes,mistakes
0,3,3618,4
1,4,3612,10
2,5,3610,12
3,6,3608,14
4,7,3607,15
5,8,3609,13
6,9,3604,18
7,10,3604,18
8,11,3601,21
9,12,3603,19
10,13,3603,19
best_local_k 3
-
t_7
finding_best_k
i,k,successes,mistakes
0,3,3618,4
1,4,3611,11
2,5,3610,12
3,6,3608,14
4,7,3608,14
5,8,3609,13
6,9,3604,18
7,10,3604,18
8,11,3601,21
9,12,3603,19
10,13,3603,19
best_local_k 3
-
t_8
finding_best_k
i,k,successes,mistakes
0,3,3616,6
1,4,3611,11
2,5,3611,11
3,6,3608,14
4,7,3608,14
5,8,3609,13
6,9,3604,18
7,10,3604,18
8,11,3601,21
9,12,3603,19
10,13,3603,19
best_local_k 3
-
t_9
finding_best_k
i,k,successes,mistakes
0,3,3613,9
1,4,3610,12
2,5,3611,11
3,6,3607,15
4,7,3606,16
5,8,3609,13
6,9,3604,18
7,10,3603,19
8,11,3600,22
9,12,3602,20
10,13,3602,20
best_local_k 3
-
result
best_t,best_k,successes,mistakes,success_ratio
9,3,7216,40,99.45%

iteration_21
-
t_0
finding_best_k
i,k,successes,mistakes
0,3,3600,22
1,4,3598,24
2,5,3596,26
3,6,3595,27
4,7,3597,25
5,8,3598,24
6,9,3596,26
7,10,3595,27
8,11,3594,28
9,12,3596,26
10,13,3597,25
best_local_k 3
-
t_1
finding_best_k
i,k,successes,mistakes
0,3,3616,6
1,4,3613,9
2,5,3614,8
3,6,3609,13
4,7,3605,17
5,8,3607,15
6,9,3604,18
7,10,3603,19
8,11,3600,22
9,12,3602,20
10,13,3602,20
best_local_k 3
-
t_2
finding_best_k
i,k,successes,mistakes
0,3,3619,3
1,4,3612,10
2,5,3610,12
3,6,3607,15
4,7,3608,14
5,8,3609,13
6,9,3604,18
7,10,3603,19
8,11,3601,21
9,12,3602,20
10,13,3602,20
best_local_k 3
-
t_3
finding_best_k
i,k,successes,mistakes
0,3,3618,4
1,4,3612,10
2,5,3610,12
3,6,3607,15
4,7,3608,14
5,8,3609,13
6,9,3604,18
7,10,3603,19
8,11,3601,21
9,12,3602,20
10,13,3602,20
best_local_k 3
-
t_4
finding_best_k
i,k,successes,mistakes
0,3,3619,3
1,4,3612,10
2,5,3610,12
3,6,3607,15
4,7,3608,14
5,8,3609,13
6,9,3604,18
7,10,3603,19
8,11,3601,21
9,12,3602,20
10,13,3602,20
best_local_k 3
-
t_5
finding_best_k
i,k,successes,mistakes
0,3,3619,3
1,4,3611,11
2,5,3610,12
3,6,3607,15
4,7,3608,14
5,8,3609,13
6,9,3604,18
7,10,3603,19
8,11,3601,21
9,12,3602,20
10,13,3602,20
best_local_k 3
-
t_6
finding_best_k
i,k,successes,mistakes
0,3,3619,3
1,4,3612,10
2,5,3610,12
3,6,3607,15
4,7,3608,14
5,8,3609,13
6,9,3604,18
7,10,3603,19
8,11,3601,21
9,12,3602,20
10,13,3602,20
best_local_k 3
-
t_7
finding_best_k
i,k,successes,mistakes
0,3,3619,3
1,4,3611,11
2,5,3610,12
3,6,3607,15
4,7,3608,14
5,8,3609,13
6,9,3604,18
7,10,3603,19
8,11,3601,21
9,12,3602,20
10,13,3602,20
best_local_k 3
-
t_8
finding_best_k
i,k,successes,mistakes
0,3,3618,4
1,4,3611,11
2,5,3610,12
3,6,3607,15
4,7,3608,14
5,8,3609,13
6,9,3604,18
7,10,3603,19
8,11,3601,21
9,12,3602,20
10,13,3602,20
best_local_k 3
-
t_9
finding_best_k
i,k,successes,mistakes
0,3,3618,4
1,4,3611,11
2,5,3610,12
3,6,3607,15
4,7,3608,14
5,8,3609,13
6,9,3604,18
7,10,3603,19
8,11,3601,21
9,12,3602,20
10,13,3602,20
best_local_k 3
-
result
best_t,best_k,successes,mistakes,success_ratio
9,3,7223,33,99.55%

iteration_22
-
t_0
finding_best_k
i,k,successes,mistakes
0,3,3600,22
1,4,3598,24
2,5,3596,26
3,6,3595,27
4,7,3597,25
5,8,3598,24
6,9,3596,26
7,10,3595,27
8,11,3594,28
9,12,3596,26
10,13,3597,25
best_local_k 3
-
t_1
finding_best_k
i,k,successes,mistakes
0,3,3616,6
1,4,3612,10
2,5,3609,13
3,6,3607,15
4,7,3605,17
5,8,3607,15
6,9,3603,19
7,10,3603,19
8,11,3600,22
9,12,3602,20
10,13,3602,20
best_local_k 3
-
t_2
finding_best_k
i,k,successes,mistakes
0,3,3612,10
1,4,3609,13
2,5,3608,14
3,6,3607,15
4,7,3605,17
5,8,3608,14
6,9,3603,19
7,10,3603,19
8,11,3600,22
9,12,3602,20
10,13,3602,20
best_local_k 3
-
t_3
finding_best_k
i,k,successes,mistakes
0,3,3611,11
1,4,3607,15
2,5,3608,14
3,6,3606,16
4,7,3606,16
5,8,3608,14
6,9,3603,19
7,10,3603,19
8,11,3600,22
9,12,3602,20
10,13,3603,19
best_local_k 3
-
t_4
finding_best_k
i,k,successes,mistakes
0,3,3613,9
1,4,3612,10
2,5,3611,11
3,6,3609,13
4,7,3606,16
5,8,3609,13
6,9,3603,19
7,10,3603,19
8,11,3600,22
9,12,3602,20
10,13,3602,20
best_local_k 3
-
t_5
finding_best_k
i,k,successes,mistakes
0,3,3612,10
1,4,3609,13
2,5,3610,12
3,6,3609,13
4,7,3608,14
5,8,3610,12
6,9,3606,16
7,10,3605,17
8,11,3602,20
9,12,3602,20
10,13,3603,19
best_local_k 3
-
t_6
finding_best_k
i,k,successes,mistakes
0,3,3617,5
1,4,3614,8
2,5,3613,9
3,6,3608,14
4,7,3606,16
5,8,3609,13
6,9,3604,18
7,10,3603,19
8,11,3601,21
9,12,3602,20
10,13,3602,20
best_local_k 3
-
t_7
finding_best_k
i,k,successes,mistakes
0,3,3617,5
1,4,3610,12
2,5,3609,13
3,6,3606,16
4,7,3606,16
5,8,3609,13
6,9,3604,18
7,10,3603,19
8,11,3601,21
9,12,3602,20
10,13,3602,20
best_local_k 3
-
t_8
finding_best_k
i,k,successes,mistakes
0,3,3617,5
1,4,3612,10
2,5,3610,12
3,6,3608,14
4,7,3609,13
5,8,3608,14
6,9,3603,19
7,10,3603,19
8,11,3600,22
9,12,3602,20
10,13,3602,20
best_local_k 3
-
t_9
finding_best_k
i,k,successes,mistakes
0,3,3617,5
1,4,3612,10
2,5,3611,11
3,6,3606,16
4,7,3605,17
5,8,3608,14
6,9,3603,19
7,10,3603,19
8,11,3600,22
9,12,3602,20
10,13,3602,20
best_local_k 3
-
result
best_t,best_k,successes,mistakes,success_ratio
9,3,7221,35,99.52%

iteration_23
-
t_0
finding_best_k
i,k,successes,mistakes
0,3,3600,22
1,4,3598,24
2,5,3596,26
3,6,3595,27
4,7,3597,25
5,8,3598,24
6,9,3596,26
7,10,3595,27
8,11,3594,28
9,12,3596,26
10,13,3597,25
best_local_k 3
-
t_1
finding_best_k
i,k,successes,mistakes
0,3,3612,10
1,4,3610,12
2,5,3612,10
3,6,3610,12
4,7,3606,16
5,8,3608,14
6,9,3604,18
7,10,3604,18
8,11,3601,21
9,12,3603,19
10,13,3603,19
best_local_k 3
-
t_2
finding_best_k
i,k,successes,mistakes
0,3,3615,7
1,4,3611,11
2,5,3608,14
3,6,3607,15
4,7,3607,15
5,8,3609,13
6,9,3604,18
7,10,3604,18
8,11,3601,21
9,12,3603,19
10,13,3603,19
best_local_k 3
-
t_3
finding_best_k
i,k,successes,mistakes
0,3,3612,10
1,4,3610,12
2,5,3609,13
3,6,3608,14
4,7,3607,15
5,8,3609,13
6,9,3605,17
7,10,3605,17
8,11,3602,20
9,12,3602,20
10,13,3602,20
best_local_k 3
-
t_4
finding_best_k
i,k,successes,mistakes
0,3,3613,9
1,4,3611,11
2,5,3611,11
3,6,3608,14
4,7,3607,15
5,8,3609,13
6,9,3604,18
7,10,3604,18
8,11,3600,22
9,12,3602,20
10,13,3602,20
best_local_k 3
-
t_5
finding_best_k
i,k,successes,mistakes
0,3,3616,6
1,4,3612,10
2,5,3610,12
3,6,3607,15
4,7,3606,16
5,8,3608,14
6,9,3604,18
7,10,3603,19
8,11,3600,22
9,12,3602,20
10,13,3602,20
best_local_k 3
-
t_6
finding_best_k
i,k,successes,mistakes
0,3,3614,8
1,4,3609,13
2,5,3610,12
3,6,3607,15
4,7,3606,16
5,8,3609,13
6,9,3604,18
7,10,3603,19
8,11,3600,22
9,12,3602,20
10,13,3602,20
best_local_k 3
-
t_7
finding_best_k
i,k,successes,mistakes
0,3,3612,10
1,4,3609,13
2,5,3608,14
3,6,3607,15
4,7,3607,15
5,8,3609,13
6,9,3604,18
7,10,3603,19
8,11,3600,22
9,12,3602,20
10,13,3602,20
best_local_k 3
-
t_8
finding_best_k
i,k,successes,mistakes
0,3,3611,11
1,4,3609,13
2,5,3608,14
3,6,3607,15
4,7,3607,15
5,8,3609,13
6,9,3604,18
7,10,3604,18
8,11,3601,21
9,12,3603,19
10,13,3603,19
best_local_k 3
-
t_9
finding_best_k
i,k,successes,mistakes
0,3,3612,10
1,4,3609,13
2,5,3609,13
3,6,3608,14
4,7,3608,14
5,8,3610,12
6,9,3603,19
7,10,3603,19
8,11,3600,22
9,12,3602,20
10,13,3602,20
best_local_k 3
-
result
best_t,best_k,successes,mistakes,success_ratio
9,3,7222,34,99.53%

iteration_24
-
t_0
finding_best_k
i,k,successes,mistakes
0,3,3600,22
1,4,3598,24
2,5,3596,26
3,6,3595,27
4,7,3597,25
5,8,3598,24
6,9,3596,26
7,10,3595,27
8,11,3594,28
9,12,3596,26
10,13,3597,25
best_local_k 3
-
t_1
finding_best_k
i,k,successes,mistakes
0,3,3616,6
1,4,3613,9
2,5,3612,10
3,6,3609,13
4,7,3606,16
5,8,3608,14
6,9,3603,19
7,10,3603,19
8,11,3600,22
9,12,3602,20
10,13,3602,20
best_local_k 3
-
t_2
finding_best_k
i,k,successes,mistakes
0,3,3613,9
1,4,3611,11
2,5,3610,12
3,6,3608,14
4,7,3607,15
5,8,3609,13
6,9,3603,19
7,10,3603,19
8,11,3600,22
9,12,3602,20
10,13,3602,20
best_local_k 3
-
t_3
finding_best_k
i,k,successes,mistakes
0,3,3618,4
1,4,3613,9
2,5,3613,9
3,6,3610,12
4,7,3606,16
5,8,3608,14
6,9,3603,19
7,10,3603,19
8,11,3600,22
9,12,3602,20
10,13,3602,20
best_local_k 3
-
t_4
finding_best_k
i,k,successes,mistakes
0,3,3613,9
1,4,3610,12
2,5,3610,12
3,6,3609,13
4,7,3606,16
5,8,3608,14
6,9,3603,19
7,10,3603,19
8,11,3600,22
9,12,3602,20
10,13,3602,20
best_local_k 3
-
t_5
finding_best_k
i,k,successes,mistakes
0,3,3614,8
1,4,3613,9
2,5,3612,10
3,6,3610,12
4,7,3608,14
5,8,3609,13
6,9,3605,17
7,10,3604,18
8,11,3600,22
9,12,3602,20
10,13,3602,20
best_local_k 3
-
t_6
finding_best_k
i,k,successes,mistakes
0,3,3617,5
1,4,3611,11
2,5,3610,12
3,6,3608,14
4,7,3607,15
5,8,3609,13
6,9,3604,18
7,10,3604,18
8,11,3601,21
9,12,3602,20
10,13,3602,20
best_local_k 3
-
t_7
finding_best_k
i,k,successes,mistakes
0,3,3618,4
1,4,3612,10
2,5,3610,12
3,6,3608,14
4,7,3608,14
5,8,3610,12
6,9,3605,17
7,10,3604,18
8,11,3601,21
9,12,3603,19
10,13,3603,19
best_local_k 3
-
t_8
finding_best_k
i,k,successes,mistakes
0,3,3617,5
1,4,3613,9
2,5,3610,12
3,6,3608,14
4,7,3608,14
5,8,3610,12
6,9,3603,19
7,10,3603,19
8,11,3600,22
9,12,3602,20
10,13,3602,20
best_local_k 3
-
t_9
finding_best_k
i,k,successes,mistakes
0,3,3612,10
1,4,3610,12
2,5,3611,11
3,6,3609,13
4,7,3608,14
5,8,3610,12
6,9,3604,18
7,10,3604,18
8,11,3601,21
9,12,3603,19
10,13,3604,18
best_local_k 3
-
result
best_t,best_k,successes,mistakes,success_ratio
9,3,7220,36,99.50%

iteration_25
-
t_0
finding_best_k
i,k,successes,mistakes
0,3,3600,22
1,4,3598,24
2,5,3596,26
3,6,3595,27
4,7,3597,25
5,8,3598,24
6,9,3596,26
7,10,3595,27
8,11,3594,28
9,12,3596,26
10,13,3597,25
best_local_k 3
-
t_1
finding_best_k
i,k,successes,mistakes
0,3,3612,10
1,4,3611,11
2,5,3610,12
3,6,3608,14
4,7,3607,15
5,8,3608,14
6,9,3604,18
7,10,3605,17
8,11,3602,20
9,12,3603,19
10,13,3603,19
best_local_k 3
-
t_2
finding_best_k
i,k,successes,mistakes
0,3,3612,10
1,4,3610,12
2,5,3609,13
3,6,3607,15
4,7,3607,15
5,8,3609,13
6,9,3604,18
7,10,3605,17
8,11,3601,21
9,12,3602,20
10,13,3602,20
best_local_k 3
-
t_3
finding_best_k
i,k,successes,mistakes
0,3,3617,5
1,4,3613,9
2,5,3613,9
3,6,3609,13
4,7,3607,15
5,8,3608,14
6,9,3603,19
7,10,3604,18
8,11,3601,21
9,12,3602,20
10,13,3602,20
best_local_k 3
-
t_4
finding_best_k
i,k,successes,mistakes
0,3,3618,4
1,4,3612,10
2,5,3610,12
3,6,3608,14
4,7,3608,14
5,8,3609,13
6,9,3604,18
7,10,3605,17
8,11,3602,20
9,12,3603,19
10,13,3603,19
best_local_k 3
-
t_5
finding_best_k
i,k,successes,mistakes
0,3,3613,9
1,4,3610,12
2,5,3610,12
3,6,3608,14
4,7,3609,13
5,8,3609,13
6,9,3604,18
7,10,3605,17
8,11,3602,20
9,12,3603,19
10,13,3603,19
best_local_k 3
-
t_6
finding_best_k
i,k,successes,mistakes
0,3,3612,10
1,4,3609,13
2,5,3609,13
3,6,3608,14
4,7,3608,14
5,8,3609,13
6,9,3605,17
7,10,3605,17
8,11,3603,19
9,12,3603,19
10,13,3603,19
best_local_k 3
-
t_7
finding_best_k
i,k,successes,mistakes
0,3,3617,5
1,4,3613,9
2,5,3611,11
3,6,3610,12
4,7,3610,12
5,8,3610,12
6,9,3605,17
7,10,3605,17
8,11,3603,19
9,12,3603,19
10,13,3604,18
best_local_k 3
-
t_8
finding_best_k
i,k,successes,mistakes
0,3,3613,9
1,4,3610,12
2,5,3610,12
3,6,3606,16
4,7,3605,17
5,8,3607,15
6,9,3603,19
7,10,3604,18
8,11,3601,21
9,12,3602,20
10,13,3602,20
best_local_k 3
-
t_9
finding_best_k
i,k,successes,mistakes
0,3,3615,7
1,4,3613,9
2,5,3613,9
3,6,3608,14
4,7,3608,14
5,8,3610,12
6,9,3603,19
7,10,3604,18
8,11,3601,21
9,12,3602,20
10,13,3602,20
best_local_k 3
-
result
best_t,best_k,successes,mistakes,success_ratio
9,3,7218,38,99.48%

iteration_26
-
t_0
finding_best_k
i,k,successes,mistakes
0,3,3600,22
1,4,3598,24
2,5,3596,26
3,6,3595,27
4,7,3597,25
5,8,3598,24
6,9,3596,26
7,10,3595,27
8,11,3594,28
9,12,3596,26
10,13,3597,25
best_local_k 3
-
t_1
finding_best_k
i,k,successes,mistakes
0,3,3616,6
1,4,3613,9
2,5,3611,11
3,6,3608,14
4,7,3608,14
5,8,3608,14
6,9,3605,17
7,10,3603,19
8,11,3602,20
9,12,3602,20
10,13,3602,20
best_local_k 3
-
t_2
finding_best_k
i,k,successes,mistakes
0,3,3614,8
1,4,3610,12
2,5,3610,12
3,6,3608,14
4,7,3608,14
5,8,3610,12
6,9,3605,17
7,10,3604,18
8,11,3603,19
9,12,3602,20
10,13,3602,20
best_local_k 3
-
t_3
finding_best_k
i,k,successes,mistakes
0,3,3614,8
1,4,3612,10
2,5,3611,11
3,6,3609,13
4,7,3608,14
5,8,3609,13
6,9,3604,18
7,10,3604,18
8,11,3601,21
9,12,3601,21
10,13,3601,21
best_local_k 3
-
t_4
finding_best_k
i,k,successes,mistakes
0,3,3614,8
1,4,3613,9
2,5,3613,9
3,6,3609,13
4,7,3608,14
5,8,3609,13
6,9,3604,18
7,10,3604,18
8,11,3602,20
9,12,3602,20
10,13,3602,20
best_local_k 3
-
t_5
finding_best_k
i,k,successes,mistakes
0,3,3618,4
1,4,3612,10
2,5,3610,12
3,6,3607,15
4,7,3606,16
5,8,3609,13
6,9,3604,18
7,10,3603,19
8,11,3601,21
9,12,3601,21
10,13,3601,21
best_local_k 3
-
t_6
finding_best_k
i,k,successes,mistakes
0,3,3618,4
1,4,3611,11
2,5,3610,12
3,6,3607,15
4,7,3606,16
5,8,3609,13
6,9,3604,18
7,10,3603,19
8,11,3601,21
9,12,3601,21
10,13,3601,21
best_local_k 3
-
t_7
finding_best_k
i,k,successes,mistakes
0,3,3613,9
1,4,3609,13
2,5,3608,14
3,6,3607,15
4,7,3605,17
5,8,3608,14
6,9,3603,19
7,10,3603,19
8,11,3601,21
9,12,3601,21
10,13,3601,21
best_local_k 3
-
t_8
finding_best_k
i,k,successes,mistakes
0,3,3614,8
1,4,3610,12
2,5,3608,14
3,6,3607,15
4,7,3607,15
5,8,3609,13
6,9,3604,18
7,10,3604,18
8,11,3602,20
9,12,3602,20
10,13,3602,20
best_local_k 3
-
t_9
finding_best_k
i,k,successes,mistakes
0,3,3612,10
1,4,3610,12
2,5,3609,13
3,6,3608,14
4,7,3607,15
5,8,3609,13
6,9,3605,17
7,10,3605,17
8,11,3603,19
9,12,3602,20
10,13,3602,20
best_local_k 3
-
result
best_t,best_k,successes,mistakes,success_ratio
9,3,7216,40,99.45%

iteration_27
-
t_0
finding_best_k
i,k,successes,mistakes
0,3,3600,22
1,4,3598,24
2,5,3596,26
3,6,3595,27
4,7,3597,25
5,8,3598,24
6,9,3596,26
7,10,3595,27
8,11,3594,28
9,12,3596,26
10,13,3597,25
best_local_k 3
-
t_1
finding_best_k
i,k,successes,mistakes
0,3,3616,6
1,4,3612,10
2,5,3610,12
3,6,3608,14
4,7,3607,15
5,8,3609,13
6,9,3605,17
7,10,3604,18
8,11,3601,21
9,12,3603,19
10,13,3603,19
best_local_k 3
-
t_2
finding_best_k
i,k,successes,mistakes
0,3,3612,10
1,4,3610,12
2,5,3610,12
3,6,3608,14
4,7,3607,15
5,8,3609,13
6,9,3604,18
7,10,3604,18
8,11,3601,21
9,12,3603,19
10,13,3603,19
best_local_k 3
-
t_3
finding_best_k
i,k,successes,mistakes
0,3,3613,9
1,4,3609,13
2,5,3609,13
3,6,3606,16
4,7,3606,16
5,8,3608,14
6,9,3603,19
7,10,3603,19
8,11,3600,22
9,12,3602,20
10,13,3602,20
best_local_k 3
-
t_4
finding_best_k
i,k,successes,mistakes
0,3,3613,9
1,4,3610,12
2,5,3611,11
3,6,3609,13
4,7,3605,17
5,8,3608,14
6,9,3603,19
7,10,3603,19
8,11,3600,22
9,12,3602,20
10,13,3602,20
best_local_k 3
-
t_5
finding_best_k
i,k,successes,mistakes
0,3,3612,10
1,4,3609,13
2,5,3608,14
3,6,3607,15
4,7,3607,15
5,8,3608,14
6,9,3604,18
7,10,3604,18
8,11,3601,21
9,12,3602,20
10,13,3602,20
best_local_k 3
-
t_6
finding_best_k
i,k,successes,mistakes
0,3,3612,10
1,4,3611,11
2,5,3611,11
3,6,3610,12
4,7,3609,13
5,8,3610,12
6,9,3604,18
7,10,3604,18
8,11,3600,22
9,12,3602,20
10,13,3602,20
best_local_k 3
-
t_7
finding_best_k
i,k,successes,mistakes
0,3,3617,5
1,4,3611,11
2,5,3610,12
3,6,3607,15
4,7,3606,16
5,8,3608,14
6,9,3604,18
7,10,3603,19
8,11,3600,22
9,12,3602,20
10,13,3602,20
best_local_k 3
-
t_8
finding_best_k
i,k,successes,mistakes
0,3,3618,4
1,4,3611,11
2,5,3611,11
3,6,3609,13
4,7,3610,12
5,8,3610,12
6,9,3604,18
7,10,3603,19
8,11,3600,22
9,12,3602,20
10,13,3602,20
best_local_k 3
-
t_9
finding_best_k
i,k,successes,mistakes
0,3,3618,4
1,4,3612,10
2,5,3610,12
3,6,3609,13
4,7,3608,14
5,8,3609,13
6,9,3603,19
7,10,3603,19
8,11,3600,22
9,12,3602,20
10,13,3602,20
best_local_k 3
-
result
best_t,best_k,successes,mistakes,success_ratio
9,3,7218,38,99.48%

iteration_28
-
t_0
finding_best_k
i,k,successes,mistakes
0,3,3600,22
1,4,3598,24
2,5,3596,26
3,6,3595,27
4,7,3597,25
5,8,3598,24
6,9,3596,26
7,10,3595,27
8,11,3594,28
9,12,3596,26
10,13,3597,25
best_local_k 3
-
t_1
finding_best_k
i,k,successes,mistakes
0,3,3616,6
1,4,3614,8
2,5,3614,8
3,6,3610,12
4,7,3608,14
5,8,3608,14
6,9,3606,16
7,10,3604,18
8,11,3602,20
9,12,3603,19
10,13,3603,19
best_local_k 3
-
t_2
finding_best_k
i,k,successes,mistakes
0,3,3616,6
1,4,3612,10
2,5,3614,8
3,6,3610,12
4,7,3607,15
5,8,3609,13
6,9,3606,16
7,10,3604,18
8,11,3601,21
9,12,3602,20
10,13,3602,20
best_local_k 3
-
t_3
finding_best_k
i,k,successes,mistakes
0,3,3616,6
1,4,3613,9
2,5,3612,10
3,6,3609,13
4,7,3607,15
5,8,3608,14
6,9,3604,18
7,10,3603,19
8,11,3601,21
9,12,3602,20
10,13,3602,20
best_local_k 3
-
t_4
finding_best_k
i,k,successes,mistakes
0,3,3616,6
1,4,3613,9
2,5,3610,12
3,6,3608,14
4,7,3608,14
5,8,3609,13
6,9,3605,17
7,10,3603,19
8,11,3600,22
9,12,3602,20
10,13,3602,20
best_local_k 3
-
t_5
finding_best_k
i,k,successes,mistakes
0,3,3613,9
1,4,3611,11
2,5,3610,12
3,6,3608,14
4,7,3607,15
5,8,3609,13
6,9,3605,17
7,10,3604,18
8,11,3601,21
9,12,3603,19
10,13,3603,19
best_local_k 3
-
t_6
finding_best_k
i,k,successes,mistakes
0,3,3614,8
1,4,3610,12
2,5,3611,11
3,6,3608,14
4,7,3607,15
5,8,3609,13
6,9,3605,17
7,10,3604,18
8,11,3600,22
9,12,3602,20
10,13,3602,20
best_local_k 3
-
t_7
finding_best_k
i,k,successes,mistakes
0,3,3618,4
1,4,3612,10
2,5,3611,11
3,6,3608,14
4,7,3608,14
5,8,3609,13
6,9,3605,17
7,10,3603,19
8,11,3600,22
9,12,3602,20
10,13,3602,20
best_local_k 3
-
t_8
finding_best_k
i,k,successes,mistakes
0,3,3618,4
1,4,3612,10
2,5,3610,12
3,6,3607,15
4,7,3606,16
5,8,3608,14
6,9,3604,18
7,10,3603,19
8,11,3600,22
9,12,3602,20
10,13,3602,20
best_local_k 3
-
t_9
finding_best_k
i,k,successes,mistakes
0,3,3617,5
1,4,3612,10
2,5,3610,12
3,6,3608,14
4,7,3607,15
5,8,3608,14
6,9,3604,18
7,10,3603,19
8,11,3600,22
9,12,3602,20
10,13,3602,20
best_local_k 3
-
result
best_t,best_k,successes,mistakes,success_ratio
9,3,7222,34,99.53%

iteration_29
-
t_0
finding_best_k
i,k,successes,mistakes
0,3,3600,22
1,4,3598,24
2,5,3596,26
3,6,3595,27
4,7,3597,25
5,8,3598,24
6,9,3596,26
7,10,3595,27
8,11,3594,28
9,12,3596,26
10,13,3597,25
best_local_k 3
-
t_1
finding_best_k
i,k,successes,mistakes
0,3,3615,7
1,4,3612,10
2,5,3612,10
3,6,3608,14
4,7,3607,15
5,8,3607,15
6,9,3604,18
7,10,3604,18
8,11,3603,19
9,12,3603,19
10,13,3603,19
best_local_k 3
-
t_2
finding_best_k
i,k,successes,mistakes
0,3,3618,4
1,4,3611,11
2,5,3609,13
3,6,3607,15
4,7,3605,17
5,8,3607,15
6,9,3602,20
7,10,3603,19
8,11,3601,21
9,12,3602,20
10,13,3602,20
best_local_k 3
-
t_3
finding_best_k
i,k,successes,mistakes
0,3,3618,4
1,4,3611,11
2,5,3610,12
3,6,3607,15
4,7,3606,16
5,8,3607,15
6,9,3602,20
7,10,3603,19
8,11,3601,21
9,12,3602,20
10,13,3602,20
best_local_k 3
-
t_4
finding_best_k
i,k,successes,mistakes
0,3,3617,5
1,4,3611,11
2,5,3610,12
3,6,3607,15
4,7,3606,16
5,8,3607,15
6,9,3602,20
7,10,3603,19
8,11,3601,21
9,12,3602,20
10,13,3602,20
best_local_k 3
-
t_5
finding_best_k
i,k,successes,mistakes
0,3,3619,3
1,4,3612,10
2,5,3610,12
3,6,3607,15
4,7,3606,16
5,8,3607,15
6,9,3602,20
7,10,3603,19
8,11,3601,21
9,12,3602,20
10,13,3602,20
best_local_k 3
-
t_6
finding_best_k
i,k,successes,mistakes
0,3,3618,4
1,4,3611,11
2,5,3610,12
3,6,3607,15
4,7,3606,16
5,8,3607,15
6,9,3602,20
7,10,3603,19
8,11,3601,21
9,12,3602,20
10,13,3602,20
best_local_k 3
-
t_7
finding_best_k
i,k,successes,mistakes
0,3,3619,3
1,4,3612,10
2,5,3610,12
3,6,3607,15
4,7,3606,16
5,8,3607,15
6,9,3602,20
7,10,3603,19
8,11,3601,21
9,12,3602,20
10,13,3602,20
best_local_k 3
-
t_8
finding_best_k
i,k,successes,mistakes
0,3,3619,3
1,4,3611,11
2,5,3610,12
3,6,3607,15
4,7,3606,16
5,8,3607,15
6,9,3602,20
7,10,3603,19
8,11,3601,21
9,12,3602,20
10,13,3602,20
best_local_k 3
-
t_9
finding_best_k
i,k,successes,mistakes
0,3,3619,3
1,4,3612,10
2,5,3610,12
3,6,3607,15
4,7,3606,16
5,8,3607,15
6,9,3602,20
7,10,3603,19
8,11,3601,21
9,12,3602,20
10,13,3602,20
best_local_k 3
-
result
best_t,best_k,successes,mistakes,success_ratio
9,3,7220,36,99.50%

iteration_30
-
t_0
finding_best_k
i,k,successes,mistakes
0,3,3600,22
1,4,3598,24
2,5,3596,26
3,6,3595,27
4,7,3597,25
5,8,3598,24
6,9,3596,26
7,10,3595,27
8,11,3594,28
9,12,3596,26
10,13,3597,25
best_local_k 3
-
t_1
finding_best_k
i,k,successes,mistakes
0,3,3615,7
1,4,3611,11
2,5,3610,12
3,6,3607,15
4,7,3607,15
5,8,3608,14
6,9,3604,18
7,10,3604,18
8,11,3602,20
9,12,3605,17
10,13,3603,19
best_local_k 3
-
t_2
finding_best_k
i,k,successes,mistakes
0,3,3612,10
1,4,3610,12
2,5,3610,12
3,6,3606,16
4,7,3606,16
5,8,3609,13
6,9,3604,18
7,10,3604,18
8,11,3601,21
9,12,3604,18
10,13,3602,20
best_local_k 3
-
t_3
finding_best_k
i,k,successes,mistakes
0,3,3615,7
1,4,3612,10
2,5,3610,12
3,6,3607,15
4,7,3606,16
5,8,3609,13
6,9,3603,19
7,10,3604,18
8,11,3601,21
9,12,3604,18
10,13,3601,21
best_local_k 3
-
t_4
finding_best_k
i,k,successes,mistakes
0,3,3615,7
1,4,3610,12
2,5,3608,14
3,6,3606,16
4,7,3606,16
5,8,3608,14
6,9,3604,18
7,10,3604,18
8,11,3601,21
9,12,3604,18
10,13,3602,20
best_local_k 3
-
t_5
finding_best_k
i,k,successes,mistakes
0,3,3617,5
1,4,3612,10
2,5,3611,11
3,6,3608,14
4,7,3609,13
5,8,3609,13
6,9,3605,17
7,10,3606,16
8,11,3603,19
9,12,3606,16
10,13,3604,18
best_local_k 3
-
t_6
finding_best_k
i,k,successes,mistakes
0,3,3612,10
1,4,3610,12
2,5,3610,12
3,6,3607,15
4,7,3608,14
5,8,3609,13
6,9,3605,17
7,10,3606,16
8,11,3603,19
9,12,3606,16
10,13,3604,18
best_local_k 3
-
t_7
finding_best_k
i,k,successes,mistakes
0,3,3613,9
1,4,3610,12
2,5,3611,11
3,6,3607,15
4,7,3607,15
5,8,3609,13
6,9,3605,17
7,10,3606,16
8,11,3602,20
9,12,3605,17
10,13,3603,19
best_local_k 3
-
t_8
finding_best_k
i,k,successes,mistakes
0,3,3617,5
1,4,3611,11
2,5,3609,13
3,6,3606,16
4,7,3607,15
5,8,3609,13
6,9,3605,17
7,10,3605,17
8,11,3602,20
9,12,3605,17
10,13,3603,19
best_local_k 3
-
t_9
finding_best_k
i,k,successes,mistakes
0,3,3617,5
1,4,3612,10
2,5,3611,11
3,6,3607,15
4,7,3608,14
5,8,3609,13
6,9,3605,17
7,10,3606,16
8,11,3603,19
9,12,3606,16
10,13,3604,18
best_local_k 3
-
result
best_t,best_k,successes,mistakes,success_ratio
9,3,7227,29,99.60%

summary
mean,stddev
99.51%,0.04%
