finding_best_k
i,k,successes,mistakes
0,3,4474,516
1,4,4395,595
2,5,4421,569
3,6,4373,617
4,7,4383,607
5,8,4322,668
6,9,4331,659
7,10,4292,698
8,11,4285,705
9,12,4254,736
10,13,4231,759
best k = 3

iteration_1
-
finding_best_t
t,successes,mistakes
0,4474,516
1,4801,189
2,4908,82
3,4946,44
4,4964,26
5,4978,12
6,4980,10
7,4985,5
8,4986,4
9,4986,4
10,4988,2
11,4987,3
12,4989,1
13,4989,1
14,4990,0
best t = 14
-
result
successes,mistakes,success_ratio
9126,894,91.08%

iteration_2
-
finding_best_t
t,successes,mistakes
0,4474,516
1,4794,196
2,4875,115
3,4946,44
4,4976,14
5,4984,6
6,4987,3
7,4988,2
8,4989,1
9,4990,0
best t = 9
-
result
successes,mistakes,success_ratio
9147,873,91.29%

iteration_3
-
finding_best_t
t,successes,mistakes
0,4474,516
1,4808,182
2,4922,68
3,4968,22
4,4980,10
5,4988,2
6,4989,1
7,4990,0
best t = 7
-
result
successes,mistakes,success_ratio
9136,884,91.18%

iteration_4
-
finding_best_t
t,successes,mistakes
0,4474,516
1,4798,192
2,4907,83
3,4950,40
4,4971,19
5,4979,11
6,4984,6
7,4985,5
8,4987,3
9,4986,4
10,4987,3
11,4987,3
12,4988,2
13,4987,3
14,4990,0
best t = 14
-
result
successes,mistakes,success_ratio
9138,882,91.20%

iteration_5
-
finding_best_t
t,successes,mistakes
0,4474,516
1,4796,194
2,4894,96
3,4947,43
4,4964,26
5,4980,10
6,4987,3
7,4988,2
8,4989,1
9,4989,1
10,4989,1
11,4989,1
12,4990,0
best t = 12
-
result
successes,mistakes,success_ratio
9152,868,91.34%

iteration_6
-
finding_best_t
t,successes,mistakes
0,4474,516
1,4806,184
2,4904,86
3,4949,41
4,4981,9
5,4984,6
6,4988,2
7,4983,7
8,4983,7
9,4986,4
10,4987,3
11,4988,2
12,4989,1
13,4988,2
14,4989,1
15,4990,0
best t = 15
-
result
successes,mistakes,success_ratio
9128,892,91.10%

iteration_7
-
finding_best_t
t,successes,mistakes
0,4474,516
1,4804,186
2,4907,83
3,4949,41
4,4962,28
5,4971,19
6,4979,11
7,4978,12
8,4979,11
9,4983,7
10,4984,6
11,4986,4
12,4988,2
13,4990,0
best t = 13
-
result
successes,mistakes,success_ratio
9134,886,91.16%

iteration_8
-
finding_best_t
t,successes,mistakes
0,4474,516
1,4783,207
2,4905,85
3,4954,36
4,4975,15
5,4982,8
6,4985,5
7,4987,3
8,4987,3
9,4989,1
10,4990,0
best t = 10
-
result
successes,mistakes,success_ratio
9130,890,91.12%

iteration_9
-
finding_best_t
t,successes,mistakes
0,4474,516
1,4794,196
2,4882,108
3,4943,47
4,4966,24
5,4980,10
6,4987,3
7,4990,0
best t = 7
-
result
successes,mistakes,success_ratio
9148,872,91.30%

iteration_10
-
finding_best_t
t,successes,mistakes
0,4474,516
1,4781,209
2,4895,95
3,4952,38
4,4971,19
5,4981,9
6,4984,6
7,4988,2
8,4989,1
9,4990,0
best t = 9
-
result
successes,mistakes,success_ratio
9133,887,91.15%

iteration_11
-
finding_best_t
t,successes,mistakes
0,4474,516
1,4799,191
2,4910,80
3,4960,30
4,4974,16
5,4983,7
6,4985,5
7,4988,2
8,4989,1
9,4988,2
10,4987,3
11,4987,3
12,4989,1
13,4989,1
14,4989,1
15,4989,1
16,4990,0
best t = 16
-
result
successes,mistakes,success_ratio
9121,899,91.03%

iteration_12
-
finding_best_t
t,successes,mistakes
0,4474,516
1,4787,203
2,4898,92
3,4957,33
4,4967,23
5,4973,17
6,4978,12
7,4981,9
8,4983,7
9,4986,4
10,4985,5
11,4987,3
12,4989,1
13,4989,1
14,4990,0
best t = 14
-
result
successes,mistakes,success_ratio
9130,890,91.12%

iteration_13
-
finding_best_t
t,successes,mistakes
0,4474,516
1,4777,213
2,4888,102
3,4937,53
4,4959,31
5,4978,12
6,4986,4
7,4987,3
8,4988,2
9,4987,3
10,4989,1
11,4988,2
12,4989,1
13,4989,1
14,4989,1
15,4990,0
best t = 15
-
result
successes,mistakes,success_ratio
9135,885,91.17%

iteration_14
-
finding_best_t
t,successes,mistakes
0,4474,516
1,4781,209
2,4886,104
3,4944,46
4,4952,38
5,4971,19
6,4983,7
7,4988,2
8,4988,2
9,4988,2
10,4988,2
11,4990,0
best t = 11
-
result
successes,mistakes,success_ratio
9148,872,91.30%

iteration_15
-
finding_best_t
t,successes,mistakes
0,4474,516
1,4783,207
2,4893,97
3,4943,47
4,4972,18
5,4976,14
6,4984,6
7,4985,5
8,4984,6
9,4989,1
10,4990,0
best t = 10
-
result
successes,mistakes,success_ratio
9138,882,91.20%

iteration_16
-
finding_best_t
t,successes,mistakes
0,4474,516
1,4771,219
2,4901,89
3,4945,45
4,4968,22
5,4978,12
6,4984,6
7,4988,2
8,4987,3
9,4988,2
10,4989,1
11,4990,0
best t = 11
-
result
successes,mistakes,success_ratio
9150,870,91.32%

iteration_17
-
finding_best_t
t,successes,mistakes
0,4474,516
1,4812,178
2,4902,88
3,4951,39
4,4955,35
5,4972,18
6,4984,6
7,4983,7
8,4987,3
9,4986,4
10,4985,5
11,4986,4
12,4990,0
best t = 12
-
result
successes,mistakes,success_ratio
9134,886,91.16%

iteration_18
-
finding_best_t
t,successes,mistakes
0,4474,516
1,4808,182
2,4900,90
3,4951,39
4,4970,20
5,4984,6
6,4988,2
7,4990,0
best t = 7
-
result
successes,mistakes,success_ratio
9127,893,91.09%

iteration_19
-
finding_best_t
t,successes,mistakes
0,4474,516
1,4795,195
2,4906,84
3,4947,43
4,4962,28
5,4980,10
6,4987,3
7,4989,1
8,4990,0
best t = 8
-
result
successes,mistakes,success_ratio
9134,886,91.16%

iteration_20
-
finding_best_t
t,successes,mistakes
0,4474,516
1,4789,201
2,4899,91
3,4962,28
4,4974,16
5,4982,8
6,4984,6
7,4983,7
8,4985,5
9,4988,2
10,4990,0
best t = 10
-
result
successes,mistakes,success_ratio
9149,871,91.31%

iteration_21
-
finding_best_t
t,successes,mistakes
0,4474,516
1,4811,179
2,4904,86
3,4940,50
4,4970,20
5,4981,9
6,4981,9
7,4982,8
8,4986,4
9,4987,3
10,4988,2
11,4989,1
12,4990,0
best t = 12
-
result
successes,mistakes,success_ratio
9126,894,91.08%

iteration_22
-
finding_best_t
t,successes,mistakes
0,4474,516
1,4781,209
2,4907,83
3,4950,40
4,4968,22
5,4983,7
6,4985,5
7,4984,6
8,4986,4
9,4989,1
10,4990,0
best t = 10
-
result
successes,mistakes,success_ratio
9136,884,91.18%

iteration_23
-
finding_best_t
t,successes,mistakes
0,4474,516
1,4789,201
2,4914,76
3,4958,32
4,4970,20
5,4979,11
6,4985,5
7,4983,7
8,4988,2
9,4989,1
10,4990,0
best t = 10
-
result
successes,mistakes,success_ratio
9141,879,91.23%

iteration_24
-
finding_best_t
t,successes,mistakes
0,4474,516
1,4796,194
2,4912,78
3,4958,32
4,4980,10
5,4985,5
6,4988,2
7,4987,3
8,4987,3
9,4989,1
10,4990,0
best t = 10
-
result
successes,mistakes,success_ratio
9115,905,90.97%

iteration_25
-
finding_best_t
t,successes,mistakes
0,4474,516
1,4814,176
2,4912,78
3,4951,39
4,4966,24
5,4972,18
6,4980,10
7,4984,6
8,4984,6
9,4984,6
10,4984,6
11,4986,4
12,4989,1
13,4990,0
best t = 13
-
result
successes,mistakes,success_ratio
9151,869,91.33%

iteration_26
-
finding_best_t
t,successes,mistakes
0,4474,516
1,4811,179
2,4904,86
3,4941,49
4,4966,24
5,4978,12
6,4983,7
7,4985,5
8,4989,1
9,4989,1
10,4990,0
best t = 10
-
result
successes,mistakes,success_ratio
9157,863,91.39%

iteration_27
-
finding_best_t
t,successes,mistakes
0,4474,516
1,4798,192
2,4882,108
3,4930,60
4,4966,24
5,4977,13
6,4980,10
7,4986,4
8,4988,2
9,4988,2
10,4990,0
best t = 10
-
result
successes,mistakes,success_ratio
9117,903,90.99%

iteration_28
-
finding_best_t
t,successes,mistakes
0,4474,516
1,4809,181
2,4902,88
3,4950,40
4,4970,20
5,4972,18
6,4977,13
7,4988,2
8,4988,2
9,4989,1
10,4990,0
best t = 10
-
result
successes,mistakes,success_ratio
9134,886,91.16%

iteration_29
-
finding_best_t
t,successes,mistakes
0,4474,516
1,4802,188
2,4906,84
3,4955,35
4,4973,17
5,4980,10
6,4988,2
7,4989,1
8,4989,1
9,4990,0
best t = 9
-
result
successes,mistakes,success_ratio
9128,892,91.10%

iteration_30
-
finding_best_t
t,successes,mistakes
0,4474,516
1,4789,201
2,4904,86
3,4957,33
4,4972,18
5,4983,7
6,4988,2
7,4990,0
best t = 7
-
result
successes,mistakes,success_ratio
9125,895,91.07%

summary
mean,stddev
91.17%,0.11%
