finding_best_k
i,k,successes,mistakes
0,3,688,2712
1,4,785,2615
2,5,786,2614
3,6,798,2602
4,7,797,2603
5,8,802,2598
6,9,801,2599
7,10,837,2563
8,11,835,2565
9,12,847,2553
10,13,847,2553
best k = 12

iteration_1
-
finding_best_t
t,successes,mistakes
0,847,2553
1,2478,922
2,3011,389
3,3172,228
4,3182,218
5,3220,180
6,3249,151
7,3245,155
8,3262,138
9,3232,168
10,3224,176
11,3220,180
12,3243,157
13,3237,163
14,3225,175
15,3257,143
16,3261,139
17,3265,135
18,3230,170
19,3258,142
20,3244,156
21,3261,139
22,3259,141
23,3266,134
24,3259,141
best t = 23
-
result
successes,mistakes,success_ratio
1127,5684,16.55%

iteration_2
-
finding_best_t
t,successes,mistakes
0,847,2553
1,2497,903
2,3008,392
3,3128,272
4,3192,208
5,3216,184
6,3223,177
7,3235,165
8,3242,158
9,3232,168
10,3271,129
11,3279,121
12,3266,134
13,3248,152
14,3242,158
15,3249,151
16,3252,148
17,3263,137
18,3242,158
19,3215,185
20,3253,147
21,3272,128
22,3265,135
23,3247,153
24,3219,181
best t = 11
-
result
successes,mistakes,success_ratio
1125,5686,16.52%

iteration_3
-
finding_best_t
t,successes,mistakes
0,847,2553
1,2471,929
2,2999,401
3,3162,238
4,3176,224
5,3216,184
6,3218,182
7,3258,142
8,3241,159
9,3232,168
10,3227,173
11,3257,143
12,3256,144
13,3255,145
14,3268,132
15,3265,135
16,3253,147
17,3233,167
18,3266,134
19,3254,146
20,3267,133
21,3234,166
22,3235,165
23,3228,172
24,3237,163
best t = 14
-
result
successes,mistakes,success_ratio
1150,5661,16.88%

iteration_4
-
finding_best_t
t,successes,mistakes
0,847,2553
1,2501,899
2,3020,380
3,3151,249
4,3193,207
5,3206,194
6,3203,197
7,3231,169
8,3252,148
9,3248,152
10,3249,151
11,3240,160
12,3221,179
13,3228,172
14,3243,157
15,3263,137
16,3245,155
17,3266,134
18,3277,123
19,3266,134
20,3278,122
21,3253,147
22,3257,143
23,3269,131
24,3253,147
best t = 20
-
result
successes,mistakes,success_ratio
1156,5655,16.97%

iteration_5
-
finding_best_t
t,successes,mistakes
0,847,2553
1,2470,930
2,3016,384
3,3129,271
4,3194,206
5,3242,158
6,3253,147
7,3251,149
8,3270,130
9,3247,153
10,3216,184
11,3249,151
12,3246,154
13,3240,160
14,3249,151
15,3247,153
16,3259,141
17,3253,147
18,3238,162
19,3267,133
20,3280,120
21,3271,129
22,3260,140
23,3227,173
24,3240,160
best t = 20
-
result
successes,mistakes,success_ratio
1137,5674,16.69%

iteration_6
-
finding_best_t
t,successes,mistakes
0,847,2553
1,2510,890
2,3005,395
3,3170,230
4,3202,198
5,3219,181
6,3229,171
7,3259,141
8,3254,146
9,3257,143
10,3252,148
11,3255,145
12,3245,155
13,3254,146
14,3261,139
15,3257,143
16,3278,122
17,3259,141
18,3269,131
19,3245,155
20,3261,139
21,3247,153
22,3244,156
23,3248,152
24,3228,172
best t = 16
-
result
successes,mistakes,success_ratio
1156,5655,16.97%

iteration_7
-
finding_best_t
t,successes,mistakes
0,847,2553
1,2477,923
2,2989,411
3,3133,267
4,3144,256
5,3179,221
6,3192,208
7,3201,199
8,3234,166
9,3222,178
10,3196,204
11,3219,181
12,3238,162
13,3239,161
14,3243,157
15,3254,146
16,3270,130
17,3233,167
18,3221,179
19,3257,143
20,3241,159
21,3264,136
22,3240,160
23,3238,162
24,3243,157
best t = 16
-
result
successes,mistakes,success_ratio
1145,5666,16.81%

iteration_8
-
finding_best_t
t,successes,mistakes
0,847,2553
1,2487,913
2,3015,385
3,3165,235
4,3212,188
5,3218,182
6,3237,163
7,3243,157
8,3240,160
9,3248,152
10,3244,156
11,3253,147
12,3270,130
13,3267,133
14,3230,170
15,3239,161
16,3256,144
17,3261,139
18,3243,157
19,3231,169
20,3254,146
21,3257,143
22,3268,132
23,3274,126
24,3264,136
best t = 23
-
result
successes,mistakes,success_ratio
1137,5674,16.69%

iteration_9
-
finding_best_t
t,successes,mistakes
0,847,2553
1,2543,857
2,2989,411
3,3156,244
4,3214,186
5,3224,176
6,3246,154
7,3243,157
8,3238,162
9,3224,176
10,3242,158
11,3235,165
12,3223,177
13,3243,157
14,3246,154
15,3267,133
16,3268,132
17,3266,134
18,3274,126
19,3263,137
20,3240,160
21,3238,162
22,3251,149
23,3244,156
24,3250,150
best t = 18
-
result
successes,mistakes,success_ratio
1158,5653,17.00%

iteration_10
-
finding_best_t
t,successes,mistakes
0,847,2553
1,2480,920
2,3003,397
3,3113,287
4,3184,216
5,3189,211
6,3231,169
7,3241,159
8,3232,168
9,3246,154
10,3245,155
11,3241,159
12,3237,163
13,3231,169
14,3244,156
15,3250,150
16,3231,169
17,3253,147
18,3262,138
19,3247,153
20,3246,154
21,3235,165
22,3237,163
23,3264,136
24,3248,152
best t = 23
-
result
successes,mistakes,success_ratio
1146,5665,16.83%

iteration_11
-
finding_best_t
t,successes,mistakes
0,847,2553
1,2498,902
2,3012,388
3,3176,224
4,3202,198
5,3230,170
6,3217,183
7,3231,169
8,3239,161
9,3234,166
10,3238,162
11,3235,165
12,3253,147
13,3252,148
14,3254,146
15,3256,144
16,3238,162
17,3247,153
18,3258,142
19,3263,137
20,3264,136
21,3245,155
22,3268,132
23,3274,126
24,3224,176
best t = 23
-
result
successes,mistakes,success_ratio
1154,5657,16.94%

iteration_12
-
finding_best_t
t,successes,mistakes
0,847,2553
1,2481,919
2,3005,395
3,3157,243
4,3168,232
5,3204,196
6,3235,165
7,3250,150
8,3247,153
9,3259,141
10,3242,158
11,3231,169
12,3253,147
13,3253,147
14,3243,157
15,3227,173
16,3257,143
17,3256,144
18,3270,130
19,3265,135
20,3250,150
21,3246,154
22,3260,140
23,3236,164
24,3265,135
best t = 18
-
result
successes,mistakes,success_ratio
1125,5686,16.52%

iteration_13
-
finding_best_t
t,successes,mistakes
0,847,2553
1,2503,897
2,3004,396
3,3162,238
4,3168,232
5,3213,187
6,3242,158
7,3243,157
8,3245,155
9,3247,153
10,3238,162
11,3242,158
12,3250,150
13,3262,138
14,3253,147
15,3237,163
16,3247,153
17,3250,150
18,3228,172
19,3233,167
20,3252,148
21,3241,159
22,3252,148
23,3253,147
24,3241,159
best t = 13
-
result
successes,mistakes,success_ratio
1138,5673,16.71%

iteration_14
-
finding_best_t
t,successes,mistakes
0,847,2553
1,2482,918
2,3004,396
3,3148,252
4,3178,222
5,3201,199
6,3224,176
7,3254,146
8,3228,172
9,3235,165
10,3247,153
11,3245,155
12,3226,174
13,3241,159
14,3242,158
15,3242,158
16,3228,172
17,3251,149
18,3236,164
19,3247,153
20,3249,151
21,3257,143
22,3250,150
23,3261,139
24,3250,150
best t = 23
-
result
successes,mistakes,success_ratio
1128,5683,16.56%

iteration_15
-
finding_best_t
t,successes,mistakes
0,847,2553
1,2486,914
2,2963,437
3,3160,240
4,3180,220
5,3227,173
6,3215,185
7,3217,183
8,3226,174
9,3261,139
10,3240,160
11,3253,147
12,3260,140
13,3271,129
14,3261,139
15,3246,154
16,3245,155
17,3258,142
18,3247,153
19,3241,159
20,3249,151
21,3252,148
22,3262,138
23,3245,155
24,3225,175
best t = 13
-
result
successes,mistakes,success_ratio
1150,5661,16.88%

iteration_16
-
finding_best_t
t,successes,mistakes
0,847,2553
1,2478,922
2,2986,414
3,3185,215
4,3190,210
5,3230,170
6,3247,153
7,3232,168
8,3251,149
9,3241,159
10,3252,148
11,3253,147
12,3226,174
13,3255,145
14,3253,147
15,3239,161
16,3248,152
17,3277,123
18,3276,124
19,3249,151
20,3245,155
21,3258,142
22,3262,138
23,3242,158
24,3231,169
best t = 17
-
result
successes,mistakes,success_ratio
1158,5653,17.00%

iteration_17
-
finding_best_t
t,successes,mistakes
0,847,2553
1,2481,919
2,2999,401
3,3175,225
4,3217,183
5,3236,164
6,3240,160
7,3235,165
8,3249,151
9,3234,166
10,3224,176
11,3222,178
12,3215,185
13,3214,186
14,3220,180
15,3243,157
16,3248,152
17,3235,165
18,3252,148
19,3260,140
20,3209,191
21,3260,140
22,3245,155
23,3251,149
24,3251,149
best t = 19
-
result
successes,mistakes,success_ratio
1197,5614,17.57%

iteration_18
-
finding_best_t
t,successes,mistakes
0,847,2553
1,2493,907
2,3023,377
3,3123,277
4,3181,219
5,3189,211
6,3230,170
7,3219,181
8,3240,160
9,3238,162
10,3231,169
11,3243,157
12,3253,147
13,3250,150
14,3236,164
15,3229,171
16,3241,159
17,3256,144
18,3241,159
19,3234,166
20,3256,144
21,3242,158
22,3237,163
23,3269,131
24,3265,135
best t = 23
-
result
successes,mistakes,success_ratio
1143,5668,16.78%

iteration_19
-
finding_best_t
t,successes,mistakes
0,847,2553
1,2466,934
2,3020,380
3,3166,234
4,3218,182
5,3247,153
6,3187,213
7,3213,187
8,3234,166
9,3253,147
10,3252,148
11,3224,176
12,3247,153
13,3277,123
14,3260,140
15,3246,154
16,3250,150
17,3260,140
18,3245,155
19,3245,155
20,3272,128
21,3231,169
22,3227,173
23,3257,143
24,3257,143
best t = 13
-
result
successes,mistakes,success_ratio
1147,5664,16.84%

iteration_20
-
finding_best_t
t,successes,mistakes
0,847,2553
1,2504,896
2,3025,375
3,3161,239
4,3174,226
5,3217,183
6,3233,167
7,3237,163
8,3231,169
9,3257,143
10,3254,146
11,3247,153
12,3265,135
13,3252,148
14,3255,145
15,3238,162
16,3242,158
17,3256,144
18,3270,130
19,3273,127
20,3239,161
21,3252,148
22,3243,157
23,3239,161
24,3258,142
best t = 19
-
result
successes,mistakes,success_ratio
1161,5650,17.05%

iteration_21
-
finding_best_t
t,successes,mistakes
0,847,2553
1,2495,905
2,3037,363
3,3165,235
4,3176,224
5,3237,163
6,3240,160
7,3268,132
8,3253,147
9,3262,138
10,3251,149
11,3260,140
12,3261,139
13,3265,135
14,3253,147
15,3239,161
16,3266,134
17,3265,135
18,3271,129
19,3249,151
20,3248,152
21,3234,166
22,3242,158
23,3268,132
24,3254,146
best t = 18
-
result
successes,mistakes,success_ratio
1151,5660,16.90%

iteration_22
-
finding_best_t
t,successes,mistakes
0,847,2553
1,2494,906
2,3027,373
3,3166,234
4,3202,198
5,3215,185
6,3225,175
7,3236,164
8,3264,136
9,3230,170
10,3250,150
11,3217,183
12,3227,173
13,3256,144
14,3240,160
15,3233,167
16,3244,156
17,3247,153
18,3267,133
19,3258,142
20,3260,140
21,3267,133
22,3271,129
23,3273,127
24,3240,160
best t = 23
-
result
successes,mistakes,success_ratio
1136,5675,16.68%

iteration_23
-
finding_best_t
t,successes,mistakes
0,847,2553
1,2506,894
2,3003,397
3,3173,227
4,3181,219
5,3212,188
6,3223,177
7,3235,165
8,3241,159
9,3243,157
10,3242,158
11,3253,147
12,3242,158
13,3244,156
14,3251,149
15,3254,146
16,3249,151
17,3244,156
18,3233,167
19,3275,125
20,3268,132
21,3279,121
22,3255,145
23,3254,146
24,3254,146
best t = 21
-
result
successes,mistakes,success_ratio
1149,5662,16.87%

iteration_24
-
finding_best_t
t,successes,mistakes
0,847,2553
1,2462,938
2,3029,371
3,3145,255
4,3183,217
5,3220,180
6,3237,163
7,3243,157
8,3222,178
9,3261,139
10,3234,166
11,3244,156
12,3265,135
13,3252,148
14,3243,157
15,3268,132
16,3268,132
17,3262,138
18,3264,136
19,3232,168
20,3215,185
21,3219,181
22,3245,155
23,3236,164
24,3256,144
best t = 15
-
result
successes,mistakes,success_ratio
1153,5658,16.93%

iteration_25
-
finding_best_t
t,successes,mistakes
0,847,2553
1,2496,904
2,2996,404
3,3162,238
4,3157,243
5,3184,216
6,3208,192
7,3252,148
8,3240,160
9,3219,181
10,3236,164
11,3244,156
12,3264,136
13,3271,129
14,3265,135
15,3265,135
16,3269,131
17,3256,144
18,3249,151
19,3237,163
20,3251,149
21,3272,128
22,3286,114
23,3246,154
24,3232,168
best t = 22
-
result
successes,mistakes,success_ratio
1132,5679,16.62%

iteration_26
-
finding_best_t
t,successes,mistakes
0,847,2553
1,2503,897
2,2993,407
3,3145,255
4,3189,211
5,3224,176
6,3242,158
7,3239,161
8,3274,126
9,3277,123
10,3265,135
11,3266,134
12,3280,120
13,3261,139
14,3262,138
15,3249,151
16,3239,161
17,3255,145
18,3275,125
19,3268,132
20,3240,160
21,3245,155
22,3253,147
23,3227,173
24,3256,144
best t = 12
-
result
successes,mistakes,success_ratio
1196,5615,17.56%

iteration_27
-
finding_best_t
t,successes,mistakes
0,847,2553
1,2499,901
2,3003,397
3,3165,235
4,3227,173
5,3237,163
6,3229,171
7,3238,162
8,3238,162
9,3245,155
10,3243,157
11,3258,142
12,3262,138
13,3261,139
14,3240,160
15,3256,144
16,3238,162
17,3232,168
18,3267,133
19,3264,136
20,3281,119
21,3277,123
22,3265,135
23,3241,159
24,3242,158
best t = 20
-
result
successes,mistakes,success_ratio
1171,5640,17.19%

iteration_28
-
finding_best_t
t,successes,mistakes
0,847,2553
1,2489,911
2,2987,413
3,3141,259
4,3201,199
5,3256,144
6,3224,176
7,3180,220
8,3228,172
9,3259,141
10,3258,142
11,3255,145
12,3230,170
13,3221,179
14,3240,160
15,3233,167
16,3251,149
17,3242,158
18,3234,166
19,3262,138
20,3243,157
21,3252,148
22,3238,162
23,3231,169
24,3223,177
best t = 19
-
result
successes,mistakes,success_ratio
1145,5666,16.81%

iteration_29
-
finding_best_t
t,successes,mistakes
0,847,2553
1,2491,909
2,3010,390
3,3138,262
4,3197,203
5,3232,168
6,3247,153
7,3242,158
8,3260,140
9,3267,133
10,3264,136
11,3253,147
12,3246,154
13,3262,138
14,3248,152
15,3254,146
16,3252,148
17,3231,169
18,3253,147
19,3268,132
20,3249,151
21,3226,174
22,3258,142
23,3227,173
24,3232,168
best t = 19
-
result
successes,mistakes,success_ratio
1157,5654,16.99%

iteration_30
-
finding_best_t
t,successes,mistakes
0,847,2553
1,2506,894
2,2986,414
3,3137,263
4,3166,234
5,3198,202
6,3193,207
7,3245,155
8,3241,159
9,3256,144
10,3253,147
11,3237,163
12,3237,163
13,3245,155
14,3241,159
15,3239,161
16,3254,146
17,3255,145
18,3241,159
19,3250,150
20,3247,153
21,3254,146
22,3257,143
23,3254,146
24,3245,155
best t = 22
-
result
successes,mistakes,success_ratio
1170,5641,17.18%

summary
mean,stddev
16.88%,0.25%
