finding_best_k
i,k,successes,mistakes
0,3,852,100
1,4,850,102
2,5,847,105
3,6,849,103
4,7,849,103
5,8,847,105
6,9,849,103
7,10,849,103
8,11,848,104
9,12,847,105
10,13,850,102
best k = 3

iteration_1
-
finding_best_t
t,successes,mistakes
0,852,100
1,882,70
2,924,28
3,942,10
4,947,5
5,949,3
6,951,1
7,951,1
8,952,0
best t = 8
-
result
successes,mistakes,success_ratio
1623,283,85.15%

iteration_2
-
finding_best_t
t,successes,mistakes
0,852,100
1,880,72
2,936,16
3,944,8
4,950,2
5,951,1
6,952,0
best t = 6
-
result
successes,mistakes,success_ratio
1626,280,85.31%

iteration_3
-
finding_best_t
t,successes,mistakes
0,852,100
1,887,65
2,934,18
3,944,8
4,948,4
5,950,2
6,952,0
best t = 6
-
result
successes,mistakes,success_ratio
1619,287,84.94%

iteration_4
-
finding_best_t
t,successes,mistakes
0,852,100
1,884,68
2,928,24
3,945,7
4,946,6
5,949,3
6,951,1
7,952,0
best t = 7
-
result
successes,mistakes,success_ratio
1621,285,85.05%

iteration_5
-
finding_best_t
t,successes,mistakes
0,852,100
1,893,59
2,926,26
3,934,18
4,950,2
5,952,0
best t = 5
-
result
successes,mistakes,success_ratio
1622,284,85.10%

iteration_6
-
finding_best_t
t,successes,mistakes
0,852,100
1,889,63
2,940,12
3,948,4
4,951,1
5,951,1
6,951,1
7,950,2
8,951,1
9,952,0
best t = 9
-
result
successes,mistakes,success_ratio
1618,288,84.89%

iteration_7
-
finding_best_t
t,successes,mistakes
0,852,100
1,889,63
2,930,22
3,946,6
4,949,3
5,951,1
6,952,0
best t = 6
-
result
successes,mistakes,success_ratio
1631,275,85.57%

iteration_8
-
finding_best_t
t,successes,mistakes
0,852,100
1,881,71
2,923,29
3,944,8
4,948,4
5,951,1
6,951,1
7,951,1
8,952,0
best t = 8
-
result
successes,mistakes,success_ratio
1626,280,85.31%

iteration_9
-
finding_best_t
t,successes,mistakes
0,852,100
1,890,62
2,931,21
3,947,5
4,951,1
5,951,1
6,952,0
best t = 6
-
result
successes,mistakes,success_ratio
1617,289,84.84%

iteration_10
-
finding_best_t
t,successes,mistakes
0,852,100
1,881,71
2,932,20
3,944,8
4,950,2
5,951,1
6,951,1
7,952,0
best t = 7
-
result
successes,mistakes,success_ratio
1615,291,84.73%

iteration_11
-
finding_best_t
t,successes,mistakes
0,852,100
1,881,71
2,935,17
3,948,4
4,951,1
5,951,1
6,951,1
7,951,1
8,951,1
9,952,0
best t = 9
-
result
successes,mistakes,success_ratio
1617,289,84.84%

iteration_12
-
finding_best_t
t,successes,mistakes
0,852,100
1,895,57
2,929,23
3,945,7
4,949,3
5,951,1
6,952,0
best t = 6
-
result
successes,mistakes,success_ratio
1624,282,85.20%

iteration_13
-
finding_best_t
t,successes,mistakes
0,852,100
1,886,66
2,933,19
3,946,6
4,951,1
5,952,0
best t = 5
-
result
successes,mistakes,success_ratio
1622,284,85.10%

iteration_14
-
finding_best_t
t,successes,mistakes
0,852,100
1,881,71
2,935,17
3,948,4
4,950,2
5,950,2
6,952,0
best t = 6
-
result
successes,mistakes,success_ratio
1619,287,84.94%

iteration_15
-
finding_best_t
t,successes,mistakes
0,852,100
1,875,77
2,926,26
3,941,11
4,944,8
5,948,4
6,951,1
7,952,0
best t = 7
-
result
successes,mistakes,success_ratio
1623,283,85.15%

iteration_16
-
finding_best_t
t,successes,mistakes
0,852,100
1,879,73
2,917,35
3,943,9
4,948,4
5,950,2
6,951,1
7,952,0
best t = 7
-
result
successes,mistakes,success_ratio
1616,290,84.78%

iteration_17
-
finding_best_t
t,successes,mistakes
0,852,100
1,887,65
2,920,32
3,939,13
4,950,2
5,952,0
best t = 5
-
result
successes,mistakes,success_ratio
1621,285,85.05%

iteration_18
-
finding_best_t
t,successes,mistakes
0,852,100
1,870,82
2,924,28
3,947,5
4,951,1
5,952,0
best t = 5
-
result
successes,mistakes,success_ratio
1624,282,85.20%

iteration_19
-
finding_best_t
t,successes,mistakes
0,852,100
1,873,79
2,928,24
3,948,4
4,950,2
5,951,1
6,952,0
best t = 6
-
result
successes,mistakes,success_ratio
1627,279,85.36%

iteration_20
-
finding_best_t
t,successes,mistakes
0,852,100
1,894,58
2,926,26
3,946,6
4,949,3
5,952,0
best t = 5
-
result
successes,mistakes,success_ratio
1617,289,84.84%

iteration_21
-
finding_best_t
t,successes,mistakes
0,852,100
1,889,63
2,931,21
3,940,12
4,948,4
5,950,2
6,948,4
7,950,2
8,952,0
best t = 8
-
result
successes,mistakes,success_ratio
1610,296,84.47%

iteration_22
-
finding_best_t
t,successes,mistakes
0,852,100
1,876,76
2,934,18
3,949,3
4,951,1
5,952,0
best t = 5
-
result
successes,mistakes,success_ratio
1623,283,85.15%

iteration_23
-
finding_best_t
t,successes,mistakes
0,852,100
1,885,67
2,915,37
3,942,10
4,948,4
5,952,0
best t = 5
-
result
successes,mistakes,success_ratio
1618,288,84.89%

iteration_24
-
finding_best_t
t,successes,mistakes
0,852,100
1,894,58
2,930,22
3,944,8
4,948,4
5,950,2
6,949,3
7,952,0
best t = 7
-
result
successes,mistakes,success_ratio
1623,283,85.15%

iteration_25
-
finding_best_t
t,successes,mistakes
0,852,100
1,877,75
2,928,24
3,946,6
4,951,1
5,952,0
best t = 5
-
result
successes,mistakes,success_ratio
1613,293,84.63%

iteration_26
-
finding_best_t
t,successes,mistakes
0,852,100
1,874,78
2,936,16
3,940,12
4,948,4
5,951,1
6,951,1
7,952,0
best t = 7
-
result
successes,mistakes,success_ratio
1620,286,84.99%

iteration_27
-
finding_best_t
t,successes,mistakes
0,852,100
1,882,70
2,922,30
3,940,12
4,949,3
5,951,1
6,951,1
7,952,0
best t = 7
-
result
successes,mistakes,success_ratio
1631,275,85.57%

iteration_28
-
finding_best_t
t,successes,mistakes
0,852,100
1,877,75
2,931,21
3,947,5
4,952,0
best t = 4
-
result
successes,mistakes,success_ratio
1617,289,84.84%

iteration_29
-
finding_best_t
t,successes,mistakes
0,852,100
1,883,69
2,933,19
3,943,9
4,951,1
5,951,1
6,951,1
7,952,0
best t = 7
-
result
successes,mistakes,success_ratio
1619,287,84.94%

iteration_30
-
finding_best_t
t,successes,mistakes
0,852,100
1,889,63
2,939,13
3,941,11
4,945,7
5,951,1
6,950,2
7,951,1
8,952,0
best t = 8
-
result
successes,mistakes,success_ratio
1620,286,84.99%

summary
mean,stddev
85.03%,0.25%
