finding_best_k
i,k,successes,mistakes
0,3,3600,22
1,4,3598,24
2,5,3596,26
3,6,3595,27
4,7,3597,25
5,8,3598,24
6,9,3596,26
7,10,3595,27
8,11,3594,28
9,12,3596,26
10,13,3597,25
best k = 3

iteration_1
-
finding_best_t
t,successes,mistakes
0,3600,22
1,3612,10
2,3618,4
3,3614,8
4,3614,8
5,3614,8
6,3617,5
7,3618,4
8,3617,5
9,3618,4
10,3617,5
11,3617,5
12,3618,4
13,3618,4
14,3618,4
15,3619,3
16,3619,3
17,3618,4
18,3619,3
19,3619,3
20,3619,3
21,3619,3
22,3619,3
23,3618,4
24,3619,3
best t = 15
-
result
successes,mistakes,success_ratio
7220,36,99.50%

iteration_2
-
finding_best_t
t,successes,mistakes
0,3600,22
1,3616,6
2,3614,8
3,3615,7
4,3618,4
5,3614,8
6,3612,10
7,3614,8
8,3616,6
9,3614,8
10,3615,7
11,3615,7
12,3618,4
13,3618,4
14,3619,3
15,3619,3
16,3619,3
17,3618,4
18,3619,3
19,3619,3
20,3619,3
21,3619,3
22,3619,3
23,3619,3
24,3619,3
best t = 14
-
result
successes,mistakes,success_ratio
7222,34,99.53%

iteration_3
-
finding_best_t
t,successes,mistakes
0,3600,22
1,3612,10
2,3610,12
3,3610,12
4,3614,8
5,3617,5
6,3616,6
7,3617,5
8,3612,10
9,3612,10
10,3613,9
11,3616,6
12,3618,4
13,3618,4
14,3614,8
15,3615,7
16,3613,9
17,3612,10
18,3611,11
19,3617,5
20,3617,5
21,3615,7
22,3613,9
23,3618,4
24,3617,5
best t = 12
-
result
successes,mistakes,success_ratio
7219,37,99.49%

iteration_4
-
finding_best_t
t,successes,mistakes
0,3600,22
1,3616,6
2,3612,10
3,3616,6
4,3617,5
5,3619,3
6,3619,3
7,3619,3
8,3619,3
9,3619,3
10,3619,3
11,3619,3
12,3619,3
13,3619,3
14,3618,4
15,3619,3
16,3619,3
17,3618,4
18,3619,3
19,3618,4
20,3619,3
21,3618,4
22,3619,3
23,3619,3
24,3619,3
best t = 5
-
result
successes,mistakes,success_ratio
7221,35,99.52%

iteration_5
-
finding_best_t
t,successes,mistakes
0,3600,22
1,3617,5
2,3612,10
3,3614,8
4,3610,12
5,3613,9
6,3610,12
7,3616,6
8,3617,5
9,3618,4
10,3614,8
11,3615,7
12,3618,4
13,3619,3
14,3619,3
15,3618,4
16,3619,3
17,3619,3
18,3619,3
19,3619,3
20,3619,3
21,3619,3
22,3619,3
23,3619,3
24,3618,4
best t = 13
-
result
successes,mistakes,success_ratio
7222,34,99.53%

iteration_6
-
finding_best_t
t,successes,mistakes
0,3600,22
1,3612,10
2,3612,10
3,3613,9
4,3614,8
5,3618,4
6,3618,4
7,3618,4
8,3619,3
9,3619,3
10,3618,4
11,3619,3
12,3619,3
13,3619,3
14,3619,3
15,3618,4
16,3619,3
17,3619,3
18,3619,3
19,3619,3
20,3619,3
21,3619,3
22,3619,3
23,3619,3
24,3619,3
best t = 8
-
result
successes,mistakes,success_ratio
7221,35,99.52%

iteration_7
-
finding_best_t
t,successes,mistakes
0,3600,22
1,3612,10
2,3608,14
3,3615,7
4,3617,5
5,3617,5
6,3614,8
7,3615,7
8,3617,5
9,3617,5
10,3618,4
11,3618,4
12,3617,5
13,3618,4
14,3619,3
15,3618,4
16,3619,3
17,3618,4
18,3619,3
19,3619,3
20,3619,3
21,3619,3
22,3619,3
23,3619,3
24,3618,4
best t = 14
-
result
successes,mistakes,success_ratio
7220,36,99.50%

iteration_8
-
finding_best_t
t,successes,mistakes
0,3600,22
1,3616,6
2,3615,7
3,3617,5
4,3618,4
5,3614,8
6,3614,8
7,3617,5
8,3613,9
9,3615,7
10,3615,7
11,3617,5
12,3613,9
13,3614,8
14,3614,8
15,3614,8
16,3612,10
17,3615,7
18,3617,5
19,3618,4
20,3617,5
21,3614,8
22,3615,7
23,3618,4
24,3619,3
best t = 24
-
result
successes,mistakes,success_ratio
7221,35,99.52%

iteration_9
-
finding_best_t
t,successes,mistakes
0,3600,22
1,3613,9
2,3612,10
3,3614,8
4,3617,5
5,3615,7
6,3617,5
7,3616,6
8,3619,3
9,3619,3
10,3619,3
11,3619,3
12,3619,3
13,3619,3
14,3619,3
15,3619,3
16,3618,4
17,3619,3
18,3619,3
19,3619,3
20,3619,3
21,3619,3
22,3619,3
23,3619,3
24,3619,3
best t = 8
-
result
successes,mistakes,success_ratio
7221,35,99.52%

iteration_10
-
finding_best_t
t,successes,mistakes
0,3600,22
1,3615,7
2,3616,6
3,3613,9
4,3613,9
5,3616,6
6,3611,11
7,3613,9
8,3613,9
9,3613,9
10,3611,11
11,3615,7
12,3618,4
13,3617,5
14,3614,8
15,3612,10
16,3617,5
17,3617,5
18,3617,5
19,3617,5
20,3617,5
21,3616,6
22,3614,8
23,3616,6
24,3615,7
best t = 12
-
result
successes,mistakes,success_ratio
7222,34,99.53%

iteration_11
-
finding_best_t
t,successes,mistakes
0,3600,22
1,3612,10
2,3612,10
3,3616,6
4,3614,8
5,3617,5
6,3618,4
7,3617,5
8,3617,5
9,3618,4
10,3618,4
11,3614,8
12,3611,11
13,3615,7
14,3617,5
15,3613,9
16,3614,8
17,3617,5
18,3617,5
19,3618,4
20,3617,5
21,3618,4
22,3618,4
23,3616,6
24,3616,6
best t = 6
-
result
successes,mistakes,success_ratio
7224,32,99.56%

iteration_12
-
finding_best_t
t,successes,mistakes
0,3600,22
1,3617,5
2,3618,4
3,3619,3
4,3619,3
5,3619,3
6,3619,3
7,3618,4
8,3619,3
9,3619,3
10,3618,4
11,3617,5
12,3619,3
13,3619,3
14,3619,3
15,3619,3
16,3619,3
17,3619,3
18,3619,3
19,3619,3
20,3618,4
21,3619,3
22,3619,3
23,3619,3
24,3618,4
best t = 3
-
result
successes,mistakes,success_ratio
7224,32,99.56%

iteration_13
-
finding_best_t
t,successes,mistakes
0,3600,22
1,3611,11
2,3614,8
3,3616,6
4,3613,9
5,3615,7
6,3616,6
7,3612,10
8,3610,12
9,3613,9
10,3614,8
11,3616,6
12,3618,4
13,3618,4
14,3618,4
15,3619,3
16,3619,3
17,3619,3
18,3619,3
19,3619,3
20,3619,3
21,3619,3
22,3619,3
23,3619,3
24,3619,3
best t = 15
-
result
successes,mistakes,success_ratio
7222,34,99.53%

iteration_14
-
finding_best_t
t,successes,mistakes
0,3600,22
1,3612,10
2,3610,12
3,3615,7
4,3615,7
5,3614,8
6,3615,7
7,3612,10
8,3613,9
9,3617,5
10,3614,8
11,3612,10
12,3616,6
13,3617,5
14,3614,8
15,3610,12
16,3614,8
17,3613,9
18,3611,11
19,3614,8
20,3618,4
21,3618,4
22,3617,5
23,3613,9
24,3617,5
best t = 20
-
result
successes,mistakes,success_ratio
7223,33,99.55%

iteration_15
-
finding_best_t
t,successes,mistakes
0,3600,22
1,3617,5
2,3616,6
3,3617,5
4,3617,5
5,3613,9
6,3612,10
7,3614,8
8,3617,5
9,3613,9
10,3615,7
11,3617,5
12,3617,5
13,3614,8
14,3612,10
15,3615,7
16,3616,6
17,3616,6
18,3614,8
19,3612,10
20,3616,6
21,3617,5
22,3613,9
23,3618,4
24,3614,8
best t = 23
-
result
successes,mistakes,success_ratio
7221,35,99.52%

iteration_16
-
finding_best_t
t,successes,mistakes
0,3600,22
1,3616,6
2,3617,5
3,3619,3
4,3619,3
5,3619,3
6,3619,3
7,3619,3
8,3619,3
9,3619,3
10,3619,3
11,3619,3
12,3619,3
13,3619,3
14,3618,4
15,3619,3
16,3619,3
17,3619,3
18,3618,4
19,3619,3
20,3619,3
21,3619,3
22,3619,3
23,3619,3
24,3619,3
best t = 3
-
result
successes,mistakes,success_ratio
7221,35,99.52%

iteration_17
-
finding_best_t
t,successes,mistakes
0,3600,22
1,3611,11
2,3612,10
3,3611,11
4,3611,11
5,3615,7
6,3613,9
7,3610,12
8,3616,6
9,3613,9
10,3615,7
11,3616,6
12,3618,4
13,3614,8
14,3612,10
15,3615,7
16,3617,5
17,3618,4
18,3619,3
19,3619,3
20,3618,4
21,3618,4
22,3618,4
23,3619,3
24,3619,3
best t = 18
-
result
successes,mistakes,success_ratio
7222,34,99.53%

iteration_18
-
finding_best_t
t,successes,mistakes
0,3600,22
1,3614,8
2,3612,10
3,3613,9
4,3615,7
5,3611,11
6,3610,12
7,3615,7
8,3614,8
9,3610,12
10,3615,7
11,3616,6
12,3612,10
13,3616,6
14,3615,7
15,3618,4
16,3613,9
17,3612,10
18,3614,8
19,3613,9
20,3614,8
21,3614,8
22,3612,10
23,3617,5
24,3613,9
best t = 15
-
result
successes,mistakes,success_ratio
7221,35,99.52%

iteration_19
-
finding_best_t
t,successes,mistakes
0,3600,22
1,3614,8
2,3618,4
3,3612,10
4,3611,11
5,3612,10
6,3614,8
7,3612,10
8,3615,7
9,3617,5
10,3618,4
11,3618,4
12,3614,8
13,3614,8
14,3614,8
15,3612,10
16,3614,8
17,3613,9
18,3611,11
19,3611,11
20,3617,5
21,3618,4
22,3619,3
23,3619,3
24,3619,3
best t = 22
-
result
successes,mistakes,success_ratio
7223,33,99.55%

iteration_20
-
finding_best_t
t,successes,mistakes
0,3600,22
1,3617,5
2,3613,9
3,3613,9
4,3611,11
5,3616,6
6,3612,10
7,3615,7
8,3618,4
9,3614,8
10,3616,6
11,3613,9
12,3616,6
13,3612,10
14,3616,6
15,3618,4
16,3617,5
17,3616,6
18,3613,9
19,3611,11
20,3615,7
21,3617,5
22,3618,4
23,3618,4
24,3617,5
best t = 8
-
result
successes,mistakes,success_ratio
7218,38,99.48%

iteration_21
-
finding_best_t
t,successes,mistakes
0,3600,22
1,3616,6
2,3617,5
3,3614,8
4,3615,7
5,3614,8
6,3611,11
7,3616,6
8,3612,10
9,3614,8
10,3617,5
11,3617,5
12,3613,9
13,3610,12
14,3611,11
15,3614,8
16,3614,8
17,3610,12
18,3617,5
19,3618,4
20,3618,4
21,3619,3
22,3619,3
23,3618,4
24,3619,3
best t = 21
-
result
successes,mistakes,success_ratio
7222,34,99.53%

iteration_22
-
finding_best_t
t,successes,mistakes
0,3600,22
1,3612,10
2,3616,6
3,3613,9
4,3615,7
5,3613,9
6,3613,9
7,3612,10
8,3612,10
9,3614,8
10,3615,7
11,3618,4
12,3617,5
13,3618,4
14,3617,5
15,3617,5
16,3618,4
17,3614,8
18,3614,8
19,3611,11
20,3615,7
21,3618,4
22,3617,5
23,3612,10
24,3610,12
best t = 11
-
result
successes,mistakes,success_ratio
7227,29,99.60%

iteration_23
-
finding_best_t
t,successes,mistakes
0,3600,22
1,3611,11
2,3613,9
3,3613,9
4,3616,6
5,3617,5
6,3614,8
7,3611,11
8,3616,6
9,3618,4
10,3617,5
11,3617,5
12,3613,9
13,3616,6
14,3612,10
15,3611,11
16,3610,12
17,3617,5
18,3616,6
19,3617,5
20,3617,5
21,3612,10
22,3612,10
23,3615,7
24,3616,6
best t = 9
-
result
successes,mistakes,success_ratio
7220,36,99.50%

iteration_24
-
finding_best_t
t,successes,mistakes
0,3600,22
1,3611,11
2,3614,8
3,3614,8
4,3615,7
5,3612,10
6,3613,9
7,3616,6
8,3613,9
9,3615,7
10,3617,5
11,3614,8
12,3617,5
13,3618,4
14,3618,4
15,3617,5
16,3616,6
17,3613,9
18,3614,8
19,3617,5
20,3617,5
21,3619,3
22,3619,3
23,3619,3
24,3619,3
best t = 21
-
result
successes,mistakes,success_ratio
7223,33,99.55%

iteration_25
-
finding_best_t
t,successes,mistakes
0,3600,22
1,3615,7
2,3617,5
3,3611,11
4,3611,11
5,3616,6
6,3613,9
7,3615,7
8,3616,6
9,3614,8
10,3616,6
11,3614,8
12,3611,11
13,3612,10
14,3614,8
15,3612,10
16,3612,10
17,3611,11
18,3615,7
19,3617,5
20,3618,4
21,3614,8
22,3611,11
23,3610,12
24,3611,11
best t = 20
-
result
successes,mistakes,success_ratio
7221,35,99.52%

iteration_26
-
finding_best_t
t,successes,mistakes
0,3600,22
1,3616,6
2,3618,4
3,3619,3
4,3619,3
5,3618,4
6,3618,4
7,3619,3
8,3619,3
9,3619,3
10,3619,3
11,3619,3
12,3619,3
13,3618,4
14,3618,4
15,3619,3
16,3618,4
17,3619,3
18,3619,3
19,3619,3
20,3619,3
21,3619,3
22,3619,3
23,3619,3
24,3618,4
best t = 3
-
result
successes,mistakes,success_ratio
7219,37,99.49%

iteration_27
-
finding_best_t
t,successes,mistakes
0,3600,22
1,3616,6
2,3614,8
3,3614,8
4,3618,4
5,3617,5
6,3616,6
7,3614,8
8,3614,8
9,3617,5
10,3617,5
11,3614,8
12,3613,9
13,3615,7
14,3613,9
15,3609,13
16,3617,5
17,3613,9
18,3610,12
19,3611,11
20,3615,7
21,3613,9
22,3610,12
23,3611,11
24,3616,6
best t = 4
-
result
successes,mistakes,success_ratio
7221,35,99.52%

iteration_28
-
finding_best_t
t,successes,mistakes
0,3600,22
1,3609,13
2,3611,11
3,3613,9
4,3613,9
5,3614,8
6,3617,5
7,3617,5
8,3617,5
9,3618,4
10,3618,4
11,3618,4
12,3613,9
13,3615,7
14,3616,6
15,3613,9
16,3616,6
17,3614,8
18,3611,11
19,3614,8
20,3618,4
21,3618,4
22,3619,3
23,3619,3
24,3619,3
best t = 22
-
result
successes,mistakes,success_ratio
7221,35,99.52%

iteration_29
-
finding_best_t
t,successes,mistakes
0,3600,22
1,3616,6
2,3618,4
3,3614,8
4,3615,7
5,3618,4
6,3619,3
7,3619,3
8,3619,3
9,3619,3
10,3619,3
11,3619,3
12,3619,3
13,3618,4
14,3619,3
15,3618,4
16,3619,3
17,3619,3
18,3619,3
19,3618,4
20,3619,3
21,3619,3
22,3618,4
23,3619,3
24,3619,3
best t = 6
-
result
successes,mistakes,success_ratio
7223,33,99.55%

iteration_30
-
finding_best_t
t,successes,mistakes
0,3600,22
1,3611,11
2,3613,9
3,3617,5
4,3614,8
5,3613,9
6,3618,4
7,3617,5
8,3618,4
9,3617,5
10,3618,4
11,3618,4
12,3616,6
13,3614,8
14,3612,10
15,3612,10
16,3617,5
17,3616,6
18,3618,4
19,3613,9
20,3611,11
21,3615,7
22,3613,9
23,3610,12
24,3618,4
best t = 6
-
result
successes,mistakes,success_ratio
7226,30,99.59%

summary
mean,stddev
99.53%,0.03%
