iteration_1
-
t_0
finding_best_k
i,k,successes,mistakes
0,3,4474,516
1,4,4395,595
2,5,4421,569
3,6,4373,617
4,7,4383,607
5,8,4322,668
6,9,4331,659
7,10,4292,698
8,11,4285,705
9,12,4254,736
10,13,4231,759
best_local_k 3
-
t_1
finding_best_k
i,k,successes,mistakes
0,3,4805,185
1,4,4728,262
2,5,4742,248
3,6,4681,309
4,7,4673,317
5,8,4639,351
6,9,4635,355
7,10,4599,391
8,11,4585,405
9,12,4536,454
10,13,4523,467
best_local_k 3
-
t_2
finding_best_k
i,k,successes,mistakes
0,3,4911,79
1,4,4813,177
2,5,4817,173
3,6,4769,221
4,7,4753,237
5,8,4724,266
6,9,4720,270
7,10,4675,315
8,11,4652,338
9,12,4621,369
10,13,4615,375
best_local_k 3
-
t_3
finding_best_k
i,k,successes,mistakes
0,3,4944,46
1,4,4846,144
2,5,4861,129
3,6,4812,178
4,7,4782,208
5,8,4744,246
6,9,4729,261
7,10,4696,294
8,11,4693,297
9,12,4650,340
10,13,4648,342
best_local_k 3
-
t_4
finding_best_k
i,k,successes,mistakes
0,3,4970,20
1,4,4869,121
2,5,4867,123
3,6,4812,178
4,7,4794,196
5,8,4747,243
6,9,4741,249
7,10,4708,282
8,11,4696,294
9,12,4662,328
10,13,4648,342
best_local_k 3
-
t_5
finding_best_k
i,k,successes,mistakes
0,3,4986,4
1,4,4876,114
2,5,4874,116
3,6,4826,164
4,7,4805,185
5,8,4756,234
6,9,4749,241
7,10,4718,272
8,11,4708,282
9,12,4672,318
10,13,4658,332
best_local_k 3
-
t_6
finding_best_k
i,k,successes,mistakes
0,3,4987,3
1,4,4874,116
2,5,4873,117
3,6,4819,171
4,7,4800,190
5,8,4755,235
6,9,4744,246
7,10,4715,275
8,11,4707,283
9,12,4665,325
10,13,4656,334
best_local_k 3
-
t_7
finding_best_k
i,k,successes,mistakes
0,3,4990,0
best_local_k 3
-
t_8
finding_best_k
i,k,successes,mistakes
0,3,4990,0
best_local_k 3
-
t_9
finding_best_k
i,k,successes,mistakes
0,3,4990,0
best_local_k 3
-
result
best_t,best_k,successes,mistakes,success_ratio
9,3,9134,886,91.16%

iteration_2
-
t_0
finding_best_k
i,k,successes,mistakes
0,3,4474,516
1,4,4395,595
2,5,4421,569
3,6,4373,617
4,7,4383,607
5,8,4322,668
6,9,4331,659
7,10,4292,698
8,11,4285,705
9,12,4254,736
10,13,4231,759
best_local_k 3
-
t_1
finding_best_k
i,k,successes,mistakes
0,3,4802,188
1,4,4709,281
2,5,4729,261
3,6,4695,295
4,7,4697,293
5,8,4629,361
6,9,4637,353
7,10,4592,398
8,11,4573,417
9,12,4538,452
10,13,4515,475
best_local_k 3
-
t_2
finding_best_k
i,k,successes,mistakes
0,3,4911,79
1,4,4818,172
2,5,4820,170
3,6,4761,229
4,7,4768,222
5,8,4711,279
6,9,4715,275
7,10,4663,327
8,11,4656,334
9,12,4619,371
10,13,4611,379
best_local_k 3
-
t_3
finding_best_k
i,k,successes,mistakes
0,3,4962,28
1,4,4856,134
2,5,4855,135
3,6,4798,192
4,7,4798,192
5,8,4735,255
6,9,4737,253
7,10,4697,293
8,11,4691,299
9,12,4663,327
10,13,4653,337
best_local_k 3
-
t_4
finding_best_k
i,k,successes,mistakes
0,3,4976,14
1,4,4867,123
2,5,4869,121
3,6,4808,182
4,7,4819,171
5,8,4751,239
6,9,4752,238
7,10,4704,286
8,11,4700,290
9,12,4670,320
10,13,4662,328
best_local_k 3
-
t_5
finding_best_k
i,k,successes,mistakes
0,3,4986,4
1,4,4876,114
2,5,4874,116
3,6,4817,173
4,7,4822,168
5,8,4757,233
6,9,4755,235
7,10,4708,282
8,11,4705,285
9,12,4676,314
10,13,4670,320
best_local_k 3
-
t_6
finding_best_k
i,k,successes,mistakes
0,3,4988,2
1,4,4874,116
2,5,4875,115
3,6,4823,167
4,7,4826,164
5,8,4762,228
6,9,4758,232
7,10,4710,280
8,11,4705,285
9,12,4674,316
10,13,4670,320
best_local_k 3
-
t_7
finding_best_k
i,k,successes,mistakes
0,3,4990,0
best_local_k 3
-
t_8
finding_best_k
i,k,successes,mistakes
0,3,4990,0
best_local_k 3
-
t_9
finding_best_k
i,k,successes,mistakes
0,3,4990,0
best_local_k 3
-
result
best_t,best_k,successes,mistakes,success_ratio
9,3,9135,885,91.17%

iteration_3
-
t_0
finding_best_k
i,k,successes,mistakes
0,3,4474,516
1,4,4395,595
2,5,4421,569
3,6,4373,617
4,7,4383,607
5,8,4322,668
6,9,4331,659
7,10,4292,698
8,11,4285,705
9,12,4254,736
10,13,4231,759
best_local_k 3
-
t_1
finding_best_k
i,k,successes,mistakes
0,3,4803,187
1,4,4742,248
2,5,4766,224
3,6,4710,280
4,7,4711,279
5,8,4674,316
6,9,4659,331
7,10,4632,358
8,11,4603,387
9,12,4564,426
10,13,4546,444
best_local_k 3
-
t_2
finding_best_k
i,k,successes,mistakes
0,3,4919,71
1,4,4830,160
2,5,4847,143
3,6,4774,216
4,7,4778,212
5,8,4741,249
6,9,4738,252
7,10,4706,284
8,11,4707,283
9,12,4676,314
10,13,4667,323
best_local_k 3
-
t_3
finding_best_k
i,k,successes,mistakes
0,3,4955,35
1,4,4858,132
2,5,4876,114
3,6,4814,176
4,7,4807,183
5,8,4757,233
6,9,4752,238
7,10,4721,269
8,11,4724,266
9,12,4693,297
10,13,4685,305
best_local_k 3
-
t_4
finding_best_k
i,k,successes,mistakes
0,3,4983,7
1,4,4879,111
2,5,4892,98
3,6,4833,157
4,7,4835,155
5,8,4781,209
6,9,4777,213
7,10,4736,254
8,11,4744,246
9,12,4704,286
10,13,4699,291
best_local_k 3
-
t_5
finding_best_k
i,k,successes,mistakes
0,3,4982,8
1,4,4888,102
2,5,4897,93
3,6,4833,157
4,7,4834,156
5,8,4787,203
6,9,4778,212
7,10,4739,251
8,11,4744,246
9,12,4707,283
10,13,4701,289
best_local_k 3
-
t_6
finding_best_k
i,k,successes,mistakes
0,3,4987,3
1,4,4890,100
2,5,4899,91
3,6,4835,155
4,7,4837,153
5,8,4791,199
6,9,4781,209
7,10,4740,250
8,11,4747,243
9,12,4708,282
10,13,4705,285
best_local_k 3
-
t_7
finding_best_k
i,k,successes,mistakes
0,3,4987,3
1,4,4890,100
2,5,4900,90
3,6,4835,155
4,7,4837,153
5,8,4790,200
6,9,4780,210
7,10,4739,251
8,11,4744,246
9,12,4707,283
10,13,4704,286
best_local_k 3
-
t_8
finding_best_k
i,k,successes,mistakes
0,3,4989,1
1,4,4887,103
2,5,4896,94
3,6,4835,155
4,7,4835,155
5,8,4788,202
6,9,4777,213
7,10,4740,250
8,11,4746,244
9,12,4704,286
10,13,4704,286
best_local_k 3
-
t_9
finding_best_k
i,k,successes,mistakes
0,3,4989,1
1,4,4890,100
2,5,4899,91
3,6,4837,153
4,7,4837,153
5,8,4791,199
6,9,4779,211
7,10,4740,250
8,11,4746,244
9,12,4706,284
10,13,4705,285
best_local_k 3
-
result
best_t,best_k,successes,mistakes,success_ratio
9,3,9104,916,90.86%

iteration_4
-
t_0
finding_best_k
i,k,successes,mistakes
0,3,4474,516
1,4,4395,595
2,5,4421,569
3,6,4373,617
4,7,4383,607
5,8,4322,668
6,9,4331,659
7,10,4292,698
8,11,4285,705
9,12,4254,736
10,13,4231,759
best_local_k 3
-
t_1
finding_best_k
i,k,successes,mistakes
0,3,4775,215
1,4,4714,276
2,5,4719,271
3,6,4678,312
4,7,4675,315
5,8,4654,336
6,9,4640,350
7,10,4599,391
8,11,4583,407
9,12,4556,434
10,13,4548,442
best_local_k 3
-
t_2
finding_best_k
i,k,successes,mistakes
0,3,4908,82
1,4,4823,167
2,5,4821,169
3,6,4768,222
4,7,4748,242
5,8,4724,266
6,9,4721,269
7,10,4673,317
8,11,4669,321
9,12,4640,350
10,13,4628,362
best_local_k 3
-
t_3
finding_best_k
i,k,successes,mistakes
0,3,4953,37
1,4,4849,141
2,5,4849,141
3,6,4803,187
4,7,4782,208
5,8,4746,244
6,9,4742,248
7,10,4674,316
8,11,4682,308
9,12,4639,351
10,13,4640,350
best_local_k 3
-
t_4
finding_best_k
i,k,successes,mistakes
0,3,4967,23
1,4,4867,123
2,5,4869,121
3,6,4818,172
4,7,4809,181
5,8,4779,211
6,9,4769,221
7,10,4709,281
8,11,4715,275
9,12,4671,319
10,13,4660,330
best_local_k 3
-
t_5
finding_best_k
i,k,successes,mistakes
0,3,4984,6
1,4,4880,110
2,5,4883,107
3,6,4832,158
4,7,4822,168
5,8,4786,204
6,9,4774,216
7,10,4714,276
8,11,4716,274
9,12,4680,310
10,13,4670,320
best_local_k 3
-
t_6
finding_best_k
i,k,successes,mistakes
0,3,4987,3
1,4,4883,107
2,5,4883,107
3,6,4835,155
4,7,4824,166
5,8,4789,201
6,9,4777,213
7,10,4720,270
8,11,4720,270
9,12,4680,310
10,13,4671,319
best_local_k 3
-
t_7
finding_best_k
i,k,successes,mistakes
0,3,4990,0
best_local_k 3
-
t_8
finding_best_k
i,k,successes,mistakes
0,3,4990,0
best_local_k 3
-
t_9
finding_best_k
i,k,successes,mistakes
0,3,4990,0
best_local_k 3
-
result
best_t,best_k,successes,mistakes,success_ratio
9,3,9138,882,91.20%

iteration_5
-
t_0
finding_best_k
i,k,successes,mistakes
0,3,4474,516
1,4,4395,595
2,5,4421,569
3,6,4373,617
4,7,4383,607
5,8,4322,668
6,9,4331,659
7,10,4292,698
8,11,4285,705
9,12,4254,736
10,13,4231,759
best_local_k 3
-
t_1
finding_best_k
i,k,successes,mistakes
0,3,4812,178
1,4,4731,259
2,5,4752,238
3,6,4705,285
4,7,4690,300
5,8,4656,334
6,9,4659,331
7,10,4622,368
8,11,4598,392
9,12,4556,434
10,13,4541,449
best_local_k 3
-
t_2
finding_best_k
i,k,successes,mistakes
0,3,4911,79
1,4,4835,155
2,5,4825,165
3,6,4775,215
4,7,4783,207
5,8,4739,251
6,9,4729,261
7,10,4690,300
8,11,4677,313
9,12,4629,361
10,13,4627,363
best_local_k 3
-
t_3
finding_best_k
i,k,successes,mistakes
0,3,4949,41
1,4,4868,122
2,5,4847,143
3,6,4799,191
4,7,4810,180
5,8,4765,225
6,9,4750,240
7,10,4717,273
8,11,4712,278
9,12,4664,326
10,13,4661,329
best_local_k 3
-
t_4
finding_best_k
i,k,successes,mistakes
0,3,4972,18
1,4,4879,111
2,5,4861,129
3,6,4810,180
4,7,4818,172
5,8,4768,222
6,9,4748,242
7,10,4724,266
8,11,4723,267
9,12,4678,312
10,13,4672,318
best_local_k 3
-
t_5
finding_best_k
i,k,successes,mistakes
0,3,4982,8
1,4,4893,97
2,5,4876,114
3,6,4819,171
4,7,4830,160
5,8,4780,210
6,9,4765,225
7,10,4731,259
8,11,4727,263
9,12,4683,307
10,13,4681,309
best_local_k 3
-
t_6
finding_best_k
i,k,successes,mistakes
0,3,4987,3
1,4,4894,96
2,5,4877,113
3,6,4819,171
4,7,4827,163
5,8,4784,206
6,9,4764,226
7,10,4729,261
8,11,4729,261
9,12,4686,304
10,13,4683,307
best_local_k 3
-
t_7
finding_best_k
i,k,successes,mistakes
0,3,4988,2
1,4,4895,95
2,5,4880,110
3,6,4825,165
4,7,4833,157
5,8,4784,206
6,9,4768,222
7,10,4732,258
8,11,4731,259
9,12,4687,303
10,13,4682,308
best_local_k 3
-
t_8
finding_best_k
i,k,successes,mistakes
0,3,4989,1
1,4,4898,92
2,5,4881,109
3,6,4825,165
4,7,4834,156
5,8,4785,205
6,9,4768,222
7,10,4731,259
8,11,4730,260
9,12,4687,303
10,13,4680,310
best_local_k 3
-
t_9
finding_best_k
i,k,successes,mistakes
0,3,4990,0
best_local_k 3
-
result
best_t,best_k,successes,mistakes,success_ratio
9,3,9124,896,91.06%

iteration_6
-
t_0
finding_best_k
i,k,successes,mistakes
0,3,4474,516
1,4,4395,595
2,5,4421,569
3,6,4373,617
4,7,4383,607
5,8,4322,668
6,9,4331,659
7,10,4292,698
8,11,4285,705
9,12,4254,736
10,13,4231,759
best_local_k 3
-
t_1
finding_best_k
i,k,successes,mistakes
0,3,4808,182
1,4,4741,249
2,5,4747,243
3,6,4695,295
4,7,4701,289
5,8,4661,329
6,9,4646,344
7,10,4604,386
8,11,4591,399
9,12,4563,427
10,13,4543,447
best_local_k 3
-
t_2
finding_best_k
i,k,successes,mistakes
0,3,4916,74
1,4,4829,161
2,5,4823,167
3,6,4760,230
4,7,4763,227
5,8,4715,275
6,9,4709,281
7,10,4668,322
8,11,4658,332
9,12,4629,361
10,13,4632,358
best_local_k 3
-
t_3
finding_best_k
i,k,successes,mistakes
0,3,4956,34
1,4,4859,131
2,5,4854,136
3,6,4793,197
4,7,4793,197
5,8,4738,252
6,9,4732,258
7,10,4702,288
8,11,4700,290
9,12,4655,335
10,13,4651,339
best_local_k 3
-
t_4
finding_best_k
i,k,successes,mistakes
0,3,4975,15
1,4,4875,115
2,5,4865,125
3,6,4806,184
4,7,4806,184
5,8,4766,224
6,9,4757,233
7,10,4715,275
8,11,4710,280
9,12,4671,319
10,13,4671,319
best_local_k 3
-
t_5
finding_best_k
i,k,successes,mistakes
0,3,4983,7
1,4,4878,112
2,5,4865,125
3,6,4809,181
4,7,4809,181
5,8,4764,226
6,9,4756,234
7,10,4711,279
8,11,4706,284
9,12,4663,327
10,13,4671,319
best_local_k 3
-
t_6
finding_best_k
i,k,successes,mistakes
0,3,4986,4
1,4,4882,108
2,5,4870,120
3,6,4807,183
4,7,4809,181
5,8,4766,224
6,9,4760,230
7,10,4713,277
8,11,4711,279
9,12,4668,322
10,13,4672,318
best_local_k 3
-
t_7
finding_best_k
i,k,successes,mistakes
0,3,4989,1
1,4,4886,104
2,5,4871,119
3,6,4811,179
4,7,4812,178
5,8,4771,219
6,9,4764,226
7,10,4716,274
8,11,4711,279
9,12,4667,323
10,13,4671,319
best_local_k 3
-
t_8
finding_best_k
i,k,successes,mistakes
0,3,4989,1
1,4,4886,104
2,5,4872,118
3,6,4812,178
4,7,4813,177
5,8,4772,218
6,9,4765,225
7,10,4717,273
8,11,4713,277
9,12,4669,321
10,13,4673,317
best_local_k 3
-
t_9
finding_best_k
i,k,successes,mistakes
0,3,4990,0
best_local_k 3
-
result
best_t,best_k,successes,mistakes,success_ratio
9,3,9162,858,91.44%

iteration_7
-
t_0
finding_best_k
i,k,successes,mistakes
0,3,4474,516
1,4,4395,595
2,5,4421,569
3,6,4373,617
4,7,4383,607
5,8,4322,668
6,9,4331,659
7,10,4292,698
8,11,4285,705
9,12,4254,736
10,13,4231,759
best_local_k 3
-
t_1
finding_best_k
i,k,successes,mistakes
0,3,4798,192
1,4,4744,246
2,5,4753,237
3,6,4702,288
4,7,4703,287
5,8,4662,328
6,9,4654,336
7,10,4616,374
8,11,4601,389
9,12,4563,427
10,13,4549,441
best_local_k 3
-
t_2
finding_best_k
i,k,successes,mistakes
0,3,4914,76
1,4,4834,156
2,5,4839,151
3,6,4775,215
4,7,4768,222
5,8,4719,271
6,9,4722,268
7,10,4685,305
8,11,4663,327
9,12,4625,365
10,13,4615,375
best_local_k 3
-
t_3
finding_best_k
i,k,successes,mistakes
0,3,4957,33
1,4,4866,124
2,5,4868,122
3,6,4798,192
4,7,4787,203
5,8,4752,238
6,9,4755,235
7,10,4716,274
8,11,4690,300
9,12,4639,351
10,13,4638,352
best_local_k 3
-
t_4
finding_best_k
i,k,successes,mistakes
0,3,4977,13
1,4,4883,107
2,5,4875,115
3,6,4811,179
4,7,4800,190
5,8,4769,221
6,9,4762,228
7,10,4725,265
8,11,4703,287
9,12,4646,344
10,13,4640,350
best_local_k 3
-
t_5
finding_best_k
i,k,successes,mistakes
0,3,4983,7
1,4,4883,107
2,5,4880,110
3,6,4814,176
4,7,4802,188
5,8,4773,217
6,9,4764,226
7,10,4730,260
8,11,4708,282
9,12,4650,340
10,13,4647,343
best_local_k 3
-
t_6
finding_best_k
i,k,successes,mistakes
0,3,4985,5
1,4,4884,106
2,5,4880,110
3,6,4815,175
4,7,4801,189
5,8,4775,215
6,9,4767,223
7,10,4733,257
8,11,4709,281
9,12,4655,335
10,13,4646,344
best_local_k 3
-
t_7
finding_best_k
i,k,successes,mistakes
0,3,4988,2
1,4,4890,100
2,5,4882,108
3,6,4819,171
4,7,4807,183
5,8,4777,213
6,9,4769,221
7,10,4736,254
8,11,4711,279
9,12,4656,334
10,13,4649,341
best_local_k 3
-
t_8
finding_best_k
i,k,successes,mistakes
0,3,4989,1
1,4,4887,103
2,5,4882,108
3,6,4820,170
4,7,4806,184
5,8,4776,214
6,9,4770,220
7,10,4733,257
8,11,4710,280
9,12,4656,334
10,13,4651,339
best_local_k 3
-
t_9
finding_best_k
i,k,successes,mistakes
0,3,4990,0
best_local_k 3
-
result
best_t,best_k,successes,mistakes,success_ratio
9,3,9150,870,91.32%

iteration_8
-
t_0
finding_best_k
i,k,successes,mistakes
0,3,4474,516
1,4,4395,595
2,5,4421,569
3,6,4373,617
4,7,4383,607
5,8,4322,668
6,9,4331,659
7,10,4292,698
8,11,4285,705
9,12,4254,736
10,13,4231,759
best_local_k 3
-
t_1
finding_best_k
i,k,successes,mistakes
0,3,4807,183
1,4,4741,249
2,5,4749,241
3,6,4690,300
4,7,4679,311
5,8,4623,367
6,9,4628,362
7,10,4588,402
8,11,4575,415
9,12,4532,458
10,13,4529,461
best_local_k 3
-
t_2
finding_best_k
i,k,successes,mistakes
0,3,4913,77
1,4,4830,160
2,5,4828,162
3,6,4758,232
4,7,4752,238
5,8,4695,295
6,9,4696,294
7,10,4663,327
8,11,4652,338
9,12,4606,384
10,13,4605,385
best_local_k 3
-
t_3
finding_best_k
i,k,successes,mistakes
0,3,4952,38
1,4,4859,131
2,5,4847,143
3,6,4780,210
4,7,4775,215
5,8,4717,273
6,9,4706,284
7,10,4667,323
8,11,4661,329
9,12,4631,359
10,13,4622,368
best_local_k 3
-
t_4
finding_best_k
i,k,successes,mistakes
0,3,4969,21
1,4,4871,119
2,5,4867,123
3,6,4795,195
4,7,4783,207
5,8,4722,268
6,9,4731,259
7,10,4684,306
8,11,4675,315
9,12,4638,352
10,13,4619,371
best_local_k 3
-
t_5
finding_best_k
i,k,successes,mistakes
0,3,4981,9
1,4,4885,105
2,5,4871,119
3,6,4808,182
4,7,4799,191
5,8,4733,257
6,9,4733,257
7,10,4689,301
8,11,4674,316
9,12,4655,335
10,13,4635,355
best_local_k 3
-
t_6
finding_best_k
i,k,successes,mistakes
0,3,4986,4
1,4,4887,103
2,5,4874,116
3,6,4810,180
4,7,4800,190
5,8,4732,258
6,9,4733,257
7,10,4692,298
8,11,4679,311
9,12,4651,339
10,13,4636,354
best_local_k 3
-
t_7
finding_best_k
i,k,successes,mistakes
0,3,4988,2
1,4,4891,99
2,5,4879,111
3,6,4814,176
4,7,4803,187
5,8,4737,253
6,9,4738,252
7,10,4697,293
8,11,4684,306
9,12,4657,333
10,13,4636,354
best_local_k 3
-
t_8
finding_best_k
i,k,successes,mistakes
0,3,4988,2
1,4,4890,100
2,5,4877,113
3,6,4813,177
4,7,4801,189
5,8,4736,254
6,9,4738,252
7,10,4695,295
8,11,4685,305
9,12,4658,332
10,13,4635,355
best_local_k 3
-
t_9
finding_best_k
i,k,successes,mistakes
0,3,4990,0
best_local_k 3
-
result
best_t,best_k,successes,mistakes,success_ratio
9,3,9139,881,91.21%

iteration_9
-
t_0
finding_best_k
i,k,successes,mistakes
0,3,4474,516
1,4,4395,595
2,5,4421,569
3,6,4373,617
4,7,4383,607
5,8,4322,668
6,9,4331,659
7,10,4292,698
8,11,4285,705
9,12,4254,736
10,13,4231,759
best_local_k 3
-
t_1
finding_best_k
i,k,successes,mistakes
0,3,4824,166
1,4,4745,245
2,5,4771,219
3,6,4710,280
4,7,4704,286
5,8,4654,336
6,9,4657,333
7,10,4620,370
8,11,4620,370
9,12,4577,413
10,13,4568,422
best_local_k 3
-
t_2
finding_best_k
i,k,successes,mistakes
0,3,4925,65
1,4,4834,156
2,5,4849,141
3,6,4779,211
4,7,4767,223
5,8,4713,277
6,9,4719,271
7,10,4667,323
8,11,4674,316
9,12,4632,358
10,13,4632,358
best_local_k 3
-
t_3
finding_best_k
i,k,successes,mistakes
0,3,4965,25
1,4,4867,123
2,5,4876,114
3,6,4805,185
4,7,4786,204
5,8,4747,243
6,9,4745,245
7,10,4702,288
8,11,4702,288
9,12,4659,331
10,13,4661,329
best_local_k 3
-
t_4
finding_best_k
i,k,successes,mistakes
0,3,4980,10
1,4,4872,118
2,5,4888,102
3,6,4821,169
4,7,4804,186
5,8,4763,227
6,9,4764,226
7,10,4713,277
8,11,4719,271
9,12,4681,309
10,13,4680,310
best_local_k 3
-
t_5
finding_best_k
i,k,successes,mistakes
0,3,4984,6
1,4,4876,114
2,5,4887,103
3,6,4825,165
4,7,4805,185
5,8,4762,228
6,9,4770,220
7,10,4718,272
8,11,4720,270
9,12,4683,307
10,13,4681,309
best_local_k 3
-
t_6
finding_best_k
i,k,successes,mistakes
0,3,4987,3
1,4,4878,112
2,5,4887,103
3,6,4827,163
4,7,4808,182
5,8,4762,228
6,9,4771,219
7,10,4721,269
8,11,4722,268
9,12,4685,305
10,13,4681,309
best_local_k 3
-
t_7
finding_best_k
i,k,successes,mistakes
0,3,4985,5
1,4,4881,109
2,5,4889,101
3,6,4826,164
4,7,4808,182
5,8,4761,229
6,9,4772,218
7,10,4721,269
8,11,4722,268
9,12,4684,306
10,13,4682,308
best_local_k 3
-
t_8
finding_best_k
i,k,successes,mistakes
0,3,4987,3
1,4,4883,107
2,5,4888,102
3,6,4832,158
4,7,4811,179
5,8,4763,227
6,9,4769,221
7,10,4721,269
8,11,4723,267
9,12,4686,304
10,13,4687,303
best_local_k 3
-
t_9
finding_best_k
i,k,successes,mistakes
0,3,4987,3
1,4,4882,108
2,5,4886,104
3,6,4831,159
4,7,4808,182
5,8,4761,229
6,9,4771,219
7,10,4722,268
8,11,4724,266
9,12,4687,303
10,13,4688,302
best_local_k 3
-
result
best_t,best_k,successes,mistakes,success_ratio
9,3,9137,883,91.19%

iteration_10
-
t_0
finding_best_k
i,k,successes,mistakes
0,3,4474,516
1,4,4395,595
2,5,4421,569
3,6,4373,617
4,7,4383,607
5,8,4322,668
6,9,4331,659
7,10,4292,698
8,11,4285,705
9,12,4254,736
10,13,4231,759
best_local_k 3
-
t_1
finding_best_k
i,k,successes,mistakes
0,3,4796,194
1,4,4728,262
2,5,4759,231
3,6,4697,293
4,7,4692,298
5,8,4658,332
6,9,4641,349
7,10,4611,379
8,11,4596,394
9,12,4571,419
10,13,4560,430
best_local_k 3
-
t_2
finding_best_k
i,k,successes,mistakes
0,3,4896,94
1,4,4815,175
2,5,4824,166
3,6,4768,222
4,7,4763,227
5,8,4715,275
6,9,4726,264
7,10,4688,302
8,11,4681,309
9,12,4669,321
10,13,4648,342
best_local_k 3
-
t_3
finding_best_k
i,k,successes,mistakes
0,3,4955,35
1,4,4857,133
2,5,4875,115
3,6,4813,177
4,7,4812,178
5,8,4768,222
6,9,4760,230
7,10,4728,262
8,11,4721,269
9,12,4693,297
10,13,4674,316
best_local_k 3
-
t_4
finding_best_k
i,k,successes,mistakes
0,3,4980,10
1,4,4879,111
2,5,4891,99
3,6,4828,162
4,7,4833,157
5,8,4790,200
6,9,4780,210
7,10,4752,238
8,11,4741,249
9,12,4713,277
10,13,4697,293
best_local_k 3
-
t_5
finding_best_k
i,k,successes,mistakes
0,3,4986,4
1,4,4883,107
2,5,4894,96
3,6,4836,154
4,7,4839,151
5,8,4796,194
6,9,4788,202
7,10,4755,235
8,11,4745,245
9,12,4716,274
10,13,4696,294
best_local_k 3
-
t_6
finding_best_k
i,k,successes,mistakes
0,3,4988,2
1,4,4886,104
2,5,4897,93
3,6,4836,154
4,7,4840,150
5,8,4794,196
6,9,4789,201
7,10,4756,234
8,11,4746,244
9,12,4710,280
10,13,4698,292
best_local_k 3
-
t_7
finding_best_k
i,k,successes,mistakes
0,3,4988,2
1,4,4885,105
2,5,4898,92
3,6,4836,154
4,7,4839,151
5,8,4795,195
6,9,4789,201
7,10,4757,233
8,11,4747,243
9,12,4716,274
10,13,4700,290
best_local_k 3
-
t_8
finding_best_k
i,k,successes,mistakes
0,3,4987,3
1,4,4885,105
2,5,4897,93
3,6,4836,154
4,7,4838,152
5,8,4792,198
6,9,4786,204
7,10,4755,235
8,11,4745,245
9,12,4714,276
10,13,4697,293
best_local_k 3
-
t_9
finding_best_k
i,k,successes,mistakes
0,3,4988,2
1,4,4885,105
2,5,4897,93
3,6,4837,153
4,7,4840,150
5,8,4795,195
6,9,4787,203
7,10,4755,235
8,11,4748,242
9,12,4714,276
10,13,4699,291
best_local_k 3
-
result
best_t,best_k,successes,mistakes,success_ratio
9,3,9157,863,91.39%

iteration_11
-
t_0
finding_best_k
i,k,successes,mistakes
0,3,4474,516
1,4,4395,595
2,5,4421,569
3,6,4373,617
4,7,4383,607
5,8,4322,668
6,9,4331,659
7,10,4292,698
8,11,4285,705
9,12,4254,736
10,13,4231,759
best_local_k 3
-
t_1
finding_best_k
i,k,successes,mistakes
0,3,4804,186
1,4,4731,259
2,5,4745,245
3,6,4698,292
4,7,4690,300
5,8,4631,359
6,9,4630,360
7,10,4569,421
8,11,4567,423
9,12,4533,457
10,13,4531,459
best_local_k 3
-
t_2
finding_best_k
i,k,successes,mistakes
0,3,4904,86
1,4,4816,174
2,5,4828,162
3,6,4756,234
4,7,4748,242
5,8,4697,293
6,9,4680,310
7,10,4638,352
8,11,4620,370
9,12,4598,392
10,13,4589,401
best_local_k 3
-
t_3
finding_best_k
i,k,successes,mistakes
0,3,4948,42
1,4,4848,142
2,5,4861,129
3,6,4788,202
4,7,4784,206
5,8,4740,250
6,9,4731,259
7,10,4678,312
8,11,4667,323
9,12,4643,347
10,13,4629,361
best_local_k 3
-
t_4
finding_best_k
i,k,successes,mistakes
0,3,4978,12
1,4,4869,121
2,5,4877,113
3,6,4806,184
4,7,4800,190
5,8,4757,233
6,9,4749,241
7,10,4701,289
8,11,4674,316
9,12,4660,330
10,13,4651,339
best_local_k 3
-
t_5
finding_best_k
i,k,successes,mistakes
0,3,4984,6
1,4,4881,109
2,5,4889,101
3,6,4821,169
4,7,4811,179
5,8,4769,221
6,9,4760,230
7,10,4711,279
8,11,4687,303
9,12,4667,323
10,13,4661,329
best_local_k 3
-
t_6
finding_best_k
i,k,successes,mistakes
0,3,4988,2
1,4,4887,103
2,5,4893,97
3,6,4822,168
4,7,4814,176
5,8,4771,219
6,9,4761,229
7,10,4712,278
8,11,4690,300
9,12,4671,319
10,13,4660,330
best_local_k 3
-
t_7
finding_best_k
i,k,successes,mistakes
0,3,4990,0
best_local_k 3
-
t_8
finding_best_k
i,k,successes,mistakes
0,3,4990,0
best_local_k 3
-
t_9
finding_best_k
i,k,successes,mistakes
0,3,4990,0
best_local_k 3
-
result
best_t,best_k,successes,mistakes,success_ratio
9,3,9152,868,91.34%

iteration_12
-
t_0
finding_best_k
i,k,successes,mistakes
0,3,4474,516
1,4,4395,595
2,5,4421,569
3,6,4373,617
4,7,4383,607
5,8,4322,668
6,9,4331,659
7,10,4292,698
8,11,4285,705
9,12,4254,736
10,13,4231,759
best_local_k 3
-
t_1
finding_best_k
i,k,successes,mistakes
0,3,4794,196
1,4,4719,271
2,5,4740,250
3,6,4680,310
4,7,4676,314
5,8,4623,367
6,9,4623,367
7,10,4582,408
8,11,4574,416
9,12,4533,457
10,13,4528,462
best_local_k 3
-
t_2
finding_best_k
i,k,successes,mistakes
0,3,4900,90
1,4,4816,174
2,5,4810,180
3,6,4748,242
4,7,4745,245
5,8,4698,292
6,9,4705,285
7,10,4664,326
8,11,4659,331
9,12,4615,375
10,13,4606,384
best_local_k 3
-
t_3
finding_best_k
i,k,successes,mistakes
0,3,4944,46
1,4,4854,136
2,5,4847,143
3,6,4793,197
4,7,4788,202
5,8,4749,241
6,9,4734,256
7,10,4695,295
8,11,4687,303
9,12,4641,349
10,13,4630,360
best_local_k 3
-
t_4
finding_best_k
i,k,successes,mistakes
0,3,4972,18
1,4,4882,108
2,5,4873,117
3,6,4814,176
4,7,4807,183
5,8,4765,225
6,9,4754,236
7,10,4715,275
8,11,4697,293
9,12,4652,338
10,13,4641,349
best_local_k 3
-
t_5
finding_best_k
i,k,successes,mistakes
0,3,4978,12
1,4,4890,100
2,5,4877,113
3,6,4814,176
4,7,4808,182
5,8,4763,227
6,9,4751,239
7,10,4711,279
8,11,4692,298
9,12,4652,338
10,13,4641,349
best_local_k 3
-
t_6
finding_best_k
i,k,successes,mistakes
0,3,4981,9
1,4,4885,105
2,5,4872,118
3,6,4813,177
4,7,4808,182
5,8,4764,226
6,9,4751,239
7,10,4715,275
8,11,4695,295
9,12,4648,342
10,13,4633,357
best_local_k 3
-
t_7
finding_best_k
i,k,successes,mistakes
0,3,4986,4
1,4,4896,94
2,5,4879,111
3,6,4822,168
4,7,4814,176
5,8,4770,220
6,9,4761,229
7,10,4718,272
8,11,4698,292
9,12,4660,330
10,13,4641,349
best_local_k 3
-
t_8
finding_best_k
i,k,successes,mistakes
0,3,4990,0
best_local_k 3
-
t_9
finding_best_k
i,k,successes,mistakes
0,3,4990,0
best_local_k 3
-
result
best_t,best_k,successes,mistakes,success_ratio
9,3,9144,876,91.26%

iteration_13
-
t_0
finding_best_k
i,k,successes,mistakes
0,3,4474,516
1,4,4395,595
2,5,4421,569
3,6,4373,617
4,7,4383,607
5,8,4322,668
6,9,4331,659
7,10,4292,698
8,11,4285,705
9,12,4254,736
10,13,4231,759
best_local_k 3
-
t_1
finding_best_k
i,k,successes,mistakes
0,3,4823,167
1,4,4744,246
2,5,4774,216
3,6,4715,275
4,7,4709,281
5,8,4653,337
6,9,4678,312
7,10,4622,368
8,11,4597,393
9,12,4570,420
10,13,4537,453
best_local_k 3
-
t_2
finding_best_k
i,k,successes,mistakes
0,3,4909,81
1,4,4820,170
2,5,4825,165
3,6,4769,221
4,7,4758,232
5,8,4703,287
6,9,4706,284
7,10,4675,315
8,11,4663,327
9,12,4613,377
10,13,4591,399
best_local_k 3
-
t_3
finding_best_k
i,k,successes,mistakes
0,3,4941,49
1,4,4851,139
2,5,4852,138
3,6,4804,186
4,7,4794,196
5,8,4738,252
6,9,4737,253
7,10,4696,294
8,11,4683,307
9,12,4643,347
10,13,4614,376
best_local_k 3
-
t_4
finding_best_k
i,k,successes,mistakes
0,3,4968,22
1,4,4879,111
2,5,4885,105
3,6,4824,166
4,7,4811,179
5,8,4752,238
6,9,4755,235
7,10,4703,287
8,11,4696,294
9,12,4660,330
10,13,4638,352
best_local_k 3
-
t_5
finding_best_k
i,k,successes,mistakes
0,3,4978,12
1,4,4891,99
2,5,4889,101
3,6,4831,159
4,7,4820,170
5,8,4767,223
6,9,4765,225
7,10,4715,275
8,11,4710,280
9,12,4672,318
10,13,4652,338
best_local_k 3
-
t_6
finding_best_k
i,k,successes,mistakes
0,3,4984,6
1,4,4898,92
2,5,4898,92
3,6,4836,154
4,7,4825,165
5,8,4769,221
6,9,4767,223
7,10,4722,268
8,11,4706,284
9,12,4671,319
10,13,4649,341
best_local_k 3
-
t_7
finding_best_k
i,k,successes,mistakes
0,3,4987,3
1,4,4897,93
2,5,4896,94
3,6,4833,157
4,7,4826,164
5,8,4771,219
6,9,4770,220
7,10,4723,267
8,11,4707,283
9,12,4672,318
10,13,4653,337
best_local_k 3
-
t_8
finding_best_k
i,k,successes,mistakes
0,3,4987,3
1,4,4898,92
2,5,4894,96
3,6,4834,156
4,7,4825,165
5,8,4770,220
6,9,4769,221
7,10,4724,266
8,11,4707,283
9,12,4673,317
10,13,4654,336
best_local_k 3
-
t_9
finding_best_k
i,k,successes,mistakes
0,3,4988,2
1,4,4899,91
2,5,4897,93
3,6,4836,154
4,7,4827,163
5,8,4769,221
6,9,4769,221
7,10,4721,269
8,11,4706,284
9,12,4672,318
10,13,4654,336
best_local_k 3
-
result
best_t,best_k,successes,mistakes,success_ratio
9,3,9134,886,91.16%

iteration_14
-
t_0
finding_best_k
i,k,successes,mistakes
0,3,4474,516
1,4,4395,595
2,5,4421,569
3,6,4373,617
4,7,4383,607
5,8,4322,668
6,9,4331,659
7,10,4292,698
8,11,4285,705
9,12,4254,736
10,13,4231,759
best_local_k 3
-
t_1
finding_best_k
i,k,successes,mistakes
0,3,4820,170
1,4,4748,242
2,5,4768,222
3,6,4714,276
4,7,4719,271
5,8,4669,321
6,9,4665,325
7,10,4639,351
8,11,4616,374
9,12,4587,403
10,13,4574,416
best_local_k 3
-
t_2
finding_best_k
i,k,successes,mistakes
0,3,4935,55
1,4,4843,147
2,5,4846,144
3,6,4799,191
4,7,4779,211
5,8,4744,246
6,9,4739,251
7,10,4711,279
8,11,4690,300
9,12,4662,328
10,13,4656,334
best_local_k 3
-
t_3
finding_best_k
i,k,successes,mistakes
0,3,4957,33
1,4,4858,132
2,5,4857,133
3,6,4809,181
4,7,4801,189
5,8,4755,235
6,9,4747,243
7,10,4709,281
8,11,4698,292
9,12,4666,324
10,13,4660,330
best_local_k 3
-
t_4
finding_best_k
i,k,successes,mistakes
0,3,4976,14
1,4,4870,120
2,5,4875,115
3,6,4826,164
4,7,4811,179
5,8,4768,222
6,9,4764,226
7,10,4722,268
8,11,4713,277
9,12,4687,303
10,13,4684,306
best_local_k 3
-
t_5
finding_best_k
i,k,successes,mistakes
0,3,4980,10
1,4,4875,115
2,5,4877,113
3,6,4831,159
4,7,4815,175
5,8,4774,216
6,9,4766,224
7,10,4729,261
8,11,4719,271
9,12,4694,296
10,13,4687,303
best_local_k 3
-
t_6
finding_best_k
i,k,successes,mistakes
0,3,4986,4
1,4,4877,113
2,5,4877,113
3,6,4834,156
4,7,4816,174
5,8,4775,215
6,9,4762,228
7,10,4730,260
8,11,4713,277
9,12,4691,299
10,13,4681,309
best_local_k 3
-
t_7
finding_best_k
i,k,successes,mistakes
0,3,4989,1
1,4,4880,110
2,5,4882,108
3,6,4835,155
4,7,4816,174
5,8,4772,218
6,9,4760,230
7,10,4727,263
8,11,4709,281
9,12,4688,302
10,13,4679,311
best_local_k 3
-
t_8
finding_best_k
i,k,successes,mistakes
0,3,4990,0
best_local_k 3
-
t_9
finding_best_k
i,k,successes,mistakes
0,3,4990,0
best_local_k 3
-
result
best_t,best_k,successes,mistakes,success_ratio
9,3,9131,889,91.13%

iteration_15
-
t_0
finding_best_k
i,k,successes,mistakes
0,3,4474,516
1,4,4395,595
2,5,4421,569
3,6,4373,617
4,7,4383,607
5,8,4322,668
6,9,4331,659
7,10,4292,698
8,11,4285,705
9,12,4254,736
10,13,4231,759
best_local_k 3
-
t_1
finding_best_k
i,k,successes,mistakes
0,3,4805,185
1,4,4714,276
2,5,4733,257
3,6,4688,302
4,7,4689,301
5,8,4636,354
6,9,4632,358
7,10,4594,396
8,11,4575,415
9,12,4530,460
10,13,4517,473
best_local_k 3
-
t_2
finding_best_k
i,k,successes,mistakes
0,3,4887,103
1,4,4807,183
2,5,4801,189
3,6,4740,250
4,7,4753,237
5,8,4703,287
6,9,4683,307
7,10,4661,329
8,11,4647,343
9,12,4596,394
10,13,4595,395
best_local_k 3
-
t_3
finding_best_k
i,k,successes,mistakes
0,3,4958,32
1,4,4859,131
2,5,4865,125
3,6,4811,179
4,7,4805,185
5,8,4766,224
6,9,4752,238
7,10,4724,266
8,11,4715,275
9,12,4663,327
10,13,4647,343
best_local_k 3
-
t_4
finding_best_k
i,k,successes,mistakes
0,3,4976,14
1,4,4879,111
2,5,4872,118
3,6,4816,174
4,7,4821,169
5,8,4762,228
6,9,4759,231
7,10,4726,264
8,11,4719,271
9,12,4669,321
10,13,4650,340
best_local_k 3
-
t_5
finding_best_k
i,k,successes,mistakes
0,3,4983,7
1,4,4884,106
2,5,4876,114
3,6,4823,167
4,7,4824,166
5,8,4770,220
6,9,4760,230
7,10,4727,263
8,11,4715,275
9,12,4672,318
10,13,4654,336
best_local_k 3
-
t_6
finding_best_k
i,k,successes,mistakes
0,3,4986,4
1,4,4885,105
2,5,4876,114
3,6,4823,167
4,7,4826,164
5,8,4771,219
6,9,4760,230
7,10,4727,263
8,11,4717,273
9,12,4674,316
10,13,4655,335
best_local_k 3
-
t_7
finding_best_k
i,k,successes,mistakes
0,3,4986,4
1,4,4886,104
2,5,4877,113
3,6,4825,165
4,7,4828,162
5,8,4773,217
6,9,4764,226
7,10,4730,260
8,11,4721,269
9,12,4678,312
10,13,4657,333
best_local_k 3
-
t_8
finding_best_k
i,k,successes,mistakes
0,3,4984,6
1,4,4885,105
2,5,4877,113
3,6,4822,168
4,7,4828,162
5,8,4769,221
6,9,4760,230
7,10,4727,263
8,11,4717,273
9,12,4675,315
10,13,4655,335
best_local_k 3
-
t_9
finding_best_k
i,k,successes,mistakes
0,3,4988,2
1,4,4889,101
2,5,4881,109
3,6,4827,163
4,7,4831,159
5,8,4774,216
6,9,4765,225
7,10,4732,258
8,11,4719,271
9,12,4673,317
10,13,4655,335
best_local_k 3
-
result
best_t,best_k,successes,mistakes,success_ratio
9,3,9143,877,91.25%

iteration_16
-
t_0
finding_best_k
i,k,successes,mistakes
0,3,4474,516
1,4,4395,595
2,5,4421,569
3,6,4373,617
4,7,4383,607
5,8,4322,668
6,9,4331,659
7,10,4292,698
8,11,4285,705
9,12,4254,736
10,13,4231,759
best_local_k 3
-
t_1
finding_best_k
i,k,successes,mistakes
0,3,4806,184
1,4,4731,259
2,5,4748,242
3,6,4696,294
4,7,4678,312
5,8,4645,345
6,9,4652,338
7,10,4602,388
8,11,4606,384
9,12,4556,434
10,13,4544,446
best_local_k 3
-
t_2
finding_best_k
i,k,successes,mistakes
0,3,4894,96
1,4,4818,172
2,5,4812,178
3,6,4762,228
4,7,4757,233
5,8,4706,284
6,9,4707,283
7,10,4670,320
8,11,4662,328
9,12,4609,381
10,13,4606,384
best_local_k 3
-
t_3
finding_best_k
i,k,successes,mistakes
0,3,4939,51
1,4,4862,128
2,5,4853,137
3,6,4796,194
4,7,4785,205
5,8,4732,258
6,9,4720,270
7,10,4687,303
8,11,4682,308
9,12,4635,355
10,13,4635,355
best_local_k 3
-
t_4
finding_best_k
i,k,successes,mistakes
0,3,4965,25
1,4,4873,117
2,5,4865,125
3,6,4811,179
4,7,4797,193
5,8,4751,239
6,9,4743,247
7,10,4706,284
8,11,4694,296
9,12,4661,329
10,13,4652,338
best_local_k 3
-
t_5
finding_best_k
i,k,successes,mistakes
0,3,4973,17
1,4,4871,119
2,5,4862,128
3,6,4804,186
4,7,4796,194
5,8,4747,243
6,9,4739,251
7,10,4707,283
8,11,4701,289
9,12,4667,323
10,13,4657,333
best_local_k 3
-
t_6
finding_best_k
i,k,successes,mistakes
0,3,4980,10
1,4,4879,111
2,5,4882,108
3,6,4822,168
4,7,4814,176
5,8,4768,222
6,9,4745,245
7,10,4711,279
8,11,4704,286
9,12,4667,323
10,13,4663,327
best_local_k 3
-
t_7
finding_best_k
i,k,successes,mistakes
0,3,4985,5
1,4,4889,101
2,5,4886,104
3,6,4826,164
4,7,4819,171
5,8,4772,218
6,9,4755,235
7,10,4715,275
8,11,4706,284
9,12,4664,326
10,13,4661,329
best_local_k 3
-
t_8
finding_best_k
i,k,successes,mistakes
0,3,4985,5
1,4,4885,105
2,5,4885,105
3,6,4824,166
4,7,4817,173
5,8,4771,219
6,9,4752,238
7,10,4711,279
8,11,4705,285
9,12,4661,329
10,13,4659,331
best_local_k 3
-
t_9
finding_best_k
i,k,successes,mistakes
0,3,4987,3
1,4,4891,99
2,5,4888,102
3,6,4828,162
4,7,4823,167
5,8,4780,210
6,9,4760,230
7,10,4721,269
8,11,4714,276
9,12,4668,322
10,13,4665,325
best_local_k 3
-
result
best_t,best_k,successes,mistakes,success_ratio
9,3,9143,877,91.25%

iteration_17
-
t_0
finding_best_k
i,k,successes,mistakes
0,3,4474,516
1,4,4395,595
2,5,4421,569
3,6,4373,617
4,7,4383,607
5,8,4322,668
6,9,4331,659
7,10,4292,698
8,11,4285,705
9,12,4254,736
10,13,4231,759
best_local_k 3
-
t_1
finding_best_k
i,k,successes,mistakes
0,3,4808,182
1,4,4715,275
2,5,4743,247
3,6,4692,298
4,7,4689,301
5,8,4649,341
6,9,4649,341
7,10,4593,397
8,11,4591,399
9,12,4533,457
10,13,4524,466
best_local_k 3
-
t_2
finding_best_k
i,k,successes,mistakes
0,3,4913,77
1,4,4822,168
2,5,4813,177
3,6,4781,209
4,7,4781,209
5,8,4735,255
6,9,4727,263
7,10,4678,312
8,11,4680,310
9,12,4649,341
10,13,4629,361
best_local_k 3
-
t_3
finding_best_k
i,k,successes,mistakes
0,3,4955,35
1,4,4855,135
2,5,4846,144
3,6,4803,187
4,7,4796,194
5,8,4752,238
6,9,4750,240
7,10,4696,294
8,11,4692,298
9,12,4674,316
10,13,4647,343
best_local_k 3
-
t_4
finding_best_k
i,k,successes,mistakes
0,3,4970,20
1,4,4864,126
2,5,4855,135
3,6,4810,180
4,7,4810,180
5,8,4755,235
6,9,4747,243
7,10,4708,282
8,11,4707,283
9,12,4680,310
10,13,4662,328
best_local_k 3
-
t_5
finding_best_k
i,k,successes,mistakes
0,3,4980,10
1,4,4876,114
2,5,4863,127
3,6,4817,173
4,7,4816,174
5,8,4769,221
6,9,4761,229
7,10,4716,274
8,11,4718,272
9,12,4692,298
10,13,4675,315
best_local_k 3
-
t_6
finding_best_k
i,k,successes,mistakes
0,3,4985,5
1,4,4880,110
2,5,4868,122
3,6,4823,167
4,7,4824,166
5,8,4774,216
6,9,4759,231
7,10,4713,277
8,11,4718,272
9,12,4696,294
10,13,4682,308
best_local_k 3
-
t_7
finding_best_k
i,k,successes,mistakes
0,3,4985,5
1,4,4878,112
2,5,4868,122
3,6,4820,170
4,7,4823,167
5,8,4771,219
6,9,4758,232
7,10,4713,277
8,11,4716,274
9,12,4697,293
10,13,4680,310
best_local_k 3
-
t_8
finding_best_k
i,k,successes,mistakes
0,3,4985,5
1,4,4879,111
2,5,4871,119
3,6,4823,167
4,7,4825,165
5,8,4773,217
6,9,4759,231
7,10,4714,276
8,11,4717,273
9,12,4697,293
10,13,4682,308
best_local_k 3
-
t_9
finding_best_k
i,k,successes,mistakes
0,3,4988,2
1,4,4881,109
2,5,4872,118
3,6,4825,165
4,7,4827,163
5,8,4775,215
6,9,4762,228
7,10,4715,275
8,11,4718,272
9,12,4698,292
10,13,4684,306
best_local_k 3
-
result
best_t,best_k,successes,mistakes,success_ratio
9,3,9141,879,91.23%

iteration_18
-
t_0
finding_best_k
i,k,successes,mistakes
0,3,4474,516
1,4,4395,595
2,5,4421,569
3,6,4373,617
4,7,4383,607
5,8,4322,668
6,9,4331,659
7,10,4292,698
8,11,4285,705
9,12,4254,736
10,13,4231,759
best_local_k 3
-
t_1
finding_best_k
i,k,successes,mistakes
0,3,4815,175
1,4,4731,259
2,5,4740,250
3,6,4700,290
4,7,4710,280
5,8,4666,324
6,9,4652,338
7,10,4615,375
8,11,4589,401
9,12,4566,424
10,13,4558,432
best_local_k 3
-
t_2
finding_best_k
i,k,successes,mistakes
0,3,4925,65
1,4,4829,161
2,5,4829,161
3,6,4768,222
4,7,4759,231
5,8,4719,271
6,9,4706,284
7,10,4660,330
8,11,4641,349
9,12,4617,373
10,13,4610,380
best_local_k 3
-
t_3
finding_best_k
i,k,successes,mistakes
0,3,4950,40
1,4,4849,141
2,5,4848,142
3,6,4787,203
4,7,4790,200
5,8,4741,249
6,9,4722,268
7,10,4683,307
8,11,4678,312
9,12,4647,343
10,13,4634,356
best_local_k 3
-
t_4
finding_best_k
i,k,successes,mistakes
0,3,4975,15
1,4,4871,119
2,5,4864,126
3,6,4801,189
4,7,4802,188
5,8,4758,232
6,9,4741,249
7,10,4686,304
8,11,4683,307
9,12,4651,339
10,13,4633,357
best_local_k 3
-
t_5
finding_best_k
i,k,successes,mistakes
0,3,4986,4
1,4,4883,107
2,5,4876,114
3,6,4811,179
4,7,4815,175
5,8,4766,224
6,9,4750,240
7,10,4694,296
8,11,4692,298
9,12,4663,327
10,13,4641,349
best_local_k 3
-
t_6
finding_best_k
i,k,successes,mistakes
0,3,4989,1
1,4,4884,106
2,5,4875,115
3,6,4812,178
4,7,4815,175
5,8,4763,227
6,9,4750,240
7,10,4693,297
8,11,4692,298
9,12,4663,327
10,13,4641,349
best_local_k 3
-
t_7
finding_best_k
i,k,successes,mistakes
0,3,4990,0
best_local_k 3
-
t_8
finding_best_k
i,k,successes,mistakes
0,3,4990,0
best_local_k 3
-
t_9
finding_best_k
i,k,successes,mistakes
0,3,4990,0
best_local_k 3
-
result
best_t,best_k,successes,mistakes,success_ratio
9,3,9144,876,91.26%

iteration_19
-
t_0
finding_best_k
i,k,successes,mistakes
0,3,4474,516
1,4,4395,595
2,5,4421,569
3,6,4373,617
4,7,4383,607
5,8,4322,668
6,9,4331,659
7,10,4292,698
8,11,4285,705
9,12,4254,736
10,13,4231,759
best_local_k 3
-
t_1
finding_best_k
i,k,successes,mistakes
0,3,4805,185
1,4,4733,257
2,5,4752,238
3,6,4700,290
4,7,4710,280
5,8,4657,333
6,9,4656,334
7,10,4616,374
8,11,4593,397
9,12,4553,437
10,13,4561,429
best_local_k 3
-
t_2
finding_best_k
i,k,successes,mistakes
0,3,4897,93
1,4,4824,166
2,5,4819,171
3,6,4760,230
4,7,4772,218
5,8,4727,263
6,9,4723,267
7,10,4687,303
8,11,4670,320
9,12,4635,355
10,13,4636,354
best_local_k 3
-
t_3
finding_best_k
i,k,successes,mistakes
0,3,4934,56
1,4,4852,138
2,5,4856,134
3,6,4799,191
4,7,4797,193
5,8,4747,243
6,9,4738,252
7,10,4697,293
8,11,4687,303
9,12,4643,347
10,13,4660,330
best_local_k 3
-
t_4
finding_best_k
i,k,successes,mistakes
0,3,4960,30
1,4,4870,120
2,5,4875,115
3,6,4816,174
4,7,4819,171
5,8,4769,221
6,9,4762,228
7,10,4723,267
8,11,4699,291
9,12,4668,322
10,13,4679,311
best_local_k 3
-
t_5
finding_best_k
i,k,successes,mistakes
0,3,4973,17
1,4,4885,105
2,5,4886,104
3,6,4826,164
4,7,4833,157
5,8,4785,205
6,9,4767,223
7,10,4727,263
8,11,4708,282
9,12,4678,312
10,13,4691,299
best_local_k 3
-
t_6
finding_best_k
i,k,successes,mistakes
0,3,4980,10
1,4,4890,100
2,5,4890,100
3,6,4831,159
4,7,4833,157
5,8,4787,203
6,9,4770,220
7,10,4729,261
8,11,4714,276
9,12,4683,307
10,13,4694,296
best_local_k 3
-
t_7
finding_best_k
i,k,successes,mistakes
0,3,4983,7
1,4,4894,96
2,5,4892,98
3,6,4839,151
4,7,4837,153
5,8,4791,199
6,9,4769,221
7,10,4725,265
8,11,4711,279
9,12,4679,311
10,13,4696,294
best_local_k 3
-
t_8
finding_best_k
i,k,successes,mistakes
0,3,4985,5
1,4,4894,96
2,5,4898,92
3,6,4840,150
4,7,4841,149
5,8,4794,196
6,9,4774,216
7,10,4728,262
8,11,4719,271
9,12,4684,306
10,13,4703,287
best_local_k 3
-
t_9
finding_best_k
i,k,successes,mistakes
0,3,4989,1
1,4,4899,91
2,5,4902,88
3,6,4845,145
4,7,4844,146
5,8,4799,191
6,9,4779,211
7,10,4733,257
8,11,4718,272
9,12,4687,303
10,13,4705,285
best_local_k 3
-
result
best_t,best_k,successes,mistakes,success_ratio
9,3,9148,872,91.30%

iteration_20
-
t_0
finding_best_k
i,k,successes,mistakes
0,3,4474,516
1,4,4395,595
2,5,4421,569
3,6,4373,617
4,7,4383,607
5,8,4322,668
6,9,4331,659
7,10,4292,698
8,11,4285,705
9,12,4254,736
10,13,4231,759
best_local_k 3
-
t_1
finding_best_k
i,k,successes,mistakes
0,3,4815,175
1,4,4732,258
2,5,4764,226
3,6,4706,284
4,7,4712,278
5,8,4671,319
6,9,4661,329
7,10,4631,359
8,11,4616,374
9,12,4583,407
10,13,4570,420
best_local_k 3
-
t_2
finding_best_k
i,k,successes,mistakes
0,3,4918,72
1,4,4820,170
2,5,4828,162
3,6,4765,225
4,7,4773,217
5,8,4724,266
6,9,4708,282
7,10,4673,317
8,11,4647,343
9,12,4606,384
10,13,4602,388
best_local_k 3
-
t_3
finding_best_k
i,k,successes,mistakes
0,3,4959,31
1,4,4854,136
2,5,4852,138
3,6,4794,196
4,7,4796,194
5,8,4745,245
6,9,4730,260
7,10,4700,290
8,11,4686,304
9,12,4638,352
10,13,4629,361
best_local_k 3
-
t_4
finding_best_k
i,k,successes,mistakes
0,3,4970,20
1,4,4870,120
2,5,4863,127
3,6,4807,183
4,7,4809,181
5,8,4766,224
6,9,4741,249
7,10,4712,278
8,11,4701,289
9,12,4653,337
10,13,4653,337
best_local_k 3
-
t_5
finding_best_k
i,k,successes,mistakes
0,3,4980,10
1,4,4875,115
2,5,4873,117
3,6,4812,178
4,7,4819,171
5,8,4764,226
6,9,4747,243
7,10,4715,275
8,11,4701,289
9,12,4650,340
10,13,4653,337
best_local_k 3
-
t_6
finding_best_k
i,k,successes,mistakes
0,3,4985,5
1,4,4881,109
2,5,4876,114
3,6,4815,175
4,7,4821,169
5,8,4767,223
6,9,4752,238
7,10,4715,275
8,11,4703,287
9,12,4653,337
10,13,4653,337
best_local_k 3
-
t_7
finding_best_k
i,k,successes,mistakes
0,3,4988,2
1,4,4884,106
2,5,4882,108
3,6,4818,172
4,7,4824,166
5,8,4769,221
6,9,4754,236
7,10,4721,269
8,11,4702,288
9,12,4658,332
10,13,4657,333
best_local_k 3
-
t_8
finding_best_k
i,k,successes,mistakes
0,3,4989,1
1,4,4885,105
2,5,4881,109
3,6,4820,170
4,7,4824,166
5,8,4771,219
6,9,4757,233
7,10,4720,270
8,11,4703,287
9,12,4658,332
10,13,4659,331
best_local_k 3
-
t_9
finding_best_k
i,k,successes,mistakes
0,3,4989,1
1,4,4885,105
2,5,4882,108
3,6,4818,172
4,7,4824,166
5,8,4771,219
6,9,4755,235
7,10,4718,272
8,11,4703,287
9,12,4657,333
10,13,4657,333
best_local_k 3
-
result
best_t,best_k,successes,mistakes,success_ratio
9,3,9126,894,91.08%

iteration_21
-
t_0
finding_best_k
i,k,successes,mistakes
0,3,4474,516
1,4,4395,595
2,5,4421,569
3,6,4373,617
4,7,4383,607
5,8,4322,668
6,9,4331,659
7,10,4292,698
8,11,4285,705
9,12,4254,736
10,13,4231,759
best_local_k 3
-
t_1
finding_best_k
i,k,successes,mistakes
0,3,4794,196
1,4,4707,283
2,5,4741,249
3,6,4682,308
4,7,4684,306
5,8,4626,364
6,9,4620,370
7,10,4591,399
8,11,4567,423
9,12,4539,451
10,13,4525,465
best_local_k 3
-
t_2
finding_best_k
i,k,successes,mistakes
0,3,4898,92
1,4,4803,187
2,5,4819,171
3,6,4749,241
4,7,4738,252
5,8,4686,304
6,9,4687,303
7,10,4645,345
8,11,4634,356
9,12,4601,389
10,13,4595,395
best_local_k 3
-
t_3
finding_best_k
i,k,successes,mistakes
0,3,4951,39
1,4,4845,145
2,5,4864,126
3,6,4793,197
4,7,4792,198
5,8,4740,250
6,9,4736,254
7,10,4691,299
8,11,4687,303
9,12,4657,333
10,13,4657,333
best_local_k 3
-
t_4
finding_best_k
i,k,successes,mistakes
0,3,4966,24
1,4,4847,143
2,5,4871,119
3,6,4814,176
4,7,4807,183
5,8,4755,235
6,9,4751,239
7,10,4710,280
8,11,4707,283
9,12,4668,322
10,13,4662,328
best_local_k 3
-
t_5
finding_best_k
i,k,successes,mistakes
0,3,4979,11
1,4,4861,129
2,5,4880,110
3,6,4821,169
4,7,4819,171
5,8,4773,217
6,9,4763,227
7,10,4719,271
8,11,4714,276
9,12,4682,308
10,13,4674,316
best_local_k 3
-
t_6
finding_best_k
i,k,successes,mistakes
0,3,4986,4
1,4,4866,124
2,5,4888,102
3,6,4826,164
4,7,4824,166
5,8,4781,209
6,9,4768,222
7,10,4721,269
8,11,4713,277
9,12,4681,309
10,13,4678,312
best_local_k 3
-
t_7
finding_best_k
i,k,successes,mistakes
0,3,4988,2
1,4,4870,120
2,5,4892,98
3,6,4830,160
4,7,4830,160
5,8,4786,204
6,9,4770,220
7,10,4725,265
8,11,4717,273
9,12,4684,306
10,13,4678,312
best_local_k 3
-
t_8
finding_best_k
i,k,successes,mistakes
0,3,4989,1
1,4,4870,120
2,5,4891,99
3,6,4830,160
4,7,4829,161
5,8,4785,205
6,9,4770,220
7,10,4725,265
8,11,4719,271
9,12,4685,305
10,13,4680,310
best_local_k 3
-
t_9
finding_best_k
i,k,successes,mistakes
0,3,4990,0
best_local_k 3
-
result
best_t,best_k,successes,mistakes,success_ratio
9,3,9131,889,91.13%

iteration_22
-
t_0
finding_best_k
i,k,successes,mistakes
0,3,4474,516
1,4,4395,595
2,5,4421,569
3,6,4373,617
4,7,4383,607
5,8,4322,668
6,9,4331,659
7,10,4292,698
8,11,4285,705
9,12,4254,736
10,13,4231,759
best_local_k 3
-
t_1
finding_best_k
i,k,successes,mistakes
0,3,4796,194
1,4,4725,265
2,5,4756,234
3,6,4709,281
4,7,4695,295
5,8,4647,343
6,9,4648,342
7,10,4610,380
8,11,4616,374
9,12,4576,414
10,13,4560,430
best_local_k 3
-
t_2
finding_best_k
i,k,successes,mistakes
0,3,4908,82
1,4,4818,172
2,5,4844,146
3,6,4775,215
4,7,4779,211
5,8,4735,255
6,9,4733,257
7,10,4682,308
8,11,4674,316
9,12,4657,333
10,13,4643,347
best_local_k 3
-
t_3
finding_best_k
i,k,successes,mistakes
0,3,4945,45
1,4,4848,142
2,5,4863,127
3,6,4792,198
4,7,4783,207
5,8,4739,251
6,9,4749,241
7,10,4704,286
8,11,4686,304
9,12,4663,327
10,13,4645,345
best_local_k 3
-
t_4
finding_best_k
i,k,successes,mistakes
0,3,4965,25
1,4,4871,119
2,5,4875,115
3,6,4818,172
4,7,4804,186
5,8,4752,238
6,9,4759,231
7,10,4717,273
8,11,4709,281
9,12,4685,305
10,13,4664,326
best_local_k 3
-
t_5
finding_best_k
i,k,successes,mistakes
0,3,4974,16
1,4,4881,109
2,5,4879,111
3,6,4825,165
4,7,4813,177
5,8,4760,230
6,9,4772,218
7,10,4731,259
8,11,4717,273
9,12,4682,308
10,13,4667,323
best_local_k 3
-
t_6
finding_best_k
i,k,successes,mistakes
0,3,4982,8
1,4,4887,103
2,5,4894,96
3,6,4832,158
4,7,4820,170
5,8,4770,220
6,9,4776,214
7,10,4738,252
8,11,4728,262
9,12,4695,295
10,13,4681,309
best_local_k 3
-
t_7
finding_best_k
i,k,successes,mistakes
0,3,4989,1
1,4,4889,101
2,5,4894,96
3,6,4836,154
4,7,4825,165
5,8,4772,218
6,9,4775,215
7,10,4741,249
8,11,4727,263
9,12,4696,294
10,13,4679,311
best_local_k 3
-
t_8
finding_best_k
i,k,successes,mistakes
0,3,4989,1
1,4,4890,100
2,5,4895,95
3,6,4836,154
4,7,4825,165
5,8,4773,217
6,9,4779,211
7,10,4744,246
8,11,4728,262
9,12,4699,291
10,13,4682,308
best_local_k 3
-
t_9
finding_best_k
i,k,successes,mistakes
0,3,4990,0
best_local_k 3
-
result
best_t,best_k,successes,mistakes,success_ratio
9,3,9141,879,91.23%

iteration_23
-
t_0
finding_best_k
i,k,successes,mistakes
0,3,4474,516
1,4,4395,595
2,5,4421,569
3,6,4373,617
4,7,4383,607
5,8,4322,668
6,9,4331,659
7,10,4292,698
8,11,4285,705
9,12,4254,736
10,13,4231,759
best_local_k 3
-
t_1
finding_best_k
i,k,successes,mistakes
0,3,4775,215
1,4,4710,280
2,5,4725,265
3,6,4676,314
4,7,4673,317
5,8,4651,339
6,9,4653,337
7,10,4626,364
8,11,4598,392
9,12,4558,432
10,13,4541,449
best_local_k 3
-
t_2
finding_best_k
i,k,successes,mistakes
0,3,4894,96
1,4,4805,185
2,5,4830,160
3,6,4761,229
4,7,4750,240
5,8,4713,277
6,9,4707,283
7,10,4676,314
8,11,4667,323
9,12,4630,360
10,13,4609,381
best_local_k 3
-
t_3
finding_best_k
i,k,successes,mistakes
0,3,4951,39
1,4,4845,145
2,5,4854,136
3,6,4801,189
4,7,4794,196
5,8,4753,237
6,9,4773,217
7,10,4730,260
8,11,4714,276
9,12,4675,315
10,13,4651,339
best_local_k 3
-
t_4
finding_best_k
i,k,successes,mistakes
0,3,4974,16
1,4,4867,123
2,5,4878,112
3,6,4816,174
4,7,4816,174
5,8,4767,223
6,9,4791,199
7,10,4753,237
8,11,4736,254
9,12,4686,304
10,13,4665,325
best_local_k 3
-
t_5
finding_best_k
i,k,successes,mistakes
0,3,4983,7
1,4,4876,114
2,5,4886,104
3,6,4823,167
4,7,4821,169
5,8,4771,219
6,9,4795,195
7,10,4759,231
8,11,4743,247
9,12,4694,296
10,13,4669,321
best_local_k 3
-
t_6
finding_best_k
i,k,successes,mistakes
0,3,4987,3
1,4,4881,109
2,5,4887,103
3,6,4825,165
4,7,4822,168
5,8,4773,217
6,9,4797,193
7,10,4757,233
8,11,4744,246
9,12,4693,297
10,13,4665,325
best_local_k 3
-
t_7
finding_best_k
i,k,successes,mistakes
0,3,4989,1
1,4,4883,107
2,5,4889,101
3,6,4826,164
4,7,4823,167
5,8,4775,215
6,9,4798,192
7,10,4759,231
8,11,4744,246
9,12,4694,296
10,13,4668,322
best_local_k 3
-
t_8
finding_best_k
i,k,successes,mistakes
0,3,4990,0
best_local_k 3
-
t_9
finding_best_k
i,k,successes,mistakes
0,3,4990,0
best_local_k 3
-
result
best_t,best_k,successes,mistakes,success_ratio
9,3,9132,888,91.14%

iteration_24
-
t_0
finding_best_k
i,k,successes,mistakes
0,3,4474,516
1,4,4395,595
2,5,4421,569
3,6,4373,617
4,7,4383,607
5,8,4322,668
6,9,4331,659
7,10,4292,698
8,11,4285,705
9,12,4254,736
10,13,4231,759
best_local_k 3
-
t_1
finding_best_k
i,k,successes,mistakes
0,3,4796,194
1,4,4717,273
2,5,4742,248
3,6,4705,285
4,7,4697,293
5,8,4656,334
6,9,4652,338
7,10,4614,376
8,11,4598,392
9,12,4563,427
10,13,4562,428
best_local_k 3
-
t_2
finding_best_k
i,k,successes,mistakes
0,3,4908,82
1,4,4824,166
2,5,4841,149
3,6,4783,207
4,7,4780,210
5,8,4741,249
6,9,4734,256
7,10,4698,292
8,11,4675,315
9,12,4645,345
10,13,4638,352
best_local_k 3
-
t_3
finding_best_k
i,k,successes,mistakes
0,3,4946,44
1,4,4851,139
2,5,4868,122
3,6,4813,177
4,7,4807,183
5,8,4769,221
6,9,4751,239
7,10,4723,267
8,11,4710,280
9,12,4679,311
10,13,4656,334
best_local_k 3
-
t_4
finding_best_k
i,k,successes,mistakes
0,3,4971,19
1,4,4869,121
2,5,4882,108
3,6,4822,168
4,7,4822,168
5,8,4778,212
6,9,4762,228
7,10,4742,248
8,11,4729,261
9,12,4693,297
10,13,4680,310
best_local_k 3
-
t_5
finding_best_k
i,k,successes,mistakes
0,3,4977,13
1,4,4881,109
2,5,4887,103
3,6,4827,163
4,7,4830,160
5,8,4786,204
6,9,4773,217
7,10,4748,242
8,11,4730,260
9,12,4695,295
10,13,4678,312
best_local_k 3
-
t_6
finding_best_k
i,k,successes,mistakes
0,3,4977,13
1,4,4882,108
2,5,4885,105
3,6,4828,162
4,7,4831,159
5,8,4789,201
6,9,4769,221
7,10,4745,245
8,11,4729,261
9,12,4695,295
10,13,4682,308
best_local_k 3
-
t_7
finding_best_k
i,k,successes,mistakes
0,3,4981,9
1,4,4887,103
2,5,4888,102
3,6,4834,156
4,7,4837,153
5,8,4796,194
6,9,4783,207
7,10,4756,234
8,11,4734,256
9,12,4701,289
10,13,4692,298
best_local_k 3
-
t_8
finding_best_k
i,k,successes,mistakes
0,3,4984,6
1,4,4890,100
2,5,4890,100
3,6,4837,153
4,7,4836,154
5,8,4804,186
6,9,4783,207
7,10,4753,237
8,11,4737,253
9,12,4707,283
10,13,4690,300
best_local_k 3
-
t_9
finding_best_k
i,k,successes,mistakes
0,3,4986,4
1,4,4893,97
2,5,4892,98
3,6,4839,151
4,7,4837,153
5,8,4799,191
6,9,4780,210
7,10,4754,236
8,11,4737,253
9,12,4708,282
10,13,4691,299
best_local_k 3
-
result
best_t,best_k,successes,mistakes,success_ratio
9,3,9137,883,91.19%

iteration_25
-
t_0
finding_best_k
i,k,successes,mistakes
0,3,4474,516
1,4,4395,595
2,5,4421,569
3,6,4373,617
4,7,4383,607
5,8,4322,668
6,9,4331,659
7,10,4292,698
8,11,4285,705
9,12,4254,736
10,13,4231,759
best_local_k 3
-
t_1
finding_best_k
i,k,successes,mistakes
0,3,4821,169
1,4,4721,269
2,5,4736,254
3,6,4672,318
4,7,4671,319
5,8,4658,332
6,9,4655,335
7,10,4618,372
8,11,4599,391
9,12,4571,419
10,13,4556,434
best_local_k 3
-
t_2
finding_best_k
i,k,successes,mistakes
0,3,4907,83
1,4,4808,182
2,5,4822,168
3,6,4737,253
4,7,4753,237
5,8,4711,279
6,9,4724,266
7,10,4679,311
8,11,4669,321
9,12,4645,345
10,13,4627,363
best_local_k 3
-
t_3
finding_best_k
i,k,successes,mistakes
0,3,4952,38
1,4,4850,140
2,5,4847,143
3,6,4773,217
4,7,4781,209
5,8,4740,250
6,9,4728,262
7,10,4700,290
8,11,4695,295
9,12,4654,336
10,13,4651,339
best_local_k 3
-
t_4
finding_best_k
i,k,successes,mistakes
0,3,4966,24
1,4,4849,141
2,5,4853,137
3,6,4778,212
4,7,4785,205
5,8,4743,247
6,9,4737,253
7,10,4701,289
8,11,4692,298
9,12,4660,330
10,13,4649,341
best_local_k 3
-
t_5
finding_best_k
i,k,successes,mistakes
0,3,4975,15
1,4,4863,127
2,5,4861,129
3,6,4795,195
4,7,4800,190
5,8,4763,227
6,9,4758,232
7,10,4726,264
8,11,4718,272
9,12,4681,309
10,13,4669,321
best_local_k 3
-
t_6
finding_best_k
i,k,successes,mistakes
0,3,4981,9
1,4,4871,119
2,5,4862,128
3,6,4799,191
4,7,4802,188
5,8,4768,222
6,9,4763,227
7,10,4719,271
8,11,4714,276
9,12,4679,311
10,13,4665,325
best_local_k 3
-
t_7
finding_best_k
i,k,successes,mistakes
0,3,4986,4
1,4,4875,115
2,5,4868,122
3,6,4802,188
4,7,4807,183
5,8,4771,219
6,9,4764,226
7,10,4724,266
8,11,4717,273
9,12,4687,303
10,13,4670,320
best_local_k 3
-
t_8
finding_best_k
i,k,successes,mistakes
0,3,4986,4
1,4,4876,114
2,5,4868,122
3,6,4804,186
4,7,4804,186
5,8,4773,217
6,9,4769,221
7,10,4727,263
8,11,4717,273
9,12,4684,306
10,13,4669,321
best_local_k 3
-
t_9
finding_best_k
i,k,successes,mistakes
0,3,4988,2
1,4,4876,114
2,5,4870,120
3,6,4805,185
4,7,4804,186
5,8,4770,220
6,9,4765,225
7,10,4727,263
8,11,4718,272
9,12,4682,308
10,13,4670,320
best_local_k 3
-
result
best_t,best_k,successes,mistakes,success_ratio
9,3,9126,894,91.08%

iteration_26
-
t_0
finding_best_k
i,k,successes,mistakes
0,3,4474,516
1,4,4395,595
2,5,4421,569
3,6,4373,617
4,7,4383,607
5,8,4322,668
6,9,4331,659
7,10,4292,698
8,11,4285,705
9,12,4254,736
10,13,4231,759
best_local_k 3
-
t_1
finding_best_k
i,k,successes,mistakes
0,3,4806,184
1,4,4718,272
2,5,4753,237
3,6,4699,291
4,7,4693,297
5,8,4652,338
6,9,4670,320
7,10,4627,363
8,11,4602,388
9,12,4568,422
10,13,4542,448
best_local_k 3
-
t_2
finding_best_k
i,k,successes,mistakes
0,3,4905,85
1,4,4809,181
2,5,4819,171
3,6,4765,225
4,7,4764,226
5,8,4724,266
6,9,4704,286
7,10,4676,314
8,11,4661,329
9,12,4632,358
10,13,4599,391
best_local_k 3
-
t_3
finding_best_k
i,k,successes,mistakes
0,3,4951,39
1,4,4853,137
2,5,4855,135
3,6,4806,184
4,7,4790,200
5,8,4755,235
6,9,4729,261
7,10,4704,286
8,11,4696,294
9,12,4660,330
10,13,4639,351
best_local_k 3
-
t_4
finding_best_k
i,k,successes,mistakes
0,3,4968,22
1,4,4866,124
2,5,4857,133
3,6,4798,192
4,7,4798,192
5,8,4763,227
6,9,4746,244
7,10,4711,279
8,11,4695,295
9,12,4662,328
10,13,4640,350
best_local_k 3
-
t_5
finding_best_k
i,k,successes,mistakes
0,3,4981,9
1,4,4877,113
2,5,4871,119
3,6,4813,177
4,7,4813,177
5,8,4769,221
6,9,4754,236
7,10,4716,274
8,11,4701,289
9,12,4666,324
10,13,4647,343
best_local_k 3
-
t_6
finding_best_k
i,k,successes,mistakes
0,3,4987,3
1,4,4883,107
2,5,4873,117
3,6,4819,171
4,7,4816,174
5,8,4767,223
6,9,4753,237
7,10,4713,277
8,11,4695,295
9,12,4665,325
10,13,4647,343
best_local_k 3
-
t_7
finding_best_k
i,k,successes,mistakes
0,3,4989,1
1,4,4884,106
2,5,4876,114
3,6,4821,169
4,7,4816,174
5,8,4768,222
6,9,4755,235
7,10,4714,276
8,11,4699,291
9,12,4667,323
10,13,4648,342
best_local_k 3
-
t_8
finding_best_k
i,k,successes,mistakes
0,3,4990,0
best_local_k 3
-
t_9
finding_best_k
i,k,successes,mistakes
0,3,4990,0
best_local_k 3
-
result
best_t,best_k,successes,mistakes,success_ratio
9,3,9130,890,91.12%

iteration_27
-
t_0
finding_best_k
i,k,successes,mistakes
0,3,4474,516
1,4,4395,595
2,5,4421,569
3,6,4373,617
4,7,4383,607
5,8,4322,668
6,9,4331,659
7,10,4292,698
8,11,4285,705
9,12,4254,736
10,13,4231,759
best_local_k 3
-
t_1
finding_best_k
i,k,successes,mistakes
0,3,4805,185
1,4,4729,261
2,5,4752,238
3,6,4693,297
4,7,4688,302
5,8,4663,327
6,9,4662,328
7,10,4614,376
8,11,4596,394
9,12,4555,435
10,13,4553,437
best_local_k 3
-
t_2
finding_best_k
i,k,successes,mistakes
0,3,4906,84
1,4,4816,174
2,5,4818,172
3,6,4762,228
4,7,4747,243
5,8,4709,281
6,9,4697,293
7,10,4658,332
8,11,4637,353
9,12,4609,381
10,13,4604,386
best_local_k 3
-
t_3
finding_best_k
i,k,successes,mistakes
0,3,4944,46
1,4,4845,145
2,5,4849,141
3,6,4781,209
4,7,4765,225
5,8,4719,271
6,9,4722,268
7,10,4677,313
8,11,4673,317
9,12,4640,350
10,13,4632,358
best_local_k 3
-
t_4
finding_best_k
i,k,successes,mistakes
0,3,4971,19
1,4,4867,123
2,5,4860,130
3,6,4802,188
4,7,4784,206
5,8,4743,247
6,9,4738,252
7,10,4699,291
8,11,4685,305
9,12,4654,336
10,13,4650,340
best_local_k 3
-
t_5
finding_best_k
i,k,successes,mistakes
0,3,4979,11
1,4,4875,115
2,5,4868,122
3,6,4804,186
4,7,4791,199
5,8,4747,243
6,9,4745,245
7,10,4709,281
8,11,4694,296
9,12,4664,326
10,13,4653,337
best_local_k 3
-
t_6
finding_best_k
i,k,successes,mistakes
0,3,4980,10
1,4,4878,112
2,5,4871,119
3,6,4805,185
4,7,4791,199
5,8,4747,243
6,9,4743,247
7,10,4705,285
8,11,4688,302
9,12,4662,328
10,13,4647,343
best_local_k 3
-
t_7
finding_best_k
i,k,successes,mistakes
0,3,4990,0
best_local_k 3
-
t_8
finding_best_k
i,k,successes,mistakes
0,3,4990,0
best_local_k 3
-
t_9
finding_best_k
i,k,successes,mistakes
0,3,4990,0
best_local_k 3
-
result
best_t,best_k,successes,mistakes,success_ratio
9,3,9162,858,91.44%

iteration_28
-
t_0
finding_best_k
i,k,successes,mistakes
0,3,4474,516
1,4,4395,595
2,5,4421,569
3,6,4373,617
4,7,4383,607
5,8,4322,668
6,9,4331,659
7,10,4292,698
8,11,4285,705
9,12,4254,736
10,13,4231,759
best_local_k 3
-
t_1
finding_best_k
i,k,successes,mistakes
0,3,4805,185
1,4,4719,271
2,5,4734,256
3,6,4688,302
4,7,4672,318
5,8,4638,352
6,9,4640,350
7,10,4604,386
8,11,4575,415
9,12,4541,449
10,13,4533,457
best_local_k 3
-
t_2
finding_best_k
i,k,successes,mistakes
0,3,4900,90
1,4,4808,182
2,5,4805,185
3,6,4737,253
4,7,4737,253
5,8,4680,310
6,9,4673,317
7,10,4644,346
8,11,4635,355
9,12,4608,382
10,13,4585,405
best_local_k 3
-
t_3
finding_best_k
i,k,successes,mistakes
0,3,4939,51
1,4,4835,155
2,5,4845,145
3,6,4770,220
4,7,4776,214
5,8,4723,267
6,9,4723,267
7,10,4674,316
8,11,4670,320
9,12,4646,344
10,13,4610,380
best_local_k 3
-
t_4
finding_best_k
i,k,successes,mistakes
0,3,4975,15
1,4,4873,117
2,5,4867,123
3,6,4795,195
4,7,4795,195
5,8,4755,235
6,9,4754,236
7,10,4699,291
8,11,4693,297
9,12,4675,315
10,13,4651,339
best_local_k 3
-
t_5
finding_best_k
i,k,successes,mistakes
0,3,4983,7
1,4,4884,106
2,5,4889,101
3,6,4820,170
4,7,4818,172
5,8,4774,216
6,9,4766,224
7,10,4712,278
8,11,4700,290
9,12,4674,316
10,13,4660,330
best_local_k 3
-
t_6
finding_best_k
i,k,successes,mistakes
0,3,4988,2
1,4,4889,101
2,5,4890,100
3,6,4822,168
4,7,4818,172
5,8,4777,213
6,9,4766,224
7,10,4714,276
8,11,4703,287
9,12,4678,312
10,13,4660,330
best_local_k 3
-
t_7
finding_best_k
i,k,successes,mistakes
0,3,4989,1
1,4,4888,102
2,5,4889,101
3,6,4820,170
4,7,4819,171
5,8,4776,214
6,9,4767,223
7,10,4714,276
8,11,4701,289
9,12,4676,314
10,13,4658,332
best_local_k 3
-
t_8
finding_best_k
i,k,successes,mistakes
0,3,4989,1
1,4,4889,101
2,5,4888,102
3,6,4821,169
4,7,4819,171
5,8,4776,214
6,9,4767,223
7,10,4714,276
8,11,4701,289
9,12,4676,314
10,13,4658,332
best_local_k 3
-
t_9
finding_best_k
i,k,successes,mistakes
0,3,4990,0
best_local_k 3
-
result
best_t,best_k,successes,mistakes,success_ratio
9,3,9119,901,91.01%

iteration_29
-
t_0
finding_best_k
i,k,successes,mistakes
0,3,4474,516
1,4,4395,595
2,5,4421,569
3,6,4373,617
4,7,4383,607
5,8,4322,668
6,9,4331,659
7,10,4292,698
8,11,4285,705
9,12,4254,736
10,13,4231,759
best_local_k 3
-
t_1
finding_best_k
i,k,successes,mistakes
0,3,4781,209
1,4,4691,299
2,5,4729,261
3,6,4663,327
4,7,4669,321
5,8,4620,370
6,9,4633,357
7,10,4590,400
8,11,4588,402
9,12,4552,438
10,13,4525,465
best_local_k 3
-
t_2
finding_best_k
i,k,successes,mistakes
0,3,4878,112
1,4,4781,209
2,5,4794,196
3,6,4730,260
4,7,4728,262
5,8,4682,308
6,9,4686,304
7,10,4643,347
8,11,4624,366
9,12,4583,407
10,13,4564,426
best_local_k 3
-
t_3
finding_best_k
i,k,successes,mistakes
0,3,4946,44
1,4,4833,157
2,5,4849,141
3,6,4784,206
4,7,4786,204
5,8,4749,241
6,9,4725,265
7,10,4691,299
8,11,4682,308
9,12,4630,360
10,13,4631,359
best_local_k 3
-
t_4
finding_best_k
i,k,successes,mistakes
0,3,4975,15
1,4,4867,123
2,5,4867,123
3,6,4821,169
4,7,4815,175
5,8,4764,226
6,9,4750,240
7,10,4713,277
8,11,4708,282
9,12,4666,324
10,13,4650,340
best_local_k 3
-
t_5
finding_best_k
i,k,successes,mistakes
0,3,4980,10
1,4,4867,123
2,5,4866,124
3,6,4816,174
4,7,4810,180
5,8,4759,231
6,9,4748,242
7,10,4711,279
8,11,4703,287
9,12,4664,326
10,13,4648,342
best_local_k 3
-
t_6
finding_best_k
i,k,successes,mistakes
0,3,4987,3
1,4,4875,115
2,5,4874,116
3,6,4823,167
4,7,4814,176
5,8,4765,225
6,9,4750,240
7,10,4718,272
8,11,4713,277
9,12,4666,324
10,13,4650,340
best_local_k 3
-
t_7
finding_best_k
i,k,successes,mistakes
0,3,4989,1
1,4,4874,116
2,5,4873,117
3,6,4822,168
4,7,4815,175
5,8,4761,229
6,9,4751,239
7,10,4718,272
8,11,4710,280
9,12,4669,321
10,13,4653,337
best_local_k 3
-
t_8
finding_best_k
i,k,successes,mistakes
0,3,4990,0
best_local_k 3
-
t_9
finding_best_k
i,k,successes,mistakes
0,3,4990,0
best_local_k 3
-
result
best_t,best_k,successes,mistakes,success_ratio
9,3,9130,890,91.12%

iteration_30
-
t_0
finding_best_k
i,k,successes,mistakes
0,3,4474,516
1,4,4395,595
2,5,4421,569
3,6,4373,617
4,7,4383,607
5,8,4322,668
6,9,4331,659
7,10,4292,698
8,11,4285,705
9,12,4254,736
10,13,4231,759
best_local_k 3
-
t_1
finding_best_k
i,k,successes,mistakes
0,3,4803,187
1,4,4733,257
2,5,4743,247
3,6,4691,299
4,7,4698,292
5,8,4660,330
6,9,4666,324
7,10,4624,366
8,11,4599,391
9,12,4589,401
10,13,4565,425
best_local_k 3
-
t_2
finding_best_k
i,k,successes,mistakes
0,3,4908,82
1,4,4819,171
2,5,4828,162
3,6,4784,206
4,7,4774,216
5,8,4729,261
6,9,4730,260
7,10,4695,295
8,11,4685,305
9,12,4663,327
10,13,4652,338
best_local_k 3
-
t_3
finding_best_k
i,k,successes,mistakes
0,3,4962,28
1,4,4868,122
2,5,4859,131
3,6,4814,176
4,7,4804,186
5,8,4761,229
6,9,4754,236
7,10,4702,288
8,11,4697,293
9,12,4686,304
10,13,4669,321
best_local_k 3
-
t_4
finding_best_k
i,k,successes,mistakes
0,3,4973,17
1,4,4877,113
2,5,4862,128
3,6,4824,166
4,7,4813,177
5,8,4768,222
6,9,4763,227
7,10,4721,269
8,11,4704,286
9,12,4696,294
10,13,4677,313
best_local_k 3
-
t_5
finding_best_k
i,k,successes,mistakes
0,3,4986,4
1,4,4890,100
2,5,4870,120
3,6,4828,162
4,7,4820,170
5,8,4764,226
6,9,4763,227
7,10,4719,271
8,11,4699,291
9,12,4694,296
10,13,4677,313
best_local_k 3
-
t_6
finding_best_k
i,k,successes,mistakes
0,3,4988,2
1,4,4891,99
2,5,4873,117
3,6,4830,160
4,7,4822,168
5,8,4765,225
6,9,4768,222
7,10,4723,267
8,11,4704,286
9,12,4698,292
10,13,4683,307
best_local_k 3
-
t_7
finding_best_k
i,k,successes,mistakes
0,3,4986,4
1,4,4892,98
2,5,4874,116
3,6,4830,160
4,7,4822,168
5,8,4766,224
6,9,4768,222
7,10,4725,265
8,11,4704,286
9,12,4697,293
10,13,4682,308
best_local_k 3
-
t_8
finding_best_k
i,k,successes,mistakes
0,3,4988,2
1,4,4895,95
2,5,4876,114
3,6,4832,158
4,7,4826,164
5,8,4769,221
6,9,4772,218
7,10,4727,263
8,11,4705,285
9,12,4696,294
10,13,4684,306
best_local_k 3
-
t_9
finding_best_k
i,k,successes,mistakes
0,3,4989,1
1,4,4897,93
2,5,4879,111
3,6,4835,155
4,7,4828,162
5,8,4772,218
6,9,4774,216
7,10,4729,261
8,11,4707,283
9,12,4699,291
10,13,4686,304
best_local_k 3
-
result
best_t,best_k,successes,mistakes,success_ratio
9,3,9113,907,90.95%

summary
mean,stddev
91.19%,0.13%
